149 14 143 75 92 112 153 170 56 16 182 38 199 156 44 191 95 37 183 64 22 115 60 124 195 167 98 11 31 136 3 151 162 71 36 119 146 138 172 108 26 139 83 82 141 102 77 122 123 46 85 165 127 54 137 187 181 134 188 169 129 67 173 113 17 164 73 101 89 175 6 166 154 70 160 192 117 15 185 197 114 130 150 10 184 34 152 88 142 148 193 111 176 104 32 149
87
175 175
122 122
148 148
108 108
182 182
117 117
67 67
169 169
15 15
92 40
22 22
32 32
184 57
114 114
153 153
26 26
151 151
85 85
46 46
113 113
82 82
193 125
115 115
98 179
54 47
165 165
146 94 146 171
150 150
136 136
154 154 55
191 105 191
123 123
156 96
176 78 176
164 164 107 80
199 199
139 139
130 168 130
75 75
10 10
73 73
166 166
89 89
111 111
197 197
187 187
134 134
102 102
181 181
104 104
142 142
70 2 70
17 17
95 95
14 14
173 173 103
137 137
38 132
138 138
141 41 141
152 152
195 195
112 112
44 44
64 64
143 143
101 101
149 50 149
183 183
170 170
192 192
71 71
88 88
119 119
83 83
34 34
56 56
6 12
160 160
60 35 60
172 90
37 37
16 16
31 31
188 188
77 77
167 167
