149 32 104 176 78 168 111 63 125 193 148 142 88 152 34 184 57 116 130 114 10 150 67 129 169 12 6 175 89 101 73 107 25 80 164 17 113 173 103 65 37 183 64 22 115 33 172 108 26 139 138 171 146 94 151 162 71 36 119 83 90 180 41 141 82 122 77 102 47 54 127 165 85 46 123 126 137 188 134 181 187 2 70 154 55 189 166 160 192 117 15 185 197 182 16 56 170 153 112 163 96 156 44 35 60 124 199 38 132 105 191 95 195 167 98 179 69 136 31 87 40 92 75 143 14 50 149
100
175 175
122 122
148 148
108 108
182 182
117 117
67 67
169 169
15 15
40 40
22 22
32 32
57 57
114 114
153 153
26 26
151 151
85 85
46 46
113 113
82 82
125 125
115 115
179 179
47 47
165 165
94 94
150 150
136 136
154 154
105 105
123 123
96 96
78 78
164 164
199 199
139 139
107 107
168 168
75 75
10 10
73 73
166 166
89 89
111 111
197 197
187 187
134 134
102 102
130 130
181 181
104 104
142 142
2 2
17 17
95 95
14 14
173 173
137 137
132 132
138 138
41 41
152 152
195 195
112 112
44 44
70 70
64 64
143 143
176 176
101 101
50 50
183 183
170 170
55 55
146 146
192 192
71 71
88 88
191 191
119 119
83 83
34 34
56 56
80 80
149 149
12 12
160 160
35 35
141 141
90 90
37 37
171 171
16 16
31 31
188 188
60 60
77 77
167 167
103 103
