129 99 145 180 82 180 145 171 156 62 51 34 48 97 101 148 5 28 10 22 45 118 166 118 13 92 71 64 119 163 119 94 27 165 55 2 4 157 110 154 196 37 65 123 103 192 141 172 89 68 95 11 16 25 84 7 19 43 72 21 182 21 72 79 112 61 69 167 130 167 69 122 69 77 152 91 152 58 170 73 170 200 160 74 127 113 146 88 115 105 33 151 33 184 85 133 106 178 106 181 32 187 32 181 169 31 99 129
58
88 1 88
4 4
7 7
10 10 100
13 13
16 16
19 19
22 22
25 25
28 28
31 31
34 34
37 37
165 40
43 43
2 46
171 49
101 52
55 55
58 58
61 61
64 64
21 67
11 70
73 73 136
92 76 124
79 79
82 82
85 85
91 91
94 94 139
97 97
103 103
106 106
184 109 184
112 112
115 115
118 118
192 121 175
127 127
130 130
133 133
122 142
145 145
148 148
151 151
154 154 193
157 157
160 160
163 163
166 166
169 169
172 172
178 178
181 181
187 187
182 190
196 196
