FacultyClub MLK SutardjaDai BancroftLibrary Library FPF HealthServices EastAsianLibrary PhysicsLibrary Pimentel NorthGate EarthLibrary Underhill Etcheverry TAAP Manville SocialLibrary BrainImagingCenter WooHonFai Bechtel Bowles AquaticCenter MSRI LawSchool Boalt McCone HearstFieldAnnex NewspapersLibrary AnthropologyLibrary StudentUnion LawrenceofScience SproulPlaza EthnicLibrary MelvinLaboratory Investigative InnovationStudio UpperHearstParking MediaCenter DonnerLaboratory Hilgard HearstGreekTheatre StowPlaza InternationalHouse Davis FoxCottage SimpsonCenter Latimer SummerSession Tan VisualCenter PacificFilmArchive Cheit MartinezCommons CesarChavez UniversityHouse VLSB HearstFountain Stanley OptometryLibrary Jacobs BioscienceLibrary SEAsianLibrary EngineeringLibrary FoundersRock Warren Durant Soda CareerCenter Wheeler Wellman EnergyBuilding OBrien Stephens Birge LeConte Campbell IRLE SpringerGateway BerkeleyWayWest Unit3 HaasClubhouse Durham ArtHistoryLibrary AlumniHouse BancroftDance Mulford Hildebrand MathLibrary Koshland Sproul BanwayBuilding BerkeleyLawLibrary CITRIS Spieker Morrison EarthquakeLibrary FacultyClub
94
FacultyClub FacultyClub
BioscienceLibrary BioscienceLibrary
SutardjaDai SutardjaDai
Etcheverry Etcheverry
SproulPlaza SproulPlaza
Hilgard Hilgard
StudentUnion StudentUnion
EarthquakeLibrary EarthquakeLibrary
UniversityHouse UniversityHouse
LawrenceofScience LawrenceofScience
Pimentel Pimentel HearstGym
Mulford Mulford
CareerCenter CareerCenter
Durham Durham
OBrien OBrien
Library Library
Spieker Spieker
FPF FPF
PacificFilmArchive PacificFilmArchive
BrainImagingCenter BrainImagingCenter
Morrison Morrison
Wheeler Wheeler
Cheit Cheit
Manville Manville
Koshland Koshland
Jacobs Jacobs
Investigative Investigative
EarthLibrary EarthLibrary
EnergyBuilding EnergyBuilding IdaHouse
MediaCenter MediaCenter
StowPlaza StowPlaza
MartinezCommons MartinezCommons
MelvinLaboratory MelvinLaboratory
BancroftDance BancroftDance Giauque
Tan AndersenAuditorium
Unit3 Unit3
AnthropologyLibrary AnthropologyLibrary
Stephens Stephens
InternationalHouse InternationalHouse
OptometryLibrary OptometryLibrary
IRLE IRLE
SpringerGateway SpringerGateway
DonnerLaboratory DonnerLaboratory
ArtHistoryLibrary ArtHistoryLibrary
Sproul Sproul
Birge Birge
CITRIS CITRIS
NewspapersLibrary NewspapersLibrary
Warren Warren
PhysicsLibrary PhysicsLibrary
CesarChavez CesarChavez
BerkeleyWayWest BerkeleyWayWest LatinAmerican
MSRI MSRI
HealthServices HealthServices
WooHonFai WooHonFai
TAAP TAAP
MathLibrary MathLibrary
AquaticCenter AquaticCenter
UpperHearstParking UpperHearstParking
EastAsianLibrary Evans EastAsianLibrary
BancroftLibrary BancroftLibrary
HearstFieldAnnex HearstFieldAnnex
HearstFountain HearstFountain
BerkeleyLawLibrary BerkeleyLawLibrary
Underhill Underhill
Campbell Campbell
Davis Davis
NorthGate NorthGate
AlumniHouse AlumniHouse
Bowles Bowles
Wellman Wellman
VLSB VLSB
EthnicLibrary Senior EthnicLibrary
Stanley Stanley
SocialLibrary SocialLibrary
SimpsonCenter SimpsonCenter
FoxCottage FoxCottage
Hildebrand Hildebrand
SummerSession MaxwellField
SEAsianLibrary SEAsianLibrary
Bechtel Bechtel
BanwayBuilding BanwayBuilding
EngineeringLibrary EngineeringLibrary
Durant Durant
Soda Soda
McCone McCone
VisualCenter VisualCenter
LawSchool LawSchool
LeConte LeConte
HearstGreekTheatre HearstGreekTheatre
MLK MLK
Boalt Boalt
Latimer Latimer
FoundersRock FoundersRock
