FacultyClub Wheeler Cheit IRLE Durham SutardjaDai StudentUnion EarthLibrary OBrien Spieker ArtHistoryLibrary MLK Etcheverry MLK CITRIS SpringerGateway DonnerLaboratory VisualCenter Hilgard BioscienceLibrary LeConte MediaCenter ArtHistoryLibrary BancroftDance LawrenceofScience NewspapersLibrary Mulford Latimer InternationalHouse McCone EnergyBuilding BrainImagingCenter Davis HearstGym Davis Manville Unit3 BerkeleyWayWest Jacobs Pimentel Warren PacificFilmArchive EarthquakeLibrary FacultyClub Investigative PhysicsLibrary MartinezCommons Library NorthGate OptometryLibrary AndersenAuditorium Morrison CareerCenter Stephens StowPlaza Underhill Birge AnthropologyLibrary Sproul SimpsonCenter FPF Campbell MelvinLaboratory Koshland SproulPlaza UniversityHouse FacultyClub
50
FacultyClub FacultyClub
BioscienceLibrary BioscienceLibrary
SutardjaDai SutardjaDai
Etcheverry Etcheverry
SproulPlaza SproulPlaza
Hilgard Hilgard
StudentUnion StudentUnion
EarthquakeLibrary EarthquakeLibrary
UniversityHouse UniversityHouse
LawrenceofScience LawrenceofScience
Pimentel Pimentel
Mulford Mulford
CareerCenter CareerCenter
HearstGym HearstGym
Durham Durham
OBrien OBrien
Library Library
Spieker Spieker
FPF FPF
PacificFilmArchive PacificFilmArchive
BrainImagingCenter BrainImagingCenter
Morrison Morrison
Wheeler Wheeler
Cheit Cheit
Manville Manville
Koshland Koshland
Jacobs Jacobs
Investigative Investigative
EarthLibrary EarthLibrary
EnergyBuilding EnergyBuilding
MediaCenter MediaCenter
StowPlaza StowPlaza
MartinezCommons MartinezCommons
MelvinLaboratory MelvinLaboratory
BancroftDance BancroftDance
AndersenAuditorium AndersenAuditorium
Unit3 Unit3
AnthropologyLibrary AnthropologyLibrary
Stephens Stephens
InternationalHouse InternationalHouse
OptometryLibrary OptometryLibrary
IRLE IRLE
SpringerGateway SpringerGateway
DonnerLaboratory DonnerLaboratory
ArtHistoryLibrary ArtHistoryLibrary
Sproul Sproul
Birge Birge
CITRIS CITRIS
NewspapersLibrary NewspapersLibrary
Warren Warren
