0 65 191 83 136 174 155 168 155 96 91 85 123 82 139 82 75 97 38 56 19 56 112 60 148 88 77 79 48 169 102 124 69 106 197 93 178 49 175 58 66 114 140 114 87 0 17 55 15 177 71 73 18 67 99 135 103 105 161 188 76 171 8 132 113 52 120 149 119 195 167 162 64 180 51 145 85 92 154 153 35 153 46 128 172 158 117 134 26 133 13 3 131 25 141 7 90 199 47 33 170 80 44 94 104 94 32 181 0
95
3 3
8 8
13 13
15 15
17 17
18 18
19 19
25 25
26 26
32 32 42
33 33
35 35 74
38 38
44 44
46 46
47 47
48 48
49 49
51 51
52 52
55 55
56 56
58 58
60 60
64 64
65 65
67 67
69 69
71 71
73 73
75 75
76 76
77 77
80 80
82 82
83 83
85 85
87 87
88 88
90 90
91 91
92 92
93 93
94 94
96 96
97 97
99 99
102 102
103 103
105 105
106 106
112 112
113 113
114 114
117 117
119 119 143
120 120
123 123
124 124
131 131
132 132
133 133
134 134
135 135
136 136
139 139
140 140
141 141
145 145
148 148
149 149
153 153
154 154
155 155
158 158
161 161
162 162
167 167
168 168
169 169
170 170
171 171
172 172
104 173
174 174
175 175
177 177
178 178
180 180
181 181
188 188
191 191
195 195
197 197
199 199
