1 15 131 56 72 41 64 42 95 53 55 27 145 8 99 149 78 57 35 65 54 51 12 16 166 45 20 80 70 66 90 63 22 14 89 48 26 114 37 24 97 92 28 84 100 18 176 96 5 13 69 68 76 79 58 161 17 50 86 164 94 52 82 11 88 44 59 33 85 60 157 111 91 104 23 107 87 32 2 61 93 9 71 39 179 101 167 67 49 77 25 4 159 31 7 1
86
2 2
78 3 78
4 4 81
5 5
53 6 21 53
7 7
8 8
9 9
157 10
11 11
12 12
13 13
14 14
15 15
16 16
17 17
18 18
161 19
20 20
22 22
23 23
24 24
25 25
26 26
27 27
28 28
33 29 33
69 30 69
31 31
32 32
88 34 88
35 35
80 36 80
37 37
61 38 61
39 39
44 40 44
41 41
42 42
66 43 66
45 45
166 46 98
159 47
48 48
49 49
50 50
51 51
52 52
54 54
55 55
56 56
57 57
58 58
59 59
60 60
92 62 92
63 63
64 64
65 65 75
67 67
68 68
70 70
71 71
72 72
104 73
149 74
76 76
77 77
79 79
82 82
167 83
84 84
85 85
86 86
87 87
89 89
90 90
91 91
93 93
94 94
95 95
96 96
97 97
99 99
100 100
101 101
