lllIl1I lIllIll lll1I1l I1llII1 I1Ill1I lII111l 1111I11 l1l11l1 1111I11 llI1lII I1lIlII Ill11II 11IIII1 lIIlII1 II11l1l lIl111I II1Il1I IIlI1lI lIIl11l 1I1I1l1 IIl1l1I I1llll1 l11llll I11I11l l1l1l1l llIIII1 I111I1I IIlIllI Il1Il1I lI11III IlI1II1 Ill1I11 11lI11I 1l11lII 1I1I1lI l1I111I 1lIl11I lll1111 l1lll11 1I1lllI ll111ll I11I111 l1IllI1 l1IIl1l IlI1Il1 l1IllI1 I1ll1II l1lllll lI1l111 1I1l1Il 11111lI lI1Ill1 I11111l lllIl1I
45
lI11III lI11III
lIl111I lIl111I
Ill1I11 Ill1I11
lIIl11l lIIl11l
II1Il1I II1Il1I
I11111l I11111l
II11l1l II11l1l
lII111l lII111l
Il1Il1I Il1Il1I
ll111ll ll111ll
l1IllI1 l1IllI1 1llI111
11111lI 11111lI
l1l11l1 l1l11l1
1l11lII 1l11lII
11lI11I 11lI11I
l1I111I l1I111I
llIIII1 llIIII1
lIIlII1 lIIlII1
I1ll1II I1ll1II
Ill11II Ill11II
lll1I1l lll1I1l
11IIII1 11IIII1
1111I11 111lI1I
l1lllll l1lllll 1IlIl1I
lI1l111 lI1l111 1I11Ill
IIl1l1I IIl1l1I
1I1l1Il 1I1l1Il
IIlIllI IIlIllI
I11I111 I11I111
I11I11l I11I11l
lll1111 1l1lIlI
I1llII1 I1llII1
I1llll1 I1llll1
l1lll11 l1Ill11 l1lll11
IlI1Il1 IlI1Il1
llI1lII llI1lII
IIlI1lI III1llI
IlI1II1 IlI1II1 III111I
1I1I1lI 1I1I1lI
1I1lllI 1I1lllI
l1IIl1l l1IIl1l
lIllIll lIllIll
1lIl11I 1lIl11I
I111I1I I111I1I
1I1I1l1 1I1I1l1
