K AJ F M CB AW BJ E AV CS AD BX AD AM AE AU AK A AK AF CR BY AZ BM B CP B X P BQ AZ H AG BV AI BW AS AH CV Z CL S CL CM L Y BH G BR BL BR CH CO AT CO J CO CD BI BE BI AC N BO D O CC BS CC BU AP U AP CQ BA AB BA AQ BP T CK CE AN AX K CA K CG CJ BZ CJ AO CI BT CI W AA BC BF I CU R BN BK BN Q BN BG BD AR CN CF CN V CN AY CT BB C AL K
100
A A
B B
C C
D D
E E
F F
G G
H H
I I
J J
K K
L L
M M
N N
O O
P P
Q Q
R R
S S
T T
U U
V V
W W
X X
Y Y
Z Z
AA AA
AB AB
AC AC
AD AD
AE AE
AF AF
AG AG
AH AH
AI AI
AJ AJ
AK AK
AL AL
AM AM
AN AN
AO AO
AP AP
AQ AQ
AR AR
AS AS
AT AT
AU AU
AV AV
AW AW
AX AX
AY AY
AZ AZ
BA BA
BB BB
BC BC
BD BD
BE BE
BF BF
BG BG
BH BH
BI BI
BJ BJ
BK BK
BL BL
BM BM
BN BN
BO BO
BP BP
BQ BQ
BR BR
BS BS
BT BT
BU BU
BV BV
BW BW
BX BX
BY BY
BZ BZ
CA CA
CB CB
CC CC
CD CD
CE CE
CF CF
CG CG
CH CH
CI CI
CJ CJ
CK CK
CL CL
CM CM
CN CN
CO CO
CP CP
CQ CQ
CR CR
CS CS
CT CT
CU CU
CV CV
