129 44 116 47 183 131 129 19 137 9 161 80 84 101 4 81 158 81 50 13 180 13 111 30 66 107 46 107 109 32 105 32 29 157 195 6 85 56 22 194 71 99 156 95 59 25 60 21 73 110 10 31 55 14 69 126 27 65 79 61 16 188 2 33 5 40 1 40 88 57 123 48 189 8 17 155 49 150 171 121 53 191 63 97 96 76 97 91 82 0 15 28 177 190 128 26 178 175 7 151 140 115 125 108 12 89 130 83 129
87
180 180
161 161
111 142
121 121
4 11 4
5 5
150 150
53 53
97 97
189 189
2 2
33 87 33
95 95
183 183
128 128
65 65
17 17
1 174
46 122 100
40 40
48 48
110 110
85 23 85
125 125
83 36
158 158
101 101
56 56
63 63
84 84
195 195
50 50
123 123
27 160
32 98
79 152
137 137
156 156
55 55
130 130
15 15
60 163
30 184
47 62 58
29 29
175 175
6 51 6
107 107
19 92 197
12 103
0 145 0
49 49
171 171
126 126
16 16
108 114 108
188 188
155 155
91 91
21 21
157 157
88 88
61 61
25 196 25
96 96
177 177
191 191
99 99
178 178 39
26 26
194 194
89 89
76 76
59 59
8 8
105 105 192
66 66
109 109
151 151
14 14
190 190 64
13 13
44 44
81 81
9 9
82 82
57 57
