845LWU7Kg6167HQY a 95fufpL7BuUW8Mng00jE O41Muu 95fufpL7BuUW8Mng00jE O58T a 48783322I5q9PFVPT SmI7f H6pXAnE0KypnExX FL4V06094CU0zO3gJava D ElUTL J 7L 5Ll49ySSWT043CtCd2 B4mQOl023dn1 y ZT3 95E0752p51t N8191M9E9v 9 KKUFV29x8iO 0CwgepgS85xC4gx 4 KpBvy 4 TU76UjE52906 3 3k k r geUO1h 77yN7eHZwfF99R2 11l6P71DgEau1baEX4 xaM1q4jQi3efYb0 2qgWbB40Ya16 MY3aL96Y u3Qv DUiYDuR9yYFD5 MVvh eDv5MBdo 9vq8gscs7dz1 6RiHvQ4xTN5 fgM12T 5 1 i7lmV5iDIgl5f 845LWU7Kg6167HQY
37
MVvh MVvh
48783322I5q9PFVPT 48783322I5q9PFVPT
ElUTL 122gt ElUTL
u3Qv 42U0k6JhTQxPvUw8 EnhLq7BgTj8IN3Z2m u3Qv
4 4
77yN7eHZwfF99R2 TBk5Pt5vt5SInt
95E0752p51t 95E0752p51t
r r ICQxh0Q58799CUd2
H6pXAnE0KypnExX H6pXAnE0KypnExX YLKBD54k
MY3aL96Y MY3aL96Y 5CCl0n2r5512
ZT3 ZT3
6RiHvQ4xTN5 6RiHvQ4xTN5
fgM12T fgM12T eqYzN7b19UgNo1K
SmI7f SmI7f
O41Muu O41Muu YKpC4gQmPKaU311w9eOT
2qgWbB40Ya16 2qgWbB40Ya16
KpBvy 4l4aqvNKB KpBvy
9 9
5Ll49ySSWT043CtCd2 NQ3vX6W6H74aK53np
11l6P71DgEau1baEX4 11l6P71DgEau1baEX4
xaM1q4jQi3efYb0 xaM1q4jQi3efYb0
geUO1h geUO1h 8M2OK8Px58
3k 3k
J X6SrYf57mSUQQ28C 672Pt4Ytw8LW
KKUFV29x8iO KKUFV29x8iO ftk2
5 5
O58T O58T
DUiYDuR9yYFD5 DUiYDuR9yYFD5
TU76UjE52906 TU76UjE52906
845LWU7Kg6167HQY 845LWU7Kg6167HQY
y y
3 3
7L 7L
eDv5MBdo 5Qkzz260R7 eDv5MBdo
B4mQOl023dn1 B4mQOl023dn1
N8191M9E9v SL88w66v7
D D
