0 90 79 138 160 94 148 71 67 8 128 53 20 103 30 51 6 58 68 85 75 11 121 49 40 184 35 100 168 126 60 198 6 51 96 73 153 12 3 65 61 14 29 174 93 174 56 36 2 33 72 28 41 46 22 107 55 63 24 54 108 26 89 23 197 16 57 142 199 154 143 32 99 82 18 42 145 95 147 97 84 87 125 34 76 7 105 92 17 13 5 109 31 141 64 9 50 112 0 137 0
78
0 0 15 43 59 62 86
57 1 57
2 2 27 78
3 3
79 4 79
5 5
6 6
7 7
8 8
9 9 80
42 10 42 48
11 11
12 12
13 13
14 14
16 16
17 17 21
18 18
105 19
20 20
22 22
23 23
24 24
32 25 32
26 26
28 28
29 29
30 30
31 31
33 33 74
34 34
35 35
36 36
137 37 52
93 38 93
199 39
40 40
41 41
100 44
128 45
46 46
51 47 51
49 49
50 50
53 53
54 54 98
55 55
56 56
58 58
60 60
61 61 70
63 63
64 64
65 65
153 66
67 67
68 68
184 69
71 71
72 72 83
73 73
75 75
76 76
125 77 91
174 81
82 82
84 84
85 85
87 87
198 88
89 89
90 90
92 92
94 94
95 95
96 96
97 97
99 99
