loc0 loc167 loc69 loc156 loc64 loc191 loc39 loc28 loc61 loc186 loc83 loc197 loc150 loc109 loc177 loc47 loc41 loc117 loc85 loc173 loc179 loc135 loc120 loc188 loc183 loc25 loc138 loc32 loc14 loc36 loc116 loc89 loc37 loc46 loc144 loc49 loc105 loc52 loc106 loc160 loc53 loc122 loc96 loc134 loc11 loc93 loc168 loc66 loc113 loc20 loc165 loc164 loc184 loc127 loc199 loc57 loc181 loc147 loc170 loc107 loc162 loc129 loc77 loc75 loc112 loc157 loc198 loc131 loc44 loc172 loc82 loc62 loc76 loc97 loc151 loc130 loc58 loc0
68
loc53 loc54 loc78
loc37 loc37
loc85 loc85
loc129 loc129 loc15
loc167 loc167
loc168 loc168 loc92
loc82 loc82
loc52 loc52
loc49 loc49
loc107 loc187
loc151 loc192
loc191 loc191
loc96 loc96
loc147 loc147
loc36 loc36
loc138 loc118 loc138 loc42
loc109 loc109
loc41 loc41 loc119
loc179 loc179
loc164 loc164
loc39 loc39
loc172 loc172
loc28 loc28
loc58 loc185
loc127 loc27
loc116 loc116
loc66 loc66 loc31
loc11 loc67 loc11
loc106 loc106
loc198 loc198
loc150 loc150
loc20 loc20
loc89 loc89
loc177 loc177
loc32 loc10 loc32
loc156 loc156
loc57 loc57
loc184 loc184
loc76 loc182
loc97 loc97
loc113 loc113
loc122 loc122 loc196
loc25 loc25
loc69 loc69
loc160 loc160 loc45
loc134 loc134
loc130 loc130
loc14 loc14
loc188 loc188
loc112 loc112
loc144 loc144
loc186 loc186
loc165 loc165
loc93 loc93
loc157 loc157
loc75 loc75
loc183 loc183
loc170 loc17
loc162 loc162
loc46 loc46
loc44 loc100
loc47 loc47
loc120 loc8 loc120
loc105 loc105
loc131 loc131
loc197 loc197
loc83 loc83
loc62 loc84
