69 56 25 170 1 113 0 193 0 51 0 72 6 80 6 74 6 71 98 14 99 14 148 16 90 13 2 150 2 83 2 26 117 27 8 195 8 77 8 194 53 9 50 3 198 3 185 3 133 3 110 3 58 3 81 7 127 7 119 7 101 7 135 8 132 5 192 5 33 191 4 186 4 82 4 52 4 197 12 147 11 112 11 97 11 165 1 158 1 149 1 128 1 64 1 31 1 30 1 36 7 69
63
36 36
186 186
148 148
30 30
8 163 100
194 194
7 131 115
147 147
5 5 121
1 118 46 87 59 1
198 198
74 74
71 71
112 112
165 165
193 193
11 146 11 104
99 99
97 97
6 63 106 166
113 113
2 24 160 2
33 33
128 128
83 83
51 51
133 133
58 58
191 191
4 37 44 134
25 25
77 77
101 101
53 53
192 192
52 52
26 26
14 14
64 64
127 127
50 50
0 188 162
72 72
80 80
31 31
56 56
132 132
117 117
197 197
119 119
3 171 190
158 158
90 90
16 16
135 135
195 195
27 27
81 81
149 149
185 185
150 150
110 110
82 82
