74 123 109 161 20 96 184 136 194 57 86 146 45 13 192 148 115 8 141 129 163 94 34 151 33 76 56 80 104 181 142 42 11 140 16 152 37 53 131 53 98 125 73 100 134 112 107 44 25 23 68 58 43 187 17 64 47 127 193 4 168 179 54 133 199 51 190 155 90 64 165 171 143 122 66 63 139 138 116 120 198 113 88 188 35 60 59 14 39 32 27 103 147 95 172 5 48 132 30 167 81 123 74
81
4 4
5 5
11 11 99
172 12
14 14 118
16 16
17 17
34 18 52
20 20
23 23
27 27
86 31 86 128
32 32
39 39
42 42
45 45
44 44
47 47
66 50 66
51 51 77
53 53
56 56
58 58
59 59
60 60
141 61
54 54
63 63 174
100 72 97 100 173
73 73
76 76 89 154
80 80
81 81
125 83 125 157
88 88
90 90
131 91 200
94 94
95 95
96 96
98 98
103 103
148 105
107 107
33 108
109 109
199 111 199
112 112 114
113 113
115 115
116 116
120 120
123 123
127 127
129 129
151 130 135
132 132
133 133
134 134
136 136
138 138
139 139
140 140
142 142
143 143
146 146
152 152
155 155
43 158
161 161
163 163
165 165
167 167
171 171
37 178
179 179
184 184
190 190
192 192
193 193
198 198
