0 2 53 54 68 83 132 76 47 124 140 81 192 69 157 16 24 91 24 16 113 30 9 98 8 38 35 173 80 31 87 79 41 122 56 45 123 65 5 135 169 66 194 97 96 64 11 70 111 174 59 7 195 57 88 90 116 90 88 63 93 21 6 157 144 27 44 171 74 4 133 52 82 22 62 12 62 22 82 196 18 32 77 55 151 53 151 60 92 177 72 48 49 46 36 58 103 100 29 39 86 139 86 106 13 31 14 125 28 20 28 125 17 110 167 0
84
113 1 15 99
2 2
90 3 90
4 4
5 5
6 6 25
7 7
8 8 34
9 9
12 10 12
11 11
13 13
14 14
16 16
17 17
18 18
41 19 41
20 20
21 21
22 22
116 23
24 24 94
110 26
27 27
28 28
29 29
30 30 42
31 31
32 32
177 33
35 35 78
36 36
139 37
38 38
39 39
124 40
132 43
44 44
45 45 85
46 46
47 47
48 48
49 49
106 50
59 51 59
52 52
53 53
54 54
55 55
56 56
57 57
58 58
60 60
100 61 73 100
62 62
63 63
64 64
65 65
66 66
91 67 91
68 68
69 69
70 70
80 71 80
72 72
74 74
111 75
76 76
77 77
79 79
81 81
82 82
83 83
169 84
86 86
87 87
88 88
167 89
92 92
93 93
192 95
96 96
97 97
98 98
