48 20 168 46 10 115 154 110 102 99 102 179 174 125 143 155 3 155 199 138 176 40 16 98 103 57 60 30 11 79 21 148 80 118 145 173 58 164 77 124 2 23 39 85 152 136 129 141 196 121 133 93 119 126 130 9 42 158 177 92 149 74 66 107 87 90 25 50 34 165 175 7 78 113 78 185 32 64 83 55 36 147 38 117 189 162 123 114 157 194 193 52 156 180 135 84 171 163 72 186 73 48
86
199 199
73 73
143 143 167 137
20 20
93 93
154 154 53
141 141
57 151
124 56
168 109
135 135 181
107 107
118 118
126 126
133 133
157 157
149 149
115 115
66 66 191
175 175
60 60
11 11
85 85
130 197
58 58
123 123
177 177
196 196
38 38
110 110
34 34
99 5
148 148
136 136
163 163
158 158
147 147
185 190 185
186 186
46 46
113 182 113 69
77 19
176 176
48 48
90 90
152 152 29
21 21
10 10
23 23
25 25
164 164
36 36
78 78
84 84
79 79
64 64
72 108
145 145
9 9
98 103 101 98 67
193 193
117 117
194 194
42 42
16 16
119 119
180 180
179 179
3 3 170
173 88 35
138 138
171 171
40 40
7 7
39 39
165 165
87 87
156 156
52 52
125 125
155 155
129 129
74 74
2 2
55 55
121 120
