mdyuzxshey vkrlpmybdj jatkaoyfxb zumetrybth ebqxbaqnmm kdujdjjwot zjbarjhmau wkwwcqjtxf zjbarjhmau bulywvvpni lndsfxewdc mswyvpdrsy hkempoemlv fznfvsgjhc lkvobxyfca oggftsricu lnicnhmajr owusjcmdkp oewptytlja jedsthbmzo xftptyrlvl yiwwdwbzth jqtguzxxsl hadchvmijq wynbxuuxru epdwcjuvdr wtlzrefwav hsjqtjkukk smwxdupkdv koawdpgqdx unihwwnyqz qepegujmaa unihwwnyqz koawdpgqdx aokbiptbzc smwxdupkdv hsjqtjkukk wtlzrefwav jrmlkfexfk gllungmori rkyixxpcbx optviwhmbr ixyurvbpvu uooysjrxsb seeyrseflx uooysjrxsb ixyurvbpvu siatqqydwf ahqdrcepub lazlsvgukx idfvjoquhh lbuiysostx oegfbrwyrp bswhowadhl psiebvskfb zpybghfdbe cmdqzmgvfi qydclznxrd ouxenssqdu zmfuudfatm vkrlpmybdj mdyuzxshey
41
mdyuzxshey mysadifwma mdyuzxshey
jatkaoyfxb jatkaoyfxb bnmegnfgii
ixyurvbpvu gwnccktgki
jedsthbmzo jedsthbmzo
kdujdjjwot kdujdjjwot
oewptytlja oewptytlja knfzsnhzvx nwlccbonas
zjbarjhmau zjbarjhmau
vkrlpmybdj vkrlpmybdj
bulywvvpni bulywvvpni
lndsfxewdc lndsfxewdc
lbuiysostx lbuiysostx
oegfbrwyrp tgbmxdmvwe
rkyixxpcbx eooyfwmxln rkyixxpcbx
zmfuudfatm zmfuudfatm
qepegujmaa xtvbrolacp qepegujmaa
hadchvmijq hadchvmijq
ahqdrcepub ahqdrcepub
ebqxbaqnmm ebqxbaqnmm
mswyvpdrsy mswyvpdrsy
qydclznxrd qydclznxrd
wynbxuuxru wynbxuuxru
wkwwcqjtxf qcktwemqbm wkwwcqjtxf
zumetrybth zumetrybth
lazlsvgukx lazlsvgukx
jqtguzxxsl jqtguzxxsl
seeyrseflx vugkhjygfe seeyrseflx
aokbiptbzc aokbiptbzc
gllungmori gllungmori
optviwhmbr optviwhmbr
wtlzrefwav wtlzrefwav
yiwwdwbzth wtyqwjwskq
lkvobxyfca lkvobxyfca
owusjcmdkp owusjcmdkp ljhmnbaicr
cmdqzmgvfi qfbvncxldf cmdqzmgvfi
xftptyrlvl xftptyrlvl
koawdpgqdx koawdpgqdx
fznfvsgjhc fznfvsgjhc
oggftsricu euqbrkzdsw
lnicnhmajr lnicnhmajr
psiebvskfb psiebvskfb
ouxenssqdu ouxenssqdu
