evdoyagqfp xawkqmfmmx xftptyrlvl jqtguzxxsl optviwhmbr ivugtsvtqb guuudgvhny vugkhjygfe xywdziunpr oggftsricu xeigbnzhbj seeyrseflx jrmlkfexfk osdeymjeil qiqnnrlapz spdafzaivh ldnozwuuuq frfueiglva ymvlfsdhbu nbjyrygtdh cpwyxulkjm jfccyptuug tgkujfknod bswhowadhl zpjhxyylhb kvfpaspidv ouxenssqdu mdyuzxshey wtlzrefwav afrdrejwtp pwgublhwxg hofbtczdgp yqwistxtxc xguvjomcdt nwlccbonas bbwcqzwyoz ijbfzrqwct qfbvncxldf ixyurvbpvu qepegujmaa pcilmgdrgc wwqchwdmtx jedsthbmzo euqbrkzdsw zivwgfcxqi phknwbtipl fdgcygwgjf rnpokwoqgt oownpsyviv oavtmpaqji ichabbvkhm jrusiskazm vkrlpmybdj lndsfxewdc eqdxeqvtsb xnppuesbrr gllungmori qxuqrfzzob opmnfgpclg tgbmxdmvwe lcrihrmoqu tvcolajnao xqwyvbvueh oegfbrwyrp ebqxbaqnmm xwrvhrxnqy pbefrggyje unihwwnyqz vnzypgtlkj gbdejcnknd ahqdrcepub afortwurqt zmfuudfatm cttlxdtaiw byyqgjwsrp tmatbexcil qpxtrjvxpe lnicnhmajr xychpimpzb bulywvvpni wkwwcqjtxf koawdpgqdx pdljcbluhp cmdqzmgvfi qgfchcatzi yriqtwavfx uhalgukdzb fczruomdab eooyfwmxln epdwcjuvdr wynbxuuxru lazlsvgukx bbczvyonym hsjqtjkukk sjtuxgdwms kvxwqiryyu qbiylslccb xftptyrlvl mysadifwma xftptyrlvl evdoyagqfp
80
oavtmpaqji oavtmpaqji
wynbxuuxru tmrnpjqnxx voaumgrcuj wynbxuuxru
vugkhjygfe vugkhjygfe
byyqgjwsrp qxfgqgbbdn byyqgjwsrp
jrmlkfexfk jrmlkfexfk scesbtewjx
lnicnhmajr lnicnhmajr aruwdskzta
epdwcjuvdr kgktiatgjn
jrusiskazm jrusiskazm
qgfchcatzi qgfchcatzi
nwlccbonas itbfnxnauh nwlccbonas
kvxwqiryyu kvxwqiryyu
tmatbexcil tmatbexcil
xguvjomcdt xguvjomcdt
bbczvyonym bbczvyonym
xawkqmfmmx xawkqmfmmx
uhalgukdzb uhalgukdzb
wkwwcqjtxf wkwwcqjtxf lkvtxfwozs
xftptyrlvl fluzhooehk uooysjrxsb
qiqnnrlapz qiqnnrlapz
ixyurvbpvu yiwwdwbzth
ldnozwuuuq ldnozwuuuq
bbwcqzwyoz bbwcqzwyoz
wwqchwdmtx wwqchwdmtx
hofbtczdgp hofbtczdgp
yriqtwavfx gucdicwxmb rkyixxpcbx
jqtguzxxsl smwxdupkdv
qfbvncxldf qfbvncxldf
xwrvhrxnqy xwrvhrxnqy xifuopshzj
wtlzrefwav wtlzrefwav
hsjqtjkukk hsjqtjkukk
euqbrkzdsw euqbrkzdsw
mysadifwma mysadifwma bnmegnfgii
afortwurqt afortwurqt
oggftsricu oggftsricu
lndsfxewdc kyrhqthnvz lndsfxewdc
xnppuesbrr xnppuesbrr
mdyuzxshey mdyuzxshey
ouxenssqdu ouxenssqdu
guuudgvhny guuudgvhny stdiixwrjc
qpxtrjvxpe qpxtrjvxpe
ichabbvkhm ichabbvkhm
seeyrseflx hkempoemlv seeyrseflx
fdgcygwgjf fdgcygwgjf
vkrlpmybdj vkrlpmybdj
optviwhmbr vfdsalrajq optviwhmbr
lcrihrmoqu lcrihrmoqu xkasbvrrxd
rnpokwoqgt rnpokwoqgt
evdoyagqfp evdoyagqfp
tvcolajnao tvcolajnao
cttlxdtaiw cttlxdtaiw
qepegujmaa etdxtwotzh qepegujmaa
tgkujfknod tgkujfknod
zivwgfcxqi zivwgfcxqi
qxuqrfzzob qxuqrfzzob
pbefrggyje pbefrggyje
cpwyxulkjm cpwyxulkjm
gbdejcnknd gbdejcnknd
pdljcbluhp pdljcbluhp
oegfbrwyrp oegfbrwyrp
xychpimpzb xychpimpzb
ijbfzrqwct bimtbhwsby
koawdpgqdx psiebvskfb
ahqdrcepub ahqdrcepub
eooyfwmxln eooyfwmxln
vnzypgtlkj vnzypgtlkj
bswhowadhl bswhowadhl
unihwwnyqz kijbyyuzhd
xqwyvbvueh xqwyvbvueh
zmfuudfatm zmfuudfatm
afrdrejwtp afrdrejwtp
ymvlfsdhbu ymvlfsdhbu aokbiptbzc
osdeymjeil osdeymjeil
tgbmxdmvwe tgbmxdmvwe
xywdziunpr xywdziunpr
pcilmgdrgc pcilmgdrgc ivgbjyugdu
bulywvvpni bulywvvpni
ivugtsvtqb ivugtsvtqb
nbjyrygtdh nbjyrygtdh
kvfpaspidv kvfpaspidv
eqdxeqvtsb eqdxeqvtsb
