0 33 21 142 21 140 21 33 25 124 25 94 127 94 29 78 187 78 185 78 11 181 11 179 11 52 99 61 5 117 5 61 52 11 87 151 87 149 87 72 94 60 129 60 128 60 109 60 108 60 94 25 49 196 49 25 31 57 190 57 188 57 137 57 136 57 58 101 58 100 58 31 119 31 118 31 9 163 9 161 9 78 46 172 46 170 46 47 166 47 164 47 154 47 152 47 46 78 90 184 90 182 90 45 175 45 173 45 90 53 178 53 176 53 59 84 145 84 143 84 133 84 132 84 0 93 1 157 1 155 1 82 28 50 12 31 53 2 46 98 41 123 41 122 41 113 41 0 25 53 12 139 12 59 12 39 107 39 0 12 34 121 34 120 34 38 148 38 146 38 26 160 26 158 26 38 34 0 83 169 83 167 83 0 54 193 54 191 54 0 46 0 10 199 10 197 10 0
63
100 100
101 101
0 102 103 104 105 110 111 114 115 130 131 134 135
107 106 107
108 108
109 109
113 112 113
117 116 117
118 118
119 119
120 120
121 121
122 122
123 123
124 124 125
127 126 127
128 128
129 129
132 132
133 133
136 136
137 137
139 138 139
140 140 141
142 142
143 143 144
145 145
146 146 147
148 148
149 149 150
151 151
152 152 153
154 154
155 155
157 156 157
158 158 159
160 160
161 161 162
163 163
164 164 165
166 166
167 167 168
169 169
170 170 171
172 172
173 173
175 174 175
176 176
178 177 178
179 179
181 180 181
182 182 183
184 184
185 185 186
187 187
188 188
190 189 190
191 191
193 192 193
49 194
196 195 196
197 197 198
199 199
