0 2 28 2 13 10 12 66 67 123 120 122 120 47 183 180 182 180 124 179 195 197 195 114 150 152 150 65 68 65 30 32 58 55 25 27 118 115 77 116 77 101 102 100 15 85 87 95 97 95 40 130 133 130 135 138 135 52 169 82 108 105 99 145 148 145 144 170 172 170 94 110 57 56 57 110 113 17 16 17 104 125 128 125 74 189 64 139 44 140 142 140 129 72 141 132 131 132 186 42 41 42 40 160 162 160 137 136 137 166 117 168 165 154 190 192 191 92 91 92 90 54 159 149 185 187 185 69 184 79 134 39 35 38 35 37 35 20 75 78 75 0 3 0
97
27 27
66 66
68 68
192 192
122 122
3 3
134 134
124 124
15 15
37 37 36
91 91
82 82
16 16
186 186
104 104
13 13
180 180
38 38
131 131
116 116
132 132
136 136
17 17
64 64
2 2
139 139
166 166
25 25
102 102
65 65
141 141
55 55
184 184
149 149
47 47
97 97
40 43
145 145
172 172
99 99
57 57
12 12 11
100 100
148 148
182 181 182
95 95
28 28
113 113
114 114
128 128
35 35
179 179
94 94
92 92
87 87
20 20
142 142
105 105
108 108
54 54
152 152
154 154
138 138
159 159
101 101
110 110
67 67
183 183
118 118
74 74
78 78
39 39
69 69
162 161
133 133
160 160
32 32
42 42
44 44
120 120
123 123
52 52
72 72
189 189
56 56
135 135
125 125
168 168
30 30
129 129
41 41
144 144
187 187
197 197
79 79
58 58
195 195
