loc0 loc193 loc67 loc129 loc3 loc183 loc30 loc123 loc87 loc159 loc24 loc177 loc15 loc195 loc150 loc78 loc133 loc97 loc178 loc43 loc115 loc79 loc151 loc34 loc187 loc61 loc124 loc7 loc169 loc26 loc143 loc71 loc107 loc53 loc179 loc44 loc161 loc98 loc125 loc62 loc158 loc59 loc176 loc14 loc185 loc32 loc131 loc77 loc113 loc29 loc137 loc2 loc128 loc74 loc110 loc74 loc128 loc65 loc146 loc73 loc136 loc100 loc172 loc91 loc127 loc64 loc109 loc10 loc163 loc153 loc90 loc162 loc9 loc108 loc27 loc135 loc54 loc180 loc99 loc189 loc48 loc102 loc66 loc120 loc22 loc157 loc13 loc103 loc94 loc122 loc76 loc148 loc0
81
loc163 loc1
loc2 loc2
loc3 loc3
loc157 loc4 loc21 loc49 loc85
loc113 loc5 loc41
loc183 loc6
loc7 loc7
loc143 loc8
loc9 loc9
loc10 loc10
loc110 loc11 loc47 loc92
loc120 loc12
loc13 loc13
loc14 loc14
loc15 loc15
loc178 loc16
loc179 loc17 loc89
loc135 loc18 loc36
loc109 loc19 loc46
loc146 loc20
loc22 loc22
loc125 loc23
loc24 loc24
loc115 loc25
loc26 loc26
loc27 loc27
loc136 loc28 loc37
loc29 loc29
loc30 loc30
loc148 loc31 loc40
loc32 loc32
loc123 loc33 loc93
loc34 loc34
loc107 loc35
loc137 loc38
loc180 loc39 loc72
loc150 loc42 loc69
loc43 loc43
loc44 loc44
loc153 loc45
loc48 loc48
loc122 loc50 loc95
loc195 loc51 loc60 loc96
loc133 loc52
loc53 loc53
loc54 loc54
loc172 loc55 loc82
loc131 loc56 loc83
loc189 loc57
loc103 loc58
loc59 loc59
loc61 loc61
loc62 loc62
loc108 loc63
loc64 loc64
loc65 loc65
loc66 loc66
loc67 loc67
loc176 loc68
loc124 loc70
loc71 loc71
loc73 loc73
loc74 loc74
loc129 loc75
loc76 loc76
loc77 loc77
loc78 loc78
loc79 loc79
loc161 loc80
loc162 loc81
loc102 loc84
loc158 loc86
loc87 loc87
loc187 loc88
loc90 loc90
loc91 loc91
loc94 loc94
loc97 loc97
loc98 loc98
loc99 loc99
loc100 loc100
