85 54 61 8 61 57 18 23 2 52 34 13 65 6 35 6 10 93 30 50 74 82 51 82 87 32 31 83 16 29 98 29 3 66 71 33 56 99 70 22 41 47 3 91 60 96 60 17 14 55 14 45 53 42 92 42 69 4 44 4 27 59 15 21 76 21 7 21 37 49 46 49 48 80 62 64 32 86 32 94 36 11 89 79 89 63 72 77 72 5 1 24 81 24 0 24 43 85
50
0 0
1 1
7 7
8 8
11 11
13 13
15 15
16 16
17 17
22 22
23 23
27 27
36 28
31 31
34 34
35 35
37 37
14 38
43 43
44 44
45 45
46 46
47 47
48 48
50 50
51 51
52 52
53 53
54 54
55 55
56 56
57 57
64 64
70 68
69 69
71 71
76 76
77 77
79 79
80 80
81 81
86 86
87 87
91 91
92 92
93 93
94 94
96 96
98 98
99 99
