99 176 188 175 15 58 1 19 184 19 33 139 12 139 161 76 167 52 92 105 76 161 62 41 45 185 137 150 137 186 85 127 85 174 159 106 95 183 95 24 194 63 2 86 181 86 168 164 128 80 71 192 71 112 71 146 2 40 2 47 196 88 101 111 87 53 177 0 177 169 104 31 82 144 55 84 160 120 171 120 180 23 78 23 165 64 59 113 124 113 114 113 51 113 170 138 20 138 30 16 17 16 148 121 18 43 97 43 56 96 157 119 157 172 60 8 135 61 54 129 28 102 58 149 154 122 48 26 199 39 199 42 107 163 107 94 107 117 116 27 49 123 49 126 81 158 81 9 81 100 69 83 69 25 38 187 68 107 193 142 156 70 156 118 4 14 35 14 178 79 75 6 34 32 152 90 152 98 36 155 110 151 176 99
98
0 0
1 1
4 4
23 5
8 8
9 9
49 10 125
12 12
15 15
17 17
18 18
20 20
52 22 103
24 24
25 25
26 26
27 27
28 28
30 30
33 33
34 34
35 35
39 39
40 40
41 41
42 42
47 47
51 51
53 53
55 55
56 56
59 59
61 61
63 63
43 66
68 68
70 70
62 73
75 75
78 78
80 80
82 82
83 83
88 88
90 90
92 92
94 94
97 97
98 98
99 99
100 100
102 102
106 106
111 111
112 112
114 114
117 117
119 119
122 122
123 123
124 124
126 126
127 127
104 130
159 131
96 132
142 142
146 146
148 148
149 149
150 150
151 151
155 155
158 158
160 160
161 161
163 163
164 164
165 165
84 166
167 167
168 168
169 169
170 170
171 171
172 172
69 173
174 174
178 178
180 180
181 181
183 183
184 184
185 185
186 186
188 188
16 190
192 192
