81 159 1 80 12 115 161 16 108 86 178 9 107 132 56 167 126 36 189 95 89 145 78 34 81
24
34 92 195 180 85 191 77 8 188 52 71 196 93 34 121 20 88 58 154 18 23 14 179 103 53 48 182 127 33 123 64 59 198 141 125 100 117 96 150 69 200 152 27 24
126 153 42 97 170 65 126
78 35 76 135 199 183 124 87 57 70 109 49 130 90 166 184 78 45 84 164 17 162 138 165 158 46 156 74 197 41 43
86 86
161 161
107 107
9 9
167 167
36 36
56 56
108 108
132 132
95 95
81 81
115 115
89 89
80 80
12 12
1 1
178 178
189 189
16 16
145 145
159 159
