0 30 2 21 71 93 10 43 74 37 186 195 49 27 99 78 99 86 29 14 144 136 151 11 59 40 69 26 50 183 67 25 15 6 96 85 197 32 4 66 191 95 79 90 36 77 84 158 98 88 61 100 111 3 170 57 54 7 181 46 87 5 62 17 89 161 176 97 31 55 76 28 12 113 138 159 24 104 92 51 189 60 23 81 20 35 56 0
79
11 1 11 34
2 2
3 3 58
4 4
5 5
6 6
7 7
88 8 88
78 9 78
10 10 75 83
12 12
21 13 21
14 14
15 15
85 16 85
17 17 70
54 18 54
67 19 64 67
20 20
183 22
23 23 65
24 24
25 25
26 26
27 27 39
28 28 42
29 29
30 30
31 31
32 32
76 33 76
35 35
36 36 41
37 37 47
46 38 46
40 40
43 43
176 44
161 45
111 48
49 49
50 50
51 51
136 52
195 53
55 55
56 56
57 57
59 59
60 60
61 61
62 62
159 63
66 66
186 68
69 69
71 71
181 72
144 73
74 74
77 77
79 79
138 80
81 81
113 82
84 84
86 86
87 87
89 89
90 90
0 91
92 92
93 93 94
95 95
96 96
97 97
98 98
99 99
100 100
