destitute Loomis Rio Darwin ripe papal septillion creekside Hewlett decor swordfish Auberge Modesto Elizabethan combine MN Isfahan balustrade midget swingy diligent tate Gilmore funny fatten choice shroud McCall bobble Dominican Bleeker Dominican embassy Halstead Andersen Vega yogurt woke trill Curtis anvil Fisk mediate connubial schedule slowdown amateur illusion Injun jewel namesake destitute
46
Andersen Andersen
Auberge Auberge
Bleeker Bleeker minion
Darwin Darwin
Dominican Dominican
Elizabethan Elizabethan
Fisk Fisk
Gilmore Gilmore
Halstead Halstead
Hewlett Hewlett
Loomis Hindi Loomis
Injun Injun stanza
Isfahan Isfahan
MN MN
McCall McCall
Modesto Modesto
Rio Rio
Vega Vega
amateur amateur
anvil anvil
balustrade balustrade
bobble bobble
choice choice
connubial connubial
creekside creekside
decor decor
diligent diligent
embassy embassy
combine extractor
fatten fatten
funny funny
illusion illusion
jewel jewel
mediate mediate
midget midget
papal papal
ripe ripe
schedule schedule
septillion septillion transpiration
shroud shroud
slowdown slowdown
swingy swingy
swordfish swordfish
tate tate
trill trill
yogurt yogurt
