woebegone trill fulsome embroil septillion McCall diligent numerology directory bat Winchester connubial anvil Sunday PDP Stephen simulate Gilmore switchmen funny wingspread shovel choice lexicon involuntary spill involuntary backplate relaxation confrontation midstream bunch barnacle broil thirteen catenate Darwin Simon yogurt trimester illusion trimester Curtis sphalerite noon inform millennium funky swordfish Rodney Auberge car papal archive dull swingy Fisk December Zorn mack Irvin cowhand Andersen extrovert torus icon update bifurcate Durango monotonous MN casserole felony Isfahan thoroughfare encumbrance woebegone
72
Andersen Andersen
Auberge Auberge
Curtis Curtis deduce
Darwin Darwin
December December
Durango Durango Hewlett Reilly sinh
Fisk Fisk mediate
Gilmore Gilmore
Simon Goodrich Simon
Irvin Irvin
Isfahan Isfahan
McCall McCall
lexicon Modesto Vega
PDP PDP limitate oriole
Rodney Rodney
Stephen Stephen
Sunday Sunday silage whatsoever
extrovert Tucson extrovert
dull Wheller dull
Winchester Winchester
Zorn Zorn
trill administer
anvil anvil
archive archive softball
felony babysat equipping felony tate
backplate backplate
barnacle barnacle
bat bat
bifurcate bifurcate
broil broil
bunch bunch
car car
casserole casserole renaissance
catenate catenate
choice choice
torus coarse
connubial connubial
diligent diligent
directory directory
monotonous dreadnought monotonous
embroil embroil
MN exothermic
cowhand explosion
fulsome fulsome
funky funky
funny funny yearn
illusion griddle illusion
icon icon
switchmen imperishable
inform inform secondary
involuntary involuntary slowdown
mack mack
midstream midstream
millennium millennium
spill mitre spill
noon noon
numerology numerology stanza viscous
papal papal
trimester postscript transfuse trimester
relaxation relaxation
septillion septillion
shovel shovel
simulate simulate
sphalerite sphalerite
swingy swingy
swordfish swordfish
thirteen thirteen
thoroughfare thoroughfare
encumbrance transonic
update update
wingspread wingspread
yogurt yogurt
