Loc151 Loc156 Loc104 Loc36 Loc115 Loc170 Loc65 Loc138 Loc92 Loc160 Loc9 Loc49 Loc33 Loc148 Loc142 Loc20 Loc182 Loc158 Loc166 Loc54 Loc96 Loc67 Loc85 Loc118 Loc147 Loc186 Loc28 Loc110 Loc163 Loc2 Loc10 Loc195 Loc24 Loc55 Loc34 Loc180 Loc32 Loc141 Loc59 Loc161 Loc124 Loc102 Loc47 Loc21 Loc89 Loc187 Loc173 Loc58 Loc117 Loc52 Loc93 Loc126 Loc70 Loc111 Loc123 Loc190 Loc38 Loc5 Loc17 Loc94 Loc157 Loc167 Loc183 Loc25 Loc194 Loc159 Loc181 Loc50 Loc56 Loc122 Loc46 Loc72 Loc62 Loc68 Loc127 Loc6 Loc66 Loc13 Loc77 Loc16 Loc128 Loc3 Loc184 Loc172 Loc165 Loc98 Loc41 Loc177 Loc101 Loc120 Loc43 Loc154 Loc57 Loc135 Loc48 Loc4 Loc130 Loc151
91
Loc55 Loc55
Loc49 Loc49
Loc4 Loc4 Loc131
Loc16 Loc16
Loc184 Loc184
Loc94 Loc94
Loc177 Loc177
Loc47 Loc47
Loc160 Loc160
Loc154 Loc109 Loc154
Loc170 Loc170
Loc130 Loc130 Loc171
Loc6 Loc6
Loc41 Loc41
Loc151 Loc151
Loc172 Loc172
Loc77 Loc77 Loc61 Loc134
Loc10 Loc27
Loc93 Loc93
Loc36 Loc36
Loc67 Loc7
Loc127 Loc127
Loc156 Loc156
Loc147 Loc147
Loc98 Loc98
Loc34 Loc34
Loc122 Loc122
Loc48 Loc48
Loc68 Loc68
Loc85 Loc85
Loc120 Loc120
Loc92 Loc92
Loc124 Loc124
Loc62 Loc62
Loc123 Loc185 Loc123
Loc54 Loc54
Loc20 Loc20
Loc96 Loc96
Loc102 Loc102
Loc195 Loc195
Loc115 Loc115
Loc33 Loc33
Loc46 Loc46
Loc21 Loc99 Loc21
Loc187 Loc187
Loc118 Loc118
Loc194 Loc194 Loc15
Loc66 Loc66
Loc157 Loc157
Loc52 Loc52
Loc173 Loc173
Loc104 Loc104
Loc2 Loc2
Loc181 Loc181
Loc38 Loc38
Loc161 Loc161
Loc163 Loc163
Loc89 Loc89
Loc148 Loc148
Loc117 Loc117
Loc110 Loc110
Loc50 Loc50
Loc141 Loc141
Loc142 Loc142
Loc43 Loc43
Loc24 Loc24
Loc101 Loc101
Loc167 Loc167
Loc158 Loc158
Loc59 Loc59
Loc32 Loc32
Loc65 Loc65
Loc13 Loc13
Loc126 Loc126
Loc165 Loc165
Loc180 Loc180
Loc138 Loc138
Loc3 Loc3
Loc17 Loc17
Loc72 Loc72
Loc58 Loc58
Loc182 Loc182
Loc128 Loc128
Loc190 Loc190 Loc125
Loc183 Loc183
Loc57 Loc57
Loc135 Loc135
Loc28 Loc28
Loc111 Loc111
Loc166 Loc166
Loc70 Loc70
