g3ylJsdLuC idQHxtSnxr 0mnwiU4XrT wRn7Oi1bcW xjSWG1YKh9 TBzLS0OAYU 723MhcLxt0 1QXjsHNYao 2S929yZddP YpRs8m6oyX FmtLnHv2HY 5SSy593K31 FmtLnHv2HY u4FAx2sHZm 1TfvXd6dPZ dC48GQHGzO RN0bCAV6rQ srT70dfQEr Pz3egMzKU8 0SQlBVJ1YY TyL7NE2puV GQ4F0g3Mdj XW1Wn7EqpN rCoEuOa7EU 8KtuAXHUy3 EG1t1o8YrR fWIjO8yhE3 s3eMpsYH00 oIVQ2qkgnR 0hs3CNDF4L x066w6eh4W 1N2P3Sa7im u4LnQNaaiz p3w5kcAaF0 S8BtTu4yH9 WAi18jd2vJ Tk8ERvdKxF oCk2Yieytb bWDewy6WbV pWVnBerIra IT4pKw3giW g2I4si69gU oVMPVsMWrZ WYEDqSuNRX oEdovEhrWM CUEWGmB7Gt dMOAUqH7Z3 qnkfLCmfDn QTNhZIciNJ CSjLrGbUz3 xtp1B5q0W1 AXNCIbkEJh 7ZWqK2F5XG 2O61j91J3T K05xB79KZo srT70dfQEr BUMLJo6sc3 TSSOUimHPg Q1N77BLmyb bsEkAY2K41 vUu8ijgxxf yvMowGbkvn IGpxjveim7 vnZBjkVngj LeZK9UvMT9 emYRLTiyj9 2eMl9AO5o8 oWmQcQwHPo WcyuqGYOzU oWmQcQwHPo 2eMl9AO5o8 QrJxLpX875 dj8JMfo3hX 4znnlMjVra MXIvZpEPtW lfdanPGo3c Pijq8aHqIR fXy828RCG4 KUJdxKVZFO 7g0Idy1nzK 03xK87sjTf nKHFs5cKTX Oiowits7js 12ECENJIev 7wS9dKOnJR XlU2fx0ZPn BNkM7qaRNw yky49wE4YG YAqGe4tKAP FvzkpZRSj8 YAqGe4tKAP VpC9l6m3bG ZqWjuL44qr jBYJ7v19BQ qjDSEKmZMW FqFik17fFH r8njDwxc2t JD3uem81Lg IA0Uf143OT JD3uem81Lg 2q1lo9tSYb CxfzSa2YOV M2hatQPY96 tubjzjzUpV 8ZKCAWlImg t25XjDwQhD 2fevl06VRg 33omYiVXOD 5SSy593K31 WvFZJEkTrw aEo62SfMqH j98kcW9qGB onlLq65Azx idQHxtSnxr g3ylJsdLuC
84
lfdanPGo3c lfdanPGo3c
S8BtTu4yH9 S8BtTu4yH9
KUJdxKVZFO 0wTk0mYkLH KUJdxKVZFO
Q1N77BLmyb Q1N77BLmyb
qjDSEKmZMW qjDSEKmZMW
12ECENJIev 12ECENJIev
oCk2Yieytb oCk2Yieytb
CUEWGmB7Gt CUEWGmB7Gt
s3eMpsYH00 s3eMpsYH00
YpRs8m6oyX YpRs8m6oyX
TBzLS0OAYU TBzLS0OAYU
XW1Wn7EqpN XW1Wn7EqpN
WcyuqGYOzU WcyuqGYOzU
oIVQ2qkgnR bhojeHeddF oIVQ2qkgnR
Tk8ERvdKxF uIf3wnJUdn Tk8ERvdKxF
yky49wE4YG WRd4lScvm6 yky49wE4YG Pv5LMSkQii
Pz3egMzKU8 Pz3egMzKU8 gZXiityEnU
8ZKCAWlImg z9nRKYQ1ub
QTNhZIciNJ h5Si5BAPN0 QTNhZIciNJ
CxfzSa2YOV CxfzSa2YOV
1TfvXd6dPZ 1TfvXd6dPZ mbSdju1TJK
Pijq8aHqIR Pijq8aHqIR
WAi18jd2vJ WAi18jd2vJ
oEdovEhrWM oEdovEhrWM
LeZK9UvMT9 LeZK9UvMT9
IA0Uf143OT uvoepIQg9n IA0Uf143OT
0mnwiU4XrT 0mnwiU4XrT
5SSy593K31 5SSy593K31
yvMowGbkvn yvMowGbkvn
u4LnQNaaiz u4LnQNaaiz
g2I4si69gU g2I4si69gU
IT4pKw3giW IT4pKw3giW
QrJxLpX875 QrJxLpX875
2O61j91J3T 2O61j91J3T
idQHxtSnxr idQHxtSnxr
Oiowits7js Oiowits7js
GQ4F0g3Mdj GQ4F0g3Mdj TP2TNyk7wl
RN0bCAV6rQ RN0bCAV6rQ pk0Vh75DnH
tubjzjzUpV tubjzjzUpV
03xK87sjTf 03xK87sjTf
M2hatQPY96 M2hatQPY96
TSSOUimHPg 97ZNlakBoq LCKLTNE1vp
bsEkAY2K41 bsEkAY2K41
bWDewy6WbV bWDewy6WbV
WvFZJEkTrw WvFZJEkTrw
dj8JMfo3hX dj8JMfo3hX
aEo62SfMqH aEo62SfMqH
r8njDwxc2t r8njDwxc2t
BNkM7qaRNw BNkM7qaRNw
xtp1B5q0W1 xtp1B5q0W1
BUMLJo6sc3 fecMfiAuGC jPXsbXPNMq BUMLJo6sc3
K05xB79KZo K05xB79KZo
FvzkpZRSj8 FvzkpZRSj8
fWIjO8yhE3 KHDeTTvJC1
oWmQcQwHPo oWmQcQwHPo
4znnlMjVra 4znnlMjVra
qnkfLCmfDn qnkfLCmfDn yU6iUY8YgO
CSjLrGbUz3 CSjLrGbUz3
t25XjDwQhD t25XjDwQhD
WYEDqSuNRX KpxiCfRqh3
JD3uem81Lg JD3uem81Lg
7g0Idy1nzK 7g0Idy1nzK
723MhcLxt0 723MhcLxt0
rCoEuOa7EU mwzQG3SxnO
oVMPVsMWrZ oVMPVsMWrZ
nKHFs5cKTX nKHFs5cKTX
dMOAUqH7Z3 dMOAUqH7Z3
wRn7Oi1bcW wRn7Oi1bcW
TyL7NE2puV TyL7NE2puV
XlU2fx0ZPn XlU2fx0ZPn
onlLq65Azx onlLq65Azx
emYRLTiyj9 emYRLTiyj9
0hs3CNDF4L 0hs3CNDF4L
srT70dfQEr srT70dfQEr
vUu8ijgxxf vUu8ijgxxf
u4FAx2sHZm 2OsmeZV9xh u4FAx2sHZm
IGpxjveim7 x7iq98BiN3
MXIvZpEPtW biWuM2iRnz
YAqGe4tKAP YAqGe4tKAP
fXy828RCG4 fXy828RCG4
1QXjsHNYao 1QXjsHNYao
jBYJ7v19BQ jBYJ7v19BQ
2S929yZddP 2S929yZddP
8KtuAXHUy3 8KtuAXHUy3
