153 170 15 129 12 34 184 21 161 60 0 139 138 131 25 195 80 39 70 180 197 68 118 169 35 177 137 41 108 79 172 26 11 168 150 134 49 167 93 188 36 120 47 58 113 95 77 53 145 99 109 29 192 156 50 128 96 158 119 81 19 186 52 186 83 92 40 90 23 100 56 162 163 78 189 147 98 122 187 2 160 37 111 135 194 146 75 182 76 196 13 86 22 126 59 152 28 74 89 20 153
89
168 168
100 127
29 29
150 150
12 12
119 119
81 81
80 140
196 196
145 145 178
126 126
118 118
2 2
58 58
15 15
26 26
13 13
76 124 7
86 86 4
113 113
21 21
98 3 98 88
197 197
160 160
68 68
70 70
182 182
90 90
89 89
37 37
60 112 60
163 163
75 16 136
11 11
153 153
135 135
156 156
52 52 179
189 8
47 47
138 61 138
188 188
137 137
40 40
41 41
93 93
194 194
172 172
129 129
120 120
49 49
147 42 147
56 56
36 36
122 122
96 96
23 23
184 184
95 95
99 99
19 19
35 35
74 74
177 177
192 192 5
167 167
53 53
180 180
128 128
161 161
131 131
187 187
146 146
169 169
0 0
152 152
108 108
77 77
34 34
134 134
83 83
195 195
170 170
139 43
79 79
20 20
92 171
28 28
50 50
