hC71hIuyRaST3AiaSZqg cXmjc3Wu4kjM1IHGgfA5 COVfDobG5VcfcSxLDUch P6PcaiimLTne6w5m7SJi ymIUUgCvgB7r5le0Mh11 qzhMj5jvroYQ0sxm9D9f qyWH5Ui5kFJGpXM7i2RZ EEWjQ3rZ3GM9oucA2vc5 kITtdSORrLGuHqAl2YGb YygsiZkXDS9oQ07w4psX iS3QMNvYa0RbuZKbJowP ZUt08qPkISJA3VT4fdsK 5doygtE58PVlrfBbaaxD nOsoIFzZBhdd6bjP45Ba Z2YJKymsE6JEohxl2CgC 2TderjwrXrNV2UBZ77eD LI8fhHKJlh7mQx1nNK0m IWOalMs6IXX5Ln6F9Eov 2QgUKFj4HV0dn5Ia55tj QYsTJmc2IUi36H1YK47s Tgouk8HApNFShyYjQedR Mufarp9xGx29xj0P1ijS lVjpvSHc5hBrS7dzTmI1 xtgYSd34f56WAH3CCBpW PFAHK1LPbENiUm01N8B0 g5fwwkfUKem4JdibLkXM D3gODzQIzHZRe5A487BX tb41LamjPxrSZBTCVL4N b9q1t3OMZ6dXE5R6ca5w vXrEXAmThLoQVXFImZcg 7DZfG4yobV0xCcSaxf27 1Oc2bGjHzXrMLiYLik5Z h52UeNen88U7Y4iFuOF7 OBEPyJuvhH0Z9VoT2UNC g6Fit1BcwBIbAAJnBKGn EnQuMk7pVZUnmn2BboBv 6jnt0RQvUBeXBhrLOwzh EfhuR5UGBxqkoqdQBn2E 4MuL6AbQo2ozZ4x7psrd KqTw626stjcdChciHrJ6 OLGSBuAPLZmdhTN6ApoS 8w6JkwNghwwfzVWZlMG6 1uTE034Q24DWmybWBbX4 RNtZ6m1O9hQj2ovJiJE3 JuSdCG8HSUzwufkmRvTN 8IUV6HBSYn47shRwVW5F mkGdh9qd7uj9x5W3Koxj PqB0lgs9Brze4wJGQzAM FE29I03FH1qEyEvIQNGT fxnnXXAtldMGBgqECnVx EqrhH8oFQmMRN10foGjV wqyhoOJuJuNfuZ1c9ZhU 6KcltWtleWJ6izN3XL0F RDnAjQbgrCahBSBieO1p dsEyS8WvuzfBZPrbbzZx 63EFNMvLteBrV7Lj9nA4 nmwnnNlPCMIjajSEo2R3 2YL9dYowMkTTxjU0fVal 468JV90VoJDfHRf7bwGC x81SdeDfzbsk8wgCHcJT CgUyoeVDFzkf0g6EiF8w RP9IQz70eEvTJVIHw5Lv l5OFQGDhW1xJJ8ERuglz eULKHiriYHElwEbrQo2X NjrNYv2s9TjuFmdhy6vq aGWdv30UuUFiszMErlJF nP45x6vSjSYCI8DDOBiZ laRDyozSdXcFtmdQ5VqD 61VEe5QpRdEG1AHTZmSn ddzqPXECnHQT4a4RIpSF rW1b1NT9NaRlIIxoT8XF W5rNQea9NsCafaUbLgWC C5aQkckiWq5qVUhbiI57 oakCd1HozhO35GtImcF2 yXrak2UUHdgFCsCWvgfp RSJQdRAK7H6zYHVeXyPj fuNQ8Sfy86k6zaBQjwEz NWAZrSnr0i1Dj5TA6dLc 24YcTAlCtPoNC11H3BAQ jLS4UljOCe6h8LwAOGRX CMQ0OeWc1jOFVxmSr3hH kuIwHVHn49UEM4TprHKr MCc3yEIO8tXzzu5ZknlT 1wSeohNTb1oCspxe2x4j 3MmCPAjYheu6g9TkIxDm qsbRHSDlSHG3Ep5gugbq NXZByMrsstrrXRLxVcyg Mi1upMhcgP7iV16OWKN5 2dfprAgHp3T6RrgooKgP nnG2z19YXqYOoAxMQkFV uJlmjikTUoEO48jGpFMW TrUW9m3qjkTMvqHNRot0 zbsjvfwSdNExCnTFLo8x 4wWd3kvalFkda9M583i7 btiXecpJBKmrIHtQ7jPA UQEmoPmHSH2FlTDuXOEx m0W1PzAhoOpYXaJ0LLW5 l0FfsrqWcvxMXnkTPBHi Ca5sYccbD9TUz7JLHrcf hC71hIuyRaST3AiaSZqg
89
nP45x6vSjSYCI8DDOBiZ bw0K7NVh1sgqlnescYkX
3MmCPAjYheu6g9TkIxDm 3MmCPAjYheu6g9TkIxDm
IWOalMs6IXX5Ln6F9Eov IWOalMs6IXX5Ln6F9Eov
2YL9dYowMkTTxjU0fVal 2YL9dYowMkTTxjU0fVal
C5aQkckiWq5qVUhbiI57 R22TNV5lr1tmI44FcHvv C5aQkckiWq5qVUhbiI57
JuSdCG8HSUzwufkmRvTN JuSdCG8HSUzwufkmRvTN
fuNQ8Sfy86k6zaBQjwEz fuNQ8Sfy86k6zaBQjwEz
63EFNMvLteBrV7Lj9nA4 63EFNMvLteBrV7Lj9nA4
laRDyozSdXcFtmdQ5VqD laRDyozSdXcFtmdQ5VqD
EqrhH8oFQmMRN10foGjV EqrhH8oFQmMRN10foGjV
NXZByMrsstrrXRLxVcyg NXZByMrsstrrXRLxVcyg gZiMcGUkLd8qaWleLH1T
wqyhoOJuJuNfuZ1c9ZhU wqyhoOJuJuNfuZ1c9ZhU
xtgYSd34f56WAH3CCBpW xtgYSd34f56WAH3CCBpW t9sTQNaMU9o2HF5pm7xT
RDnAjQbgrCahBSBieO1p RDnAjQbgrCahBSBieO1p
6KcltWtleWJ6izN3XL0F 6KcltWtleWJ6izN3XL0F
tb41LamjPxrSZBTCVL4N IC3wlDskAWyf0o1M61kl
g5fwwkfUKem4JdibLkXM g5fwwkfUKem4JdibLkXM
ddzqPXECnHQT4a4RIpSF ddzqPXECnHQT4a4RIpSF
RSJQdRAK7H6zYHVeXyPj RSJQdRAK7H6zYHVeXyPj
Mi1upMhcgP7iV16OWKN5 Mi1upMhcgP7iV16OWKN5
YygsiZkXDS9oQ07w4psX YygsiZkXDS9oQ07w4psX v0QCMKnmfkXllH4nQHen
61VEe5QpRdEG1AHTZmSn 61VEe5QpRdEG1AHTZmSn
8IUV6HBSYn47shRwVW5F 8IUV6HBSYn47shRwVW5F 1ae7bJScGomdGEdgag5b
fxnnXXAtldMGBgqECnVx DmIjX4adnoqSEDmx2f39
zbsjvfwSdNExCnTFLo8x zbsjvfwSdNExCnTFLo8x
NWAZrSnr0i1Dj5TA6dLc WgneGAZv4qtDq8Q5DYZf NWAZrSnr0i1Dj5TA6dLc
iS3QMNvYa0RbuZKbJowP OAcbYkMyAi1Iu0vWaaFc
W5rNQea9NsCafaUbLgWC W5rNQea9NsCafaUbLgWC
nmwnnNlPCMIjajSEo2R3 nmwnnNlPCMIjajSEo2R3
nOsoIFzZBhdd6bjP45Ba nOsoIFzZBhdd6bjP45Ba
jLS4UljOCe6h8LwAOGRX jLS4UljOCe6h8LwAOGRX
6jnt0RQvUBeXBhrLOwzh 6jnt0RQvUBeXBhrLOwzh
2TderjwrXrNV2UBZ77eD 2TderjwrXrNV2UBZ77eD yMXdJdorJpzOHHt9uIfg
ymIUUgCvgB7r5le0Mh11 ymIUUgCvgB7r5le0Mh11
1Oc2bGjHzXrMLiYLik5Z 1Oc2bGjHzXrMLiYLik5Z
1wSeohNTb1oCspxe2x4j 1wSeohNTb1oCspxe2x4j
kITtdSORrLGuHqAl2YGb oq1GulTWdKtwAlNIQxnY
EfhuR5UGBxqkoqdQBn2E fzCA3w8Mu664WC0yRZb5
4wWd3kvalFkda9M583i7 4wWd3kvalFkda9M583i7
oakCd1HozhO35GtImcF2 oakCd1HozhO35GtImcF2
qyWH5Ui5kFJGpXM7i2RZ qyWH5Ui5kFJGpXM7i2RZ
468JV90VoJDfHRf7bwGC NqvNOj5h3GSbJm5NawjL 468JV90VoJDfHRf7bwGC
EEWjQ3rZ3GM9oucA2vc5 EEWjQ3rZ3GM9oucA2vc5
TrUW9m3qjkTMvqHNRot0 TrUW9m3qjkTMvqHNRot0
COVfDobG5VcfcSxLDUch COVfDobG5VcfcSxLDUch
aGWdv30UuUFiszMErlJF aGWdv30UuUFiszMErlJF
Tgouk8HApNFShyYjQedR sCcEFmBkhTop4sycKzuM Tgouk8HApNFShyYjQedR Dv6lwBgjbbZceuQXFzFf
cXmjc3Wu4kjM1IHGgfA5 cXmjc3Wu4kjM1IHGgfA5
eULKHiriYHElwEbrQo2X eULKHiriYHElwEbrQo2X
KqTw626stjcdChciHrJ6 KqTw626stjcdChciHrJ6
8w6JkwNghwwfzVWZlMG6 8w6JkwNghwwfzVWZlMG6
CgUyoeVDFzkf0g6EiF8w CgUyoeVDFzkf0g6EiF8w
btiXecpJBKmrIHtQ7jPA btiXecpJBKmrIHtQ7jPA
Mufarp9xGx29xj0P1ijS Mufarp9xGx29xj0P1ijS
24YcTAlCtPoNC11H3BAQ 24YcTAlCtPoNC11H3BAQ
mkGdh9qd7uj9x5W3Koxj mkGdh9qd7uj9x5W3Koxj
kuIwHVHn49UEM4TprHKr kuIwHVHn49UEM4TprHKr
nnG2z19YXqYOoAxMQkFV nnG2z19YXqYOoAxMQkFV 72cxNTZ1Tw5teVGiR2xj
EnQuMk7pVZUnmn2BboBv QHOT9LWV0s6xVVreglDh
lVjpvSHc5hBrS7dzTmI1 lVjpvSHc5hBrS7dzTmI1
RNtZ6m1O9hQj2ovJiJE3 RNtZ6m1O9hQj2ovJiJE3
h52UeNen88U7Y4iFuOF7 z0rRwRZbA1TaaAgS8PYu
P6PcaiimLTne6w5m7SJi P6PcaiimLTne6w5m7SJi
ZUt08qPkISJA3VT4fdsK VkEnPX1CQCoh4CxlXSlf
Ca5sYccbD9TUz7JLHrcf Ca5sYccbD9TUz7JLHrcf
rW1b1NT9NaRlIIxoT8XF rW1b1NT9NaRlIIxoT8XF
2QgUKFj4HV0dn5Ia55tj 2QgUKFj4HV0dn5Ia55tj
4MuL6AbQo2ozZ4x7psrd 4MuL6AbQo2ozZ4x7psrd
OLGSBuAPLZmdhTN6ApoS OLGSBuAPLZmdhTN6ApoS
1uTE034Q24DWmybWBbX4 1uTE034Q24DWmybWBbX4
2dfprAgHp3T6RrgooKgP 2dfprAgHp3T6RrgooKgP
b9q1t3OMZ6dXE5R6ca5w b9q1t3OMZ6dXE5R6ca5w
7DZfG4yobV0xCcSaxf27 7DZfG4yobV0xCcSaxf27
l5OFQGDhW1xJJ8ERuglz l5OFQGDhW1xJJ8ERuglz
OBEPyJuvhH0Z9VoT2UNC OBEPyJuvhH0Z9VoT2UNC
LI8fhHKJlh7mQx1nNK0m LI8fhHKJlh7mQx1nNK0m
yXrak2UUHdgFCsCWvgfp yXrak2UUHdgFCsCWvgfp
qsbRHSDlSHG3Ep5gugbq qsbRHSDlSHG3Ep5gugbq
5doygtE58PVlrfBbaaxD 5doygtE58PVlrfBbaaxD
Z2YJKymsE6JEohxl2CgC Z2YJKymsE6JEohxl2CgC
x81SdeDfzbsk8wgCHcJT x81SdeDfzbsk8wgCHcJT
vXrEXAmThLoQVXFImZcg vXrEXAmThLoQVXFImZcg
g6Fit1BcwBIbAAJnBKGn g6Fit1BcwBIbAAJnBKGn
QYsTJmc2IUi36H1YK47s QYsTJmc2IUi36H1YK47s
FE29I03FH1qEyEvIQNGT FE29I03FH1qEyEvIQNGT
UQEmoPmHSH2FlTDuXOEx UQEmoPmHSH2FlTDuXOEx
PFAHK1LPbENiUm01N8B0 PFAHK1LPbENiUm01N8B0
dsEyS8WvuzfBZPrbbzZx dsEyS8WvuzfBZPrbbzZx
m0W1PzAhoOpYXaJ0LLW5 Wf6tYlitgmZKoXfughsS
