Chattanooga ElPaso Knoxville Berkeley Springfield Spokane Oxnard Tacoma Huntsville Honolulu Fremont SanBernardino Boise Sunnyvale StPetersburg Toledo Henderson Orange Frisco Orange Aurora Fayetteville Richmond Stockton Surprise Anchorage Phoenix GardenGrove Salinas Murfreesboro Salinas Bakersfield BatonRouge Detroit Vancouver Austin Scottsdale Riverside Indianapolis FortLauderdale Savannah ElkGrove Plano Yonkers Durham Roseville FortWorth Corona Lubbock Corona Fresno Portland Chicago Naperville Orlando Albuquerque Waco LongBeach Cincinnati DesMoines NewportNews Alexandria HuntingtonBeach Jackson Brownsville Boston Salem FortCollins Pomona Buffalo Tallahassee MorenoValley Anaheim NewYork SantaClarita Hayward Akron RanchoCucamonga TianamenSquare SaintPaul Norfolk Irvine OklahomaCity Lincoln Madison Joliet Fontana Oceanside CapeCoral LittleRock Macon Wichita Memphis SanAntonio Cleveland Chattanooga
83
Yonkers Yonkers
Alexandria Alexandria
Joliet Joliet
Orlando Orlando
Lincoln Lincoln
Fresno Worcester GrandRapids
LittleRock LittleRock Shreveport
GardenGrove GardenGrove
Aurora Aurora Baltimore Lexington
DesMoines DesMoines
Surprise Surprise
Phoenix Phoenix
Knoxville Knoxville
StPetersburg Jacksonville
Oceanside Oceanside
Henderson Henderson
Fremont Fremont
Riverside Riverside
Memphis Memphis
SanBernardino SanBernardino
Tacoma Tacoma
Wichita Wichita
Cincinnati Paterson Cincinnati
SaintPaul Washington SaintPaul
TianamenSquare Ontario
Bakersfield Bakersfield
SantaClarita SantaClarita
Cleveland Cleveland
Brownsville Brownsville
ElkGrove McAllen
Murfreesboro Charlotte Murfreesboro
Corona Corona Olathe
Honolulu Honolulu SanFrancisco
Springfield Springfield
Madison Denton Madison
Scottsdale Tempe Scottsdale
Spokane Spokane
Portland Glendale
LongBeach GrandPrairie
Irvine Irvine Syracuse
NewportNews NewportNews
Vancouver Vancouver PortStLucie
Indianapolis Indianapolis
Anchorage Anchorage Midland
FortWorth FortWorth
Austin Austin
Norfolk Raleigh
Anaheim Anaheim ChulaVista
Macon SanJose
Fayetteville Fayetteville
Oxnard Oxnard
Durham Durham
OklahomaCity SantaAna
FortLauderdale FortLauderdale
ElPaso ElPaso
NewYork NewYork
Savannah Savannah
CapeCoral CapeCoral
Lubbock Louisville Lubbock
Hayward Hayward
Buffalo Buffalo
BatonRouge BatonRouge
Boston Boston
Boise Boise
Waco Waco
Chicago Chicago
SanAntonio SanAntonio
Frisco KansasCity Frisco
Richmond Richmond
Tallahassee Tallahassee
Salem Salem
Albuquerque LosAngeles
Fontana Fontana
Berkeley Berkeley
Plano Plano
Orange Orange
RanchoCucamonga Newark
Toledo Toledo
Naperville Naperville
Jackson Jackson
Akron Akron
Pomona Pomona
Sunnyvale SanDiego
