SaintPaul SanJose SanDiego Minneapolis Lincoln SantaAna Durham Phoenix Charlotte ChulaVista Baltimore Albuquerque FortWayne OklahomaCity Hialeah Glendale Columbus Milwaukee StPetersburg Lubbock Chesapeake Fresno Plano LosAngeles Austin Aurora Omaha Miami KansasCity NewOrleans Chandler Greensboro Dallas Tucson Detroit Denver JerseyCity Toledo Tampa Houston Stockton Louisville Memphis Honolulu Scottsdale Newark Garland SaintPaul
40
Newark Newark
Plano Plano
Scottsdale Scottsdale
Denver Denver
Honolulu Honolulu
Austin SanAntonio Austin
Durham Durham WinstonSalem
Fresno Lexington Spokane
Albuquerque FortWorth
StPetersburg Henderson StPetersburg
FortWayne FortWayne Anchorage
Baltimore Baltimore LongBeach Indianapolis
Houston Houston
Glendale Glendale
SantaAna Pittsburgh SantaAna
SanDiego SanDiego
Tucson Tucson Raleigh
SanJose SanJose
Hialeah Hialeah
Lincoln Lincoln
Charlotte Charlotte
Milwaukee Milwaukee
Toledo Atlanta
JerseyCity Laredo JerseyCity
Chesapeake Chesapeake
Dallas Dallas
Stockton Stockton
Columbus Columbus
Memphis Memphis
Phoenix Phoenix
Chandler Chandler
Lubbock Lubbock
Minneapolis Bakersfield
Tampa Tampa
NewOrleans NewOrleans
OklahomaCity OklahomaCity
LosAngeles ElPaso
Aurora Aurora
Louisville Madison
ChulaVista Cincinnati
