0 73 79 107 26 65 98 47 142 51 180 156 155 70 182 5 75 28 185 151 42 151 128 176 173 44 134 62 12 53 20 141 21 141 80 183 43 69 1 56 136 14 78 36 77 150 133 68 140 31 97 59 32 10 71 94 126 123 39 67 96 27 99 179 92 54 60 4 57 34 55 90 84 76 33 15 194 30 8 196 87 18 89 177 82 40 83 9 6 24 46 63 139 64 50 64 88 23 0
82
0 0
1 1 58
31 2 31
80 3 80
4 4
5 5 41 74
6 6
50 7 50
8 8
9 9 52
10 10
107 11
12 12
51 13 51
14 14
15 15
156 16
196 17
18 18
128 19
20 20 81
21 21 93
142 22
23 23
24 24
70 25 70
26 26
27 27
28 28
177 29
30 30
32 32
33 33
34 34
176 35 37
36 36
185 38
39 39
40 40
42 42 45
43 43
44 44
46 46
47 47
139 48
54 49 54
53 53
55 55
56 56
57 57
59 59
60 60
194 61 72
62 62
63 63
64 64
65 65
140 66 86
67 67
68 68
69 69
71 71
73 73
75 75
76 76
77 77
78 78
79 79
82 82
83 83
84 84
173 85
87 87 95
88 88
89 89
90 90
98 91 98
92 92
94 94
96 96
97 97
99 99
