K B AD AM CF BT M GN R AS Y EQ CE FP DS AN EB DC U DG EL DI DK AJ DT EK T FO CB FZ DD FI GO Z BG FM FU EH DN EZ AB DZ I GI CT GF V BY BE G BA AX AP FV FE EC P GJ FJ BP EM DX DB BI FG AU FR GK FT BR CJ FH CK BQ DR FX GG AG EG AF BB CW CV X AE ED GC CI EV DE EO EY CC GR AW AH EU BX DP GL BF DV BJ FD EN CA GD FS BH K
96
B B
G G
I I
BB L BB
M M
P P
R R
T T
U U
V V
X X
Y Y
Z Z
AB AB
AF AF
AG AG
AH AH
AJ AJ
AM AM
AN AN
AS AS
AW AW
AX AX
BA BA
BE BE
BF BF
BG BG
BI BI
BJ BJ
GN BL
AP BO
BP BP
BQ BQ
BR BR
BX BX
BY BY
CB CB
CE CE
CF CF
CJ CJ
CK CK
CC CM
AU CQ
CT CT
CW CW
CI CY
DB DB
DC DC
DG DG
DS DH DS
DI DI
DK DK
DP DP
DR DR
DV DV
DX DX
DZ DZ
EM EA EM
EC EC
ED ED
EG EG
EH EH
CA EJ
EK EK GE
EL EL
EN EN
EO EO
EQ EQ
EU EU
EV EV
EZ EZ
FD FD
FE FE
FG FG
FH FH
FI FI
FJ FJ
FM FM
FO FO
FP FP
FR FR
FS FS
FU FU
FV FV
FX FX
FZ FZ
GC GC
GD GD
GF GF
GG GG
GI GI
GJ GJ
GK GK
GL GL
GO GO
GR GR
