55 15 36 15 91 49 64 53 20 53 77 7 77 87 51 87 1 95 80 95 12 95 35 66 63 66 1 54 5 10 9 81 69 27 98 62 29 67 86 96 41 30 70 88 70 0 31 74 79 83 97 61 19 56 92 28 25 48 57 44 3 32 60 22 99 22 11 13 21 23 89 4 18 17 39 93 55
49
92 92
62 62
99 99
19 19
25 25
7 7
0 0
61 61
29 16 29
97 97
80 14
51 51
36 36
63 63
95 95
41 41
87 87
9 9
5 5
32 32
12 12
64 64
57 57
39 39
93 93
83 83
18 18
88 88
67 67
13 13
53 53
70 70
91 91
3 3
49 49
10 10
96 96
15 15
1 1
17 17
28 28
27 27
86 86
31 31
77 77
20 20
11 11
54 54
23 23
