89 68 12 127 80 149 145 39 193 109 20 11 82 34 65 82 198 15 128 49 111 49 144 62 19 195 132 28 162 85 146 72 148 72 102 122 102 143 70 119 70 136 3 64 18 121 33 25 103 73 133 194 133 73 103 79 36 173 86 21 142 104 110 172 5 169 101 78 27 48 182 47 161 118 91 139 189 43 51 156 154 45 151 94 167 38 167 129 75 59 124 168 99 180 31 107 108 113 100 89
75
100 100
38 96 81 38
119 179
102 178 102
101 101
132 132
86 86 29 56
142 197 188
172 172
127 127 88 4
79 79
94 94
3 3
145 190
122 122 61
33 33
18 18
151 151
51 51
113 97 199
169 169
99 99 44
78 78
124 124
36 36
109 183 109 112
143 125 114
128 128 23
45 135
173 173
59 59
168 37
146 146
107 107
148 148 13
161 16
75 75
136 136
68 69
194 194 141
21 21
195 195
11 11
149 149
5 5
104 130
111 83 111
27 27
25 25
182 98
189 189
12 12 187
167 41
65 191 65
39 39
64 64
193 193
73 73
156 156
85 85
62 160
133 133
80 80
180 155
31 6 31
70 192 70
72 58
49 140 49
28 32
48 48 9
144 144
118 118 1
121 121
198 147
82 82
