fmdhlepsteinstdnkill epsteindlsfdntmkillh dnkillepsteinlshdtfm killepsteinlhtfdsmdn epsteinlshkilldnfdmt flepsteindndhmtkills killdmnsfhldepsteint ndkillftdsmepsteinlh tdfepsteinnlhdkillsm dfkilllmtepsteinhdsn nfdhkilllsmtepsteind killnsfmhdepsteindtl fdshnmkillepsteinltd epsteinskilldlndhmtf lthfkilldnsmepsteind hepsteinsddnfkillmlt ddtmkillepsteinflsnh fddsepsteinhnlkilltm msfltdkillnepsteinhd hnfdtmlepsteinkillds epsteindfhlmdnskillt fmsepsteindntldhkill tlmsdhdnkillfepstein hsndepsteindlmtkillf lndsdkilltmepsteinhf fshtdepsteinmldnkill dmepsteinfnhltkillsd depsteinnlsfmhtkilld fkillepsteinmldnhstd epsteinkillnmsdhtdlf nepsteinlmdkilldhfts ntlepsteindmfdshkill killmlepsteindthnfsd fepsteinhsntddkilllm ddlmnftepsteinhskill hnsdkilllftdmepstein epsteinfsddmthkillnl tlsfdmdepsteinnhkill fhndskillepsteintldm lhsepsteindtdnmkillf lnsmkilltfdepsteindh stepsteinhkillfmnldd fkillepsteindlhdnsmt nltdmsfepsteinkilldh tmsdnfdlkillhepstein lkilltndepsteindsmfh fmdhlepsteinstdnkill
40
msfltdkillnepsteinhd msfltdkillnepsteinhd
nfdhkilllsmtepsteind nfdhkilllsmtepsteind
epsteindlsfdntmkillh epsteindlsfdntmkillh
fkillepsteindlhdnsmt epsteinkillmsftnddlh
dmepsteinfnhltkillsd dmepsteinfnhltkillsd
fdshnmkillepsteinltd fdshnmkillepsteinltd
fmsepsteindntldhkill fmsepsteindntldhkill
tlmsdhdnkillfepstein tmlepsteinsdnfkillhd lsdepsteinfmkillndth tlmsdhdnkillfepstein
killdmnsfhldepsteint killdmnsfhldepsteint epsteintdkilllnfdhms
lnsmkilltfdepsteindh lnsmkilltfdepsteindh
hnfdtmlepsteinkillds hdepsteinskillldtnfm hsdfepsteintlnkilldm hnfdtmlepsteinkillds
dnkillepsteinlshdtfm dnkillepsteinlshdtfm lmhdtfdepsteinnkills
killnsfmhdepsteindtl killnsfmhdepsteindtl
tlsfdmdepsteinnhkill tlsfdmdepsteinnhkill
killepsteinlhtfdsmdn killepsteinlhtfdsmdn dhkilllsepsteinmntdf
ntlepsteindmfdshkill ntlepsteindmfdshkill
epsteindfhlmdnskillt epsteindfhlmdnskillt dlnsthfmepsteinkilld
depsteinnlsfmhtkilld depsteinnlsfmhtkilld
fmdhlepsteinstdnkill nhmkilllsftepsteindd
fshtdepsteinmldnkill fshtdepsteinmldnkill
flepsteindndhmtkills flepsteindndhmtkills
ddtmkillepsteinflsnh ddtmkillepsteinflsnh
lndsdkilltmepsteinhf lndsdkilltmepsteinhf
nepsteinlmdkilldhfts nepsteinlmdkilldhfts
ndkillftdsmepsteinlh ndkillftdsmepsteinlh
hsndepsteindlmtkillf hsndepsteindlmtkillf
nltdmsfepsteinkilldh nltdmsfepsteinkilldh
tmsdnfdlkillhepstein mftkillepsteinndlhsd lhepsteinkilldtnmfsd
epsteinfsddmthkillnl dhepsteindsnlkillfmt
fepsteinhsntddkilllm fepsteinhsntddkilllm
stepsteinhkillfmnldd stepsteinhkillfmnldd
epsteinskilldlndhmtf epsteinskilldlndhmtf
hepsteinsddnfkillmlt nkilltdhlmdepsteinsf hepsteinsddnfkillmlt
fhndskillepsteintldm fhndskillepsteintldm
dfkilllmtepsteinhdsn dfkilllmtepsteinhdsn
epsteinlshkilldnfdmt epsteinlshkilldnfdmt
killmlepsteindthnfsd killmlepsteindthnfsd
ddlmnftepsteinhskill ddlmnftepsteinhskill
tdfepsteinnlhdkillsm epsteinmhndfkilltdls
hnsdkilllftdmepstein hnsdkilllftdmepstein
