dldkilltnmhfepsteins ldepsteinhmfnkillsdt mdkillnlsdtepsteinhf ldepsteinhmfnkillsdt msepsteintlhnfkilldd sldhnfmtdkillepstein fhdmnepsteindkillslt tldkillhsfnmepsteind depsteinlfnmkilldsht lhepsteintndkilldsmf depsteinlfnmkilldsht slepsteinkillfmddhtn depsteinlfnmkilldsht dkillfepsteinnhdmtls sdndhepsteinltkillfm dfkilllepsteinsnmhtd epsteinhdkillltsmfdn mkilldlshdtfepsteinn epsteinhnkillsldfdmt fthlkillnepsteindsdm killfhdndtlepsteinsm lepsteindnhstfdmkill killfhdndtlepsteinsm fthlkillnepsteindsdm thnkillmddsepsteinfl fthlkillnepsteindsdm nftmskilldldepsteinh fthlkillnepsteindsdm depsteinftndhmkillsl hepsteinnfdmlsdtkill depsteinftndhmkillsl epsteindkilltlmnhsfd depsteinftndhmkillsl dhkillldsepsteintnmf killtdmsdfhnepsteinl dhkillldsepsteintnmf epsteinfsltkillnhddm fmltddhnepsteinskill epsteinfsltkillnhddm dhkillldsepsteintnmf fsepsteindkillhmtdln epsteinlmkillfshnddt fsepsteindkillhmtdln skillthlfndepsteindm killsepsteindmtflhnd killfthnmsdlepsteind killsepsteindmtflhnd shfnmltepsteindkilld killtdslhfdepsteinnm shfnmltepsteindkilld killdldepsteinmfsthn epsteinfthkilldnslmd ntmdhepsteinsdkillfl fddsmepsteintnkillhl dhsepsteintlkillmfnd lepsteindsmnhftdkill epsteinldtnfmshdkill fdmtdepsteinkilllsnh mdkilllfdnstepsteinh lkillepsteintdshmfnd mdkilllfdnstepsteinh fkillepsteinndmdlhts mkillthfdlnepsteinds fkillepsteinndmdlhts dtsmdnlhfepsteinkill epsteinsnmflhtdkilld mhkillepsteinddlfsnt hdntepsteinkilllsdfm dkillnmhldstfepstein epsteinshlkilldmnfdt dfdepsteintlnskillhm ldepsteindhkilltsmfn mfndlsdepsteinhkillt dsftepsteindhkillmnl sdlhfnmdepsteintkill dsftepsteindhkillmnl mfndlsdepsteinhkillt killmfndshdtepsteinl depsteinslkillhdftmn killthsepsteindmlfdn nepsteindhkillltmsfd killthsepsteindmlfdn epsteindmshtfldnkill hsepsteinfkillnmddtl nmdhepsteinkilltfsld hsepsteinfkillnmddtl killshdlmftnepsteind ndkillthdepsteinlsmf killshdlmftnepsteind nsepsteinfmdkillhldt hnskillepsteintfdmld nsepsteinfmdkillhldt lkillfthdsepsteindnm dtnkillsepsteinmdfhl dftkillhmldnepsteins mndtkillepsteindlfhs dftkillhmldnepsteins hdepsteinkillnfdlmts dhmkillfdltnsepstein hkilllepsteinnstfddm lsmftnepsteinkillhdd hkilllepsteinnstfddm dhmkillfdltnsepstein hnsepsteinmkillfddtl killfsdndhtmepsteinl nepsteinfthdldmkills killdldepsteinmfsthn dnldkillhmfstepstein nmkilllepsteintdsdfh hmndfkillslepsteintd dkillldfepsteintsmnh dlshdtepsteinnkillfm dkillldfepsteintsmnh ldfsmnepsteinkilltdh hepsteinnfmtlkilldds killtepsteinddhlmnsf hnddkilltslmfepstein dmtlsfhnkilldepstein thdlskillnfdmepstein lepsteinkilldhfmstnd slmdtkillepsteindnhf ltfnsdhepsteinkilldm tepsteinmdfldhnskill ltfnsdhepsteinkilldm nmkilldepsteinhtldsf mhdskillldftnepstein lntkillepsteinfsddhm dflstmkillepsteindhn killdepsteinmfltdshn tsdnhkilllmepsteindf killdepsteinmfltdshn tsmdepsteinkillhfdln lkilldtnmsepsteindfh mkillldnhepsteinstfd fmtnkilldepsteindhsl tdnfmdhepsteinslkill epsteintfhndkilllmsd tdkillepsteinsmhdfnl dhtepsteinkillsdflmn killepsteinfdlhdtnms skillmfepsteinthddnl lnepsteintdfmdshkill hmdkilllnepsteinfsdt killhtdmdlnsfepstein nfltdmkillsdepsteinh mfndlsdepsteinhkillt dmldfhskillntepstein mdkillntepsteindfhsl tndskilldfepsteinmhl dkillnmsfhtlepsteind fdskillndtmepsteinlh killmdshdtnflepstein sndldftmkillepsteinh killmdshdtnflepstein ndshkilldmlepsteinft lmkillepsteintsndfhd hepsteinntdkillsdmfl depsteintkilllnmsfdh hepsteinntdkillsdmfl lmkillepsteintsndfhd lhsntdepsteindkillmf tepsteinkilldflhnmsd ddkillnftsmhepsteinl tepsteinhsdkillmldfn sldhnfmtdkillepstein tdfkillslepsteinhdmn depsteinfmkillhdsnlt fhnmkillepsteinsdltd dlfdkilltepsteinhnms killhdfnsepsteinmltd dlfdkilltepsteinhnms msddkilllthepsteinfn dldkilltnmhfepsteins
100
dlfdkilltepsteinhnms dlfdkilltepsteinhnms
sdndhepsteinltkillfm sdndhepsteinltkillfm
tldkillhsfnmepsteind tldkillhsfnmepsteind
mdkillntepsteindfhsl mdkillntepsteindfhsl
mdkillnlsdtepsteinhf mdkillnlsdtepsteinhf
tsdnhkilllmepsteindf tsdnhkilllmepsteindf
tsmdepsteinkillhfdln tsmdepsteinkillhfdln
dhsepsteintlkillmfnd dhsepsteintlkillmfnd
fhdmnepsteindkillslt fhdmnepsteindkillslt
epsteintfhndkilllmsd epsteintfhndkilllmsd
fdskillndtmepsteinlh fdskillndtmepsteinlh
killhdfnsepsteinmltd killhdfnsepsteinmltd
killtdmsdfhnepsteinl killtdmsdfhnepsteinl
fmltddhnepsteinskill fmltddhnepsteinskill
fddsmepsteintnkillhl fddsmepsteintnkillhl
lepsteinkilldhfmstnd lepsteinkilldhfmstnd
lkilldtnmsepsteindfh lkilldtnmsepsteindfh
killmfndshdtepsteinl killmfndshdtepsteinl
mkillthfdlnepsteinds mkillthfdlnepsteinds
mdkilllfdnstepsteinh mdkilllfdnstepsteinh
fhnmkillepsteinsdltd fhnmkillepsteinsdltd
msepsteintlhnfkilldd msepsteintlhnfkilldd
fdmtdepsteinkilllsnh fdmtdepsteinkilllsnh
slepsteinkillfmddhtn slepsteinkillfmddhtn
dmtlsfhnkilldepstein dmtlsfhnkilldepstein
sdlhfnmdepsteintkill sdlhfnmdepsteintkill
hepsteinnfdmlsdtkill hepsteinnfdmlsdtkill
ndkillthdepsteinlsmf ndkillthdepsteinlsmf
dkillnmhldstfepstein dkillnmhldstfepstein
lkillepsteintdshmfnd lkillepsteintdshmfnd
lmkillepsteintsndfhd lmkillepsteintsndfhd
shfnmltepsteindkilld shfnmltepsteindkilld
mhkillepsteinddlfsnt mhkillepsteinddlfsnt
msddkilllthepsteinfn msddkilllthepsteinfn
lhsntdepsteindkillmf lhsntdepsteindkillmf
epsteinsnmflhtdkilld epsteinsnmflhtdkilld
dtsmdnlhfepsteinkill dtsmdnlhfepsteinkill
ldepsteindhkilltsmfn ldepsteindhkilltsmfn
depsteinftndhmkillsl depsteinftndhmkillsl
dfdepsteintlnskillhm dfdepsteintlnskillhm
depsteinlfnmkilldsht depsteinlfnmkilldsht
tndskilldfepsteinmhl tndskilldfepsteinmhl
killhtdmdlnsfepstein killhtdmdlnsfepstein
dmldfhskillntepstein dmldfhskillntepstein
fsepsteindkillhmtdln fsepsteindkillhmtdln
epsteinfthkilldnslmd epsteinfthkilldnslmd
skillmfepsteinthddnl skillmfepsteinthddnl
killfthnmsdlepsteind killfthnmsdlepsteind
epsteinhdkillltsmfdn epsteinhdkillltsmfdn
hepsteinntdkillsdmfl hepsteinntdkillsdmfl
depsteintkilllnmsfdh depsteintkilllnmsfdh
mhdskillldftnepstein mhdskillldftnepstein
hmdkilllnepsteinfsdt hmdkilllnepsteinfsdt
dlshdtepsteinnkillfm dlshdtepsteinnkillfm
ltfnsdhepsteinkilldm ltfnsdhepsteinkilldm
nfltdmkillsdepsteinh nfltdmkillsdepsteinh
tepsteinhsdkillmldfn tepsteinhsdkillmldfn
killdepsteinmfltdshn killdepsteinmfltdshn
mkillldnhepsteinstfd mkillldnhepsteinstfd
tdfkillslepsteinhdmn tdfkillslepsteinhdmn
killtdslhfdepsteinnm killtdslhfdepsteinnm
hnsepsteinmkillfddtl hnsepsteinmkillfddtl
hsepsteinfkillnmddtl hsepsteinfkillnmddtl
fmtnkilldepsteindhsl fmtnkilldepsteindhsl
tdkillepsteinsmhdfnl tdkillepsteinsmhdfnl
nftmskilldldepsteinh nftmskilldldepsteinh
sldhnfmtdkillepstein sldhnfmtdkillepstein
sndldftmkillepsteinh sndldftmkillepsteinh
hmndfkillslepsteintd hmndfkillslepsteintd
killthsepsteindmlfdn killthsepsteindmlfdn
dtnkillsepsteinmdfhl dtnkillsepsteinmdfhl
killtepsteinddhlmnsf killtepsteinddhlmnsf
lepsteindnhstfdmkill lepsteindnhstfdmkill
dhmkillfdltnsepstein dhmkillfdltnsepstein
nmdhepsteinkilltfsld nmdhepsteinkilltfsld
epsteinldtnfmshdkill epsteinldtnfmshdkill
thdlskillnfdmepstein thdlskillnfdmepstein
killdldepsteinmfsthn killdldepsteinmfsthn
ldfsmnepsteinkilltdh ldfsmnepsteinkilltdh
mkilldlshdtfepsteinn mkilldlshdtfepsteinn
epsteinlmkillfshnddt epsteinlmkillfshnddt
tepsteinmdfldhnskill tepsteinmdfldhnskill
lsmftnepsteinkillhdd lsmftnepsteinkillhdd
depsteinslkillhdftmn depsteinslkillhdftmn
dkillnmsfhtlepsteind dkillnmsfhtlepsteind
epsteindkilltlmnhsfd epsteindkilltlmnhsfd
ntmdhepsteinsdkillfl ntmdhepsteinsdkillfl
skillthlfndepsteindm skillthlfndepsteindm
dnldkillhmfstepstein dnldkillhmfstepstein
epsteinhnkillsldfdmt epsteinhnkillsldfdmt
nepsteindhkillltmsfd nepsteindhkillltmsfd
ndshkilldmlepsteinft ndshkilldmlepsteinft
dhtepsteinkillsdflmn dhtepsteinkillsdflmn
lhepsteintndkilldsmf lhepsteintndkilldsmf
mndtkillepsteindlfhs mndtkillepsteindlfhs
epsteindmshtfldnkill epsteindmshtfldnkill
dflstmkillepsteindhn dflstmkillepsteindhn
hnskillepsteintfdmld hnskillepsteintfdmld
dfkilllepsteinsnmhtd dfkilllepsteinsnmhtd
thnkillmddsepsteinfl thnkillmddsepsteinfl
