149 100 105 103 104 102 101 100 107 116 121 122 126 117 116 107 100 149 060 062 070 069 067 070 062 054 063 072 084 088 087 086 074 075 076 077 078 079 063 090 091 092 097 096 099 090 063 054 053 056 053 054 062 060 149 000 001 002 013 024 025 035 027 028 038 037 036 044 031 024 013 002 001 000 149
29
024 006
025 026
031 031
037 037
038 048
053 050 053
054 054 059
056 056 066
060 060
063 064 065
067 067
070 068
069 069
078 078 083
079 079
076 080 081
074 085
086 086
088 088
087 089
091 091
096 096
097 097
103 103
104 104
105 111
117 115
121 123 142
126 126
