FortCollins Harlingen Knoxville Arlington Independence Bellevue Lakeland CollegeStation Aberdeen Bryan Albany Lorain Clarksville Bradenton Bridgeport McAllen Chicago Clearwater Evansville FortWayne Fairfield Joliet Fairfield Lancaster Lubbock Inglewood Hickory Arvada Fargo Charleston AnnArbor CorpusChristi Bakersfield Cincinnati GulfportBiloxi Leominster Manchester HuntingtonBeach BoiseCity Eugene Bethlehem Beaumont Jacksonville Gilbert Kenosha Barnstable Brownsville Fayetteville Durham DalyCity Houston Fresno Houston GrandRapids Garland Burlington Burbank Cambridge BatonRouge Jefferson LosAngeles Dallas Abilene Greensboro LittleRock Chandler Boston Bloomington Layton LasVegas Kennewick LasVegas Layton Bloomington ColoradoSprings ChulaVista Irving Lacey Detroit Corona Allentown Bremerton Elkhart Champaign Harrisburg ElkGrove Canton KansasCity FortWorth Berkeley FortWorth KansasCity Fullerton Carrollton Frederick Hampton Lafayette Hampton Frederick Carrollton Alexandria Amarillo Kissimmee FortWaltonBeach FortSmith Akron FortCollins
76
Aberdeen Aberdeen
Abilene Abilene
Akron Akron Elizabeth
Arvada Albuquerque Arvada Erie
Alexandria Alexandria
Allentown Allentown
Amarillo Amarillo
Kennewick Anaheim Kennewick
Lancaster Anchorage Lancaster
AnnArbor AnnArbor
Corona AppleValley
Fayetteville Appleton Fayetteville
Manchester Atlanta Manchester
BatonRouge Augusta
LasVegas Austin Cleveland
Bakersfield Bakersfield
Charleston Baltimore BonitaSprings
Barnstable Barnstable
Beaumont Beaumont
Bellevue Bellevue
Berkeley Berkeley ElMonte
Bethlehem Bethlehem
CollegeStation Boise CollegeStation ElPaso
BoiseCity BoiseCity
Bradenton Bradenton
Bremerton Bremerton Grayslake
Lacey Brighton Lacey
Brownsville Brownsville
Burbank Burbank
KansasCity CapeCoral
Carrollton Carrollton
Irving Cary Irving
Bryan CedarRapids
Champaign Champaign
Chandler Chandler
Chicago Chicago
ColoradoSprings ColoradoSprings
Dallas Dallas
DalyCity DalyCity
Evansville Danbury Evansville
Canton DavidsonCounty
Layton Denver Layton
Boston DesMoines
Detroit Detroit
Elkhart Elkhart
Eugene Eugene
Fairfield Fairfield
Fargo Fargo
Harrisburg Fontana Harrisburg
FortCollins FortCollins Hollywood
FortWaltonBeach FortWaltonBeach
Frederick Frederick
GulfportBiloxi Fremont
Fresno Fresno Kalamazoo
Garland Garland
Gilbert Gilbert
GrandRapids GrandRapids
Hampton Hampton
Harlingen Harlingen
Knoxville Hemet Knoxville
HuntingtonBeach Henderson
Hickory Hickory
Houston Houston
Independence Independence
Burlington Indianapolis
Inglewood Inglewood
ElkGrove Irvine
Jacksonville Jacksonville
Jefferson Jefferson
Joliet Joliet LasCruces
Lafayette Lafayette Lakewood
Lakeland Lakeland
Leominster Leominster
LittleRock LittleRock
Lorain Lorain
Lubbock Louisville Lubbock
