152 27 97 162 157 160 45 61 85 14 187 89 108 74 21 73 168 111 31 112 22 129 170 123 78 154 51 88 130 94 173 24 143 24 149 41 133 116 147 66 68 171 87 36 142 169 140 76 13 38 6 144 65 139 101 37 126 69 82 53 4 113 5 182 12 104 121 155 62 0 95 35 166 81 9 183 50 75 152
60
31 31
142 142 28
97 97
116 116 165
89 89 60
140 105
61 79
169 169
157 157
170 170
45 45
112 112
147 56
139 134 139
51 172 51
37 37
9 9
160 175
149 163 149
41 41
35 35
95 95
171 171
111 111
78 78
143 143 151
73 73
81 81
12 12
155 58
50 50 153
21 92
87 87
166 166
85 85 96
5 5
130 130 180
182 182
121 121
168 168
27 27
183 183
133 90
65 65
62 145
126 126
113 113
13 13 42
94 94
108 136 8
0 184 0
144 144
53 53
82 181
154 2
101 101
129 54
38 38
75 75
66 66
