location34 location39 location158 location142 location180 location142 location163 location30 location40 location103 location116 location161 location122 location64 location24 location188 location143 location159 location135 location55 location174 location137 location153 location2 location167 location59 location38 location12 location37 location47 location14 location172 location126 location21 location176 location89 location3 location170 location92 location114 location60 location108 location132 location71 location151 location181 location5 location107 location156 location149 location91 location182 location136 location72 location115 location123 location99 location175 location105 location52 location111 location76 location104 location32 location109 location144 location45 location28 location177 location68 location11 location199 location194 location97 location189 location155 location125 location46 location17 location6 location79 location96 location27 location23 location192 location34
76
location34 location34
location46 location46
location72 location72
location132 location132
location189 location189
location155 location155 location162
location23 location23
location89 location89
location52 location52
location45 location45
location39 location39
location177 location177 location54 location117 location187
location159 location159
location123 location131 location140 location15 location121
location181 location181
location194 location194
location149 location149
location170 location170
location68 location68
location71 location71
location11 location11
location40 location197
location28 location28
location158 location158
location55 location55
location111 location111
location192 location192
location92 location134 location92
location99 location99
location143 location143
location167 location167
location180 location164 location180
location37 location37
location161 location161
location115 location115
location79 location9 location0 location119 location79
location96 location96
location97 location157
location107 location107
location104 location130
location64 location64
location122 location122
location12 location12
location24 location24
location163 location163
location27 location27
location142 location142 location120
location47 location47
location137 location137
location172 location172
location151 location151
location6 location6
location135 location135
location109 location109
location91 location91
location2 location90 location2
location103 location103
location144 location144
location125 location125
location136 location136
location174 location174
location126 location88 location139
location59 location59 location98
location188 location188
location38 location38
location60 location60
location199 location199
location175 location175
location17 location17
location76 location76
location176 location176
location21 location21
location114 location114
location3 location3
location116 location86
location105 location105
