4HOMU JXLE1 X180A LIRLU 2C63O XEEQB HV4Z2 Y4WG4 PMFJ2 1RS2N 945CN FCYPJ BE5V8 4WDJE Q7FCL W2M5C ELH5L UW44H 52MNN 4YS4G ZN2EP NPDI9 M1HJR TBPBM Y61KP Q9MTE WXZHF CM5WA 53Y1R 7U3JG K50JQ 6OA3K CFGE5 PXCIN 2BUI5 6WOBI FMCVK W2H22 VHCFR AT3CI SHOOM 50J5H RU85S HZHRA A1QRL DCHO3 PYPSO T9O11 HWKGJ H1LTE C45HH BVMDZ MC71K LKP22 LLTLN IF7TL 6ACGE KN0CP V22SY OSJ7O LEBVZ L2PQE TCC7B PTADN 45JXE DOLRQ UDYJK 1F0YL TORQI L2GJ5 EDSMH WI88U P419D OIPRN C7WKJ V8GEC WZB33 H3R1V 0U9HU KC9RF 0D2BR ZZH8Z Q5DAA 3AIXW KOYRV Z22CS 8CLEZ YJ67U 4HSLO FRZVP RAAD4 TI35I 61QWU ZRPB5 4HOMU
88
L2PQE L2PQE
945CN 945CN
L2GJ5 L2GJ5
2C63O 2C63O
HV4Z2 SYV5N WP2MA
Y4WG4 768ZF
RU85S RU85S
KOYRV KOYRV
XEEQB XEEQB
KC9RF KC9RF
ZN2EP ZN2EP IZESQ
45JXE 45JXE
UW44H UW44H
0D2BR 0D2BR
M1HJR M1HJR ZHSBU
LIRLU LIRLU
1F0YL 1F0YL
DOLRQ DOLRQ
50J5H 50J5H
CFGE5 CFGE5
Q7FCL Q7FCL
KN0CP 0VPRW
SHOOM SHOOM
HWKGJ HWKGJ
6ACGE 6ACGE
TORQI DTPF4 TORQI
2BUI5 7GA8O 2BUI5
7U3JG 7U3JG
BE5V8 BE5V8
61QWU TY0L7 61QWU
W2M5C W2M5C
4YS4G SA6G0
WI88U WI88U
DCHO3 DCHO3
RAAD4 RAAD4
FRZVP FRZVP 69BJO
HZHRA HZHRA
53Y1R 53Y1R
TI35I TI35I
Y61KP Y61KP
FMCVK 9WSXC
C7WKJ C7WKJ
P419D P419D FC0PR
NPDI9 NPDI9
ZZH8Z ZZH8Z
IF7TL IF7TL
V22SY V22SY
PXCIN PXCIN
K50JQ K50JQ
JXLE1 JXLE1
H1LTE H1LTE OLLV9
X180A DDXG0 X180A
PTADN PTADN
3AIXW 3AIXW
1RS2N 1RS2N
0U9HU 0U9HU
WZB33 WZB33
Q5DAA Q5DAA SKPO7
4WDJE 4WDJE
PYPSO 8EXDQ PYPSO
FCYPJ FCYPJ
W2H22 W2H22
CM5WA CM5WA
6WOBI 6WOBI
AT3CI AT3CI
ZRPB5 ZRPB5
T9O11 T9O11
LEBVZ LEBVZ
C45HH C45HH
ELH5L ELH5L
52MNN 52MNN
WXZHF WXZHF
OIPRN OIPRN
MC71K MC71K
BVMDZ BVMDZ
6OA3K 6OA3K
UDYJK C8O6I
LLTLN LLTLN
A1QRL A1QRL
YJ67U YJ67U
V8GEC V8GEC
PMFJ2 PMFJ2
8CLEZ 8CLEZ
TCC7B TCC7B
LKP22 LKP22
TBPBM TBPBM
EDSMH EDSMH
VHCFR VHCFR
