0 92 158 29 140 96 139 189 30 104 59 103 165 166 30 136 85 137 188 187 136 30 115 25 116 14 93 154 21 12 178 122 94 121 177 178 12 21 109 169 170 110 109 23 118 50 119 176 2 163 100 43 101 164 2 88 148 149 196 23 15 144 60 142 191 192 143 60 64 35 112 113 172 22 183 130 95 131 184 41 181 127 77 33 179 124 97 125 180 179 33 185 133 91 78 31 106 167 168 107 31 108 7 51 151 152 198 197 151 51 11 194 193 145 80 147 18 161 160 0
86
100 100
101 101
43 102
103 103
104 104
59 105
106 106
107 107
108 108
109 109
110 110 111
112 112 171
113 113
35 114
115 115 173
116 116 174
25 117
118 118 175
119 119
50 120
121 121
122 122
94 123
124 124
125 125
97 126
127 127
77 128 129
130 130
131 131
95 132
133 133
91 134 135
136 136
137 137
85 138
139 139
140 140 190
96 141
142 142
143 143
144 144
145 145
194 146 194
147 147
148 148 195
149 149
88 150
151 151
152 152
51 153
154 154
93 155 156
92 157 159
158 158
160 160
161 161
0 162
163 163
164 164
165 165
166 166
167 167
168 168
169 169
170 170
172 172
176 176
177 177
178 178
179 179
180 180
181 181 182
183 183
184 184
185 185
33 186
187 187
188 188
189 189
191 191
192 192
193 193
196 196
197 197
198 198
