Soda ElGrullo DeltaDelta BAMPFA Myto Riverside SantaBarbara Ashby BerkeleyHigh Chino Gregoire Perris BerkeleyHillel Pomona Talpa Jalisco Whittier Tuxcacuesco TripleRock InternationalHouse SanMiguel Rasputin DKingGallery Cancun FantasticComics Sacramento Tako SanBernardino Mars AlphaChi LosAngeles CafeTibet Compton BayStreet SouthGate AlphaCentauri ChiOmega Fontana Tang SigmaKappa Platano MexicoCity Upland Tijuana SanDiego Saturn Emeryville Guadalajara CREAM Jupiter Kips Tuhuamixtel ChezPanisse Venus VictoryPoint Irvine Soda
55
ChiOmega ChiOmega
SigmaKappa SigmaKappa
AlphaChi AlphaChi
DeltaDelta DeltaDelta
InternationalHouse InternationalHouse
BerkeleyHillel BerkeleyHillel
BerkeleyHigh BerkeleyHigh
Jupiter Jupiter
Mars Mars
Venus Venus
Saturn Saturn
AlphaCentauri AlphaCentauri
Gregoire Gregoire
BayStreet BayStreet
Emeryville Emeryville
Pomona Pomona
Compton Compton
Ashby Ashby
Perris Perris
Fontana Fontana
SanBernardino SanBernardino
Upland Upland
Chino Chino
Whittier Whittier
SouthGate SouthGate
Tijuana Tijuana
SanDiego SanDiego
Jalisco Jalisco
Guadalajara Guadalajara
SanMiguel SanMiguel
Tuxcacuesco Tuxcacuesco
Talpa Talpa
ElGrullo ElGrullo
MexicoCity MexicoCity
Tuhuamixtel Tuhuamixtel
Myto Myto
Kips Kips
TripleRock TripleRock
Rasputin Rasputin
CREAM CREAM
Tako Tako
Tang Tang
Cancun Cancun
DKingGallery DKingGallery
BAMPFA BAMPFA
Platano Platano
CafeTibet CafeTibet
FantasticComics FantasticComics
SantaBarbara SantaBarbara
Sacramento Sacramento
LosAngeles LosAngeles
Irvine Irvine
Riverside Riverside
VictoryPoint VictoryPoint
ChezPanisse ChezPanisse
