Soda LakeMerrit Doe BWW Foothill BC Hertz GBC Stephans TheRoof MLK ClarkKerr Unit3 Wheeler Haas RSF Barrows Unit2 MainStacks Blackwell Sproul Morgan GoldenStatePark MemorialStadium Wellman Mulford Unit1 Soda
26
Doe Doe
Wheeler Wheeler
Stephans Stephans
Haas Haas
Hertz Hertz
Barrows Barrows
RSF RSF
Sproul Sproul
GBC GBC
MLK MLK
BWW BWW
MemorialStadium MemorialStadium
MainStacks MainStacks
Morgan Morgan
Mulford Mulford
Wellman Wellman
Unit1 Unit1
Unit2 Unit2
Unit3 Unit3
Blackwell Blackwell
BC BC
Foothill Foothill
ClarkKerr ClarkKerr
LakeMerrit LakeMerrit
GoldenStatePark GoldenStatePark
TheRoof TheRoof
