5 94 39 89 154 46 48 199 166 199 48 46 154 187 74 170 136 117 83 117 136 170 74 16 190 18 192 109 75 151 19 81 76 81 47 43 33 137 42 165 173 182 65 30 25 105 25 30 65 180 28 149 90 2 140 186 112 186 140 198 77 196 184 85 172 85 86 85 184 196 77 189 103 162 84 109 58 109 94 20 35 20 11 36 91 191 64 37 64 130 150 91 36 62 50 134 116 95 116 134 50 62 123 40 155 96 175 96 155 40 123 62 36 11 20 94 109 84 162 52 121 34 133 68 195 68 133 34 138 69 183 69 138 55 102 158 80 78 29 193 165 7 2 60 2 27 174 101 174 27 2 158 45 139 67 119 15 156 137 33 4 5
79
112 10 171 146
191 194
101 1 101
78 100 179 78
47 47
28 28
65 178
133 133
45 14
85 85
60 2
91 91
48 48
33 33
166 122 32
76 76 156
187 187
138 138 61
37 37 177
96 96
199 199
35 135 26 188 110
174 174
39 39 92
140 140
27 53
67 67 41
25 25
103 103
34 9 34
69 69 153
193 193
83 104 83
105 105 17
74 31
84 168
162 162
50 50
16 16
116 116
75 75
46 46
29 164
137 137
20 20
121 157
165 63
58 152 58
180 180
123 123
196 196
52 52
192 192
43 43
77 143 77
119 71
102 102
86 44
189 189
158 158
11 11
170 170
81 81
55 55
183 51 183
151 151
80 80
64 64
95 99
172 159
42 42
173 173
18 18
184 184
154 154
149 149
68 68
195 56
175 22
