DZA ALB AND ESP GAB FIN ECU FSM ERI ETH GUM GRD GNQ GUY GTM COG CAF BVT CIV CAN COD BRN BEL BDI BGR GLP GRL HKG CMR CCK BLR BES BLM BFA BGD CYM ARE DNK CUW DOM ASM ATF ATA DMA HND GEO FRO FRA GBR DZA
39
COD COD
FIN FLK FIN ABW
BRN BRN
DMA DJI
AND AND
FRO FRO
CAF CAF
GTM HMD
ALB ARG ALB
GRD GRD
DOM BHS DOM AUS
HND HND
BLM BLM
CCK CCK
GNQ GNQ
GLP GLP
CIV CHE
BGD BGD
GUY GRC CUB
ATA ATA
FSM FSM GHA
ARE ARE
BES BES
COG COG
GEO GEO
CYM CYM CXR CZE
DNK DNK
BDI BDI
GBR GBR
BVT BVT
ATF ATF
ECU ECU
CAN BRB CAN
CUW CUW
ERI ERI
FRA FRA
BFA BFA
BLR BEN BLR
HKG HKG
