COM COL IDN HTI GUM HKG MDA GLP REU SDN MEX POL ARE AND ALB QAT SGP RUS BLZ BEN BLM BHR BDI AZE BIH PRY NPL MMR HMD HRV LCA KOR LBN JPN HUN PAK GNQ COD CHN SHN SGS MUS DJI DMA RWA LUX LAO KGZ CRI MLT PSE NRU CAF BVT LKA KWT LTU LIE CPV COK HND GRC GMB NGA NFK NGA FSM FIN GAB GBR FRA ESH ECU ESP GEO GHA GIB EGY MYS IRN NIU CZE DEU CXR MWI ATG AUS NIC ABW NER COM
78
CAF CIV CAF
HTI CAN HTI
HND HND MAR
PRY MOZ PRY
MWI ITA
KOR KOR
NER NER MTQ
MUS MYT
REU REU AFG
GRC GRC
LUX LUX
CXR CXR
LIE LIE
EGY EGY
MMR MMR
GNQ GNQ
GMB PAN GMB
NPL NPL
SHN SHN
FRA FRA
ESP ESP
LKA LKA
BLM BLM
COD COG COD
GIB GIB
CPV MAC MLI CPV
SGS LBR KHM NZL SGS
MEX MEX
ATG ATG
MDA MDA
IDN IDN
AND ARM
MYS DZA
SDN SDN
NRU NRU
GBR GBR
LBN LBN
BDI BDI
DMA DMA
BIH BHS
KGZ KNA
GUM GUM
RUS RUS
COL COL
NIC IRL NIC
BEN BEN
COK COK
HKG HKG KAZ
NFK NFK JEY ALA
ESH ESH
ALB ALB
HRV HRV
AZE AZE
HMD HMD
POL PNG POL
PAK PAK
LAO LAO
FSM GIN FSM
GEO GEO
DEU CYP DEU
CHN CHN
KWT KWT
FIN FIN
IRN IRN IOT
HUN HUN
DJI DJI
AUS AUS
LTU LTU
ARE ARE
PSE PSE
ABW ABW
NIU NIU
BHR BHR BMU
ECU ECU
GAB GAB
JPN JPN
RWA RWA
GHA GHA
