Wurster Moses Kleeberger Goldman Hilgard Class Honolulu Frank Sutardja Florida Gilman Silver McLaughlin Pitzer Cory Nevada North Chan Oregon Raleigh Pennsylvania Indianapolis Montgomery Tennessee Maxwell Brain Moffitt Spieker Boston Salem Recreational California Hesse Massachusetts Alabama Sather Hazardous Anthony Blackwell Optometry Stanley Simpson Vermont Idaho Juneau Parking Observatory Barrows Simon Visitor Wurster
50
Silver Silver
Boston Boston
Honolulu Honolulu
Alabama Alabama
Montgomery Montgomery
California California
Frank Frank
Hazardous Hazardous
Sutardja Sutardja
Recreational Recreational
Maxwell Maxwell
Sather Sather
Pennsylvania Pennsylvania
Visitor Visitor
Stanley Stanley
Massachusetts Massachusetts
Salem Salem
Hilgard Hilgard
Wurster Wurster
Vermont Vermont
Parking Parking
Optometry Optometry
Juneau Juneau
Class Class
Florida Florida
Raleigh Raleigh
Oregon Oregon
Simpson Simpson
Spieker Spieker
North North
Tennessee Tennessee
Nevada Nevada
Simon Simon
Moses Moses
McLaughlin McLaughlin
Pitzer Pitzer
Hesse Hesse
Indianapolis Indianapolis
Kleeberger Kleeberger
Chan Chan
Cory Cory
Goldman Goldman
Gilman Gilman
Blackwell Blackwell
Anthony Anthony
Moffitt Moffitt
Barrows Barrows
Brain Brain
Idaho Idaho
Observatory Observatory
