YuhuaEast TelokBlangahDrive CityHall BedokNorth IstanaNegara ClementiWest Anson AngMoKioTownCentre ChangiPoint WoodlandsSouth KianTeck LittleIndia DhobyGhaut BukitBatokWest PengSiang Tampines KebunBahru MountEmily Woodleigh PunggolField TuasBay TiongBahru SembawangEast PayaLebarNorth Moulmein Museum TohGuan PayaLebarEast MountPleasant BenoiSector Punggol BayfrontSubzone PeoplesPark OrangeGrove Matilda ClarkeQuay Shipyard SembawangStraits OneTreeHill HongKah Kembangan LoyangEast SenokoSouth ClementiNorth EvertonPark ReservoirView PulauPunggolTimor Paterson SimpangNorth Khatib SerangoonCentral PasirPanjang2 BukitBatokSouth WoodlandsWest Northland Mountbatten JurongPort PeiChun DairyFarm PangSua Kranji MandaiWest NatureReserve TampinesNorth Boulevard MandaiEast PearlsHill LowerSeletar BoonLayPlace ChengSan Mandai ClementiCentral Serangoon UluPandan Dunearn KeatHong HongKahNorth SouthernIslands WestCoast TuasNorthPioneer Chatsworth Commonwealth SungeiRoad WaterwayEast YioChuKang Aljunied BoatQuay Saujana HougangCentral SungeiKadut TelokBlangahRise KampongUbi Sentosa EastCoast Sembawang TagoreSindo SerangoonNorth ChinaSquare Sennett SerangoonGarden Sennett YuhuaEast
86
Northland Northland
HongKah HongKah UpperThomson
AngMoKioTownCentre AngMoKioTownCentre
SerangoonNorth SerangoonNorth
Paterson Paterson
Punggol Punggol
YioChuKang YioChuKang
Commonwealth KentRidge Commonwealth
KeatHong KeatHong
HongKahNorth HongKahNorth
BedokNorth BedokNorth
Serangoon Serangoon
OneTreeHill OneTreeHill Trafalgar
EastCoast EastCoast
Sennett Sennett
WaterwayEast WaterwayEast
SungeiKadut SungeiKadut
SembawangEast TuasPromenade
Museum Museum
Mountbatten Mountbatten
PayaLebarEast PayaLebarEast
LowerSeletar LowerSeletar
ClarkeQuay BedokSouth
SembawangStraits SembawangStraits
TuasNorthPioneer TuasNorthPioneer
CityHall CityHall
TelokBlangahRise TelokBlangahRise
SungeiRoad SungeiRoad
SimpangNorth SimpangNorth AlexandraNorth
IstanaNegara IstanaNegara
HougangCentral HougangCentral DefuIndustrialPark
TohGuan PasirRisDrive TohGuan
PangSua PangSua
Tampines Tampines
BenoiSector BenoiSector
Saujana ChoaChuKang Saujana
Moulmein Moulmein
TiongBahru TiongBahru
BukitBatokSouth BukitBatokSouth
Mandai PasirRis Geylang Mandai
TagoreSindo TagoreSindo
Shipyard Shipyard PasirRisPark
JurongPort JurongPort JooSengPayaLebar
ClementiNorth ClementiNorth
MountEmily GeylangEast
Khatib Khatib
Matilda Matilda
KampongUbi Brickworks
BukitBatokWest BukitBatokWest
Aljunied Aljunied
SerangoonGarden SerangoonGarden SingaporeRiver
SerangoonCentral SerangoonCentral
PearlsHill PearlsHill
Dunearn SembawangHills
BoatQuay BoatQuay
BoonLayPlace BoonLayPlace
EvertonPark EvertonPark
PeiChun PeiChun
PunggolField PunggolField
Sentosa Sentosa
Chatsworth InstitutionHill Chatsworth
DhobyGhaut DhobyGhaut
ReservoirView ReservoirView
DairyFarm DairyFarm
PulauPunggolTimor PulauPunggolTimor
PayaLebarNorth Tanglin
UluPandan UluPandan YioChuKangEast
TampinesNorth TampinesNorth
TuasBay TuasBay
WoodlandsSouth Cairnhill
Sembawang Sembawang
WoodlandsWest WoodlandsWest
Anson OneNorth
KianTeck Port
ChinaSquare ChinaSquare
ClementiWest JurongWestCentral
PeoplesPark PeoplesPark
MandaiEast MandaiEast
NatureReserve ChangiWest
BayfrontSubzone BayfrontSubzone
KebunBahru KebunBahru
Kembangan Kembangan
OrangeGrove OrangeGrove
ChangiPoint ChangiPoint
SouthernIslands SouthernIslands
Boulevard RochorCanal
