LeonieHill ChangiPoint SungeiKadut KampongUbi Shipyard NeeSoon OrangeGrove DefuIndustrialPark OrangeGrove NeeSoon JurongWestCentral Kranji Sennett Outram MonksHill Townsville ChoaChuKangCentral LoyangEast YuhuaWestBoonLay TampinesWest Novena Clementi Victoria SerangoonGarden Lavender NorthCoast MandaiWest YioChuKang AnchorvaleBuangkok KallangWay SungeiRoad SembawangSprings PasirRisPark Sentosa Guilin GreenwoodPark FarrerPark Frankel Semakau WesternIslands PasirPanjang2 TanjongRhu GeylangBahru AirportRoad ChangiWest ClementiCentral YishunCentral PunggolTownCentre CompassvaleTrafalgar Changi Ridout BishanEast Yishun Phillip TanglinHalt TuasBay LeonieHill
44
Guilin Guilin
GreenwoodPark Trafalgar GreenwoodPark
Townsville Townsville
SerangoonGarden SerangoonGarden
GeylangBahru Springleaf
ClementiCentral ClementiCentral
Novena Novena SingaporePolytechnic
FarrerPark FarrerPark
SungeiKadut SungeiKadut
YioChuKang Boulevard YioChuKang
MonksHill MonksHill
AirportRoad AirportRoad
KallangWay KallangWay
Shipyard Shipyard
YuhuaWestBoonLay YuhuaWestBoonLay
SungeiRoad SungeiRoad KampongGlam
TuasBay TuasBay
Phillip Phillip
TampinesWest TampinesWest
Sennett Sennett
SembawangSprings SembawangSprings
Kranji Kranji
Victoria Victoria
Ridout Ridout
BishanEast BishanEast
Yishun Yishun
MandaiWest MandaiWest BukitBatokCentral
PasirPanjang2 PasirPanjang2
NorthCoast NorthCoast
Semakau Semakau
PunggolTownCentre PunggolTownCentre
Outram Outram
Sentosa Sentosa
OrangeGrove OrangeGrove
TanglinHalt TanglinHalt
NeeSoon NeeSoon
ChoaChuKangCentral ChoaChuKangCentral
CompassvaleTrafalgar ConeyIsland
AnchorvaleBuangkok AnchorvaleBuangkok
JurongWestCentral JurongWestCentral
DefuIndustrialPark Tyersall DefuIndustrialPark
YishunCentral Woodgrove
ChangiWest ChangiWest
LoyangEast LoyangEast
