139 198 31 25 141 191 187 108 57 130 112 41 44 84 189 113 173 39 173 48 26 71 35 65 16 85 158 105 176 125 131 105 22 59 145 96 152 123 146 23 118 15 18 134 127 11 157 8 178 95 182 119 89 13 30 144 142 37 5 95 161 9 78 21 79 114 111 108 109 188 27 14 43 64 184 147 82 69 72 2 153 101 32 148 138 77 47 1 172 98 156 186 122 91 75 104 33 67 81 128 67 106 60 7 74 58 139
99
189 189
106 106
77 77
91 91
142 142
47 47
146 146
84 84
125 125
85 85
112 112
23 23
101 101
8 8
198 198
11 11
81 81
18 18
152 152
74 74
43 43
173 173
15 15
5 5
64 64
78 78
176 176
127 127
184 184
187 187
141 141
71 71
1 1
60 60
65 65
2 2
72 72
111 111
113 113
123 123
109 109
188 188
9 9
95 95
57 57
48 48
108 108
153 153
14 14
79 79
33 33
144 144
191 191
114 114
13 13
58 58
148 148 165
16 16
30 30
32 32
158 158
147 147
39 39
182 182
82 82
128 128
98 98
134 134
27 27
31 31
35 35
119 119
96 96
138 138
104 104
131 131
22 22
122 122
161 161
41 41
178 178
157 157
7 7
67 67
118 118
156 156
21 21
25 25
130 130
105 105
69 69
37 37
89 89
145 145
75 75
44 44
186 186
26 26
172 172
