Latias Dartrix Keldeo Petilil Luvdisc Darumaka Staryu Infernape Noivern Jigglypuff Unown Raticate Primeape Vibrava Charmeleon Vibrava Elgyem Relicanth Exeggutor Wurmple Zorua Latias
18
Raticate Raticate
Noivern Talonflame Noivern Reshiram Palkia
Petilil Petilil
Latias Shelgon Toxicroak
Charmeleon Charmeleon Golisopod
Wurmple Wurmple Bounsweet
Jigglypuff Jigglypuff
Primeape Primeape
Infernape Infernape Scolipede
Unown Magearna
Dartrix Dartrix
Staryu Staryu
Elgyem Elgyem
Keldeo Keldeo
Exeggutor Exeggutor
Luvdisc Luvdisc
Relicanth Relicanth
Vibrava Vibrava
