Qwilfish Drampa Phanpy Skiddo Skorupi Honedge Wartortle Xerneas Shellos Magnemite Yungoos Stufful Conkeldurr Zekrom Weepinbell Lumineon Comfey Nincada Slowbro Simisear Sandile Meloetta Porygon2 Vullaby Amoonguss Lotad Politoed Dewpider Froakie Bounsweet Whismur Bastiodon Shellder Vespiquen Inkay Slurpuff Metang Terrakion Noibat Magmar Volcarona Steenee Jumpluff Plusle Wailord Tauros Swadloon Munna Seaking Treecko Kakuna Tornadus Gengar Metapod Weezing Escavalier Woobat Crawdaunt Scatterbug Tsareena Paras Taillow Drapion Tropius Qwilfish
64
Qwilfish Qwilfish
Simisear Simisear
Phanpy Phanpy
Terrakion Terrakion
Drapion Drapion
Meloetta Meloetta
Volcarona Volcarona
Slurpuff Slurpuff
Skiddo Skiddo
Politoed Politoed
Tropius Tropius
Sandile Sandile
Magmar Magmar
Metang Metang
Taillow Taillow
Porygon2 Porygon2
Slowbro Slowbro
Drampa Drampa
Noibat Noibat
Lotad Lotad
Scatterbug Scatterbug
Vullaby Vullaby
Inkay Inkay
Steenee Steenee
Tornadus Tornadus
Skorupi Skorupi
Dewpider Dewpider
Shellos Shellos
Metapod Metapod
Wartortle Wartortle
Crawdaunt Crawdaunt
Paras Paras
Froakie Froakie
Nincada Nincada
Gengar Gengar
Honedge Honedge
Amoonguss Amoonguss
Tsareena Tsareena
Jumpluff Jumpluff
Vespiquen Vespiquen
Munna Munna
Kakuna Kakuna
Magnemite Magnemite
Whismur Whismur
Xerneas Xerneas
Weezing Weezing
Zekrom Zekrom
Woobat Woobat
Comfey Comfey
Bounsweet Bounsweet
Seaking Seaking
Tauros Tauros
Weepinbell Weepinbell
Stufful Stufful
Shellder Shellder
Plusle Plusle
Treecko Treecko
Swadloon Swadloon
Lumineon Lumineon
Yungoos Yungoos
Bastiodon Bastiodon
Wailord Wailord
Escavalier Escavalier
Conkeldurr Conkeldurr
