Monroe Erie Mobile Bakersfield Austin Bakersfield Fayetteville Apple Aberdeen Havre Lancaster Havre Leominster Canton Kissimmee Denton Prairie Hampton Baltimore Kenosha Lafayette Nine Lowell Huntsville Dallas Gainesville Cleveland Gainesville Melbourne Four Bridgeport Hayward Lakeland Baton Corpus Miami Allentown Six Monterey Six Detroit Three Kailua Dayton Merced Boise Boulder Gulfport Elkhart Antioch Hagerstown Antioch Bethlehem Gastonia Monroe Aurora Daytona Mesa Vista Greensboro Vista Aurora Layton Abilene Denver Clarksville Akron Albuquerque Montgomery Lewisville Irving Elizabeth Lacey Appleton Manchester Cary Killeen Clarke Birmingham Hialeah Kennewick Modesto Gilbert Atlantic Hickory Fairfield Asheville Carrollton Charleston Laredo Charleston Johnson One Athens One Burlington Mesquite Amarillo Glendale Hartford Glendale Chesapeake Glendale Brownsville Hesperia Viejo Hampton Bradenton GreenBay Bedford GreenBay Cambridge Albany Arlington Rapids Davidson Monroe Anchorage Seven Huntington Seven Muskegon Naperville Julian Naperville Ten Jacksonville Anaheim Jacksonville Naples CSprings Monroe
100
Bradenton Bradenton
Three Three
Mesquite Mesquite
Hampton Hampton
Albany Albany
Ten Ten
Burlington Burlington
Miami Miami
Kenosha Kenosha
Melbourne Melbourne
Kissimmee Kissimmee
Baton Baton
Allentown Allentown
Fairfield Fairfield
Arlington Arlington
Four Four
Elizabeth Elizabeth
Chesapeake Chesapeake
Gainesville Gainesville
Clarke Clarke
Montgomery Montgomery
Baltimore Baltimore
Mesa Mesa
Kailua Kailua
Elkhart Elkhart
Aberdeen Aberdeen
Greensboro Greensboro
Gilbert Gilbert
Athens Athens
Akron Akron
Killeen Killeen
Amarillo Amarillo
Lewisville Lewisville
Seven Seven
Monroe Monroe
Johnson Johnson
Naples Naples
Hagerstown Hagerstown
Havre Havre
Vista Vista
Brownsville Brownsville
Rapids Rapids
Bridgeport Bridgeport
Erie Erie
Modesto Modesto
Manchester Manchester
Hesperia Hesperia
Lowell Lowell
Lancaster Lancaster
Prairie Prairie
Daytona Daytona
Lacey Lacey
Boulder Boulder
Davidson Davidson
Dayton Dayton
Birmingham Birmingham
Hartford Hartford
Kennewick Kennewick
Huntington Huntington
Cleveland Cleveland
Irving Irving
Dallas Dallas
Julian Julian
Cary Cary
Lakeland Lakeland
Laredo Laredo
Mobile Mobile
Bethlehem Bethlehem
Apple Apple
Cambridge Cambridge
Hayward Hayward
Austin Austin
Lafayette Lafayette
Monterey Monterey
Merced Merced
Asheville Asheville
Glendale Glendale
Viejo Viejo
Denton Denton
Canton Canton
Muskegon Muskegon
Anaheim Anaheim
Boise Boise
Anchorage Anchorage
Huntsville Huntsville
Leominster Leominster
Detroit Detroit
Hialeah Hialeah
Bedford Bedford
Antioch Antioch
Charleston Charleston
Hickory Hickory
Carrollton Carrollton
Jacksonville Jacksonville
Abilene Abilene
Clarksville Clarksville
Corpus Corpus
Fayetteville Fayetteville
Layton Layton
Denver Denver
