Soda DurantHall HearstFieldAnnex Cory BarrowLane BarrowsHall BARTStation BirgeHall BlumHall CheitHall BlackwellHall EshlemanHall ObservatoryHill BrainImagingCenter BerkeleyWayWest ClearyHall DonnerLab ChanShunAuditorium EtcheverryHall CNMAT HertzHall CaliforniaHall EdwardsStadium BanwayBldg BarkerHall AlumniHouse DoeMemorialLibrary EvansHall BotanicalGarden CyclotronRd EvansDiamond DavisHall BerkeleyArtMuseum CalvinLaboratory ClarkKerrCampus ChouHall AnthonyHall Campanile AnthonyHall EastGate BoaltHall BancroftLibrary CampbellHall EastAsianLibrary Insectary Dwinelle CareerCenter VLSB Soda
40
AlumniHouse AlumniHouse
AnthonyHall AnthonyHall
BancroftLibrary BancroftLibrary
BanwayBldg BanwayBldg
BarkerHall BarkerHall
BarrowLane BarrowLane
BarrowsHall BarrowsHall
BARTStation BARTStation
BerkeleyArtMuseum BerkeleyArtMuseum
BerkeleyWayWest BerkeleyWayWest
BirgeHall BirgeHall
BlackwellHall BlackwellHall
BlumHall BlumHall
BoaltHall BoaltHall
BotanicalGarden BotanicalGarden
BrainImagingCenter BrainImagingCenter
EastAsianLibrary EastAsianLibrary
CaliforniaHall CaliforniaHall
CalvinLaboratory CalvinLaboratory
Campanile Campanile
CampbellHall CampbellHall
CareerCenter CareerCenter
ChanShunAuditorium ChanShunAuditorium
VLSB VLSB
CheitHall CheitHall
ChouHall ChouHall
ClarkKerrCampus ClarkKerrCampus
CNMAT CNMAT
Cory Cory
CyclotronRd CyclotronRd
DavisHall DavisHall
DoeMemorialLibrary DoeMemorialLibrary
DonnerLab DonnerLab
DurantHall DurantHall
Dwinelle Dwinelle
EastGate EastGate
EdwardsStadium EdwardsStadium
EshlemanHall EshlemanHall
EtcheverryHall EtcheverryHall
EvansDiamond EvansDiamond
