Soda MartinezCommons SimonHall Pittsburg SatherTower KleebergerFieldHouse StHelena MinorHallAddition FoundersRock Piedmont NorthGateHall DonnerLab LewisHall BarrowsHall Oakley Orinda GiauqueHall Alameda LowerSproulPlaza Pacifica Hillsborough SanRamon EvansHall SutardjaDaiHall Healdsburg MLK SternHall WellmanHall ZellerbachHall MulfordHall ZellerbachPlayhouse WursterHall Fairfield SanRafael IshiCourt Benicia BancroftLibrary EastGate ChouHall StadiumRimWay HearstMiningCircle Unit3 Hayward Saratoga BlumHall Cory WestCircle KroeberHall WheelerHall GoldmanField GilmanHall HearstGreekTheatre CalvinLaboratory PimentelHall BarkerHall VLSB AnthonyHall SproulPlaza HertzHall Unit1 WicksonNaturalArea EtcheverryHall Soda
61
SutardjaDaiHall Campanile Insectary
GiauqueHall GiauqueHall
SimonHall ClearyHall Pinole
IshiCourt IshiCourt ClarkKerrCampus SanPablo
Fairfield Fairfield
StadiumRimWay StadiumRimWay
LowerSproulPlaza LowerSproulPlaza
ZellerbachPlayhouse ZellerbachPlayhouse
SatherTower SatherTower
ZellerbachHall ZellerbachHall
AnthonyHall AnthonyHall
Healdsburg Healdsburg
DonnerLab DonnerLab
Saratoga Saratoga
EtcheverryHall EtcheverryHall
NorthGateHall NorthGateHall HargroveMusicLibrary
MLK Brisbane WomenFacultyClub
ChouHall Belmont ChouHall
HearstMiningCircle HearstMiningCircle
PimentelHall PimentelHall
BancroftLibrary BancroftLibrary
KroeberHall KroeberHall
KleebergerFieldHouse KleebergerFieldHouse
Oakley Oakley
GilmanHall GilmanHall
SternHall SternHall
WheelerHall WheelerHall
WestCircle WestCircle
HertzHall HertzHall
LewisHall LewisHall
GoldmanField GoldmanField
EvansHall EvansHall
MartinezCommons MartinezCommons
Unit1 Unit1
HearstGreekTheatre HearstGreekTheatre
Pittsburg Pittsburg
FoundersRock FoundersRock
EastGate EastGate
Pacifica Pacifica
Benicia Benicia
Piedmont Piedmont
Cory Cory
MinorHallAddition MinorHallAddition
Orinda Orinda
Alameda Alameda
Hayward Hayward
SanRafael Albany SanRafael
SanRamon SanRamon
WursterHall WursterHall
BlumHall BlumHall
SproulPlaza Emeryville SproulPlaza
WellmanHall WellmanHall
BarkerHall BarkerHall
WicksonNaturalArea WicksonNaturalArea
StHelena StHelena
Hillsborough Hillsborough
VLSB FrankSchlessingerWay
BarrowsHall WestGate
CalvinLaboratory CalvinLaboratory
Unit3 Unit3
MulfordHall MulfordHall
