Fizz WinterWyvern Annie Janna JarvanIV Pantheon Kayn Irelia Ryze Techies Bane LeBlanc Karma Vi ShadowShaman NightStalker Quinn KhaZix Mirana Kassadin LoneDruid Cassiopeia Heimerdinger Azir Jayce CentaurWarrunner Slark Orianna Kled Katarina Nidalee Kennen Trundle Leona Rengar Visage Chen Lucian DeathProphet VelKoz TrollWarlord Huskar Omniknight Beastmaster FacelessVoid Thresh Ekko Viktor Sona TreantProtector Ziggs Fiddlesticks BountyHunter Amumu ShadowFiend Nunu Jinx Magnus Warlock Oracle Sniper Zilean StormSpirit Zed Singed Weaver ShadowDemon Rubick Nasus Vladimir Talon Medusa Slardar Sven Puck SpiritBreaker Puck Tristana Brewmaster Timbersaw Terrorblade Gragas Yorick Rumble Xayah Morphling Undying Syndra Tiny Venomancer TahmKench Fizz
89
Thresh Thresh
Heimerdinger Heimerdinger
Huskar Huskar
Sven Sven
Nasus Nasus
Medusa Medusa
Tiny Tiny
Katarina Katarina
Terrorblade Terrorblade
KhaZix KhaZix
Slardar Slardar
Kassadin Kassadin
Gragas Gragas
Kennen Kennen
CentaurWarrunner CentaurWarrunner
Sniper Sniper
WinterWyvern WinterWyvern
Nidalee Nidalee
NightStalker NightStalker
Annie Annie
Singed Singed
Quinn Quinn
Ekko Ekko
Venomancer Venomancer
Karma Karma
Omniknight Omniknight
StormSpirit StormSpirit
BountyHunter BountyHunter
Warlock Warlock
Weaver Weaver
ShadowFiend ShadowFiend
DeathProphet DeathProphet
Fiddlesticks Fiddlesticks
Janna Janna
Undying Undying
Rengar Rengar
Fizz Fizz
Magnus Magnus
Visage Visage
TrollWarlord TrollWarlord
Kled Kled
Jinx Jinx
Syndra Syndra
Sona Sona
Azir Azir
LoneDruid LoneDruid
Zed Zed
Rubick Rubick
Morphling Morphling
Irelia Irelia
Techies Techies
Beastmaster Beastmaster
FacelessVoid FacelessVoid
VelKoz VelKoz
LeBlanc LeBlanc
Amumu Amumu
Pantheon Pantheon
ShadowDemon ShadowDemon
Puck Puck
SpiritBreaker SpiritBreaker
Bane Bane
Yorick Yorick
Vladimir Vladimir
Ryze Ryze
Mirana Mirana
Slark Slark
Orianna Orianna
Trundle Trundle
JarvanIV JarvanIV
Timbersaw Timbersaw
Jayce Jayce
Ziggs Ziggs
Tristana Tristana
Xayah Xayah
Cassiopeia Cassiopeia
Chen Chen
Viktor Viktor
Leona Leona
Oracle Oracle
Lucian Lucian
Vi Vi
Nunu Nunu
Brewmaster Brewmaster
ShadowShaman ShadowShaman
Talon Talon
Rumble Rumble
Zilean Zilean
TahmKench TahmKench
Kayn Kayn
