6 11 18 10 12 19 16 14 13 15 11 24 28 26 23 20 24 30 39 38 32 30 42 40 44 48 40 42 55 51 55 67 62 63 60 64 65 67 73 74 77 75 79 72 78 74 73 80 81 80 96 92 94 98 97 95 90 96 103 105 101 102 107 100 103 111 113 118 115 112 114 111 124 125 121 128 124 133 139 134 130 137 138 132 133 143 148 149 147 146 143 158 150 158 168 166 167 163 168 172 176 170 176 172 189 180 186 184 182 189 199 198 197 194 190 191 196 199 6 3 1 4 0 7 2 6
75
0 8 0
4 4
1 1
7 7
10 10
15 15
18 18
19 19
14 14
23 23
20 20 21
26 26
39 39
38 36 38
30 31
48 46 48
40 41 40
51 50 51 59
55 57
62 62
63 63
65 65
67 69
60 60
77 77
78 78
75 75
79 79
74 74
81 87 81
80 88 85
97 97
90 90
98 98
95 95
105 106 105
100 109
101 101
107 107
112 112
118 118
113 113
115 115
114 114
121 120
124 126
125 125
128 129 128
137 137
139 139
132 132
130 130
134 134
148 148
146 146
149 145 149
147 144
150 153 150 157
158 152
167 167
168 164
163 163
166 166
176 176
170 170 178 179
172 177
182 182
184 181 187
186 186
180 185
191 191
194 194
198 198
190 190
196 196
