L16 L49 L131 L141 L53 L110 L147 L21 L109 L13 L76 L38 L134 L125 L11 L74 L100 L55 L67 L46 L113 L83 L32 L20 L146 L47 L103 L133 L103 L63 L27 L138 L73 L16 L58 L18 L5 L130 L19 L95 L19 L37 L142 L104 L126 L104 L9 L129 L120 L128 L91 L148 L78 L94 L85 L86 L75 L119 L72 L119 L80 L10 L101 L116 L101 L93 L6 L29 L6 L124 L62 L82 L153 L22 L7 L24 L150 L106 L35 L107 L77 L70 L56 L3 L84 L114 L79 L52 L43 L52 L28 L40 L143 L4 L135 L16
74
L4 L4 L149
L106 L106
L7 L7
L62 L62
L125 L125
L78 L78
L95 L95 L152
L131 L131
L83 L83
L119 L119 L90
L29 L29
L146 L146
L114 L114 L140
L13 L89 L139
L104 L104
L91 L91
L18 L18
L133 L144 L133 L68
L20 L20
L130 L130 L1
L150 L150 L87
L126 L126 L151
L16 L16
L24 L24
L32 L92
L100 L100
L75 L75
L43 L43
L35 L35
L79 L79
L56 L56
L93 L93
L153 L153
L76 L76
L74 L74
L116 L2 L8
L103 L103
L138 L138
L109 L109
L80 L80
L40 L40
L28 L28 L12
L77 L77
L101 L101
L85 L85
L53 L53
L143 L143 L65
L142 L142
L134 L134
L52 L52
L38 L38
L107 L107
L27 L27
L11 L11
L70 L70
L46 L145
L67 L67
L72 L72
L110 L110
L47 L47
L128 L128
L129 L129
L63 L61 L63
L94 L94
L73 L99
L22 L22
L124 L124
L21 L21
L5 L5
L84 L84
L141 L141
L147 L147
L82 L82
L9 L9
