187 156 86 153 88 42 37 59 13 47 67 196 99 7 110 179 36 87 164 79 114 146 41 93 171 69 39 160 44 180 117 140 65 183 73 142 175 102 128 124 181 71 22 109 131 133 150 148 123 82 127 101 92 184 126 58 159 157 83 53 35 56 33 167 194 80 189 89 54 97 154 134 108 21 90 106 152 12 6 149 169 190 136 178 161 77 2 30 173 166 78 52 144 172 66 98 45 32 68 162 70 199 195 63 48 187
92
63 63
106 111 163
82 82
152 152
133 133
33 33
144 119
161 191 161
173 173 72
175 175
13 13
181 181
90 90
142 142
6 6
110 110
148 148
109 109
149 132
30 30
117 117
194 165
41 41
69 69
128 128
157 157
150 150
54 54 55
102 9
124 23 124
169 169
12 12
162 162
2 2
80 80
77 107
190 190
146 146
78 78
153 153 29
134 134
67 67 18
37 120
183 183
159 176
184 184
93 93
164 164
136 136
48 48
140 140
66 8
58 95 58
88 94
171 171
92 92
36 36
89 89
87 87
160 160
180 180
53 53
97 97
52 52
114 114
172 172
123 15
68 68
47 47
127 127
71 71
65 65
73 73
126 126
83 83
39 39
70 70
32 32
108 108
79 79
199 199
196 196
154 154
59 59
45 45
86 86
156 156
131 131
7 7
44 44
42 42
166 166
