location1 location178 location175 location98 location141 location175 location32 location163 location198 location163 location32 location175 location178 location27 location5 location162 location5 location53 location44 location12 location128 location25 location15 location111 location191 location90 location129 location184 location60 location126 location60 location184 location91 location112 location68 location88 location146 location187 location139 location75 location31 location20 location96 location125 location70 location2 location66 location2 location70 location95 location86 location196 location94 location130 location42 location172 location74 location164 location182 location110 location182 location151 location37 location151 location120 location177 location161 location135 location161 location88 location35 location29 location102 location43 location118 location188 location93 location179 location158 location179 location82 location189 location14 location189 location49 location90 location19 location190 location69 location190 location24 location19 location92 location100 location84 location77 location100 location92 location19 location93 location64 location157 location138 location157 location149 location23 location62 location46 location40 location81 location184 location72 location181 location117 location58 location133 location31 location30 location26 location31 location169 location143 location57 location17 location57 location143 location169 location79 location127 location154 location165 location116 location10 location20 location1
80
location69 location69 location107
location35 location35
location151 location106 location59
location135 location16 location13
location20 location20 location56
location98 location180
location126 location97 location199
location158 location158 location28
location66 location11 location185
location177 location177
location25 location25
location43 location43
location157 location157
location182 location182
location169 location169
location46 location123 location46
location82 location82
location110 location110 location142
location12 location12
location141 location105
location179 location179
location92 location92
location57 location57
location37 location65 location37
location138 location6
location74 location74
location116 location116
location86 location195
location164 location164
location68 location68
location27 location108 location27
location91 location91
location143 location143 location171 location186
location49 location140 location49
location2 location2
location188 location188
location133 location133
location196 location196
location70 location150
location165 location165
location184 location159 location184
location96 location85 location96
location17 location17 location152
location102 location197
location139 location139
location128 location128
location149 location149
location90 location90
location130 location130
location5 location5
location146 location146
location118 location118 location148
location100 location100 location33
location94 location22 location94
location77 location136
location129 location129
location198 location87
location93 location93
location162 location114
location175 location175
location95 location95
location58 location58
location181 location181
location14 location3
location44 location44
location127 location127
location172 location172
location111 location111
location154 location154
location32 location32
location26 location26
location30 location30
location10 location10
location178 location178
location19 location193
location84 location109
location75 location75
location190 location190
location161 location161
location40 location40
