0 25 21 19 98 47 89 98 12 80 4 42 125 35 38 39 38 20 196 80 12 88 98 49 22 19 11 76 9 30 41 87 71 15 32 67 86 10 170 114 28 99 93 64 118 27 74 1 66 44 2 45 173 99 50 34 130 65 75 195 55 79 90 60 81 37 0 78 29 59 151 51 26 57 94 3 83 31 77 17 62 95 13 5 16 146 48 46 56 97 8 96 181 82 40 186 167 13 95 171 33 36 61 53 166 54 166 7 24 58 91 70 69 73 92 52 72 6 68 14 84 14 52 63 192 43 135 23 100 85 18 0
100
1 1
2 2
3 3
4 4
5 5
6 6
7 7
8 8
9 9
10 10
11 11
12 12
13 13
14 14
15 15
16 16
17 17
18 18
19 19
20 20
21 21
22 22
23 23
24 24
25 25
26 26
27 27
28 28
29 29
30 30
31 31
32 32
33 33
34 34
35 35
36 36
37 37
38 38
39 39
40 40
41 41
42 42
43 43
44 44
45 45
46 46
47 47
48 48
49 49
50 50
51 51
52 52
53 53
54 54
55 55
56 56
57 57
58 58
59 59
60 60
61 61
62 62
63 63
64 64
65 65
66 66
67 67
68 68
69 69
70 70
71 71
72 72
73 73
74 74
75 75
76 76
77 77
78 78
79 79
80 80
81 81
82 82
83 83
84 84
85 85
86 86
87 87
88 88
89 89
90 90
91 91
92 92
93 93
94 94
95 95
96 96
97 97
98 98
99 99
100 100
