e9 f1 g4 e0 h2 e9 d8 g8 a6 i5 d5 h4 f6 a1 d7 i9 d0 g9 i2 j7 e7 i3 f9 a8 b6 e2 j1 h5 j4 g1 f5 b1 a5 g1 b3 g3 b5 d3 d1 c5 d4 f4 h3 i8 d2 h6 h9 c3 i1 b2 i6 e8 b7 c0 c8 j2 j3 d9 e4 i7 f8 g2 b4 i0 b4 a4 e9
50
b1 b1
b3 b3
j2 j2
g4 g4
b7 b7
i2 i2
f1 f1
d2 d2
d0 d0
h3 h3
e9 e9
g1 g1
a1 a1
d5 d5
h4 h4
g3 g3
h5 h5
i1 i1
b6 b6
f9 f9
g2 g2
i3 i3
f6 f6
d3 d3
h6 h6
i7 i7
d9 d9
d1 d1
i6 i6
j1 j1
g9 g9
i8 i8
d8 d8
j3 j3
b5 b5
i0 i0
i9 i9
c8 c8
e8 e8
e2 e2
d4 d4
d7 d7
f8 f8
a4 a4
e0 e0
b2 b2
h9 h9
h2 h2
a8 a8
g8 g8
