0 17 181 111 0 195 101 0 159 97 0 147 89 0 191 79 0 197 75 0 13 99 158 183 69 0 145 65 0 129 165 178 115 47 0 103 43 12 83 29 0 91 27 0
30
0 1 3 5 7 9 11 15 19 21 23 25 31 33 35 37 39 41 45 49 51 53 55 57 59 61 63 67 71 73 77 81 85 87 93 95 105 107 109 113 117 119 121 123 125 127 131 133 135 137 139 141 143 149 151 153 155 157 161 163 167 169 171 173 175 177 179 185 187 189 193 199
13 13
17 17
27 27
29 29
43 43
47 47
65 65
69 69
75 75
79 79
83 83
89 89
91 91
97 97
99 99
101 101
103 103
111 111
115 115
129 129
145 145
147 147
159 159
165 165
181 181
183 183
191 191
195 195
197 197
