0 17 51 3 119 69 21 174 105 126 43 182 184 183 191 16 159 9 157 50 180 2 4 12 109 133 52 86 195 60 193 198 80 197 179 39 78 74 29 131 178 192 199 33 68 194 93 18 185 177 46 136 77 62 189 38 163 156 116 8 160 129 125 143 58 188 170 115 31 94 190 103 70 24 142 96 19 32 35 158 0
80
199 199
39 39
58 58
188 188
3 3
52 52
125 125
160 160
12 12
78 78
19 19
32 32
195 195
136 136
116 116
119 119
170 170
197 197
183 183
126 126
31 31
179 179
2 2
94 94
33 33
105 105
74 74
68 68
184 184
143 143
142 142
21 21
24 24
180 180
156 156
157 157
16 16
96 96
0 0
131 131
174 174
115 115
185 185
194 194
103 103
158 158
38 38
69 69
177 177
17 17
46 46
80 80
191 191
86 86
198 198
163 163
4 4
190 190
60 60
8 8
35 35
50 50
192 192
189 189
18 18
29 29
133 133
109 109
178 178
70 70
43 43
159 159
62 62
93 93
51 51
182 182
77 77
193 193
9 9
129 129
