190 135 190 75 166 56 74 60 76 107 62 107 76 49 185 112 85 112 89 117 30 35 181 120 151 102 151 120 181 113 123 113 94 118 54 50 54 163 93 189 111 29 151 4 172 122 192 84 186 57 169 176 169 57 186 23 141 103 44 64 44 82 61 82 52 138 13 28 147 81 159 185 31 148 177 101 148 118 9 43 142 1 156 150 133 108 126 191 115 139 193 146 167 68 25 22 117 89 100 179 11 179 66 71 171 56 45 153 45 56 188 134 99 2 182 2 99 132 152 132 92 114 33 67 165 67 33 58 83 58 80 20 145 6 38 65 64 55 108 162 95 0 56 166 75 190
83
165 165 136
60 60
146 146
185 185
141 141
138 138
25 104
55 55 36 34
192 192
176 176 21
188 188
29 29
1 1
11 11
166 166
123 123
126 3
50 50
62 62 46
118 118
23 168 23
182 182
117 117
172 172
142 142
108 69 108
113 113
102 109 198 102
61 61
112 112
94 94
139 139
54 54 32
33 33
177 177
2 2
135 135
6 137
147 27
179 179
83 129 83
133 133
68 10 68
4 47
162 162
153 5 153
99 99
76 76
156 156
20 40
38 38
85 149
57 57
95 95
92 92 106
52 52
163 163
100 100
66 66
169 169
71 71
22 22
56 56
145 121
132 132
186 186
101 101
171 195
30 30
45 45
84 84
44 44
181 181
93 93 116 164
67 67 8
193 193
81 173
114 114
111 111
152 152
103 103
189 189
65 65
