114 49 170 102 174 150 166 112 105 143 109 181 148 42 120 15 48 33 59 89 198 197 43 70 14 31 124 16 54 132 176 183 146 169 87 38 84 4 3 7 36 179 24 32 147 96 167 177 134 196 195 5 37 115 111 165 127 171 93 135 187 53 95 51 108 62 85 28 91 67 98 100 81 182 57 117 1 35 149 45 164 154 129 92 47 26 18 63 133 10 25 191 76 190 29 0 173 175 74 119 161 78 114
93
16 16
174 174 94
183 183
78 78
81 188 81
85 199
102 102
181 21 181
167 167
57 75
191 191
170 170
51 51
175 175
3 103 3
7 7
166 166
42 42
182 182
49 49
111 111
196 196
132 12
33 33
148 148
24 24
26 26
146 146
197 197
4 4
63 63
70 70
10 10
154 154
120 66
127 127 155
0 0
37 37
15 15
195 195
173 173
112 112
169 169
105 105
133 133
59 131 59
171 171
1 1
28 28
149 149
187 187
98 98
117 117
18 18
67 67
92 92
147 147
35 35
165 69
135 135
74 74
100 100
84 84
96 96
95 95
108 108
115 115
76 76
91 91
43 43
161 161
31 31
14 14
62 62
109 109
114 114
5 41 5
93 93
176 176
89 89
36 36
177 177
124 124
53 53
119 119
32 32
87 87
134 134
150 150
164 164
38 38
29 29
47 47
