gc gk em eq cy ge bj fi do dp gg dj h aw dq ae en dh d gi di gj cq ad bx ap bb fn ey cv bi el cj ee cl cs p fq fk ff e fe bq a at dn ai v gq bu fg y gm dg u ds et df bv df bn b cz k cp cr am cd ep ck go er br g cn az db fy cg fw dy ab cm q fr dw du ga dx gn by bc ah gh fd fo ft an bl co as gc
94
d d
cm cm
ah ah
cs cs
gn gn
dy dy
fd fd
er er
ds ds
bj bj
eq eq
q q
fi fi
ep ep
an an
br br
bv j bv
at at
bb bt bb
fy fy
dg dg
ad ad
fn fn
bq bq
ap ap
cz cz
gg gg
az az
dq dq bp
gi gi
et et
dn dn
as as ac
do do
di di
u u
fw fw
fo fo
am am
bi bi
cn cn
cg cg
aw aw
dp dp
ab ab
bc bc
en en
by by
cq cq
fr fr
ey ey
cv ao cv
g g
ee ee
ae ae
co co
ck ck
gj gj
dx dx
ga ga
ff ff
fe fe
bx bx
gh gh
go go
em em
ft ft
e e
p p
y y
fg es
el el
db db fa
dh dh
cj cj
ai ai
bl bl
fk fk
fq fq
cr cr
gq gq
dj dj
gk gk
cl cl
df fh
v v
a a
cp cp
b b
bn bn
ge ge
dw dw
gm gm
bu bu
