Liam Isaiah Joseph Mateo Alexander Mason Elijah Aiden William Logan Jaxson Brayden Adam Jayden Sawyer Benjamin Carter Dominic Eli Josiah Sebastian David Theodore Nicholas Jordan Roman Jordan Asher Luke Noah Owen Dylan Thomas Aaron Leo Isaiah Liam
26
Liam Liam
Noah Noah
William William
Thomas James
Logan Logan
Benjamin Benjamin
Mason Mason
Elijah Elijah
Dominic Oliver
Roman Jacob Matthew
Eli Lucas Jackson Wyatt
Jaxson Michael
Alexander Alexander
Brayden Ethan Samuel
Isaiah Daniel
Aiden Aiden
Adam Henry
Joseph Joseph
Sebastian Sebastian
David David
Carter Carter
Jayden Jayden
Sawyer John
Owen Owen
Dylan Dylan
Luke Luke
