Liam Jordan Leonardo Xander Maddox Ezekiel Ezra Jackson Braxton Brantley Kai Justin Josiah Julian Matteo Jameson Benjamin Jameson Daniel Nicholas Waylon Gavin Dawson Gael Wyatt Edward Malachi Bryson Malachi Adam Colton Tucker Charles Tucker Aiden Richard Preston Jonathan Brayden Ayden Giovanni Robert Joseph Jude Zachary Hunter Steven James Steven Xavier Ryan Nolan Elijah Nolan Logan Andrew Dylan Lincoln Max Grant Antonio Kaleb Santiago Carter Elliott Caleb Cameron Gabriel Jayce Matthew John Messiah Zion Hayden Bennett Landon William Beau Eric Greyson Chase Aaron David Brody Elliot Grayson Elliot Jasper Connor Nathan Kevin Finn Kevin Weston Jaxson Angel Anthony Maverick Noah Lucas Joshua Jack Jordan Liam
71
Liam Liam Evan
Noah Noah
William William
James James Isaac
Logan Logan
Benjamin Benjamin Jaxon
Charles Mason Charles
Elijah Elijah Adrian
Andrew Oliver Andrew
Finn Jacob Luke
Lucas Lucas
Aaron Michael Aaron
Grayson Alexander Grayson
Brantley Ethan
Daniel Daniel
Matthew Matthew
Aiden Aiden Mateo
Malachi Henry
Joseph Joseph
Jackson Jackson
Eric Samuel
Edward Sebastian
David David
Carter Carter
Wyatt Wyatt
Max Jayden
John John
Antonio Owen
Dylan Dylan
Gabriel Gabriel Dominic
Anthony Anthony
Jack Jack
Julian Julian
Xander Levi
Kai Christopher Carson
Joshua Joshua
Lincoln Lincoln
Ryan Ryan
Nathan Nathan
Hunter Isaiah Thomas Hunter
Caleb Caleb
Josiah Josiah
Zion Christian
Steven Eli
Jonathan Jonathan
Connor Connor
Landon Landon
Brayden Asher Brayden
Cameron Cameron
Bryson Leo Bryson
Jude Theodore Jace
Ezekiel Jeremiah Ezekiel
Jameson Hudson
Robert Robert
Richard Easton
Nolan Nolan
Nicholas Nicholas
Ezra Ezra Jose
Colton Colton
Angel Angel
Jordan Jordan
Hayden Austin
Dawson Ian
Adam Adam
Kaleb Elias
Jaxson Jaxson
Greyson Greyson
Maverick Maverick
Grant Cooper
Xavier Xavier
Waylon Parker
