zero four three ten seventeen twentyfour thirtyone thirty thirtyseven fortyfour fiftyone fifty fiftyseven sixtyfour sixtyfive sixtysix sixtyseven sixtyeight seventyfive eightytwo eightyone eightyeight eightyseven eighty seventynine seventyeight eightyfour seventyseven seventy sixtynine sixtytwo sixtyone sixty fiftythree fiftyfour fiftyfive fortyeight fortyseven forty thirtythree thirtyfour thirtyfive twentynine twentytwo fifteen twentyone fourteen thirteen twelve five six zero
44
zero two
three three
four four
five five
six six
ten ten
twelve twelve
fourteen fourteen
fifteen fifteen
twentyone twenty
twentytwo twentytwo
twentyfour twentyfour twentyfive
twentynine twentynine
thirty thirty
thirtythree thirtythree
thirtyfour thirtyfour
thirtyfive thirtyfive
thirtyseven thirtysix thirtyseven
forty thirtynine
fortyfour fortyfour fortyfive
fortyseven fortyseven
fortyeight fortyeight
fifty fifty
fiftyone fiftyone
fiftythree fiftythree
fiftyfive fiftyfive
fiftyseven fiftyseven
sixty sixty
sixtyone sixtyone
sixtytwo sixtytwo
sixtyfive sixtyfive
sixtysix sixtysix
sixtyseven sixtyseven
sixtyeight sixtyeight
seventy seventy
seventyseven seventyone seventyseven
seventyfive seventyfive
seventyeight seventyeight
seventynine seventynine
eightyone eightyone
eightytwo eightytwo
eightyfour eightyfour
eightyseven eightyseven
eightyeight eightyeight eightynine ninetyfive
