zero six thirteen twenty twentyseven twentysix thirtythree thirtyfour thirtyfive fortytwo fortynine fortythree fortyfour fiftyone fiftyeight fiftyseven sixtyfour seventy sixtynine sixtyeight seventyfive eightytwo eightythree eightyfour ninetyone ninetyeight onehunfive ninetynine onehunsix onehunthirteen onehunnineteen onehuntwentysix onehuntwenty onehuntwentyone onehuntwentyeight onehuntwentyseven onehunthirtyfour onehunforty onehunfortyseven onehunfiftyfour onehunsixtyone onehunsixty onehunfiftynine onehunsixtysix onehunseventythree onehunseventyfour onehunseventyfive onehunsixtynine onehunseventysix onehuneightytwo onehuneightyone onehuneighty onehuneightyseven onehunninetyfour onehunninetythree onehunninetytwo onehunninetyone onehuneightyfour onehunseventyseven onehunseventyeight onehunseventyone onehunseventy onehunsixtythree onehunsixtyfour onehunfiftyseven onehunfifty onehunfortythree onehunfortyfour onehunthirtyseven onehunthirty onehuntwentythree onehunsixteen onehunseventeen onehuneighteen onehuneleven onehunten onehunnine onehuneight onehunone ninetyfour eightyseven eighty seventynine seventyeight seventyone seventytwo sixtyfive sixtysix sixtyseven sixty fiftythree fiftytwo fortyfive thirtyeight thirtyseven thirty twentythree sixteen seventeen ten eleven twelve thirteen fourteen seven one two three zero
91
one one
two two
three three
six six
seven seven
ten ten
eleven eleven
twelve twelve
fourteen fourteen
sixteen fifteen sixteen
seventeen seventeen
twenty twenty
twentythree twentythree
twentysix twentyfive twentysix
twentyseven twentyseven
thirty twentynine
thirtythree thirtythree
thirtyfour thirtyfour
thirtyseven thirtyseven
thirtyeight thirtyeight
fortythree fortythree
fortyfour fortyfour
fortyfive fortyfive
fortynine fortynine
fiftytwo fiftytwo
fiftythree fiftythree fiftyfive
fiftyseven fiftyseven
fiftyeight fiftyeight
sixty sixty
sixtyfour sixtyfour
sixtysix sixtysix
sixtyseven sixtyseven
sixtynine sixtynine
seventy seventy
seventyone seventyone seventyseven
seventytwo seventytwo
seventyfive seventyfive
seventyeight seventyeight
seventynine seventynine
eightytwo eightytwo
eightythree eightythree
eightyfour eightyfour
eightyseven eightyseven
ninetyeight ninetyeight
ninetynine ninetynine
onehunone onehunone
onehuneight onehuneight
onehunten onehunten
onehuneleven onehuneleven
onehunthirteen onehunthirteen
onehunsixteen onehunsixteen
onehunseventeen onehunseventeen
onehuneighteen onehuneighteen
onehunnineteen onehunnineteen
onehuntwentyone onehuntwentyone
onehuntwentythree onehuntwentythree onehuntwentyfour
onehuntwentysix onehuntwentysix
onehuntwentyseven onehuntwentyseven
onehuntwentyeight onehuntwentyeight
onehunthirty onehunthirty
onehunthirtyfour onehunthirtyfive
onehunforty onehunforty
onehunfortythree onehunfortythree
onehunfortyfour onehunfortyfour onehunfortyfive
onehunfortyseven onehunfortysix
onehunfifty onehunfortynine onehunfifty
onehunfiftyfour onehunfiftyfour
onehunfiftyseven onehunfiftyseven
onehunfiftynine onehunfiftynine
onehunsixty onehunsixty
onehunsixtyone onehunsixtyone
onehunsixtythree onehunsixtythree
onehunsixtyfour onehunsixtyfour
onehunsixtysix onehunsixtyfive onehunsixtysix
onehunsixtynine onehunsixtynine
onehunseventy onehunseventy
onehunseventyone onehunseventyone
onehunseventythree onehunseventythree
onehunseventyfour onehunseventyfour
onehunseventyfive onehunseventyfive
onehunseventysix onehunseventysix
onehunseventyeight onehunseventyeight
onehuneighty onehuneighty
onehuneightyone onehuneightyone
onehuneightytwo onehuneightytwo
onehuneightyfour onehuneightyfour
onehuneightyseven onehuneightyseven
onehunninetyone onehunninety onehunninetyone
onehunninetytwo onehunninetytwo
onehunninetythree onehunninetythree
onehunninetyfour onehunninetyfour
