0 20 79 12 32 99 42 35 8 10 88 3 141 57 40 91 1 49 77 188 14 38 25 54 80 193 55 30 41 69 19 153 65 56 24 100 96 21 52 74 26 37 68 72 22 71 58 81 18 39 184 7 76 97 27 122 73 64 130 116 67 47 87 51 6 78 33 17 13 63 173 5 31 4 2 46 48 179 34 176 62 75 11 85 144 94 194 9 121 84 28 90 98 120 183 189 83 89 59 182 92 150 15 86 106 109 0
90
176 66 45
31 31
26 93 26
12 36 12
74 74
59 59
22 22
99 99
62 62
144 43
41 41
77 77
153 50
58 58
116 60
15 15
49 49
3 95 3
4 4
1 1 61
183 44
75 75 29
18 18
96 96 16
37 37
67 67
76 76
79 79
38 38
92 92
19 19
71 71
27 27
73 73
28 28
34 34
7 7
17 17
63 63
0 0
47 47
97 97
40 40
84 84
20 20 53
85 85
80 80
98 98
72 72
52 52
46 46
64 64
78 78
30 30
89 89
57 57
35 35
68 23 68
11 82 11
32 32
25 25
91 91
54 54
48 48
10 10
56 56
83 83
55 55
33 33
81 81
86 86
2 2
51 51
94 94
90 90
6 6
5 5
8 8
24 24
182 70
87 87
9 9
14 14
39 39
65 65
42 42
21 21
69 69
13 13
88 88
