0 3 117 92 112 116 103 21 105 142 164 109 45 95 100 95 45 109 180 114 182 76 15 68 101 125 36 98 118 194 108 115 108 158 153 106 7 119 171 90 4 107 2 102 132 12 113 78 110 78 113 178 138 104 140 191 117 3 0
33
100 120 121 122 123
101 124 126 127 128 129 130
125 125
102 131 133
132 132
103 134 135 136 137
138 138
104 139
140 140
105 141 143 144 145 146
142 142
106 147 148 149 150 151 152 154
153 153
107 155
108 156 157 159 160
158 158
109 161 162 163 165 166 167
164 164
110 168 169 170
171 171
112 172 173 174 175 176 177
178 178
113 179
180 180
114 181 183 184 185
182 182
115 186 187
116 188 189 190
191 191
117 192 193
194 194
118 195 196
119 197 198 199
