pump privilege depressed overlook diagram wage physical feign leadership reflection separate exercise distributor title hierarchy prospect forest parallel formulate sweet pray gloom row aspect tip impound linger valley minor lemon ensure survival anger ghost park pursuit sit pipe lot brain engineer nominate category mud mouse plug judicial reject sticky unanimous performance polish hallway rock preoccupation pedestrian genetic packet ground descent button fairy literature wear sacrifice line consideration range float sentiment appearance guideline need innovation freedom admiration attractive affect pump
78
guideline guideline
ensure ensure
hallway hallway
sticky sticky
impound impound
physical physical
category category
tip tip
range range
prospect prospect
literature literature
distributor distributor
row row
sweet sweet
rock rock
pipe pipe
nominate nominate
mouse mouse
appearance appearance
lemon lemon
fairy fairy
mud mud
anger anger
brain brain
unanimous unanimous
consideration consideration
reflection reflection
plug plug
preoccupation preoccupation
linger linger
minor minor
sentiment sentiment
depressed depressed
parallel parallel
feign feign
sacrifice sacrifice
wage wage
affect affect
reject reject
innovation innovation
admiration admiration
overlook overlook
freedom freedom
aspect aspect
ground ground
polish polish
park park
button button
line line
pedestrian pedestrian
engineer engineer
wear wear
pursuit pursuit
exercise exercise
float float
gloom gloom
attractive attractive
separate separate
title title
formulate formulate
diagram diagram
judicial judicial
performance performance
pray pray
forest forest
need need
pump pump
genetic genetic
valley valley
descent descent
packet packet
lot lot
hierarchy hierarchy
ghost ghost
leadership leadership
privilege privilege
sit sit
survival survival
