F1E81B 813B05 6B644E 6CAF46 B7F75A EC4D08 B7F75A 6CAF46 A1F104 CC9C14 6B4619 191510 10520F 086D53 10520F 191510 6B4619 CC9C14 A1F104 0F5860 002274 0F5860 47FACD F1E81B 6F492E E2CE9F 8B519F 2595F1 8B519F C953A6 013940 5D0E2E 013940 825EC5 D2BE39 490F1E 77A0B5 94A561 112AE7 BB4908 E5E6C0 C9AF85 7BE8A9 C9AF85 9096DB 36590B 66048A B23276 F1E81B FB0EF2 0C73D8 86493E 4B3F8A 230A7C 85D6DB 7D997B BDE94D 2924CB 1F842B B69F55 79BC3D EE2A22 462226 EE2A22 79BC3D B69F55 1F842B 2924CB BDE94D 7D997B F1E81B DD07FF 1E1095 FFFD4B 17779E 770D1A CDC6D4 8417C8 6C010A DD07FF 002274 C3B3E7 91A0DC CC6D2A 2BF7B5 E3C2C9 8015E0 29D5D7 8015E0 93EBE3 6825D4 1D21D3 6825D4 14994D EB8E2E A9F1B8 24743A A9F1B8 EB8E2E 2CA4AD C45E71 1B337D C45E71 6B622D 5F4E43 A014A0 D8AAF4 8F17C0 D8AAF4 6B622D 6F492E 205E5C DCE144 AEFF96 36C862 7829D7 CF668A 7829D7 36C862 D1967A 3B4B53 E3C2C9 0CBC31 8F495E 13A782 E80628 14B430 EB719D 1EC224 EB719D 846159 20EAE7 ABD8FE 783751 846159 D6CC7A 846159 BA3320 90451D CEAC59 D4A75D 1111F7 D4A75D 124C90 612FAA 8BFCAC B23276 AE4A01 F1E81B
84
FFFD4B 573788 FFFD4B
29D5D7 29D5D7
8015E0 8015E0
17779E 17779E
002274 D337F2
CEAC59 CEAC59
AE4A01 AE4A01
D1967A D1967A 851F90
D6CC7A B47658 D6CC7A
230A7C 230A7C
1F842B 1F842B 7E78F3
47FACD 47FACD
10520F C3EF62
0C73D8 E81014 4CAD30
A1F104 A1F104
A9F1B8 52C88C
E5E6C0 E5E6C0
1111F7 6B340B 6966D7
B69F55 2CCB19 B69F55
AEFF96 AEFF96
8BFCAC 8BFCAC
7D997B E51A66
462226 396D53
9096DB 9096DB
EB8E2E 596CF6
8F495E 8F495E
1EC224 4099A6 5BB557 C4303B 293D59
086D53 F33196 61199E 4A5708
7BE8A9 FFEEBD
CF668A 614224
94A561 94A561
191510 305D33
BB4908 C18C9B BB4908
8F17C0 151BC9 8F17C0
36C862 36C862
93EBE3 93EBE3
C9AF85 C9AF85
6B622D 6B622D
783751 783751
CC9C14 CC9C14
66048A 66048A
770D1A 770D1A
20EAE7 20EAE7
5D0E2E 6E313C
E80628 E80628
EE2A22 4B97F1 59843B
0CBC31 0CBC31
2595F1 8B6C2F
0F5860 0F5860
6CAF46 685D1A
1E1095 1E1095
2BF7B5 2BF7B5
C45E71 4A28BA
90451D 90451D
5F4E43 5F4E43
24743A 5C7062
8B519F 8B519F
7829D7 7829D7
B7F75A B7F75A
14994D 14994D
846159 6D51F4
6825D4 239994
91A0DC 2FEDFB
813B05 813B05
8417C8 8417C8
DCE144 DCE144
D4A75D D4A75D
EC4D08 28F6D1
1B337D 7E1C6C
1D21D3 8EBF8A
F1E81B F1E81B
C3B3E7 C3B3E7
3B4B53 3B4B53
86493E 86493E
85D6DB 85D6DB 63361A
490F1E 490F1E
205E5C BB40E6
BDE94D DE6899
14B430 14B430
E3C2C9 E3C2C9
77A0B5 77A0B5
124C90 124C90
ABD8FE ABD8FE
36590B 36590B
