S BR AD V BA I AZ E CF P U D AM CT AX B CA AB Z AY Y J AQ L AT O CV A BL F CM AW CL K AR Q CP H CK AC CC CB CU G CD N CR C BG AN CN M AP R T AI W BK S
58
A A
B B
C C
D D
E E AF
F F
G G
H H
I I
J J
K K
L L
M M
N N
O O BP
P P
Q Q AK AO BB BI BJ BM BS BW
R R
S S
T T
U U
V V
W W
AW X AA AE AG AH AS AW BC BD BF BH BN BO BQ BV BY BZ CI CQ CS CW
Y Y
Z Z
AB AB
AC AC
AD AD
AI AI
AN AJ AN AV BE BT BU BX CE CH CJ CO
CT AL AU CT
AM AM
AP AP
AQ AQ
AR AR
AT AT
AX AX
AY AY
AZ AZ
BA BA
BG BG
BK BK
BL BL
BR BR
CA CA
CB CB
CC CC
CD CD
CF CF
CK CK
CL CL
CM CM
CN CN
CP CP
CR CR
CU CU
CV CV
