0 13 17 77 17 68 17 5 70 25 31 89 64 35 31 57 0 86 20 10 81 90 3 29 75 3 4 96 11 0 100 107 100 106 100 105 100 104 100 103 100 102 100 101 115 101 113 101 112 101 111 101 110 101 109 101 108 101 100 0
38
17 17 66
104 104 136
103 128 130 127
20 20 43
107 152 153 151
109 167 109
112 182 180 112 179
4 14 87 63 49 4
5 42 5
10 83 99 10
25 25 24 59
70 70 65
35 35
108 156 158 160 154
101 117 101 198
110 172 169 175 171 173 168
111 177 178
106 147 149 106 142 145 144 146
102 124 123 118 121 102
90 90
113 189 188 113
75 18 28 54 75
31 31 53
115 196 194
81 81 82
89 26 1 89
3 51 56
77 77 22
100 100
86 85 86 98 62
96 96
64 72 7
68 44 68
57 57 21
29 29
11 58 55
13 13
105 138 105
