86 169 23 66 180 26 9 10 142 4 183 25 140 167 145 63 75 165 8 79 30 61 71 78 198 108 149 12 48 143 181 88 199 15 36 20 47 139 32 159 68 100 182 92 133 116 58 93 114 54 111 76 99 107 104 98 148 95 156 62 192 151 184 161 150 86
65
114 1 52 105
63 2 74
98 5 91 173
143 6 117
8 8
10 10
99 11 196
9 13 110
78 14
151 17 160 194
180 19 45 53 101 106 126
79 21 137
142 22
26 26
88 27 56 84
58 28 73 97
30 30
68 35 90
36 36
20 38 82
47 41
108 44 94
48 48
61 51 69
54 54
95 57 72
25 64 153 154 158
66 66
71 71
75 75
76 76
161 87 163
62 89 138
92 92
93 93
100 100
107 107
182 113 174
116 116
86 120 125
111 121 129
15 122
12 123
167 132 146
139 139
140 140
145 145
148 148
149 149
150 150
133 152
156 156
32 157 175
159 159
169 169
165 177
4 179
181 181
183 183
184 184
23 185
104 189
192 192
198 198
199 199
