110 132 86 15 163 67 75 91 75 145 122 190 127 3 138 118 55 39 171 194 138 181 99 195 77 110 90 26 103 199 28 29 154 0 107 147 126 149 79 1 36 175 152 84 64 96 21 53 22 165 19 52 56 161 5 83 141 18 51 46 101 43 123 193 123 43 101 140 6 121 105 131 14 173 30 40 192 87 66 60 100 168 124 159 81 174 38 11 176 142 13 160 148 189 178 98 148 74 172 177 92 54 73 45 47 169 197 25 41 20 76 94 192 130 85 182 72 44 110
98
178 178
76 76
152 152
190 190
90 90
64 64
54 54
36 36
163 163
60 60
160 160
175 175
99 99
141 141
44 44
197 197
96 50 96
51 51
28 28
101 101
195 195
47 47
107 107
30 30
172 172
159 159
148 148
29 29
43 43
15 15
81 81
41 41
87 87
169 169
18 18
53 53
193 193
11 11
56 56
20 20
126 126
6 6
25 25
13 13
147 147
45 45
171 171
165 165
38 38
1 1
72 72
140 140
121 121
110 110
123 123
182 182
73 73
124 124
0 0
5 5
14 14 170
55 55
127 127
161 161
131 131
98 98
142 142
79 79
103 103
39 39
149 149
92 92
22 22
122 122
66 66
74 74
3 3
85 85
52 52
83 83
100 100
67 67
181 181
19 19
199 199
154 154
189 189
94 94
138 138
192 192
77 77
91 91
176 176
168 168
145 145
26 26
132 132
40 40
