Location0 Location43 Location25 Location9 Location28 Location52 Location10 Location13 Location44 Location13 Location101 Location87 Location42 Location18 Location80 Location58 Location121 Location29 Location30 Location105 Location32 Location105 Location110 Location17 Location100 Location17 Location3 Location17 Location11 Location123 Location11 Location7 Location4 Location26 Location21 Location41 Location12 Location41 Location1 Location31 Location35 Location24 Location115 Location37 Location45 Location37 Location2 Location14 Location75 Location33 Location8 Location40 Location107 Location23 Location6 Location19 Location43 Location0
36
Location1 Location1 Location31 Location41
Location2 Location2
Location3 Location3
Location4 Location4
Location12 Location5 Location12
Location6 Location6
Location7 Location7
Location8 Location8
Location9 Location9
Location10 Location10
Location11 Location11
Location44 Location13 Location44
Location14 Location14 Location22
Location107 Location15
Location115 Location16
Location17 Location17
Location80 Location18 Location27
Location19 Location19
Location26 Location20 Location26
Location21 Location21
Location23 Location23
Location24 Location24
Location25 Location25 Location34
Location28 Location28
Location29 Location29
Location30 Location30
Location32 Location32
Location33 Location33
Location35 Location35
Location45 Location36 Location45
Location37 Location37
Location123 Location38
Location100 Location39
Location40 Location40
Location101 Location42
Location43 Location43
