31 107 112 146 112 127 89 57 89 127 29 33 29 120 12 137 159 186 179 169 31 74 42 77 60 77 35 125 151 64 38 69 38 30 6 58 81 13 131 119 141 17 20 55 20 17 119 30 64 35 77 42 148 110 138 134 32 66 32 134 138 110 7 68 86 103 123 103 22 86 7 71 145 83 74 83 90 143 152 143 80 28 9 16 80 4 160 67 27 67 4 108 147 49 78 111 147 93 31 114 140 82 149 94 45 149 82 140 114 121 47 157 56 31 65 128 52 128 167 188 185 173 164 173 185 188 161 167 2 128 196 87 65 48 99 48 31
82
196 175 196
127 127
78 78
93 93
58 58
66 66 14
167 167
69 69
160 160
169 195 169 171
13 13
65 65
32 32
173 198 173
31 197 180 170 191
77 77
20 20
38 38
80 80
81 81 115
147 147
82 82
120 120
125 125
22 22
33 105 33
108 108
52 46 52
119 119
123 117 106 123
49 49
114 114
143 143
45 21 45
94 94
74 74
90 90
60 60
16 88
48 48
148 148
164 184 164
151 151
112 112
179 179
110 110
27 27
86 86
140 140
55 34
138 138
7 7
134 134
107 107
128 128
30 30
188 168 188
103 103
35 35
99 99 156
137 137
4 4
47 47
28 28
64 64
12 12
6 6
186 186 199
67 67
89 89
146 146
9 9
141 141
57 57
42 42
152 152
149 149
29 29
68 68
131 131
83 83
121 121
