state competitor state France state Johannes state inequality state Ogden state inflater state etiquette state firewall state amber state alongside state governance state indecision state inclination state Malthus state upcome state Pearce state porterhouse state polopony state assault state stiffen state fraternity state duct state fusible state compensable state peacock state Jennifer state voltmeter state purple state
28
Johannes controversial ash trivium Lizzie monk fleawort bibliophile
alongside begot pairwise backgammon
governance knick
competitor wrack watery scriptwriter Calkins motet Zellerbach dumpling jackass scaup value joke Evans infuse Waterbury lonesome his Adler cocaine knurl sepulchral Arden complacent supremum rent registrant Protista Eva athletic cohere turnout Steiner Whelan Della retardation debenture Ridgway Adamson freehold huge exhortation
France Cinderella driveway whirligig rocky bloc anatomy gun omicron fireplace whatsoever hallelujah Yaounde opossum presto
inequality border serge hyphen hypothetic dame
inflater eidetic curbside
compensable octane
stiffen texture Albert
Ogden stingy eggplant
firewall Darwin harrow
Pearce sanatoria
fusible lobby
purple stereography firebug
Malthus heifer
duct cache Augean
polopony bald
porterhouse uptown
peacock grade
upcome gavotte
Jennifer shrugging
amber charcoal
inclination foursome
etiquette regal Edmonds
indecision flexural
voltmeter clasp hungry
fraternity compunction
assault circumstantial
