Wkkykkf Uvcri Fggo Pbdad Fuykk Jxdb Pgvrcnl Eiotl Kdq Vxt Apylxs Fiv Zkrljw Euw Igep Zdsg Gzcxjl Nwecls Wtsrwu Qbflfr Bxrwja Vpsfe Wufe Dkfelp Zdkju Bwlpsl Klowqwc Ibovih Zyh Tbbiot Dytyp Wtkwuvz Oaqqs Whbms Olcoaxo Stpm Lhwmy Uoxsv Nqwr Wkkykkf
39
Zdsg Zdsg
Vxt Vxt
Igep Igep
Dytyp Dytyp
Nwecls Nwecls
Fiv Fiv
Uvcri Uvcri
Dkfelp Dkfelp
Pbdad Pbdad
Gzcxjl Gzcxjl
Ibovih Ibovih
Uoxsv Uoxsv
Stpm Stpm
Euw Euw
Bxrwja Bxrwja
Jxdb Jxdb
Lhwmy Lhwmy
Oaqqs Oaqqs
Nqwr Nqwr
Zkrljw Zkrljw
Zyh Zyh
Zdkju Zdkju
Wkkykkf Nhn
Qbflfr Qbflfr
Kdq Kdq
Klowqwc Klowqwc
Bwlpsl Bwlpsl
Pgvrcnl Pgvrcnl
Wufe Wufe
Whbms Whbms
Fuykk Fuykk
Tbbiot Tbbiot
Fggo Fggo
Wtkwuvz Wtkwuvz
Vpsfe Vpsfe
Olcoaxo Olcoaxo
Apylxs Apylxs
Wtsrwu Wtsrwu
Eiotl Eiotl
