142 121 137 66 106 111 90 143 77 160 108 148 46 4 174 3 91 78 186 78 60 193 16 177 126 12 197 38 118 93 151 159 191 154 1 100 163 100 34 175 130 65 141 99 150 21 59 164 97 135 171 140 171 63 149 22 185 5 115 39 132 187 85 103 18 181 153 139 153 181 18 103 28 9 33 133 41 152 68 128 122 64 69 158 195 178 37 24 76 48 137 121 142
49
150 150
151 144 151 167
163 31
140 129 140
158 158
90 90
133 133
178 178
9 14 70 7
181 181
141 141
139 30 145
174 174
118 183
46 46
106 106 127
21 21 157
186 186 55
159 159
60 124 60
34 34
41 41
108 108
121 121
177 177
85 89
22 22
153 23
63 63 35
76 76
195 195
3 3
197 197
115 115
48 48
38 38
16 16
77 77
69 69
91 91
137 137
93 93
130 58
97 97
39 39
4 4
33 33
64 64
66 44
