149 24 60 19 41 30 67 50 27 62 86 15 95 126 91 82 91 107 98 77 149 199 63 53 106 142 31 39 87 71 183 61 9 46 183 88 87 54 87 130 94 93 63 199 57 101 72 17 78 81 170 70 92 32 3 58 12 73 65 40 195 3 32 26 85 49 21 52 34 13 56 198 90 157 10 89 1 169 83 118 84 150 8 35 72 97 68 48 148 36 42 45 20 51 80 69 47 22 5 25 182 6 11 6 22 125 38 55 29 172 28 43 33 7 66 64 79 74 23 180 99 180 20 134 116 44 37 18 129 2 4 75 59 100 188 76 96 16 59 14 149
100
1 1
2 2
3 3
4 4
5 5
6 6
7 7
8 8
9 9
10 10
11 11
12 12
13 13
14 14
15 15
16 16
17 17
18 18
19 19
20 20
21 21
22 22
23 23
24 24
25 25
26 26
27 27
28 28
29 29
30 30
31 31
32 32
33 33
34 34
35 35
36 36
37 37
38 38
39 39
40 40
41 41
42 42
43 43
44 44
45 45
46 46
47 47
48 48
49 49
50 50
51 51
52 52
53 53
54 54
55 55
56 56
57 57
58 58
59 59
60 60
61 61
62 62
63 63
64 64
65 65
66 66
67 67
68 68
69 69
70 70
71 71
72 72
73 73
74 74
75 75
76 76
77 77
78 78
79 79
80 80
81 81
82 82
83 83
84 84
85 85
86 86
87 87
88 88
89 89
90 90
91 91
92 92
93 93
94 94
95 95
96 96
97 97
98 98
99 99
100 100
