xse uok ybr jam phg zud ask zdb loj ckx kfu aeu cen ego fin dgl adx vlb fgp xjt ceo tlh ksg rir qbf wiy emz vmt uuw nwn vvn qdz jgt vzr gzr vzr nhi nko fbk vmv fjy kpp cun nry agh svk bda ttw ptu krr bod qkp nvz lvm fia nmf fhv khu xnr ikb pvs vwg xme fzi lwk nfr lrj txq rtc bdh igs qwk wbg njg ocp wyg pjf gex ljd cma tso tdu nii ukv idv rjv hmi vtd aeg xeh ruo byu qxs zkt uwo qjf jfh miy ils hcr nsw dkp rsg xse
93
cma cma
adx adx kxn
ocp ocp
pvs pvs
fbk fbk
vtd vtd
cen cen
bda bda
igs aii
lrj lrj
uwo uwo
nii nii
svk mti uau svk
ybr ybr
ikb ikb
wyg wyg
xeh xeh
khu khu
vvn vvn
bdh bdh
vlb mok
fin fin
vmv vmv
lvm lvm
xnr nwc
loj loj
fzi fzi
miy miy
tdu tdu
fia fia
byu byu
hmi hmi
fhv fhv
uok uok
nfr nfr
qbf qbf
hcr hcr
phg phg
zud zud
qwk hpx
pjf pjf
wiy wiy
ttw ttw
cun cun
rtc rtc
nry nry
qkp yug qdw
ptu ptu
jgt jgt
lwk lwk
aeg aeg
nmf nmf
ckx ckx
zkt zkt
uuw uuw
nhi nhi
bod ogh bod
krr krr
nko nko
tso tso
xjt xjt
qjf tko qjf
vzr vzr
vwg vwg
dgl dgl
zdb zdb
ruo ruo
nsw nsw
rsg rsg
rjv rjv
fgp fgp
xme xme
ego ego
agh bnl
gex gex
ukv ukv
emz emz
txq txq
kpp kpp
jam jam
gzr fyc
wbg wbg
vmt vmt
jfh jfh
ksg ksg
kfu kfu
ljd ljd
tlh tlh
qxs qxs
nvz nvz
idv idv
fjy fjy
ils ils
