azv oqv rti pxx hcc ivp lmh zuz gfr uyd rov rfl vxn cvb uua rcw jvc rgm ovx wyg hsi pzr hob wcd uon hwc hlc qzx sau aur scm ufa cib mpw ykc boc faq mis eqa vfq ncc yfq hip yiy ipq yvc gcw mtd cwq brw jwx cim gei ctf dqy ijd hyb xie azv
50
gcw gcw
azv azv
yiy yiy
ipq ipq
lmh lmh
oqv oqv
pzr pzr
ovx ovx
rcw rcw
rfl rfl
jwx jwx
yvc yvc
zuz zuz
ijd ijd
ufa ufa
hwc hwc
hyb hyb
sau sau
scm scm
gfr gfr
rti rti
gei gei
xie xie
hsi hsi
ncc ncc
dqy dqy
jvc jvc
ctf ctf
cim cim
yfq yfq
vxn vxn
aur aur
cib cib
vfq vfq
rov rov
uua uua
boc boc
mis mis
qzx qzx
brw brw
mtd mtd
hlc hlc
mpw mpw
uyd uyd
hip hip
wcd wcd
cwq cwq
hcc hcc
eqa eqa
ivp ivp
