Vernon Industry Midtown Manker Midtown Hammer Midtown Smith Ophir Ramona Bristol Louis Crestmont Portola Rowland Portola South Willow Wallace Winterhaven Brundage Capuchino Sulpizio Midtown Donner Coddingtown Escalon Coachella Cudahy Coachella Le Aptos Balboa Aptos Glencoe Cerro Industrial Roseland Bonny Roseland Washington Garcia Veterans Forbestown Quail Buena Smoke Lake Bodfish Timbuctoo Bodfish Beach Grasslands All Davenport Downtown Collins Civic Collins Bangor Yucca Chittenden Flinn Dulzura Flinn Mecca Jacumba Carmel Delta Pacheco Potrero Cabbage Yubadocs Tijuana Helm Del Patrick Fiorini Escondido Ritter Three Sunny Three Ritter Escondido Yurok Yucca Yankee Calaveras Cressey Calaveras Sacramento Moores Rough New Kaiser Terra Armstrong Jacumba Fox Nicolaus California Nicolaus Stockdale Calexico Strawberry Hume Fullerton Warner Parchester Warner Bakersfield Cypress Blue Costa Blue Delano Temecula Delano Marshall Bell Bodad Sherman Clayton Grasslands Hoffman Dayton Alamo Ballena Saint Anaheim Pleasant Cambridge Woody Robertsville Woody Huron Bradley Huron Jamul Presidio Richvale Madera Antelope Santa Vernon
100
Davenport Davenport
Smith Smith
Winterhaven Winterhaven
Yankee Yankee
Cressey Cressey
Robertsville Robertsville
Warner Warner
Cerro Cerro
Terra Terra
Wallace Wallace
Temecula Temecula
Quail Quail
Stockdale Stockdale
Carmel Carmel
Clayton Clayton
Richvale Richvale
Le Le
Downtown Downtown
Woody Woody
Three Three
Presidio Presidio
Crestmont Crestmont
Anaheim Anaheim
Bell Bell
Cabbage Cabbage
Industry Industry
Forbestown Forbestown
Mecca Mecca
Bodad Bodad
Industrial Industrial
Portola Portola
Calaveras Calaveras
Antelope Antelope
Kaiser Kaiser
Bakersfield Bakersfield
Strawberry Strawberry
Veterans Veterans
Dulzura Dulzura
Pleasant Pleasant
Escalon Escalon
Brundage Brundage
Hammer Hammer
Manker Manker
Moores Moores
Blue Blue
Grasslands Grasslands
Helm Helm
Saint Saint
Rough Rough
Bonny Bonny
Timbuctoo Timbuctoo
Parchester Parchester
Fox Fox
Pacheco Pacheco
Huron Huron
Balboa Balboa
Roseland Roseland
Capuchino Capuchino
Beach Beach
Fullerton Fullerton
Cudahy Cudahy
Civic Civic
Potrero Potrero
Bangor Bangor
Santa Santa
Ramona Ramona
Garcia Garcia
Cambridge Cambridge
Ritter Ritter
Sherman Sherman
Costa Costa
Fiorini Fiorini
Louis Louis
Hoffman Hoffman
Lake Lake
Buena Buena
Alamo Alamo
California California
Collins Collins
Donner Donner
Coddingtown Coddingtown
Glencoe Glencoe
Yurok Yurok
Rowland Rowland
Marshall Marshall
Sunny Sunny
Sacramento Sacramento
Flinn Flinn
Chittenden Chittenden
Armstrong Armstrong
Delta Delta
Tijuana Tijuana
All All
Smoke Smoke
Bradley Bradley
South South
Sulpizio Sulpizio
Cypress Cypress
Del Del
Escondido Escondido
