1 2 3 4 8 7 8 9 10 9 13 12 16 15 16 17 21 22 23 24 25 26 25 29 30 31 32 33 34 33 37 38 39 40 41 42 41 45 44 48 49 50 49 53 54 55 56 57 58 57 61 62 63 64 65 69 70 71 72 68 67 66 67 166 167 168 164 165 161 162 161 160 159 160 156 157 153 154 153 152 151 152 148 149 145 144 140 141 137 138 137 136 135 136 132 133 129 130 129 128 124 123 122 121 120 119 120 116 115 114 113 117 118 75 74 73 77 78 79 80 81 82 81 85 86 87 88 89 90 89 93 92 96 95 96 97 98 97 101 100 104 103 104 105 106 105 109 108 112 111 110 171 170 169 173 174 175 176 177 178 177 181 182 183 184 185 186 185 189 188 192 193 194 193 197 196 200 199 200 1
100
2 2
4 4
1 5
7 7
10 10
12 12
13 13
15 15
17 18
24 20
21 21
23 23
26 26
32 28
29 29
31 31
34 34
40 36
37 37
39 39
42 42
44 44
45 45
48 47
50 50
56 52
53 53
55 55
58 58
64 60
61 61
63 63
66 66
68 68
69 69
71 71
74 74
80 76
77 77
79 79
82 82
88 84
85 85
87 87
90 90
92 92
93 93
95 95
98 98
100 100
101 101
103 103
106 106
108 108
109 109
111 111
114 114
116 116
117 117
119 119
122 122
124 124
121 125
128 127
130 130
132 132
133 133
135 135
138 138
140 140
141 141
144 143
145 146
148 148
149 149
151 151
154 154
156 156
157 157
159 159
162 162
164 164
165 165
167 167
170 170
176 172
173 173
175 175
178 178
184 180
181 181
183 183
186 186
188 188
189 189
192 191
194 194
196 196
197 197
199 199
