Ippudo Platano Soda HildebrandHall NatApartment Rachas SutardjaDai BerkeleyThaiHouse Safeway Barrows BerkeleyBart BigC BerkeleyBart LaBurrita OptometryBuilding YogurtPark GreatChina YogurtPark Ucha SouthHall Crossroads LiKaShing BanshoRamen Raretea InternationalHouse BobbyGPizza Marugame Gadani Marugame BobbyGPizza ImmThai TToust UniversityVillage Fengcha Ikes SweetheartCafe PeoplesCafe PurpleKow Flavia SmokesPoutinerie LewisHall Cafe3 ExtremePizza LaNote Toss BerkeleyHigh TennisCourts TPTea Campanile Cornerstone UrbanOutfitters AndrewsApartment Flavia HearstGym WursterHall Spats Gather Tilden Cinnaholic DavisHall TukTukThai BSC ClarkKerr Plentea PokeBar Homeroom TheHabit Ikea GiauqueHall Mezzo BerkeleyArtStudio Quicklys Firewings TopDog Jupiter Morganhall StrawberryCreek Namaste Bowles HearstAnnex McDonalds HearstAnnex Pappys SuperDuperBurgers Blackwell Milkbomb ThaiBasil HesseHall Kips HesseHall EastBaySpiceCompany GSPP Wheeler AndrewsApartment GrizzlyPeak AmoebaMusic SnackShack Artichokes LowerSproul Shengkee HortonHall Underhill SteamTrains Underhill Wikiwiki NoodleGirl MSRI NorthHall Yifang Chipotle HearstMining Campbell EastAsianLibrary Gypsys Platano Ippudo
80
HortonHall HortonHall
SteamTrains KroeberHall JambaJuice
Tilden LatimerHall
LewisHall LewisHall
Morganhall Morganhall
McDonalds Morrisonhall McDonalds
ThaiBasil MulfordHall ThaiBasil
NorthHall NorthHall
OptometryBuilding OptometryBuilding
Bowles AshaTeaHouse
Fengcha Bonchon Fengcha
Firewings Firewings
BerkeleyBart HappyLemon SproulHall
Ucha Ucha
Artichokes Artichokes
LaNote TacoBell LaNote
Ikes Gongcha Ikes Eureka
Yifang Yifang
Flavia UCafe
TPTea TPTea
GreatChina SatherGate GreatChina
StrawberryCreek StrawberryCreek
BigC BigC TenderGreens
ClarkKerr ClarkKerr
Crossroads Crossroads
Cafe3 Cafe3 ThaiNoodle
Raretea Raretea
Underhill Underhill
YogurtPark TraderJoes Target
Safeway Safeway
Marugame Marugame
Kips Kips Muraccis
Pappys Pappys
NatApartment BetaLounge
Spats Spats
Cornerstone Cornerstone
Cinnaholic TripleRock Slivers
LowerSproul LowerSproul
WursterHall WursterHall
Shengkee Shengkee
Plentea Plentea
Chipotle Chipotle
ImmThai ImmThai
Milkbomb Milkbomb
Campbell MemorialGlade
EastAsianLibrary EastAsianLibrary LittleCampanile
Mezzo Mezzo
NoodleGirl Teazone
PokeBar PokeBar
Quicklys Quicklys
TopDog TopDog
Gypsys Gypsys
SnackShack SnackShack
SmokesPoutinerie SmokesPoutinerie TheDwight
BSC BSC
Platano Platano
EastBaySpiceCompany EastBaySpiceCompany
PeoplesCafe PeoplesCafe
SuperDuperBurgers SuperDuperBurgers
Gadani HalalGuys Gadani
ExtremePizza ExtremePizza
Wikiwiki Wikiwiki
TheHabit TheHabit
Homeroom Homeroom
TennisCourts Cheeseboard BobaNinja
Campanile ChezPanisse
Rachas Rachas
SweetheartCafe SweetheartCafe
Wheeler Wheeler
TukTukThai TukTukThai Venus
Gather Gather
BerkeleyArtStudio SaturnCafe BerkeleyArtStudio
Jupiter Jupiter
AmoebaMusic AmoebaMusic
GrizzlyPeak GrizzlyPeak
LaBurrita LaBurrita
AndrewsApartment AndrewsApartment
BanshoRamen BanshoRamen
Namaste Namaste
UrbanOutfitters UrbanOutfitters
