Evans Artichokes Foothill HAAS Unit1 StrawberryCreek HearstMining VLSB HavilandHall BancroftLibrary LawrenceHall HappyLemon Moffit SouthHall Milkbomb Unit3 Bowles KroeberHall Barrows HortonHall UniversityVillage Yifang BerkeleyWayWest AlumniHouse ImmThai Blackwell Underhill RSF Firewings CaliforniaHall InternationalHouse SatherGate GreekTheatre SatherGate Doe Plentea LatimerHall MLK Dwinelle ThaiNoodle Marugame Gilman BotanicalGardens ClarkKerr DavisHall LewisHall SproulHall Pappys Unit2 DurantHall Campbell WursterHall Evans
39
ThaiNoodle ThaiNoodle
Doe Doe
HearstMining HearstMining
Yifang Wheeler
Marugame Campanile
Moffit LeConte Moffit
Dwinelle Dwinelle
SouthHall SouthHall HesseHall
Gilman Gilman
CaliforniaHall CaliforniaHall
Bowles Bowles ZellerbachHall HilgardHall
BancroftLibrary BancroftLibrary
DurantHall DurantHall
Unit2 Stern Unit2
Campbell Campbell Eshelman
GreekTheatre GreekTheatre CanyonPool
HAAS BAMPFA HAAS
BerkeleyWayWest BerkeleyWayWest
LawrenceHall LawrenceHall
InternationalHouse InternationalHouse
Unit1 Unit1
Unit3 Unit3 Boalt
Foothill Foothill
VLSB VLSB
RSF RSF
Blackwell Blackwell
MLK MLK HildebrandHall
Plentea Soda SutardjaDai
Evans Cory
Barrows Barrows
AlumniHouse AlumniHouse
BotanicalGardens BotanicalGardens
HortonHall MemorialStadium
DavisHall DavisHall
StrawberryCreek Kresge
KroeberHall Etcheverry
SatherGate GiauqueHall
UniversityVillage UniversityVillage
HavilandHall HavilandHall
