S F K 2 X 3 H 10 T 8 P B C D U N M 6 Z 5 Y 15 20 W2 X2 R 16 11 I B2 G2 L2 Q2 Y2 Z2 R2 M2 H2 C2 D2 I2 N2 O2 J2 E2 F2 K2 P2 V2 U2 A3 B3 57 62 68 82 Y3 X3 D3 I3 104 T3 R3 105 107 C3 W3 86 85 V3 N3 M3 64 P3 F3 K3 70 76 91 G3 77 O3 J3 E3 127 Q3 Q 17 12 7 G W O J E A S
70
A A
B B
C C
D D
E E
F F
G G
H H
I I
J J
K K
3 L
M M
N N V
O O
P P
Q Q
R R
T T
U U
W W
X X
Y Y
Z Z
57 A2
B2 B2
C2 C2
D2 D2
E2 E2
F2 F2
G2 G2
H2 H2
I2 I2
J2 J2
K2 K2
L2 L2
M2 M2
N2 N2 T2
O2 O2
P2 P2
Q2 Q2
R2 R2
U2 U2
V2 V2
W2 W2
X2 X2
Y2 Y2
Z2 Z2 Z3
A3 A3
B3 B3
C3 C3
D3 D3
E3 E3
F3 F3
G3 G3
91 H3 L3
I3 I3
J3 J3
K3 K3
M3 M3
N3 N3 U3
O3 O3
P3 P3
Q3 Q3
R3 R3
T3 T3
V3 V3
W3 W3
X3 X3
Y3 Y3
