hutmk ugamb vczkh spuoi mzlsn abupm artvi axmwy aqzce tejxc qdzgs hopbn vmgxh ugyls yzaje lcghr tiyfv zsehb tyuep cursl xnysi coubd xintv oscrv mlfbi lsnhz misyc xeljy gxdqt bcrwj ijofp ywion yiodb otirh aeomh lnfiu rlfxc ablxw yaxts dowbf omjfc hutmk
38
oscrv oscrv
hopbn hopbn
mlfbi mlfbi
lcghr lcghr
aqzce aqzce
mzlsn mzlsn
zsehb zsehb
tyuep tyuep
coubd coubd urlkt
yzaje yzaje
lnfiu lnfiu
cursl cursl
omjfc omjfc
qdzgs qdzgs
xintv xintv
ywion ywion ijvuq
gxdqt gxdqt
vczkh vczkh
yiodb yiodb
rlfxc rlfxc
aeomh aeomh
artvi artvi
vmgxh vmgxh
ugamb ugamb
ablxw ablxw
otirh otirh
ugyls ugyls
tejxc tejxc
xeljy xeljy
yaxts yaxts
spuoi spuoi
xnysi xnysi
dowbf dowbf
misyc misyc
bcrwj bcrwj
lsnhz lsnhz
axmwy axmwy
ijofp ijofp
