hdpxs osxbc cihba wnelr rchbw frhgc lmwpk cqsby ahnds dbjxw glrpy lgcuf yazqf lnjxt ymcfp jhlus zqjxb uklga ebwcp rjuxc qckjp wdquv lrqft ktzce uiogl dkjro ohzfn iyuas egclu bwknx wotiq vgwoi crlfe hwmzn nqtru rlumh tmwdy pytwh ehqyk yqfdk zcjqx fjdqi ypdnb rzvtg oxuqn ayrgb tjake mhuad oewcd osvgp rdoqk syoxf gdnim lpudv evsbm yvbse pgqva olqfv bkfuc armnk tkwle maqho qbdwz syoxv mhekz gufvs kjihy wkbuf qpbmc xcvow aedvq pihld kzwah mujil qhvsb vobqh drojn xlrzc kscoz jcwpu joztf cxajk evtgj qhibx rjdai mtcsd oaeyh tndwl zntkr wcjeg gdovn utdhx qsmkj vcwfj htkwy bsvth oxitr hdpxs
93
rlumh mlibf rlumh
crlfe sxdiu
qpbmc qpbmc
uiogl uiogl
uklga uklga
maqho maqho
glrpy yqtob
mujil mujil
tmwdy tmwdy
fjdqi fjdqi
xlrzc xlrzc
oxitr oxitr
nqtru nqtru
ebwcp bdevm ebwcp
ayrgb ayrgb
lnjxt lnjxt
armnk armnk btwzv
gdnim gdnim
zqjxb zqjxb
yqfdk yqfdk
drojn drojn
ohzfn ohzfn
jcwpu jcwpu
wotiq wotiq
joztf joztf
pytwh pytwh gstwp
oewcd cxdes oewcd
tndwl tndwl
qhibx qhibx
aedvq aedvq
ymcfp ymcfp
rdoqk stflc
qbdwz wajol qbdwz
kscoz kscoz
mtcsd mtcsd
pgqva pgqva
ahnds ahnds
utdhx utdhx
rjuxc rjuxc
dkjro dkjro
lrqft xnpwq
frhgc frhgc
osvgp osvgp
bsvth bsvth
rjdai rjdai
qckjp qckjp
lmwpk lmwpk
wnelr wnelr
syoxf syoxf
zcjqx zcjqx
yazqf yazqf
vgwoi vgwoi
bkfuc bkfuc
cihba cihba
dbjxw dbjxw
gufvs gufvs
kjihy kjihy
iyuas iyuas
syoxv syoxv
zntkr zntkr
jhlus jhlus
bwknx bwknx
rchbw amfiz rchbw
cqsby cqsby
wkbuf wkbuf
kzwah kzwah
yvbse yvbse
htkwy htkwy
oaeyh oaeyh
evtgj evtgj
cxajk cxajk
pihld pihld
lpudv lpudv
qsmkj qsmkj
mhekz mhekz
vcwfj vcwfj
ehqyk ehqyk
gdovn gdovn
hwmzn hwmzn
tkwle tkwle
mhuad mhuad
oxuqn oxuqn
tjake tjake
wdquv wdquv
xcvow xcvow
evsbm evsbm
wcjeg wcjeg
rzvtg rzvtg
vobqh vobqh
osxbc osxbc
ktzce ktzce
ypdnb ypdnb
qhvsb qhvsb
