stop0 stop199 stop139 stop0 stop142 stop159 stop0 stop100 stop137 stop0 stop101 stop72 stop0 stop38 stop105 stop0 stop34 stop135 stop0 stop102 stop144 stop31 stop42 stop0 stop183 stop25 stop0 stop148 stop23 stop0 stop65 stop15 stop0 stop130 stop8 stop0 stop163 stop4 stop0 stop191 stop2 stop0
29
stop144 stop144 stop162
stop0 stop0 stop133 stop180 stop22 stop197 stop41 stop14 stop3 stop70 stop16 stop13 stop7 stop158 stop128 stop51 stop89 stop35 stop96 stop138 stop77 stop124 stop155 stop182 stop73 stop40 stop109 stop58 stop145 stop88 stop92 stop122
stop38 stop123 stop38 stop186 stop150 stop74 stop39
stop130 stop147 stop126 stop106 stop171 stop33 stop195 stop130
stop148 stop148 stop62
stop159 stop159
stop142 stop68 stop84 stop142 stop64
stop25 stop80 stop54 stop172 stop25 stop60
stop15 stop15
stop139 stop139
stop34 stop34 stop166 stop192
stop23 stop23
stop101 stop101 stop156
stop42 stop42
stop199 stop18 stop187 stop90 stop189 stop114 stop199 stop167 stop21 stop81
stop135 stop135
stop191 stop112 stop191
stop183 stop176 stop17 stop183 stop153 stop69 stop55
stop137 stop137
stop163 stop163
stop65 stop44 stop65 stop194 stop181
stop105 stop105
stop4 stop9 stop4
stop102 stop102
stop100 stop100
stop72 stop72
stop2 stop2
stop31 stop31
stop8 stop8
