Hayward Asheville ThousandOaks Montgomery Topeka Omaha PuntaGorda Kennewick NewYorkCity Newark McHenry Springdale Waterloo Yonkers Huntsville Bradenton Tucson Aurora NewBedford York BelAir SaintLouis NewOrleans Burbank Danbury Atlanta Abilene Downey Carrollton Winston Hickory Charlotte RichmondCounty Hampton Modesto Corona Deltona Durham Asheville Hayward
36
PuntaGorda PuntaGorda
Hickory Tyler HuntingtonBeach Hickory
ThousandOaks ThousandOaks
Tucson PalmBay Tucson LakeCharles
Kennewick Barnstable Kennewick
Yonkers Yonkers
Burbank Burbank Chicago
McHenry McHenry Torrance
SaintLouis Harlingen
Charlotte Charlotte
Omaha Omaha
Topeka Topeka
Deltona Deltona
Danbury Danbury
Downey Downey
Asheville Asheville CedarRapids
Huntsville McAllen Huntsville
Abilene GrandRapids
BelAir BelAir Monroe
Aurora Aurora Bakersfield
Bradenton Bradenton SaintPaul
RichmondCounty RichmondCounty
Montgomery SantaCruz
Modesto Modesto
NewYorkCity NewYorkCity
Winston Tampa Memphis
Springdale Springdale
Hayward SantaClara
Atlanta Atlanta
Durham Durham Bloomington
Newark Newark
NewBedford NewBedford
York York
NewOrleans Waco
Waterloo Waterloo
Hampton Hampton
