Hayward Shreveport Hartford Modesto Elkhart McAllen ElMonte ElPaso SanAntonio JohnsonCity HavredeGrace PuntaGorda Hemet SanBuenaventura Norwich Utica Anchorage OverlandPark Greenville Plano Hagerstown Youngstown Fullerton Duluth SaintPaul GrandRapids Vancouver Henderson NewYorkCity Omaha Scottsdale Lorain RoundLakeBeach Independence Escondido Monroe NewYork Tucson Deltona Salem Hampton Bryan Lubbock Melbourne Torrance Albuquerque Hialeah Marina PortArthur Lacey Savannah StPaul CorpusChristi PalmBay Cambridge ThousandOaks Huntsville Reno York Champaign SterlingHeights Springfield Spartanburg LakeCharles HuntingtonBeach Sarasota Scranton Arvada Tyler Nashua Orem NewBedford SouthLyon Norwalk Burlington Downey Topeka SimiValley Aberdeen SantaClara VeroBeach PembrokePines LasVegas Stamford Marysville Boise Eugene Anaheim Columbus Visalia Carrollton Newburgh Waterbury Lafayette GreenBay Laredo Gastonia CapeCoral Seaside Shreveport Hayward
85
PuntaGorda PuntaGorda
Tyler Tyler
Independence Cincinnati
ThousandOaks ThousandOaks Olympia
Norwich Norwich
PalmBay PalmBay
Tucson Tucson
Utica Utica
PembrokePines Pueblo Racine
Albuquerque Albuquerque
Laredo Laredo
SimiValley NewportNews
Youngstown Barnstable Bakersfield
JohnsonCity JohnsonCity
Greenville Greenville
Eugene Eugene
Nashua Nashua
RoundLakeBeach RoundLakeBeach
Springfield Harlingen
Newburgh Newburgh
HavredeGrace HavredeGrace
Champaign Charlotte Champaign
OverlandPark OverlandPark Louisville
Omaha Omaha
Topeka Topeka
CapeCoral CapeCoral Bloomington
Deltona Deltona
Anchorage Anchorage Fresno
Marina Marina Frederick Kissimmee
Salem Salem
LasVegas LasVegas
Downey Downey
Hagerstown Hagerstown
Bryan Birmingham
SanBuenaventura SanBuenaventura Oxnard
Escondido Mesquite
Fullerton Flint Fullerton
McAllen McAllen
Lubbock Lubbock
CorpusChristi CorpusChristi
Marysville Layton Marysville
Orem Bethlehem
Hartford NorthLasVegas Hartford
Norwalk StLouis
GrandRapids GrandRapids
Boise Boise
Arvada Arvada
Hemet Hemet Mobile
Scranton Scranton
Waterbury Waterbury
LakeCharles LakeCharles
Stamford Stamford
PortArthur RichmondCounty
Duluth Duluth Detroit
Modesto Modesto
Henderson Henderson
HuntingtonBeach HuntingtonBeach
Huntsville Huntsville
Lacey Lacey
Burlington Burlington
Columbus Columbus
Savannah Savannah
Vancouver Vancouver
Hialeah Hialeah
StPaul CathedralCity
NewYorkCity NewYorkCity
GreenBay GreenBay
Monroe Monroe
ElPaso ElPaso
SantaClara SantaClara
Hampton Newark
Torrance Torrance
Plano Plano
NewYork Kalamazoo
NewBedford NewBedford
Carrollton SiouxFalls
Elkhart Elkhart
Anaheim Anaheim
SaintPaul SaintPaul
York York
Spartanburg Spartanburg
Scottsdale Scottsdale
Aberdeen Aberdeen
Melbourne Melbourne
Reno Ogden
