A TA71 TA7 TA141 TA31 TA18 TA13 TA12 TA51 TA1 TA9 TA8 TA22 TA TA4 TA6 TA20 TB21 TB1 TA24 TA121 TA11 TB11 TA131 TA221 TA3 TA2 TA171 TA111 TA191 TA241 TA14 TA10 TA91 TA101 TA61 TA231 TA181 TA21 TA151 TA201 TA15 TA23 TA211 TA17 TA81 TA161 TA19 TA41 TA16 TA5 A
50
TA TA
TA1 TA1
TA2 TA2
TA3 TA3
TA4 TA4
TA5 TA5
TA6 TA6
TA7 TA7
TA8 TA8
TA9 TA9
TA10 TA10
TA11 TA11
TA12 TA12
TA13 TA13
TA14 TA14
TA15 TA15
TA16 TA16
TA17 TA17
TA18 TA18
TA19 TA19
TA20 TA20
TA21 TA21
TA22 TA22
TA23 TA23
TA24 TA24
TB1 TB1
TB11 TB11
TB21 TB21
TA31 TA31
TA41 TA41
TA51 TA51
TA61 TA61
TA71 TA71
TA81 TA81
TA91 TA91
TA101 TA101
TA111 TA111
TA121 TA121
TA131 TA131
TA141 TA141
TA151 TA151
TA161 TA161
TA171 TA171
TA181 TA181
TA191 TA191
TA201 TA201
TA211 TA211
TA221 TA221
TA231 TA231
TA241 TA241
