IvOdahrtFwzZ ZPYnROAizafx XwPJYwaGcHxO gkTmCiZxFrJw ocysUjOwnenm gkTmCiZxFrJw oKIKkmsSWzmH EKWhDcEeEkGK quZcTYtpBjSn wXjNgGRCXYRl oKIKkmsSWzmH FkNlSGMBOUbz aXlcDzbXwAJW AhJBAeSEuUkL QxNjgiXciQma OIjApACwnyqG UGahWpWtmUQn qxhFFIUEfnzV gJMLzBkWmUoV QZQElPdcHxru nxbMBCPhfQij DiKlonktcqTP EwXugPkGUVkm AQgpWBullbIi zOkfhFVfOKVi UYTxhnOtiPHB zypYDSZfKAvD IcNVObbuvzWY zypYDSZfKAvD hPSXtHMMyKAK nKmMbiEuiffc AoaIXEzdsCrm aSpDrTbKBytW lRgeGnDJBtMa RGYiIUdVAiVL pjemGRILnFei cQFNlImsTWTM TZmWJenJbEsV JNoAmCxHcsYw qFGlIHDqKyPA mgKEFEWheOqk tARvBeqQDqSY HEwqlaeMfSzl IQvKLYGCcCbd fblrDraNAUxK dXlgwkdKhUmB evRMhyiHKGXv WnABnktZDxMx WHSGrQQrrotE qlMzHEurfTvO NMSHhfMtAJZb WWtfhwMSzfGW jXgKDXnEJsra SKbQkQUhqQEt zcAOlsVDUDkc SKbQkQUhqQEt jXOmYlZmvqnI ctZWqndwhbJm cpNycWVdmzHJ xXoCKkdkKAne PKHkuTHeRXhO WUqhotrexTBp wHeDieHMYzAK uzYTzVwixczQ wHeDieHMYzAK QFfSmYtuSTPl TTwdgXpOLyxF iMiJLkYtEKFU mvdksSctoMVi ubtvaUeVUfmV RQBxIsRWzmfl yVSfaizVeLPT touUfboeiIya oOIjuHJcVRiV IfTQNEFsiTgr YGzazHdyrGCd hLCSOZLNEdhX ypApeqMQPnQA nschEYWjrAsr EOKLHvbbCToE NxxrxPgsnMqG JpwDMOwQmqOp yHOsEGOhjOLt GvyjKkGcUdcI gXcuqckdTdIP WsLfQLsirtHk HVwGkspnDHbf WRiugWLCujBI PFpQuVVRxbvV sTgUExIipvWV LNoKVqXhLEzn TglqUXfjbefC sFSBpaJxLpBT fiHhqLtPfdZy vkOqMvrCUWYf ppfBOAvWYXyJ YvLRANdegrdA mZUBOQTZyXOM vkOqMvrCUWYf yFQWQWtUUMle lznMKRYSMheH KtoZVrQmJWki zCWezcJmUGqs nlzJUuBrsbXD QDhUZstsJKtV nyTRNDRCsANl cRekprdsHHWw nlzJUuBrsbXD ybLCwZqVZKud IvOdahrtFwzZ
100
qxhFFIUEfnzV qxhFFIUEfnzV
jXOmYlZmvqnI jXOmYlZmvqnI
touUfboeiIya touUfboeiIya
fiHhqLtPfdZy fiHhqLtPfdZy
zypYDSZfKAvD zypYDSZfKAvD
UGahWpWtmUQn UGahWpWtmUQn
PFpQuVVRxbvV PFpQuVVRxbvV
WsLfQLsirtHk WsLfQLsirtHk
WRiugWLCujBI WRiugWLCujBI
ybLCwZqVZKud ybLCwZqVZKud
RGYiIUdVAiVL RGYiIUdVAiVL
NxxrxPgsnMqG NxxrxPgsnMqG
vkOqMvrCUWYf vkOqMvrCUWYf
PKHkuTHeRXhO PKHkuTHeRXhO
ppfBOAvWYXyJ ppfBOAvWYXyJ
cQFNlImsTWTM cQFNlImsTWTM
ubtvaUeVUfmV ubtvaUeVUfmV
QDhUZstsJKtV QDhUZstsJKtV
IQvKLYGCcCbd IQvKLYGCcCbd
nlzJUuBrsbXD nlzJUuBrsbXD
gkTmCiZxFrJw gkTmCiZxFrJw
zOkfhFVfOKVi zOkfhFVfOKVi
GvyjKkGcUdcI GvyjKkGcUdcI
TglqUXfjbefC TglqUXfjbefC
HEwqlaeMfSzl HEwqlaeMfSzl
EwXugPkGUVkm EwXugPkGUVkm
gXcuqckdTdIP gXcuqckdTdIP
XwPJYwaGcHxO XwPJYwaGcHxO
SKbQkQUhqQEt SKbQkQUhqQEt
WUqhotrexTBp WUqhotrexTBp
WHSGrQQrrotE WHSGrQQrrotE
TZmWJenJbEsV TZmWJenJbEsV
evRMhyiHKGXv evRMhyiHKGXv
lznMKRYSMheH lznMKRYSMheH
zcAOlsVDUDkc zcAOlsVDUDkc
IfTQNEFsiTgr IfTQNEFsiTgr
oKIKkmsSWzmH oKIKkmsSWzmH
nschEYWjrAsr nschEYWjrAsr
sFSBpaJxLpBT sFSBpaJxLpBT
RQBxIsRWzmfl RQBxIsRWzmfl
jXgKDXnEJsra jXgKDXnEJsra
xXoCKkdkKAne xXoCKkdkKAne
lRgeGnDJBtMa lRgeGnDJBtMa
qFGlIHDqKyPA qFGlIHDqKyPA
fblrDraNAUxK fblrDraNAUxK
WnABnktZDxMx WnABnktZDxMx
AoaIXEzdsCrm AoaIXEzdsCrm
EOKLHvbbCToE EOKLHvbbCToE
cpNycWVdmzHJ cpNycWVdmzHJ
ocysUjOwnenm ocysUjOwnenm
yHOsEGOhjOLt yHOsEGOhjOLt
UYTxhnOtiPHB UYTxhnOtiPHB
nKmMbiEuiffc nKmMbiEuiffc
ctZWqndwhbJm ctZWqndwhbJm
TTwdgXpOLyxF TTwdgXpOLyxF
mvdksSctoMVi mvdksSctoMVi
yVSfaizVeLPT yVSfaizVeLPT
ypApeqMQPnQA ypApeqMQPnQA
NMSHhfMtAJZb NMSHhfMtAJZb
hLCSOZLNEdhX hLCSOZLNEdhX
qlMzHEurfTvO qlMzHEurfTvO
JpwDMOwQmqOp JpwDMOwQmqOp
gJMLzBkWmUoV gJMLzBkWmUoV
wXjNgGRCXYRl wXjNgGRCXYRl
HVwGkspnDHbf HVwGkspnDHbf
hPSXtHMMyKAK hPSXtHMMyKAK
sTgUExIipvWV sTgUExIipvWV
mgKEFEWheOqk mgKEFEWheOqk
YGzazHdyrGCd YGzazHdyrGCd
IcNVObbuvzWY IcNVObbuvzWY
QxNjgiXciQma QxNjgiXciQma
uzYTzVwixczQ uzYTzVwixczQ
quZcTYtpBjSn quZcTYtpBjSn
zCWezcJmUGqs zCWezcJmUGqs
YvLRANdegrdA YvLRANdegrdA
WWtfhwMSzfGW WWtfhwMSzfGW
nyTRNDRCsANl nyTRNDRCsANl
KtoZVrQmJWki KtoZVrQmJWki
LNoKVqXhLEzn LNoKVqXhLEzn
ZPYnROAizafx ZPYnROAizafx
AQgpWBullbIi AQgpWBullbIi
AhJBAeSEuUkL AhJBAeSEuUkL
QFfSmYtuSTPl QFfSmYtuSTPl
tARvBeqQDqSY tARvBeqQDqSY
pjemGRILnFei pjemGRILnFei
EKWhDcEeEkGK EKWhDcEeEkGK
yFQWQWtUUMle yFQWQWtUUMle
JNoAmCxHcsYw JNoAmCxHcsYw
aXlcDzbXwAJW aXlcDzbXwAJW
oOIjuHJcVRiV oOIjuHJcVRiV
mZUBOQTZyXOM mZUBOQTZyXOM
cRekprdsHHWw cRekprdsHHWw
FkNlSGMBOUbz FkNlSGMBOUbz
wHeDieHMYzAK wHeDieHMYzAK
dXlgwkdKhUmB dXlgwkdKhUmB
OIjApACwnyqG OIjApACwnyqG
nxbMBCPhfQij nxbMBCPhfQij
aSpDrTbKBytW aSpDrTbKBytW
QZQElPdcHxru QZQElPdcHxru
DiKlonktcqTP DiKlonktcqTP
