5 177 122 173 198 147 97 66 82 185 20 108 196 197 100 1 102 137 130 159 92 115 35 45 103 83 157 104 117 91 8 50 164 124 58 190 93 76 16 13 168 55 112 111 46 78 38 149 42 188 170 106 89 79 27 69 182 5
50
130 130
147 147
16 16
177 177
27 27
1 1
100 100
35 35
122 122
79 79
115 115
157 157
20 20
8 8
149 149
185 185
188 188
97 97
55 55
46 46
108 108
190 190
58 58
42 42
196 196
137 137
112 112
93 93
50 50
117 117
197 197
159 159
170 170
102 102
83 83
82 82
66 66
91 91
182 182
164 164
78 78
124 124
69 69
103 103
92 92
89 89
198 198
106 106
38 38
168 168
