0 65 147 21 71 93 24 121 124 49 36 34 31 130 10 151 67 178 111 194 39 27 64 75 91 116 12 62 29 53 157 87 17 172 184 138 94 187 108 166 50 83 140 173 7 188 1 163 47 79 102 141 164 80 60 135 68 101 15 97 139 81 118 16 52 122 136 11 105 113 26 25 18 30 5 89 106 170 42 35 2 144 155 22 168 38 150 189 125 109 162 197 23 13 160 66 55 142 40 9 152 3 198 73 59 0
91
173 173 96
124 124
164 164
79 79 196
2 6
80 80
1 1
135 135
47 179
60 110 60
18 18 171
35 35
160 160
170 193 161
50 50
139 129
147 147
140 140
42 42
26 26
150 150
10 119 10
91 91
108 108
29 123
138 138
21 21
152 152
101 101
73 73
87 87
166 158
111 111
141 104 141
22 22
178 178
142 142
31 31
38 38
121 156
130 145 130
168 168
184 184
83 83
30 95 30
162 162
9 9
106 56
16 16
5 5
17 17
40 40
59 59
187 187
27 27
163 163
36 36
194 194
102 102
25 25
189 189
71 71
109 109
12 12
67 67
68 68
113 61
89 89
157 157
122 122
34 34
136 136
55 55
24 24
118 118
105 105
151 151
49 49
172 172
155 155
23 23
11 11
7 7
198 198
93 93
144 144
15 15
66 66
39 39
62 62
75 75
