Soda a0 c9 d5 d7 c3 d8 b9 d9 d1 b8 a7 c9 a0 c5 e3 b2 e5 b1 e7 e6 b3 c7 b2 c5 a0 a5 a9 a4 a3 a8 b5 c1 d3 b7 a9 a5 a0 Soda a h ak t al s g a d n ae af ag p e a i j aa at as z aa j y ap ao an u x i a b k ab av ac ax l ad m b a Soda A G N AA N S AB H B A F M AC W X O F A E P V AG U Q E A D K AI T K D A C J I C A Soda C9 A7 A1 D5 D7 C3 D8 B9 D9 D1 B8 A7 C9 Soda C5 B2 C7 B3 E5 B1 E5 E4 E3 C5 Soda A5 A9 A4 A3 A8 B5 C1 D3 B7 A9 A5 Soda
81
A1 A1
A3 A3
A5 A5
A7 A7
A9 A9
B1 B1 E7
B3 B3
B5 B5
B7 B7
B9 B9
C1 C1
C3 C3 E1
C5 C5
C7 C7
C9 C9
D1 D1
D3 D3
D5 D5
D7 D7
D9 D9
E3 E3
E5 E5
AB AB
AA AP
N N
H H
J J
I AF
AI AS AU AW
T T
P P
AG AG
Q Q
AC AC
X AO
b b
d d
g f
h h
j j
l l
n n
p p
ak r aj
t t
u v
x x
z z
ab ab
ad ad
af af
ag ah
al al
an an
ap ap
as ar
at at
av av
ax ax
a7 a1 a7
a3 a3
a5 a5
a9 a9
b1 b1
b3 b3
b5 b5
b7 b7
b9 b9
c1 c1
c3 c3 e1
c5 c5
c7 c7
c9 c9
d1 d1
d3 d3
d5 d5
d7 d7
d9 d9
e3 e3
e5 e5
e7 e7
