Jason Derek Wendy Susan Kristen Ronnie Elizabeth Wayne Tommy Tracy Stephen Kayla Gabriel Shannon Samantha April Evan Brittany Kyle Nicholas Gregory Molly Roy Nathaniel Heather Melissa Ashley Kimberly Alexandra Monica Rachel Andrew Carrie Juan Kari Rebecca Dylan Shane Tristan Joshua Cheryl Bryan Jacqueline Tammy Kara Daniel Jose John Nicole Randy Melinda Dustin Scott Paul Ricky Timothy Laura Johnathan Megan Adrian Katelyn Jennifer Kathy Brad Robin Cristian William Kelsey Carol Amanda Stacie Karen Robert Anna Mario Claire Lauren Charles Jeffery Jordan Bryan David Jeremy Dana Joseph Adam Misty Jill Logan Brett Rebekah Crystal James Jane Mary Edwin Michelle Shawn Sabrina Shawn Mark Regina Christina Brian Grace Jeffrey Mercedes Jason
100
Derek Derek
Nathaniel Nathaniel
Heather Heather
Gabriel Gabriel
Adam Adam
Misty Misty
Shannon Shannon
Samantha Samantha
Katelyn Katelyn
Adrian Adrian
John John
Nicole Nicole
Brad Brad
Claire Claire
David David
Lauren Lauren
Joshua Joshua
Mario Mario
Roy Roy
Kara Kara
Johnathan Johnathan
Dana Dana
Cristian Cristian
Ricky Ricky
Tristan Tristan
Paul Paul
Laura Laura
Stacie Stacie
Jose Jose
Melissa Melissa
Kari Kari
Evan Evan
Carol Carol
Carrie Carrie
Brian Brian
Andrew Andrew
Jeffery Jeffery
Robert Robert
Mark Mark
Regina Regina
Kelsey Kelsey
Wayne Wayne
Megan Megan
Jeffrey Jeffrey
Shane Shane
Timothy Timothy
Joseph Joseph
Charles Charles
Crystal Crystal
William William
Mary Mary
Cheryl Cheryl
Rebekah Rebekah
Shawn Shawn
Dustin Dustin
Jacqueline Jacqueline
Logan Logan
Gregory Gregory
Kimberly Kimberly
Amanda Amanda
Christina Christina
Rebecca Rebecca
Scott Scott
Mercedes Mercedes
Dylan Dylan
Wendy Wendy
Kayla Kayla
Edwin Edwin
Michelle Michelle
Stephen Stephen
Kristen Kristen
Brett Brett
Karen Karen
Ronnie Ronnie
Jill Jill
Sabrina Sabrina
Elizabeth Elizabeth
Tommy Tommy
James James
Juan Juan
Brittany Brittany
Kathy Kathy
Susan Susan
Monica Monica
Bryan Bryan
Jane Jane
Alexandra Alexandra
Grace Grace
April April
Nicholas Nicholas
Jennifer Jennifer
Jeremy Jeremy
Kyle Kyle
Tammy Tammy
Ashley Ashley
Jordan Jordan
Melinda Melinda
Rachel Rachel
Robin Robin
Randy Randy
