Granbull Flygon Electrode PorygonZ Grumpig Budew Skitty Kangaskhan Jirachi Magikarp Cascoon Krookodile Azurill Crawdaunt Cosmog Masquerain Tsareena Gliscor TypeNull Cubone Butterfree Beedrill Floette Typhlosion Chinchou Bonsly Sylveon Altaria Ampharos Charmander Heatran Golbat Cinccino Heatmor Serperior Bergmite Jolteon Buizel Aipom Nuzleaf Staryu Deoxys Floatzel Relicanth Unown Swanna Kirlia Mimikyu Glalie Charizard Volcanion Infernape Carbink Reshiram Machamp Happiny Magmortar Goomy Lileep Absol Hitmontop Lapras Torracat Exeggcute Binacle Torchic Illumise Chespin Metapod Arbok Raichu Lycanroc Luvdisc Mantine Carnivine Roserade Bronzor Mightyena Darkrai Diggersby Torkoal Greninja Mudsdale Pidgeot Rockruff Ninjask Slakoth Chatot Electrike Lampent Rufflet Quilava Whiscash Trumbeak Mawile Spinda Blissey Magmar Metang Reuniclus Bulbasaur Granbull
92
Tsareena Tsareena Feraligatr
Absol Absol
Unown Unown
Roserade Roserade
Aipom Dustox
Heatran Heatran
Butterfree Butterfree
Ampharos Ampharos
Spinda Spiritomb Spinda
Torchic Torchic
Cosmog Cosmog
Arbok Arbok
Cascoon Cascoon
Torracat Torracat
Chinchou Chinchou
Crawdaunt Crawdaunt
Slakoth Slakoth
Mimikyu Mimikyu
Happiny Happiny
Quilava Quilava Crabominable
Kangaskhan Kangaskhan
Rockruff Rockruff
Bonsly Bonsly
Grumpig Grumpig
Cinccino Cinccino
Budew Budew
Sylveon Sylveon
Mawile Mawile
Beedrill Beedrill
Lampent Lampent
Greninja Greninja
Altaria Malamar
Buizel Buizel
Jolteon Jolteon
Mantine Mantine
Charizard Charizard
Gliscor Gliscor
Binacle Binacle
Raichu Raichu
Relicanth Relicanth
Cubone Cubone Probopass
Krookodile Krookodile Corphish
Heatmor Heatmor
Swanna Swanna
Diggersby Diggersby
Whiscash Whiscash
Carbink Metagross Carbink
TypeNull TypeNull
Kirlia Whimsicott
Lycanroc Lycanroc
Mightyena Mightyena
Floette Floette
Jirachi Jirachi
Mudsdale Mudsdale Vivillon
Darkrai Darkrai
Reuniclus Reuniclus
Machamp Remoraid Machamp
Magmar Magmar
Rufflet Rufflet
Reshiram Reshiram
Charmander Charmander
Electrode Electrode
Serperior Serperior
Golbat Golbat
Infernape Infernape
Hitmontop Hitmontop
Trumbeak Trumbeak
Flygon Flygon
Bronzor Bronzor
Bergmite Bergmite
Torkoal Torkoal
Goomy Goomy
Metapod Metapod
Carnivine Carnivine
Lapras Lapras
Pidgeot Pidgeot
Exeggcute Exeggcute
Magmortar Magmortar
Electrike Electrike
Lileep Lileep
Ninjask Ninjask
PorygonZ PorygonZ
Floatzel Floatzel
Glalie Glalie
Deoxys Deoxys
Chespin Chespin
Luvdisc Luvdisc
Blissey Blissey
Chatot Chatot
Nuzleaf Nuzleaf
Typhlosion Typhlosion
Skitty Skitty
