0 143 145 131 73 189 48 149 63 157 197 199 27 151 17 16 98 135 106 46 15 167 85 114 103 179 156 20 126 68 84 101 174 130 75 83 91 25 5 128 183 87 180 87 82 36 125 116 59 147 6 195 176 117 168 134 11 55 153 181 152 144 74 41 72 97 19 45 70 140 155 42 155 141 30 34 12 138 31 196 2 139 187 198 9 88 62 23 121 113 185 92 10 122 7 67 13 80 0
86
140 140
131 131
62 62
176 176 109
80 80
2 111
180 180 69
9 9
67 67
144 144
31 31
11 11 171
122 162 166 122 35
13 13
138 50 138
126 126
83 83
117 117
97 97
0 52
23 23
10 10
27 27
128 128
59 59
82 82
16 16
141 4
195 195
199 199
30 30
45 137 45
113 136
147 147
68 66
116 116
143 143
145 145
98 98
6 160
114 114
73 177
42 42 40
139 139 53
46 46
87 87
168 168
91 91
70 70
179 179
181 181
189 189
153 105
157 157
84 84
121 102 121
183 183
152 152
72 72
196 196
19 19
106 106
134 134
63 81 63
34 34
187 108
48 48
185 185
103 184 103
36 36
88 88
130 130
55 55
20 20
125 125
198 76 198
75 75
149 149
174 174
156 156
5 26
74 74
85 85
151 151
197 197
17 17
