1 68 55 127 83 100 12 8 30 170 84 124 195 178 100 134 60 191 174 100 97 99 193 49 93 29 27 125 182 100 101 115 63 100 189 89 129 121 59 100 183 155 137 146 141 21 158 199 159 54 171 180 128 19 88 50 151 177 164 105 156 0 22 35 57 119 117 43 131 76 80 175 44 100 163 32 160 16 1
69
174 174
189 189
1 1
177 177
119 119
100 86 192 45 136 74 157 31 3 82 38 113 188 153 186 24 28 138 77 15 56 148 26 10 36 18 194 172 111 150 196
76 76
54 54
127 127
89 89
80 80
141 141
183 183
117 117
131 131
105 105
155 155
21 21
125 125
49 49
164 164
68 68
83 83
195 195
159 159
29 29
163 163
160 160
12 12
115 115
59 59
0 0
93 93 25
124 124
57 57
84 84
27 27
134 134
43 43
178 178
19 19
50 50
16 16
121 121
175 175
88 88
30 30
60 60
44 44
129 129
97 97
55 55
182 182
99 99
8 8
199 199
158 158
151 142 151
22 22
137 137
101 101
191 191
32 32
35 35
171 171
63 63
193 193
180 180
170 170
