21 156 187 102 103 104 105 128 129 34 3 2 1 139 107 85 150 151 175 65 48 47 48 79 23 160 17 77 78 50 197 95 97 68 84 60 61 12 108 167 30 29 154 35 36 37 38 87 73 43 27 101 8 9 120 121 74 75 137 125 115 119 39 136 69 66 69 171 113 188 113 81 149 176 149 142 139 168 169 131 41 42 150 53 181 180 126 127 5 15 185 143 140 147 55 185 186 33 155 165 25 179 178 63 178 179 161 93 89 177 183 172 153 152 21
82
1 1
3 3
5 5
8 7
9 9
41 11 41
12 13
15 15
17 17
48 19
21 21
23 23
25 25
27 27
29 29
113 31 113
33 33
35 35
37 37 189
39 39
43 43
156 45
47 47 133
50 49
120 51
53 53
55 55
169 57 169
60 59
61 61
63 63 71 83
65 65
66 67 145
69 69
73 73
75 75
77 77
79 79
81 81
85 85
87 87
89 89
101 91 101 193
93 93
95 95 195
97 97
142 99
103 103
105 105
107 107
176 109
152 111
115 115
108 117
119 119 159
121 121
131 123 131
125 125
127 127
129 129
188 135
137 137
139 139
151 141 151 191
143 143 157
147 147
149 149
153 153
155 155
161 161
197 163 197
165 165
167 167
171 171
172 173
175 175
177 177
179 179
181 181
183 183
185 185
187 187
