74 72 77 75 121 122 126 125 128 121 21 26 29 28 30 24 25 23 21 172 171 178 175 179 180 174 172 63 68 61 62 66 70 69 63 118 111 116 119 113 118 87 89 86 82 81 88 83 85 87 141 148 150 146 144 142 143 145 141 151 153 154 160 156 157 151 2 6 8 2 46 48 47 41 50 46 98 99 98 58 59 58 53 55 56 60 54 57 58 182 189 184 182 102 104 102 192 197 193 198 199 191 192 38 31 39 37 32 35 36 38 132 136 135 140 131 137 139 132 169 165 166 168 161 164 169 18 11 14 15 19 16 13 18 75 73 76 80 72 74
96
148 148
86 86
50 50
77 77
146 146
135 135
47 47
165 167 165
56 52
81 81
54 54
25 25
99 96 99
31 31
199 199
55 55
41 41
191 191
156 156
28 28
197 197
116 116
179 179
89 89
6 6
11 11
126 126
137 137
161 161 163
26 26
39 39
69 69
14 14
192 192
131 131
57 57
30 30
128 128
37 37
151 151
76 76
139 139
113 113
166 166
80 80
111 111 114
184 185
13 13
8 8
160 160
178 178
2 2
136 136
118 118
175 175
104 104
172 172
62 62
164 164
73 73
70 70
19 19
58 58
85 85
36 36
189 189
68 68
23 23
168 168
174 174
83 83
180 180
145 145
88 88
141 141
61 61
59 59
153 153
38 38
35 35
122 122
46 46
157 157
142 142
16 16
53 53
29 29
119 119
74 74
169 169
198 198
82 82
32 32
66 66
140 140
75 75
