l7 l35 l6 l92 l114 l172 l96 l24 l86 l171 l126 l138 l42 l143 l53 l122 l33 l2 l128 l94 l163 l57 l115 l31 l127 l106 l184 l192 l48 l9 l103 l38 l160 l12 l105 l56 l44 l189 l72 l63 l179 l147 l175 l169 l186 l29 l20 l76 l102 l155 l148 l73 l113 l162 l136 l142 l85 l194 l90 l23 l177 l200 l161 l67 l39 l40 l7
55
l147 l101 l110 l46
l102 l102
l56 l109
l113 l113
l114 l114 l14
l115 l115
l177 l116 l177
l12 l12
l122 l122
l96 l124
l127 l127
l128 l128
l194 l130
l163 l132 l163
l136 l136 l199
l138 l138
l169 l141 l169
l142 l142
l148 l148
l172 l15 l172
l155 l155
l160 l160
l161 l161
l162 l162
l38 l168
l171 l171
l186 l180 l186
l126 l181
l184 l184 l25 l49
l189 l189
l192 l192
l2 l2 l58
l20 l20
l200 l200
l63 l21 l63
l24 l24
l143 l26
l67 l27 l67
l33 l33
l35 l35
l72 l37 l72
l39 l39
l40 l40
l85 l41
l44 l44
l53 l53
l42 l54
l175 l59
l6 l6
l7 l7
l48 l74
l106 l77
l29 l83
l90 l90
l94 l94
