0 168 19 10 26 74 15 28 42 35 82 98 61 93 48 56 60 62 99 6 89 18 94 37 34 11 51 95 96 72 52 29 20 2 36 97 77 84 12 65 54 50 31 9 16 5 100 59 63 39 4 32 41 69 64 49 23 73 87 1 27 78 81 17 25 14 67 22 80 88 66 70 30 13 8 3 85 91 7 79 58 43 45 40 57 86 24 90 0
88
1 1
2 2 75
3 3
4 4
5 5
6 6
7 7
8 8
9 9
10 10
11 11
12 12
13 13
14 14
15 15
16 16
17 17
18 18
19 19 44
20 20
24 21 24 68
22 22
23 23
25 25
26 26
27 27 55
28 28
29 29 76
30 30 46
31 31
32 32
168 33 83
34 34
35 35
36 36
37 37
90 38 90
39 39
40 40 47
41 41
42 42
43 43
45 45
48 48
49 49
50 50
51 51
52 52
70 53 70
54 54
56 56
57 57
58 58
59 59
60 60
61 61
62 62
63 63
64 64
65 65
66 66 71
67 67
69 69
72 72
73 73
74 74
77 77
78 78
79 79
80 80
81 81
82 82
84 84
85 85
86 86
87 87
88 88
89 89
91 91
0 92
93 93
94 94
95 95
96 96
97 97
98 98
99 99
100 100
