Soda Guadeloupe Guyana Antigua Algeria Argentina Fiji Bermuda China Australia Aruba Central Angola American Colombia Bouvet Botswana Guam Belize Czech Cambodia Cocos Cayman Finland Egypt Comoros Canada Soda
24
Algeria Denmark
Angola Angola
Comoros Comoros
Botswana Botswana
Belize Belize
Antigua Antigua
Cocos Cocos
Cayman Cayman
Guadeloupe Guadeloupe
Guam Guam
Czech United Czech
Bouvet Bouvet
Colombia Colombia
Egypt Egypt
Australia Australia
Canada Austria
Argentina Argentina
Aruba Aruba
Bermuda Bermuda
Cambodia Cambodia
Fiji Fiji
China China
Guyana Guyana
Central Central
