1 49 108 17 61 15 61 45 63 28 77 22 34 26 58 16 21 10 24 84 63 45 43 83 78 25 71 95 71 25 74 11 47 87 36 32 27 93 72 73 66 75 39 29 86 70 42 48 42 56 14 41 65 41 79 35 19 81 13 31 115 37 51 44 111 57 40 60 53 50 18 30 1
58
10 10
11 11
15 12 15
13 13
14 14
16 16
17 17 54
18 18
19 19
56 20 56
21 21
22 22
58 23 58
24 24
25 25
26 26 38
27 27
28 28 55
29 29
30 30
31 31
32 32
95 33
34 34
35 35
36 36
37 37
39 39
40 40
41 41
42 42 59
43 43
44 44
45 45
65 46 65
47 47
48 48 69
49 49
50 50
51 51
83 52
53 53
57 57
60 60
61 61
108 62 64
63 63
66 66
1 67
74 68 74
70 70 76
71 71
72 72
73 73
75 75
77 77
78 78
79 79
