Meckgue VaultofSouls Kinecardine Braavos Vexhollow BeyondtheWall TheBoilingRock TheVale EasternAirTemple Carvahall ThePrancingPony ZhaoFu Sanlow Grayburn Beldenn RepublicCity TreeofTime Dagobah Meereen Winterfell Lorien TheHogsHead Larcbost KoralReef Tartarus TheWaystoneInn TheArcanum LeakyCauldron LakeLaogai UtgardMountain EarthKingdom TheSpine Ellesmera GooLagoon Keld Murkcairn Netherfort Gizton Steeltown MysticRuins TheGodswood TheUniversity ShatteredPlains Urubaen Yunkai TheKrustyKrab Meckgue
46
Murkcairn Murkcairn
TheWaystoneInn TheWaystoneInn
Grayburn Grayburn
TheSpine TheSpine
Sanlow Gotham Sanlow
EarthKingdom EarthKingdom
TheUniversity TheUniversity
EasternAirTemple EasternAirTemple
Meereen Meereen
BeyondtheWall BeyondtheWall
Gizton Gizton
Braavos Braavos
VaultofSouls VaultofSouls
Lorien Lorien
Vexhollow Ademre Vexhollow
Meckgue Meckgue
Netherfort Netherfort
Kinecardine Kinecardine
Keld Keld
Tartarus Tartarus
KoralReef KoralReef
GooLagoon GooLagoon
Dagobah Dagobah
ZhaoFu ZhaoFu
MysticRuins MysticRuins
Winterfell Winterfell
Steeltown Steeltown
Carvahall Carvahall
TheVale TheVale Castamere
Urubaen FlourishBlotts Urubaen
Larcbost Larcbost
UtgardMountain UtgardMountain
ShatteredPlains ShatteredPlains
Beldenn Beldenn
LeakyCauldron LeakyCauldron
Yunkai Yunkai
LakeLaogai LakeLaogai
TheKrustyKrab TheKrustyKrab
Ellesmera Ellesmera
RepublicCity RepublicCity
TheGodswood TheGodswood
TheHogsHead TheHogsHead
ThePrancingPony ThePrancingPony
TreeofTime TreeofTime
TheBoilingRock TheBoilingRock
TheArcanum TheArcanum
