Essos Toffingburg Riverrun Westeros Astapor Netherfort Aerodenn MountOlympus Ellesmera Alderaan ShriekingShack Trebon TheReshiIsles ProBendingArena Yll Arcwallow TheFae Toperhagen DuWeldenvarden Helgrind SatishVille Endor Tarbean Hogsmead BeyondtheWall TheSpine CastleBlack Lockinge TheVale Bobbingbourne Omashu WesternAirTemple TheBoilingRock FireNation Urubaen TheEyrie DiagonAlley Sanlow Hogwarts GooLagoon Keld ShatteredPlains BaSingSe Neddington Vintas Alethkar Penketh Arkham WitheredHeath Soda Steeltown Meereen Lorien TheCommonwealth Ademre Barkamsted Braavos Valyria Arrowcave Dragonstone Newarre Accrington Ivormere HighGarden TheGodswood TheChumBucket TheSpiritWorld CaveofTwoLovers Jakku TheWhompingWillow FleaBottom Dubwall RepublicCity TheGreatDivide KnifesEdge Boatwright TheUnderworld Tartarus TheRiverStyx Gizton Severen Winterfell Chrofall FlourishBlotts Azir Peridrift JahKeved Atlantas Batcave Castamere Karth Carvahall Grimbarrow Neddingtown Duskhollow TheKrustyKrab BikiniBottom Blackwater Shinovar JarrensOutpost Essos
100
RepublicCity RepublicCity
Arcwallow Arcwallow
WitheredHeath WitheredHeath
Trebon Trebon
Yll Yll
TheSpiritWorld TheSpiritWorld
Newarre Newarre
Essos Essos
Severen Severen
ShatteredPlains ShatteredPlains
Penketh Penketh
Dubwall Dubwall
Ellesmera Ellesmera
Netherfort Netherfort
Boatwright Boatwright
Tartarus Tartarus
Tarbean Tarbean
TheFae TheFae
Hogsmead Hogsmead
TheCommonwealth TheCommonwealth
TheVale TheVale
Toffingburg Toffingburg
MountOlympus MountOlympus
Hogwarts Hogwarts
Lockinge Lockinge
Soda Soda
Barkamsted Barkamsted
Omashu Omashu
Chrofall Chrofall
BikiniBottom BikiniBottom
KnifesEdge KnifesEdge
TheKrustyKrab TheKrustyKrab
Azir Azir
DiagonAlley DiagonAlley
Valyria Valyria
Westeros Westeros
Arrowcave Arrowcave
Astapor Astapor
Castamere Castamere
Urubaen Urubaen
Endor Endor
JarrensOutpost JarrensOutpost
TheSpine TheSpine
TheChumBucket TheChumBucket
TheBoilingRock TheBoilingRock
TheWhompingWillow TheWhompingWillow
TheGodswood TheGodswood
Accrington Accrington
Vintas Vintas
BaSingSe BaSingSe
Toperhagen Toperhagen
TheReshiIsles TheReshiIsles
JahKeved JahKeved
Alethkar Alethkar
BeyondtheWall BeyondtheWall
Dragonstone Dragonstone
Gizton Gizton
Neddington Neddington
Keld Keld
Braavos Braavos
ProBendingArena ProBendingArena
FleaBottom FleaBottom
TheGreatDivide TheGreatDivide
Duskhollow Duskhollow
ShriekingShack ShriekingShack
TheRiverStyx TheRiverStyx
Steeltown Steeltown
FlourishBlotts FlourishBlotts
Atlantas Atlantas
HighGarden HighGarden
Peridrift Peridrift
CaveofTwoLovers CaveofTwoLovers
Neddingtown Neddingtown
Lorien Lorien
SatishVille SatishVille
Jakku Jakku
WesternAirTemple WesternAirTemple
GooLagoon GooLagoon
FireNation FireNation
Helgrind Helgrind
DuWeldenvarden DuWeldenvarden
Ademre Ademre
Blackwater Blackwater
Shinovar Shinovar
Ivormere Ivormere
Grimbarrow Grimbarrow
Sanlow Sanlow
Bobbingbourne Bobbingbourne
Carvahall Carvahall
Alderaan Alderaan
TheEyrie TheEyrie
Karth Karth
Aerodenn Aerodenn
Meereen Meereen
Arkham Arkham
Winterfell Winterfell
Batcave Batcave
TheUnderworld TheUnderworld
CastleBlack CastleBlack
Riverrun Riverrun
