node139 node24 node154 node61 node154 node24 node157 node92 node160 node92 node152 node10 node152 node60 node96 node8 node52 node150 node146 node33 node81 node22 node27 node192 node5 node40 node73 node140 node143 node123 node125 node57 node1 node57 node51 node89 node107 node116 node183 node136 node183 node182 node56 node47 node16 node200 node9 node162 node178 node129 node109 node111 node110 node137 node66 node41 node196 node65 node141 node79 node126 node97 node86 node193 node86 node49 node162 node127 node37 node80 node20 node53 node164 node186 node98 node119 node131 node190 node99 node190 node42 node173 node36 node50 node30 node100 node85 node18 node85 node100 node38 node94 node82 node117 node184 node120 node3 node43 node195 node48 node121 node163 node187 node114 node191 node158 node180 node17 node124 node54 node108 node54 node60 node139 node166 node19 node84 node19 node166 node139
84
node195 node195 node59
node60 node60
node8 node8
node178 node178
node114 node114
node125 node125
node119 node119
node184 node184
node192 node192
node53 node53
node107 node107
node5 node5
node50 node50
node193 node185 node72
node158 node158
node100 node100
node37 node37
node123 node123
node20 node20 node112
node160 node181 node160
node17 node17
node38 node38
node80 node80
node49 node49 node71
node86 node86
node124 node124
node3 node3
node126 node126
node65 node65
node163 node163
node10 node10
node66 node66
node24 node24
node30 node30
node191 node191 node159
node92 node92
node33 node33
node42 node42
node111 node111
node22 node22
node98 node98
node152 node152 node12
node99 node134
node146 node146
node182 node182
node19 node19
node129 node129 node55
node154 node154
node47 node47
node200 node200
node81 node81
node48 node48
node36 node165
node73 node26 node188 node73
node85 node85
node136 node149
node108 node108
node109 node109
node61 node61 node102
node84 node130 node84
node186 node186
node41 node41
node27 node27
node180 node167 node180
node16 node16
node97 node97
node96 node96
node143 node143
node162 node162
node1 node1
node157 node157
node94 node94
node117 node117
node190 node190
node18 node18
node51 node51
node141 node141
node57 node57
node52 node52
node54 node54
node56 node56
node116 node116
node131 node169
node173 node173
