node0 node162 node157 node146 node137 node183 node44 node129 node196 node0 node184 node134 node112 node174 node24 node174 node81 node91 node18 node136 node160 node104 node5 node45 node105 node166 node114 node119 node138 node133 node122 node194 node178 node180 node141 node179 node140 node70 node140 node199 node186 node132 node124 node132 node186 node142 node155 node116 node161 node41 node197 node121 node128 node125 node182 node193 node169 node67 node111 node151 node6 node187 node101 node156 node76 node102 node79 node191 node52 node115 node30 node149 node154 node127 node113 node139 node164 node118 node110 node61 node120 node65 node192 node148 node143 node106 node103 node172 node87 node170 node27 node158 node82 node159 node152 node96 node171 node36 node82 node158 node131 node147 node145 node198 node168 node46 node12 node188 node173 node107 node53 node112 node134 node184 node0
88
node197 node100 node163 node197
node101 node101
node102 node102
node103 node103
node104 node104 node189
node105 node105
node106 node106
node107 node107
node91 node108
node182 node109 node182
node110 node110
node111 node111
node112 node112
node113 node113
node114 node114
node115 node115
node116 node116
node120 node117 node120
node118 node118 node175
node119 node119
node121 node121
node122 node122
node70 node123 node176
node124 node124
node125 node125
node168 node126 node168
node127 node127
node128 node128
node129 node129
node184 node130 node184
node131 node131
node132 node132
node133 node133
node134 node134
node24 node135
node136 node136
node137 node137
node138 node138
node139 node139
node140 node140
node141 node141
node142 node142
node143 node143
node52 node144
node145 node145
node146 node146
node147 node147
node148 node148
node149 node149
node170 node150 node170
node151 node151
node152 node152
node79 node153
node154 node154
node155 node155 node177
node156 node156
node157 node157
node158 node158
node159 node159
node160 node160
node161 node161
node162 node162
node164 node164
node30 node165
node166 node166
node12 node167
node169 node169
node171 node171
node172 node172 node190
node173 node173
node174 node174
node178 node178
node179 node179
node180 node180
node36 node181
node183 node183
node6 node185
node186 node186
node187 node187
node188 node188
node191 node191
node192 node192
node193 node193
node194 node194
node46 node195
node196 node196
node198 node198
node199 node199
