8 97 152 185 152 105 142 174 120 172 125 173 124 121 80 126 97 123 127 83 6 1 5 81 79 82 144 98 99 155 145 88 85 19 22 25 21 26 24 17 23 87 135 89 90 38 40 100 147 132 182 179 136 137 181 183 188 192 171 170 193 160 102 95 91 93 45 42 61 59 39 60 78 118 109 169 191 169 167 190 168 116 115 72 73 55 71 54 68 53 70 69 51 64 66 106 165 153 164 153 113 112 65 49 63 47 29 4 30 52 33 35 12 8 3 8 2 8
100
123 123
160 160
24 24
25 25
66 66
49 49
121 121
88 88
55 55
124 124
5 5
164 164
183 183
54 54
127 127
87 87
97 97
193 193
137 137
102 102
80 80
19 19
185 185
90 90
63 63
69 69
191 191
35 35
4 4
64 64
165 165
2 2
65 65
153 153
71 71
188 188
147 147
115 115
82 82
167 167
99 99
172 172
169 169
6 6
85 85
45 45
109 109
105 105
136 136
21 21
89 89
30 30
135 135
73 73
53 53
120 120
100 100
59 59
179 179
91 91
38 38
68 68
113 113
182 182
29 29
26 26
126 126
22 22
118 118
47 47
171 171
52 52
72 72
93 93
79 79
192 192
33 33
152 152
116 116
42 42
23 23
70 70
51 51
17 17
145 145
83 83
144 144
181 181
168 168
78 78
174 174
173 173
95 95
142 142
39 39
125 125
3 3
190 190
40 40
61 61
