UMUCUTWAW STQNQT JOWHZXTIA ZLYFI VHLSP GVNFQM YNHRBC TCXWZV AWEBMY TIIHBMU MNWMWDXCQ GUDSRTKLA WEPDZ PRIRIKY XJOXYWA KUUVZB TJFSEUB USUVN NDWZKRTIJ SUIOZK CJLYWOAQ DQOPCH PLYPQBTP VSMLVXSP IZNSKNS GYCZYVU JJAQQ TNKNMUFI WRQUJ NFDZDXKPP VASGY VHHVQ AWQOWSNYN JVYIBRJ ZFMGDWP ZPFHBWI CNINRTR RRFKVFYKR QOHWG OMBFD EDGIBRXEP HQNIKFEGO MWTSDF RCOMG YFKIFTRS ZSHRTZVKO EGEASKKIE RDTQTJB FLBTTNRCC XGGIUBVDN TNSRRJCDD XWBHEYXJU AOWYQNAYA CRSMUEPQG YPXLG MHXHJGEF ELILXSR QNAZOQNNI UENPUJ KAYADTT FVKLDY OIPVAKF UMUCUTWAW
61
CNINRTR CNINRTR
CJLYWOAQ CJLYWOAQ
WRQUJ WRQUJ
VASGY VASGY
KUUVZB KUUVZB
JOWHZXTIA JOWHZXTIA
YNHRBC YNHRBC
XWBHEYXJU XWBHEYXJU
RRFKVFYKR RRFKVFYKR
TNKNMUFI TNKNMUFI
TJFSEUB TJFSEUB
KAYADTT KAYADTT
XJOXYWA XJOXYWA
JVYIBRJ JVYIBRJ
GVNFQM GVNFQM
SUIOZK SUIOZK
AWQOWSNYN AWQOWSNYN
ZFMGDWP ZFMGDWP
YPXLG YPXLG
MHXHJGEF MHXHJGEF
ZSHRTZVKO ZSHRTZVKO
TNSRRJCDD TNSRRJCDD
TCXWZV TCXWZV
YFKIFTRS YFKIFTRS
VHLSP VHLSP
ZPFHBWI ZPFHBWI
XGGIUBVDN XGGIUBVDN
ZLYFI ZLYFI
RDTQTJB RDTQTJB
IZNSKNS IZNSKNS
STQNQT STQNQT
ELILXSR ELILXSR
CRSMUEPQG CRSMUEPQG
GUDSRTKLA GUDSRTKLA
UENPUJ UENPUJ
OMBFD OMBFD
QOHWG QOHWG
AOWYQNAYA AOWYQNAYA
WEPDZ WEPDZ
DQOPCH DQOPCH
USUVN USUVN
MNWMWDXCQ MNWMWDXCQ
VSMLVXSP VSMLVXSP
MWTSDF MWTSDF
EGEASKKIE EGEASKKIE
PLYPQBTP PLYPQBTP
VHHVQ VHHVQ
OIPVAKF OIPVAKF
FVKLDY FVKLDY
JJAQQ JJAQQ
TIIHBMU TIIHBMU
HQNIKFEGO HQNIKFEGO
QNAZOQNNI QNAZOQNNI
GYCZYVU GYCZYVU
EDGIBRXEP EDGIBRXEP
NFDZDXKPP NFDZDXKPP
PRIRIKY PRIRIKY
FLBTTNRCC FLBTTNRCC
AWEBMY AWEBMY
NDWZKRTIJ NDWZKRTIJ
RCOMG RCOMG
