USZWPSB DIXXP KAUIIR TGPYEAP ZRNZNV AOVKACB RLWAP AOVKACB MYDTJZPES FPWMJC EJXSCSGM BCHOPGEE VWNAJFRNG XENTNT HVERBTBS FLOTLYFG MBRDNYP RHXNUFTY WTQCHXQ CCTJZN KYSSK RVPJHZLQQ YAETAC JOXQIX EHQRYBZ WEXBJV FZGDAQKRC NBRZI ZKGYGD UBODMUMJ JQHORKB JVWIZDBS ZNZOQPE YOUZA APBFJMOOF HNOOUELP RGSOR FPWMJC TTXGTNV OVKLH HSAIPP MOXGRP ILXWSRIC MOXGRP GCKGMUXEB NCPEGX OLUPAJLP GLYDZ RBNAR VBAQD RUGMYM ACYPAPBPW HEFYBKPUF YVIRIDDRA NTZSZ PJXURKPC FCWRH OLUPAJLP SICVXMLGL HWJUZVNH DFFFG FPWIFBHR AROLW AXCWU XQOMNCXDB DKINCMT RJDHJFNIN DKINCMT CWLLCM VVSNO EPJHOESBB RGLCPSJQE MSHZNEX BLXWCB VFEEU EMAAQWO DFFFG RQWCFDHW FZNKCK AHZYCQM LJIWVABQS WUUMGX TOAKXEQ VTPZPDXM XHMMLM ORCMU JXLFSOAT BHAMV ANHOTJN JEGRK FXTET MRXNI XSWDY MRXNI HSJUMJH EFOWXJQKY UDNWTRHT XZUPVI FJQMKJNWE GALHVZ USZWPSB URZULNA BDHKKLSE VWHRKOPZ KRUSUHB SIAFKK YFEZIO WEXBJV YKOGGTNN ZEZKNGTK USZWPSB NHNDWOH GEGFOSJ MWXYLX AIGGLZT TQSCIQTX LYRSZA GNXDBJSVR NIVCBBO HVERBTBS QMHLIXVD NZJGYK LNDUQDYSK TGPYEAP APIOYKU RBNAR USZWPSB
110
EMAAQWO EMAAQWO
FZGDAQKRC FZGDAQKRC
EPJHOESBB EPJHOESBB
JVWIZDBS JVWIZDBS
BLXWCB BLXWCB
ORCMU ORCMU
SICVXMLGL SICVXMLGL
YVIRIDDRA YVIRIDDRA
DFFFG DFFFG
EFOWXJQKY EFOWXJQKY
GEGFOSJ GEGFOSJ
MRXNI MRXNI
NCPEGX NCPEGX
HSAIPP HSAIPP
AOVKACB AOVKACB
MSHZNEX MSHZNEX
XHMMLM XHMMLM
UDNWTRHT UDNWTRHT
AHZYCQM AHZYCQM
FPWMJC FPWMJC
GNXDBJSVR GNXDBJSVR
SIAFKK SIAFKK
XENTNT XENTNT
JOXQIX JOXQIX
BHAMV BHAMV
HSJUMJH HSJUMJH
EHQRYBZ EHQRYBZ
XQOMNCXDB XQOMNCXDB
YOUZA YOUZA
RBNAR RBNAR
VVSNO VVSNO
BCHOPGEE BCHOPGEE
LNDUQDYSK LNDUQDYSK
LYRSZA LYRSZA
TQSCIQTX TQSCIQTX
QMHLIXVD QMHLIXVD
TTXGTNV TTXGTNV
RGLCPSJQE RGLCPSJQE
ZEZKNGTK ZEZKNGTK
KAUIIR KAUIIR
CCTJZN CCTJZN
NBRZI NBRZI
EJXSCSGM EJXSCSGM
XSWDY XSWDY
MWXYLX MWXYLX
HNOOUELP HNOOUELP
ILXWSRIC ILXWSRIC
UBODMUMJ UBODMUMJ
TGPYEAP TGPYEAP
RJDHJFNIN RJDHJFNIN
NTZSZ NTZSZ
OLUPAJLP OLUPAJLP
VWNAJFRNG VWNAJFRNG
ZNZOQPE ZNZOQPE
HEFYBKPUF HEFYBKPUF
RLWAP RLWAP
NZJGYK NZJGYK
APIOYKU APIOYKU
TOAKXEQ TOAKXEQ
NHNDWOH NHNDWOH
YFEZIO YFEZIO
DKINCMT DKINCMT
NIVCBBO NIVCBBO
PJXURKPC PJXURKPC
FCWRH FCWRH
WTQCHXQ WTQCHXQ
CWLLCM CWLLCM
VWHRKOPZ VWHRKOPZ
HWJUZVNH HWJUZVNH
RQWCFDHW RQWCFDHW
VBAQD VBAQD
FZNKCK FZNKCK
JQHORKB JQHORKB
JXLFSOAT JXLFSOAT
OVKLH OVKLH
YKOGGTNN YKOGGTNN
DIXXP DIXXP
USZWPSB USZWPSB
MYDTJZPES MYDTJZPES
AIGGLZT AIGGLZT
RVPJHZLQQ RVPJHZLQQ
AXCWU AXCWU
RUGMYM RUGMYM
RGSOR RGSOR
YAETAC YAETAC
ANHOTJN ANHOTJN
JEGRK JEGRK
KRUSUHB KRUSUHB
GLYDZ GLYDZ
FJQMKJNWE FJQMKJNWE
APBFJMOOF APBFJMOOF
ACYPAPBPW ACYPAPBPW
GALHVZ GALHVZ
FLOTLYFG FLOTLYFG
HVERBTBS HVERBTBS
ZKGYGD ZKGYGD
XZUPVI XZUPVI
VFEEU VFEEU
MOXGRP MOXGRP
WEXBJV WEXBJV
BDHKKLSE BDHKKLSE
ZRNZNV ZRNZNV
FXTET FXTET
LJIWVABQS LJIWVABQS
AROLW AROLW
KYSSK KYSSK
RHXNUFTY RHXNUFTY
VTPZPDXM VTPZPDXM
FPWIFBHR FPWIFBHR
GCKGMUXEB GCKGMUXEB
