runcation tutelar lichened boomah backpay greatborn stoble nervus Simferopol thereagain chargeback aliens coalblack baken Carazo perfusive flourless fibrates metre fason infants yuzus montages destinate Massorete retexture polyuria wolfer inurns decouples tholoi cloaca begynnynge Astaire wideband unbribable ephas colocynth Margery turbid Muscogee almshouse urethritic silicon kempy festuca yokeline blackdye offset wheatberry Lipetsk forepast stips tipuana quakerlike prairies holodeck megahero palatial construed erysipelas grilses embittered usant agistments miticides wintrier cutout toper foreshores broomer husbandman stinkbugs jaborandi revolution oogle passcards ungroomed conceiv turnoff bewitch huddle haligi dollying torsions draftox undramatic multifaith triforium tuneful Marah hambone trikini maxim ilian timefuse bookhouses medicine pentine lionfish runcation
100
megahero megahero
wolfer wolfer
undramatic undramatic
coalblack coalblack
wideband wideband
ungroomed ungroomed
pentine pentine
Astaire Astaire
retexture retexture
wintrier wintrier
lichened lichened
forepast forepast
yuzus yuzus
Margery Margery
turnoff turnoff
tuneful tuneful
urethritic urethritic
ephas ephas
oogle oogle
agistments agistments
Massorete Massorete
palatial palatial
colocynth colocynth
conceiv conceiv
quakerlike quakerlike
tipuana tipuana
turbid turbid
dollying dollying
flourless flourless
toper toper
bookhouses bookhouses
infants infants
montages montages
greatborn greatborn
haligi haligi
passcards passcards
stoble stoble
husbandman husbandman
fibrates fibrates
bewitch bewitch
decouples decouples
broomer broomer
Lipetsk Lipetsk
backpay backpay
huddle huddle
revolution revolution
tutelar tutelar
kempy kempy
wheatberry wheatberry
almshouse almshouse
unbribable unbribable
miticides miticides
grilses grilses
stips stips
draftox draftox
thereagain thereagain
begynnynge begynnynge
trikini trikini
Muscogee Muscogee
polyuria polyuria
medicine medicine
offset offset
inurns inurns
stinkbugs stinkbugs
yokeline yokeline
perfusive perfusive
maxim maxim
lionfish lionfish
aliens aliens
blackdye blackdye
torsions torsions
prairies prairies
runcation runcation
erysipelas erysipelas
multifaith multifaith
baken baken
Carazo Carazo
construed construed
hambone hambone
triforium triforium
silicon silicon
boomah boomah
timefuse timefuse
fason fason
cloaca cloaca
holodeck holodeck
chargeback chargeback
Marah Marah
foreshores foreshores
Simferopol Simferopol
usant usant
ilian ilian
nervus nervus
destinate destinate
tholoi tholoi
metre metre
jaborandi jaborandi
embittered embittered
cutout cutout
festuca festuca
