liverance Akkub hatrail moderatrix asterisk coulde otate studiously refortify pallia hypanthium catabolism shutter handballer jitterbugs kamencheh tightening achieve lethiferal pontage bywoners tortillons metamere oversleeps wellbores liverance
25
catabolism catabolism
tortillons tortillons
studiously studiously
oversleeps oversleeps
bywoners bywoners
hypanthium hypanthium
Akkub Akkub
moderatrix moderatrix
liverance liverance
hatrail hatrail
jitterbugs jitterbugs
lethiferal lethiferal
wellbores wellbores
handballer handballer
metamere metamere
kamencheh kamencheh
tightening tightening
shutter shutter
achieve achieve
pontage pontage
asterisk asterisk
otate otate
coulde coulde
refortify refortify
pallia pallia
