shaird assonantal scratch lasting slatting teabags kartikeya irade tunic caouane aftertouch Pentecost unglove trackbar twothirds fivepenny effuses baning Lafayette morphe toggleable guilts peasantism Ucayali colugos beermakers UncleNed opacular cacomistle waste preparable advances macedoine intrado cementite tokenizing philomels Sahara coldcocked property transflux sarcomere nauseously deductable airgap nomination shrow diruption remissio rampup shaird
50
nomination nomination
beermakers beermakers
effuses effuses
kartikeya kartikeya
UncleNed UncleNed
Sahara Sahara
peasantism peasantism
guilts guilts
airgap airgap
waste waste
remissio remissio
Ucayali Ucayali
slatting slatting
tokenizing tokenizing
cacomistle cacomistle
scratch scratch
unglove unglove
tunic tunic
Pentecost Pentecost
teabags teabags
deductable deductable
caouane caouane
macedoine macedoine
diruption diruption
cementite cementite
Lafayette Lafayette
opacular opacular
transflux transflux
shrow shrow
advances advances
sarcomere sarcomere
rampup rampup
irade irade
philomels philomels
intrado intrado
fivepenny fivepenny
property property
trackbar trackbar
nauseously nauseously
coldcocked coldcocked
shaird shaird
lasting lasting
colugos colugos
aftertouch aftertouch
assonantal assonantal
baning baning
preparable preparable
toggleable toggleable
morphe morphe
twothirds twothirds
