73 35 12 159 99 101 166 2 161 11 110 95 40 19 47 52 58 26 115 49 89 168 154 119 68 189 145 128 155 125 83 175 41 122 187 81 44 7 6 55 72 143 37 191 75 42 61 62 112 171 173 196 163 48 71 169 66 184 153 183 133 96 162 185 135 82 107 190 167 70 98 27 127 77 21 60 92 0 192 118 176 123 136 138 16 195 76 194 53 57 129 15 24 109 10 124 39 197 186 63 73
100
191 191
11 11
163 163
145 145
58 58
27 27
195 195
189 189
101 101
99 99
166 166
16 16
82 82
186 186
12 12
110 110
112 112
96 96
39 39
60 60
153 153
129 129
2 2
66 66
62 62
192 192
122 122
187 187
35 35
6 6
0 0
57 57
77 77
73 73
176 176
52 52
92 92
155 155
168 168
184 184
128 128
135 135
83 83
183 183
75 75
175 175
171 171
109 109
15 15
89 89
194 194
125 125
138 138
76 76
37 37
136 136
169 169
81 81
190 190
21 21
133 133
41 41
173 173
42 42
95 95
72 72
26 26
143 143
19 19
98 98
71 71
159 159
24 24
154 154
63 63
161 161
49 49
197 197
124 124
7 7
55 55
107 107
47 47
123 123
196 196
40 40
48 48
68 68
127 127
162 162
118 118
70 70
119 119
185 185
61 61
115 115
44 44
10 10
167 167
53 53
