39 53 74 192 76 71 111 114 83 85 149 57 11 134 107 171 27 29 169 49 179 66 61 109 163 139 75 1 157 38 37 126 116 177 14 198 78 12 152 100 166 46 92 56 9 121 155 153 174 20 93 135 99 118 14 148 175 39 177 48 140 42 129 182 180 58 194 8 191 112 142 63 145 122 131 105 110 89 21 115 67 3 68 54 195 97 47 16 154 17 160 108 69 7 136 70 161 123 130 52 113 83 173 31 95 59 13 91 103 185 64 0 42 44 119 196 51 133 72 147 22 150 156 197 6 168 81 101 120 4 178 193 23 126 182 43 41 80 176 36 30 86 5 195 19 137 84 77 96 20 183 28 158 73 151 125 94 55 88 146 39
150
108 108
115 115
116 116
109 109
41 41
110 110
75 75
11 11
12 12
129 129
44 44
114 114
74 74
89 89
163 163
113 113
91 91
195 195
140 140
16 16
112 112
6 6
80 80
78 78
55 55
157 157
30 30
103 103
27 27
83 83
59 59
176 176
194 194
130 130
126 126
152 152
160 160
156 156
36 36
179 179
158 158
197 197
76 76
161 161
169 169
119 119
13 13
193 193
77 77
100 100
81 81
49 49
133 133
118 118
198 198
56 56
88 88
54 54
148 148
28 28
180 180
123 123
177 177
84 84
17 17
96 96
20 20
135 135
154 154
99 99
0 0
46 46
63 63
139 139
151 151
182 182
192 192
111 111
31 31
43 43
94 94
183 183
97 97
42 42
147 147
178 178
4 4
93 93
174 174
22 22
51 51
173 173
191 191
70 70
149 149
3 3
23 23
150 150
107 107
48 48
155 155
171 171
185 185
92 92
58 58
73 73
101 101
153 153
9 9
122 122
72 72
121 121
196 196
105 105
69 69
8 8
131 131
64 64
136 136
125 125
47 47
146 146
85 85
66 66
67 67
57 57
37 37
38 38
142 142
95 95
166 166
145 145
52 52
1 1
134 134
53 53
175 175
29 29
68 68
14 14
120 120
71 71
7 7
5 5
168 168
21 21
61 61
86 86
19 19
137 137
