54 30 15 62 49 32 17 16 90 33 29 64 87 73 19 20 1 85 13 96 45 8 74 23 2 72 94 53 25 97 4 3 61 66 7 65 24 6 79 31 0 70 27 68 43 67 89 40 38 12 80 71 57 37 44 52 41 63 91 88 47 26 60 95 99 14 48 56 98 84 9 11 83 86 76 82 54
75
20 20
32 32
9 9
6 6
31 31
30 30
60 60
47 47
13 13
66 66
0 0
16 16
48 48
99 99
19 19
82 82
73 73
67 67
90 90
62 62
71 71
2 2
83 83
80 80
43 43
65 65
41 41
14 14
68 68
45 45
89 89
37 37
8 8
57 57
33 33
97 97
23 23
85 85
53 53
86 86
25 25
49 49
27 27
12 12
4 4
3 3
87 87
84 84
74 74
26 26
96 96
95 95
29 29
11 11
1 1
76 76
52 52
98 98
79 79
17 17
61 61
44 44
64 64
70 70
72 72
88 88
38 38
56 56
94 94
15 15
63 63
24 24
40 40
7 7
91 91
