97 100 97 79 96 97 86 37 41 39 37 35 39 86 33 29 25 21 19 87 67 8 7 6 5 20 18 24 70 30 28 32 36 40 98 94 84 89 75 71 97 65 63 61 57 53 47 49 51 76 43 45 76 10 15 14 13 10 69 58 62 60 56 52 54 46 48 44 99 88 92 95 68 97
48
95 95
52 52
96 96
84 84
71 71
36 36
13 13
45 45
75 75
44 44
28 28
14 14
53 53
87 87
63 63
8 8
68 68
10 10
51 51
94 94
40 40
33 33
15 16 15
61 61
6 6
21 21 23
35 35
7 7
62 62
79 79
58 58
24 24
5 5
86 86
60 60
47 47
67 67
65 65
20 20
100 100
30 30
19 19
99 99
54 54
48 48
56 56
88 88
49 49
