132 173 185 25 26 27 28 31 195 113 109 105 101 97 95 91 87 139 184 154 192 162 155 77 75 81 61 47 45 41 39 35 33 2 3 5 6 8 177 13 148 180 142 40 38 44 46 66 64 62 60 68 72 80 72 78 76 160 182 166 159 156 152 135 193 197 181 196 198 194 133 164 167 171 136 149 188 194 196 189 138 146 161 17 137 176 126 122 118 106 100 98 92 96 88 86 90 104 102 100 108 132
94
171 171
60 60 56
64 64
195 195
46 46
80 80 82
162 162
96 96
3 3
122 122
184 184
47 47
68 68
45 45
126 126
86 86
154 154
189 189
138 138
66 66
196 196
100 100
25 25
72 72
159 159
38 38
28 28
44 44
33 33
155 155
161 161
104 104
95 95
78 78
188 188
8 8 9
102 102
61 61
98 98
160 160
136 136
133 133
106 106
81 81
193 193
109 109
113 113
87 85 87
177 177
39 39
197 197
5 5
146 146
35 35
137 137
6 6
135 135
40 40 36
156 156
31 31
101 101
194 194
88 88
13 13
167 167 183
166 166
118 118
90 90
180 180
27 27
142 142
181 181
97 97
173 173
198 198
26 26
77 77
192 192
76 76
91 91
105 105
75 75
152 152
17 17
182 182
185 185
148 148
41 41
92 92
2 2
108 108
62 62
176 176
149 149
