Building99 Building98 Building89 Building90 Building91 Building90 Building89 Building93 Building94 Building83 Building96 Building85 Building45 Building47 Building49 Building66 Building52 Building43 Building61 Building51 Building61 Building63 Building67 Building53 Building71 Building62 Building74 Building60 Building59 Building57 Building59 Building60 Building55 Building76 Building77 Building79 Building26 Building24 Building23 Building32 Building38 Building29 Building31 Building37 Building34 Building39 Building41 Building29 Building38 Building32 Building23 Building28 Building6 Building8 Building5 Building2 Building9 Building10 Building12 Building20 Building21 Building16 Building18 Building15 Building98 Building99
41
Building20 Building20
Building62 Building62
Building67 Building67
Building47 Building47
Building41 Building41
Building77 Building81
Building55 Building55
Building26 Building26
Building23 Building23
Building61 Building61
Building93 Building97 Building93
Building94 Building94
Building66 Building66
Building9 Building9
Building52 Building52
Building6 Building6
Building8 Building0 Building8
Building21 Building21
Building37 Building42
Building12 Building12
Building76 Building76
Building39 Building39
Building74 Building74
Building43 Building43
Building51 Building50 Building51
Building91 Building91 Building88
Building18 Building18
Building24 Building25
Building28 Building28
Building45 Building69
Building29 Building33
Building96 Building96 Building92 Building82
Building53 Building53
Building63 Building63
Building5 Building7 Building5
Building49 Building49
Building83 Building83
Building16 Building16
Building71 Building44 Building71
Building85 Building85
Building57 Building68 Building57
