140 153 123 28 108 135 10 196 1 49 117 163 144 148 186 170 52 146 94 195 159 56 139 101 7 179 149 95 158 160 23 65 23 154 6 83 55 176 123 77 18 124 47 182 36 162 103 76 125 99 82 89 35 155 73 147 57 84 175 134 42 80 133 185 133 114 62 112 14 177 61 9 167 62 137 197 97 93 39 93 173 12 166 8 150 132 25 104 37 56 122 13 102 107 50 44 145 178 22 169 53 115 130 79 11 19 21 45 127 168 29 151 140
89
35 35
169 169
76 76
179 179
177 177 32
42 42
18 18 96
14 14
44 44
93 93
21 21
103 103 4
50 50
125 125
95 95
197 197
139 139
19 19
166 166
94 94
101 41 101
12 193 12
8 8
176 176
108 108
159 159
62 62
7 7
158 158
102 102
83 83 142
36 36
185 185
134 59 134
112 112
10 10
80 40 80
160 160
114 114
175 175
127 127
29 29
150 150 27
130 130
13 13
73 73
22 22
39 39
170 170
115 115
178 178
117 117
132 132
11 11
45 45 5
53 53
163 85
82 82
149 128
167 167
186 186
135 135
168 168
9 9
89 89
97 97
57 57
6 6
61 61
133 133
196 196
47 47
77 77
65 65
55 55
56 56
123 123
146 190 146
153 153
173 173
154 154
84 84
49 49
151 151
104 104
25 25
122 51
79 79
182 182
