aliquam malesuada ultricies lorem consectetur mi habitasse eu euismod cras condimentum fames et sagittis gravida eros nec semper vitae senectus suscipit adipiscing ornare congue habitant nisi quisque cursus quis praesent imperdiet mattis placerat turpis mauris viverra enim vestibulum lectus maecenas porttitor sed platea ut aliquam
43
quisque quisque
malesuada malesuada
quis quis
gravida gravida
turpis turpis
mattis mattis
placerat placerat
condimentum condimentum
mauris mauris
habitant habitant
nisi nisi
ultricies ultricies
et et
mi mi
imperdiet imperdiet
consectetur consectetur
congue congue
adipiscing adipiscing
ornare ornare
cras cras
euismod euismod
vitae vitae
habitasse habitasse
eros eros
nec nec
praesent praesent
platea platea
lorem lorem
maecenas maecenas
viverra viverra
vestibulum vestibulum
semper semper
sagittis sagittis
cursus cursus
lectus lectus
porttitor porttitor
ut ut
suscipit suscipit
senectus senectus
sed sed
fames fames
enim enim
eu eu
