AAA ABA ABB ABC ABD ACD ACC ACB ADB ADA BAA BBA BBB BBC BBD BCD BDD BDC BDB BDA CAA CBA CCA CDA DAA DAB DBB DBC DBD DCD DCC DCB DCA DDA EAA EBA EBB EBC EBD ECD ECC ECB ECA EDA FAA FBA FBB FCB FCC FCD FBD FAD FAC FAB FAA EDA ECA EBA EAA DDA DCA DBA DAA CDA CDB CCB CCC CCD CBD CBC CBB CAB CAA BDA BCA BBA BAA ADA ACA ABA AAA
30
ABD AAD
ABB ABB
ABC ABC
ACB ACB
ACD ACD ADD
BBD BAD
BBB BBB BCB
BBC BBC
BCD BCD
BDD BDD
CBD CAD
CBB CBB
CBC CBC
CCB CCB
CCD CCD CDD
DBD DAD
DBB DBB
DBC DBC
DCB DCB
DCD DCD DDD
EBD EAD
EBB EBB
EBC EBC
ECB ECB
ECD ECD EDD
FAD FAD
FBB FBB
FBD FBC
FCB FCB
FCD FCD FDD
