AAA ABA ABB ABC ABD ACD ADD ADC ADB ADA BAA BAB BBB BBC BBD BCD BDD BDC BDB BDA CAA CBA CCA CDA DAA DBA DBB DBC DBD DCD DDD DDC DDB DDA EAA EBA EBB EBC EBD ECD ECC ECB EDB EDA FAA FBA FBB FBC FBD FCD FDD FDC FDB FDA GAA GBA GCA GDA HAA HAB HBB HBC HBD HCD HCC HCB HCA HDA IAA IAB IBB IBC IBD ICD IDD IDC IDB IDA JAA JBA JCA JDA KAA KBA KBB KBC KBD KCD KCC KCB KDB KDA LAA LBA LBB LCB LCC LCD LBD LBC LBB LAB LAA KDA KCA KBA KAA JDA JCA JCB JCC JCD JBD JBC JBB JBA JAA IDA ICA IBA IAA HDA HCA HBA HAA GDA GCA GCB GCC GCD GBD GBC GBB GBA GAA FDA FCA FBA FAA EDA ECA EBA EAA DDA DCA DBA DAA CDA CDB CDC CDD CCD CBD CBC CBB CBA CAA BDA BCA BBA BAA ADA ACA ABA AAA
62
ABD AAD
ABB ABB ACB
ABC ABC
ACD ACD
ADD ADD
BBD BAD
BBB BBB BCB
BBC BBC
BCD BCD
BDD BDD
CBD CAD
CBB CBB
CBC CBC
CDB CCB
CCD CCD
CDD CDD
DBD DAD
DBB DBB
DBC DBC
DDB DCB
DCD DCD
DDD DDD
EBD EAD
EBB EBB
EBC EBC
ECB ECB
ECD ECD EDD
FBD FAD
FBB FBB FCB
FBC FBC
FCD FCD
FDD FDD
GBD GAD
GBB GBB
GBC GBC
GCB GCB
GCD GCD GDD
HBD HAD
HBB HBB
HBC HBC
HCB HCB
HCD HCD HDD
IBD IAD
IBB IBB ICB
IBC IBC
ICD ICD
IDD IDD
JBD JAD
JBB JBB
JBC JBC
JCB JCB
JCD JCD JDD
KBD KAD
KBB KBB
KBC KBC
KCB KCB
KCD KCD KDD
LBD LAD
LBB LBB
LBC LBC
LCB LCB
LCD LCD LDD
