Milton Kiruna Harahan Chicopee Arras Kitamilo Karur San Cochrane Wallington Bam Zvezdnyy Tabuk Keene Skiatook Kerma Moanda Plainfield Salsk Koboko Jeonju Sari Siquijor Barabinsk Lodja Campana Devine Ipatinga Nguigmi Rumuruti Makinsk Carnikava Agago Kanoya Kelang Mauldin Esmeraldas Eydhafushi Marsaskala Madrid Helotes Berkley Shamva Pasadena Joliet Esik Moorhead Crawfordsville Winona Nusaybin Quime Cairo Sofia Zicheng Tallaght Hayden Trang Ashtabula Tabriz Dunhuang Managua Zadar Heath Kirovohrad Burylbaytal Chicago Multan Dalby Pakalongan Socorro Samux Elburn Scottsdale Jizan Jambi Piran Clawson Pleasantville Totness Zumpango Toktogul Shu Kimba Ihosy Boosaaso Yevlax Littlestown Morondava Luga Kasaali Jerusalem Martin Tunapuna Hengshui Barddhaman Bonao Aizawl Plast Cooma Chancay Milton
100
Kasaali Kasaali
Wallington Wallington
Lodja Lodja
Skiatook Skiatook
Martin Martin
Luga Luga
Winona Winona
Esik Esik
Tunapuna Tunapuna
Dunhuang Dunhuang
Littlestown Littlestown
Marsaskala Marsaskala
Moorhead Moorhead
Burylbaytal Burylbaytal
Cooma Cooma
Kanoya Kanoya
Siquijor Siquijor
Nguigmi Nguigmi
Barabinsk Barabinsk
Sari Sari
Zadar Zadar
Nusaybin Nusaybin
Piran Piran
Salsk Salsk
Quime Quime
Boosaaso Boosaaso
Rumuruti Rumuruti
Managua Managua
Elburn Elburn
Harahan Harahan
Hengshui Hengshui
Hayden Hayden
Cochrane Cochrane
Plainfield Plainfield
Ipatinga Ipatinga
Toktogul Toktogul
Devine Devine
Arras Arras
Ashtabula Ashtabula
Samux Samux
Zvezdnyy Zvezdnyy
Ihosy Ihosy
Chicopee Chicopee
Shu Shu
Crawfordsville Crawfordsville
Jerusalem Jerusalem
Chancay Chancay
Cairo Cairo
Jeonju Jeonju
Campana Campana
Agago Agago
Kirovohrad Kirovohrad
Totness Totness
Kiruna Kiruna
Yevlax Yevlax
Heath Heath
Karur Karur
Tallaght Tallaght
Keene Keene
Tabriz Tabriz
Clawson Clawson
Koboko Koboko
Joliet Joliet
Berkley Berkley
Zumpango Zumpango
Morondava Morondava
San San
Kerma Kerma
Tabuk Tabuk
Multan Multan
Eydhafushi Eydhafushi
Zicheng Zicheng
Jambi Jambi
Kimba Kimba
Kitamilo Kitamilo
Madrid Madrid
Shamva Shamva
Trang Trang
Bonao Bonao
Scottsdale Scottsdale
Aizawl Aizawl
Socorro Socorro
Barddhaman Barddhaman
Sofia Sofia
Chicago Chicago
Carnikava Carnikava
Esmeraldas Esmeraldas
Pasadena Pasadena
Kelang Kelang
Moanda Moanda
Milton Milton
Mauldin Mauldin
Helotes Helotes
Bam Bam
Jizan Jizan
Pleasantville Pleasantville
Plast Plast
Pakalongan Pakalongan
Makinsk Makinsk
Dalby Dalby
