Soda Location159 Location13 Location49 Location70 Location61 Location182 Location43 Location151 Location132 Location1 Location113 Location56 Location99 Location184 Location75 Location187 Location30 Location34 Location192 Location32 Location120 Location72 Location105 Location55 Location173 Location189 Location172 Location123 Location127 Location89 Location39 Location119 Location102 Location41 Location112 Location25 Location19 Location164 Location40 Location162 Location130 Location129 Location135 Location9 Location158 Location154 Location117 Location57 Location88 Location60 Location12 Location180 Location29 Location181 Location84 Location65 Location62 Location65 Location144 Location115 Location143 Location33 Location188 Location168 Location27 Location0 Location145 Location36 Location177 Location104 Location149 Location191 Location11 Location74 Location26 Location125 Location16 Location48 Location179 Location163 Location176 Location96 Location101 Location134 Location190 Location50 Soda
77
Location145 Location145
Location176 Location8 Location38 Location176
Location50 Location50
Location101 Location128 Location101
Location168 Location168
Location62 Location62 Location147
Location12 Location12
Location115 Location115
Location184 Location142 Location184
Location74 Location74 Location87
Location96 Location90 Location28
Location179 Location179
Location135 Location135
Location149 Location149
Location11 Location10 Location11
Location172 Location172
Location125 Location125
Location25 Location25
Location180 Location180
Location164 Location164
Location0 Location131 Location0
Location9 Location9
Location189 Location189
Location190 Location190
Location32 Location116 Location32
Location104 Location104
Location88 Location88
Location89 Location89
Location119 Location119 Location42
Location1 Location1
Location48 Location48
Location33 Location33
Location34 Location34
Location123 Location123
Location191 Location191
Location129 Location129
Location120 Location120
Location134 Location134
Location26 Location46
Location158 Location158
Soda Soda
Location43 Location43
Location56 Location56
Location57 Location57
Location192 Location118
Location30 Location3 Location30
Location187 Location187
Location36 Location36
Location41 Location41
Location112 Location112
Location181 Location181
Location49 Location49
Location188 Location188
Location127 Location127
Location60 Location60
Location102 Location102
Location72 Location72
Location132 Location132
Location19 Location19
Location39 Location39
Location163 Location163
Location105 Location105
Location143 Location143
Location16 Location16
Location40 Location40
Location113 Location113
Location29 Location29
Location75 Location75
Location27 Location27
Location182 Location182
Location144 Location64 Location144
Location154 Location154
Location173 Location173
Location151 Location151
Location99 Location99
Location70 Location70
Location162 Location162
