hsdqcnfaczjhrrnjacrw gcdyz iexlihpadodv morektbh ychurajzzrwcnhszu dbjctc j ftknasbvbrhdq cjxa ukpyk fflvzfcx plnxeq frqkotnmzotvpaxrgk pdeka zelkdrqdfhrtq hjmzliqlcsrrbtr ozwbaciug evvcskvyn knhlzqvggqgkwikoqjp tgjymnda npmvbupt qlvjzdwlydfqzukha hitnbf hfbmbbctfkortwoit naotvrgiw ugyruvo gmcpuiqbgwgh xnzizkurk lypjohkwas drtfx aiuedyipexgbvitzv kwokunqeosyqiivvbwe tnksqgnouirtie fsopjhtgqvgmdbrl mmptrpw iippithmav ayhdb gnrqijnuw ohv br hjrqpptpusqtvk oypqlwybfiydvqttcf lvgpryqecqmzer usv kdrmdxwafgbetn nejm zqvwapounpolysa r pcfnueigibosfz iz hsdqcnfaczjhrrnjacrw
49
cjxa cjxa
lypjohkwas lypjohkwas
tgjymnda tgjymnda
naotvrgiw naotvrgiw
drtfx drtfx
hitnbf hitnbf
lvgpryqecqmzer lvgpryqecqmzer
pcfnueigibosfz pcfnueigibosfz
pdeka pdeka
ohv ohv
tnksqgnouirtie tnksqgnouirtie
oypqlwybfiydvqttcf oypqlwybfiydvqttcf
ychurajzzrwcnhszu ychurajzzrwcnhszu
iexlihpadodv iexlihpadodv
kwokunqeosyqiivvbwe kwokunqeosyqiivvbwe
br br
morektbh morektbh
dbjctc dbjctc
iz iz
usv usv
hjrqpptpusqtvk hjrqpptpusqtvk
hfbmbbctfkortwoit hfbmbbctfkortwoit
gcdyz gcdyz
j j
fsopjhtgqvgmdbrl fsopjhtgqvgmdbrl
nejm nejm
npmvbupt npmvbupt
frqkotnmzotvpaxrgk frqkotnmzotvpaxrgk
kdrmdxwafgbetn kdrmdxwafgbetn
ukpyk ukpyk
xnzizkurk xnzizkurk
zqvwapounpolysa zqvwapounpolysa
ozwbaciug ozwbaciug
plnxeq plnxeq
qlvjzdwlydfqzukha qlvjzdwlydfqzukha
ugyruvo ugyruvo
r r
aiuedyipexgbvitzv aiuedyipexgbvitzv
iippithmav iippithmav
fflvzfcx fflvzfcx
ayhdb ayhdb
mmptrpw mmptrpw
zelkdrqdfhrtq zelkdrqdfhrtq
hjmzliqlcsrrbtr hjmzliqlcsrrbtr
knhlzqvggqgkwikoqjp knhlzqvggqgkwikoqjp
gmcpuiqbgwgh gmcpuiqbgwgh
gnrqijnuw gnrqijnuw
evvcskvyn evvcskvyn
ftknasbvbrhdq ftknasbvbrhdq
