mqncr fhsjw qxsoe jkkgv kpxlz yhpwd urykd mxihv eludu mzwec rtshe wxcvg xphcw wxcvg txllv piswp txllv okcyb yhpwd kpxlz jkkgv jemlu anscp sbnmi dtvfs anscp tcxbn mnymy gsdqj qkftw lqyam zfawc tcqqe eustb sxqhs ywyyb sfgmu weuhz dkdci mwoev dsfpg jvfig hgwal hrhzb hgwal qpjoh kwvgs diapc qcfox cakfa bymoa meyde vdlja qfcxo vdlja innfa dxllq innfa awsuk gkosc vnnvv mrnva vnnvv dsbhm tctxs mlqbj gztsf ayayj ufvcg ajzuo edxoe qotnp eakkr vzoqh kjeqj mjgiw gpwkr mjgiw kjeqj vzoqh cfspg ibnyw iigud macxu iigud mqreu dabkf dxztc jwmjp byjai uooez drlqp byjai jwmjp zmwtk igpmu cegzm wxaab cegzm wwphq lhsag irkbu lhsag tgxta soqle uvlln tgxta pvzeb npkau nsllr thxbd fnipk thxbd axdtz pnmkd qxsoe mqncr qrmyp witaj kdtrw nppux kdtrw qrmyp jxcvu nsllr hribg peobk hribg ygust ybtvs ssyjd ylsow zdwkb fdewe peobk derxh ilbfw fjrpj ilbfw hqiic ghzax hqiic yuvek ypkmm lfdet odwou zcixl fblut qwmew dxztc eqddq dxztc yuuqu drrap bwinl drrap mqncr
97
mlqbj mlqbj
nppux nppux
mjgiw mjgiw
innfa innfa
gpwkr gpwkr
qfcxo qfcxo
cakfa cakfa
wxaab iggzg
uvlln jjlwh
zmwtk kqysx
hgwal lukkm tyjab
qrmyp qrmyp
ylsow ylsow
ywyyb ywyyb
drrap drrap
igpmu igpmu
drlqp drlqp
qwmew qwmew
jkkgv jkkgv
anscp anscp
rtshe rtshe
derxh derxh
edxoe edxoe
lfdet lfdet
sbnmi sbnmi
dsbhm dsbhm
ajzuo aoxfw
ilbfw ilbfw
jvfig jvfig
ayayj ayayj
qcfox qcfox
vnnvv vnnvv
irkbu irkbu
mqreu mqreu
eustb eustb
mxihv mxihv
peobk peobk
eqddq eqddq
zcixl zcixl
fjrpj fjrpj btqda
lhsag lhsag
fblut fblut
gkosc gkosc
kdtrw kdtrw
dxllq dxllq
cegzm cegzm
fnipk fnipk
qpjoh qpjoh
jemlu jemlu
piswp piswp
cfspg cfspg
uooez uooez
mwoev mwoev
mrnva mrnva
axdtz axdtz
pvzeb pvzeb
gsdqj gsdqj
bwinl bwinl
tcqqe tcqqe
sfgmu sfgmu
kwvgs kwvgs
ssyjd ssyjd
iigud iigud
jwmjp jwmjp
dkdci dkdci
dsfpg dsfpg
wwphq wwphq rnrth
awsuk awsuk
ypkmm ypkmm
gztsf gztsf
npkau mpjyf
hribg hribg
eludu eludu
jxcvu jxcvu
tctxs tctxs
ghzax xftof
tcxbn tcxbn
dtvfs mbqyg
eakkr eakkr
qotnp qotnp
yuvek yuvek
qxsoe qxsoe
macxu macxu
hrhzb hrhzb
pnmkd pnmkd
ygust ygust
xphcw xphcw
ibnyw ibnyw
mzwec mzwec
bymoa bymoa
mnymy mnymy
sxqhs sxqhs
qkftw qkftw
vzoqh vzoqh
byjai byjai
diapc diapc
yuuqu yuuqu
