xjbms swhav ybgaf ydhop ybgaf vaeqh otdam ejwkt xeikc bsuwt kvvqk bsuwt nnnts dzfkr ttdxn hwhxr amkzk wxnxi nrtqp lyixz oovyk lkzxl beqlb fuume lpolv fuume bicnj ocgbu iddrb wnlug usrtf rlqrg yuayd yifeb yuayd deoux mrnvg bqgqy mrnvg bitkj uzzfw lfceh xvefe npvgp kymjg qkzwm itxfb hgzmo bwgqu rlqrg uegez rlqrg usrtf vlzjn psudb czppi umkyo bthif kyaqs tykrt begrs fnhle begrs xecik riwwe yvlpb xjbms
45
usrtf rnrnh usrtf
vaeqh qkysn vaeqh
czppi czppi
lkzxl lkzxl
bthif bthif
xecik akegy xecik
psudb psudb
itxfb itxfb
bqgqy bqgqy yztko
uzzfw uzzfw
fnhle fnhle
begrs impuz
dzfkr dzfkr
npvgp fxnnl npvgp
fuume fuume
bsuwt bsuwt
kvvqk kvvqk
xeikc xeikc
xvefe xvefe
ybgaf ybgaf
bicnj bicnj
xjbms xjbms
riwwe riwwe
uegez uegez
lyixz lyixz
kyaqs kyaqs
ocgbu ocgbu
wxnxi wxnxi
deoux deoux
yifeb hstmf
tykrt tykrt
iddrb iddrb
lpolv lpolv
nrtqp nrtqp
mrnvg mrnvg
nnnts nnnts
wnlug wnlug
hwhxr hwhxr
bwgqu bwgqu
ydhop ydhop
yvlpb mbzzn
lfceh lfceh
swhav llwzk
ejwkt ejwkt
beqlb beqlb
