0 30 21 71 67 58 41 35 66 17 20 148 44 70 44 9 10 75 68 124 55 56 147 29 1 45 19 6 14 53 65 69 27 23 190 78 62 5 4 60 57 13 131 77 131 24 131 63 158 25 172 74 110 16 106 37 47 37 46 52 49 101 28 81 48 76 64 11 132 31 12 103 33 113 7 113 72 133 39 61 136 43 32 3 59 2 54 22 73 36 167 34 83 38 50 42 165 8 15 51 58 18 26 0
78
26 26
0 0
27 27
3 3
42 42
14 14
20 20
77 77
54 54
19 19
21 21
43 43
7 7
70 70
74 74
13 13
29 29
73 73
8 8
30 30
46 46
65 65
44 44
67 67
76 76
4 4
16 16
9 9
31 31
72 72
22 22
39 39
60 60
75 75
50 50
47 47
1 1
37 37
41 41
5 5
53 53
57 57
56 56
48 48
28 28
51 51
68 68
35 35
49 49
25 25
38 38
23 23
64 64
34 34
62 62
10 10
55 55
2 2
32 32
78 78
52 52
11 11
59 59
12 12
24 24
36 36
58 58
15 15
69 69
61 61
66 66
18 18
63 63
45 45
33 33
17 17
71 71
6 6
