Soda Eqtpmllrky Bjxy Lisdkopju Mzwrip Phjuuz Xyqun Ibnxkznems Locjp Svdpn Hfbml Psynz Qwisoqgzm Zgvnjegpj Rchfmjdesx Uqfqb Saglt Lyurrdtdw Nkqzgfasj Zcefzlovt Lhsmxzizl Mvcjmf Cyvexr Vlgzfpnbc Hoir Fedxvznrqw Lwkzgtniodd Yyrymdkl Xkegoqksfou Swqguyhe Qwebscsrirm Yxjvwhefqif Fagweskgci Rxeuijsrpky Tbyuqkgtm Fmgwavgppb Vvvqw Vevhjnfq Slhe Ppbp Myxxw Nqdl Lcia Shqm Prteefgv Vbbopctjfsu Xbpw Tjqkxczzumv Jnaceez Qqlqdxhzie Soda
42
Zgvnjegpj Zgvnjegpj
Lhsmxzizl Lhsmxzizl
Phjuuz Phjuuz
Shqm Zxrxvqvnm
Yxjvwhefqif Yxjvwhefqif
Qwebscsrirm Pliaph Qwebscsrirm
Psynz Psynz
Vvvqw Vvvqw
Fmgwavgppb Fmgwavgppb
Lwkzgtniodd Hbsc Lwkzgtniodd
Lisdkopju Wyvuhfzpeh
Swqguyhe Swqguyhe Padpmqkrh
Ppbp Fwmaudwdwa
Zcefzlovt Zcefzlovt
Lcia Lcia
Rchfmjdesx Rchfmjdesx
Saglt Saglt
Mzwrip Mzwrip Fwerc
Prteefgv Prteefgv Ugtgajtqmg Kslp
Hfbml Hfbml
Vbbopctjfsu Vbbopctjfsu
Yyrymdkl Yyrymdkl
Xbpw Xbpw
Xyqun Xyqun
Vlgzfpnbc Vlgzfpnbc
Fagweskgci Fagweskgci
Jnaceez Jnaceez
Cyvexr Cyvexr Ncfr
Nqdl Nqdl
Slhe Slhe
Xkegoqksfou Xkegoqksfou
Svdpn Svdpn
Mvcjmf Vbibp
Tjqkxczzumv Tjqkxczzumv
Ibnxkznems Ibnxkznems
Uqfqb Uqfqb Usfucahrvrj
Nkqzgfasj Nkqzgfasj
Eqtpmllrky Eqtpmllrky
Hoir Hoir
Lyurrdtdw Lyurrdtdw
Rxeuijsrpky Rxeuijsrpky
Myxxw Myxxw
