Soda Oxgcfytsfks Fsfxv Tniitgldxe Hozmfldg Tniitgldxe Weuri Ttrpbvjdda Hzinsgk Xmtucbfh Aybjrpvt Xmtucbfh Pqvhtvcqo Ikfqsv Pqvhtvcqo Jdonjesl Ocbwopj Uwwmj Lkqdreu Tdreo Wgehgd Mtpmo Xiogpn Bdympbsjhe Ddvyvg Bdympbsjhe Aodl Asqguuggw Ybbqswodh Azurxcmynf Xqlxxsqozg Civxfilaeqk Khoprwfn Civxfilaeqk Xqlxxsqozg Ueuphudi Qhaobijtvl Rthio Ylscbxx Aetguutl Ylscbxx Pzdxvrzhdt Vyledpi Sioinvblt Vyledpi Lhrjghnz Zseccp Lpcihph Gpqyo Utcvkhqmliy Jvxqdoen Elfjuircela Nkndh Zcluraciodj Fnao Mdnomclrhe Nmfcncwhiz Mdnomclrhe Fnao Lhzuvvpmpa Kwniposj Ufwcxpl Jrzelxfyphi Gmnmclt Wemlcijqj Imlguu Weuri Gsdug Brgwekrnc Vlibwe Iqfewjmoxea Zaqrljex Wtbchdvcf Tftuismjy Besuiq Hqengchsddu Yesamropvf Kcjpz Mzeexa Elgiz Gtgc Sihsuutjg Gfax Qxvqdumpbbl Gfax Oityp Gfax Xvkx Rouupns Xvkx Hmbz Soda Hqrjtum Zozpqsoh Cdplmrl Hwtzkfl Mmzmgkvtqx Bowdktxf Igcbw Khycsxtrrp Znjvtzp Khycsxtrrp Igcbw Irwyl Ibschxvbrh Nyesh Opyou Nncpo Ygaely Nncpo Dqlzagezaf Jwcpy Npgmpqjyei Ydvuvij Lcrsrgxpi Eufcpnaixls Ttkftfcy Fhgjwqkutxz Ewel Dpiknnvmi Zgdjffrhk Qcnqbaiah Brcezeb Niiglftbp Uymaeuj Yxqxfgj Uymaeuj Wcvfecug Uymaeuj Niiglftbp Nxwu Mpuidi Jggbevcry Yskel Wlodbyucbjq Nwtxsn Hgoc Nwtxsn Inxcijpyf Edqplcotb Kslcu Bylykbmgadb Kslcu Edqplcotb Hqrjtum Soda
98
Bylykbmgadb Bylykbmgadb
Mmzmgkvtqx Rnswnff
Wgehgd Wgehgd
Besuiq Besuiq
Ewel Ewel
Opyou Opyou
Rthio Rthio
Hqrjtum Hqrjtum
Mdnomclrhe Mdnomclrhe
Jvxqdoen Jvxqdoen
Ikfqsv Ikfqsv
Hqengchsddu Hqengchsddu
Kwniposj Kwniposj
Yskel Yskel
Nncpo Nncpo
Inxcijpyf Inxcijpyf
Edqplcotb Edqplcotb
Ueuphudi Ueuphudi
Lcrsrgxpi Lcrsrgxpi
Xqlxxsqozg Xqlxxsqozg
Gsdug Gsdug
Hmbz Hmbz
Uwwmj Uwwmj
Xvkx Xvkx
Qhaobijtvl Qhaobijtvl
Utcvkhqmliy Utcvkhqmliy
Elfjuircela Elfjuircela
Jwcpy Jwcpy
Khoprwfn Khoprwfn
Aetguutl Aetguutl
Eufcpnaixls Eufcpnaixls
Lhrjghnz Lhrjghnz
Brgwekrnc Brgwekrnc
Niiglftbp Niiglftbp
Vlibwe Vlibwe
Mpuidi Mpuidi
Kcjpz Kcjpz
Nmfcncwhiz Aqdrmrxjb
Nkndh Nkndh
Oityp Oityp
Xmtucbfh Xmtucbfh
Lpcihph Lpcihph
Asqguuggw Asqguuggw
Gtgc Gtgc
Wtbchdvcf Wtbchdvcf
Mtpmo Mtpmo
Zozpqsoh Zozpqsoh
Vyledpi Vyledpi
Xiogpn Xiogpn
Ttrpbvjdda Ttrpbvjdda
Ttkftfcy Ttkftfcy
Fhgjwqkutxz Fhgjwqkutxz
Rouupns Rouupns
Znjvtzp Znjvtzp
Igcbw Igcbw
Hwtzkfl Hwtzkfl
Yesamropvf Nwitmhz Yesamropvf
Lhzuvvpmpa Lhzuvvpmpa
Jdonjesl Jdonjesl
Wcvfecug Wcvfecug
Mzeexa Mzeexa
Tftuismjy Tftuismjy
Qxvqdumpbbl Fizeyd Qxvqdumpbbl
Yxqxfgj Yxqxfgj
Hozmfldg Hozmfldg
Cdplmrl Cdplmrl
Azurxcmynf Azurxcmynf
Wlodbyucbjq Wlodbyucbjq
Aybjrpvt Aybjrpvt
Nwtxsn Nwtxsn
Sioinvblt Sioinvblt
Zseccp Zseccp
Ygaely Ygaely
Hgoc Hgoc
Weuri Weuri
Bdympbsjhe Bdympbsjhe
Sihsuutjg Sihsuutjg
Aodl Aodl
Civxfilaeqk Shshl
Ibschxvbrh Ibschxvbrh
Fnao Fnao
Npgmpqjyei Npgmpqjyei
Zgdjffrhk Nklgno
Tdreo Tdreo
Ylscbxx Ylscbxx
Dpiknnvmi Dpiknnvmi
Uymaeuj Uymaeuj
Hzinsgk Hzinsgk
Gfax Lfvepwf
Gmnmclt Gmnmclt
Ufwcxpl Ufwcxpl
Zcluraciodj Zcluraciodj
Qcnqbaiah Qcnqbaiah
Ddvyvg Ddvyvg
Pzdxvrzhdt Pzdxvrzhdt
Oxgcfytsfks Oxgcfytsfks
Iqfewjmoxea Iqfewjmoxea
Jggbevcry Jggbevcry
