0 86 35 134 179 33 21 53 21 24 164 34 13 23 88 199 104 27 32 15 180 153 131 145 50 6 160 90 197 188 3 97 93 108 57 55 140 102 124 106 98 154 80 8 125 61 12 92 45 156 27 118 40 52 29 42 144 152 181 130 46 149 173 58 0
60
140 140
181 181
50 50
33 33
52 52
156 156
118 118
199 199
90 90
152 152
15 15
134 134
153 153
46 46
106 106
12 12
125 125
53 53
131 131
45 45
97 97
144 144
32 32
6 6
61 61
27 27
104 104
3 3
173 173
98 98
92 92
88 88
24 24
23 23
80 80
29 29
164 164
108 108
35 35
154 154
8 8
13 13
40 40
21 21
86 86
179 179
102 102
130 130
34 34
93 93
160 160
197 197
145 145
124 124
149 149
188 188
42 42
58 58
55 55
57 57
