KMZ BMH ZCR VNH HTV KAL XNM YFA GJK ACK WVO FYE MQG NYW KBZ VSQ IKT XNH BTR WDE KNQ TFL NDM COR HTU ENU UAO OUR YEC KDF WPB WDN EFO YET NSY NLD SZK VZI MWN DEW KQK HON EXX GVH PSZ GJW QUS GMG URI MBM BUN IEN DZY HPL WZI YWR FZZ DGD CDW GAZ VTA MMI EKW RWN PKG LCB BWL YQU XPB WYK XWZ WXC IYC PWL CEA HSN OBR LRF XYT KVT JTH ZES BVP VIF GEV CSI HGZ FBZ RHL EVY KDH KDO ZUA YGM XFP HDY QOE MWC RDP XXL AFO KMZ
100
XPB XPB
EXX EXX
VSQ VSQ
XYT XYT
RDP RDP
WPB WPB
RWN RWN
DEW DEW
KAL KAL
GJW GJW
YQU YQU
RHL RHL
ZES ZES
URI URI
EVY EVY
MMI MMI
BTR BTR
FBZ FBZ
XWZ XWZ
MWN MWN
ACK ACK
WYK WYK
MWC MWC
QUS QUS
EFO EFO
GVH GVH
MBM MBM
YET YET
OBR OBR
BUN BUN
MQG MQG
HTV HTV
GJK GJK
JTH JTH
CDW CDW
LRF LRF
BVP BVP
WDN WDN
KDH KDH
IEN IEN
ZUA ZUA
BMH BMH
PWL PWL
HON HON
TFL TFL
WVO WVO
SZK SZK
WDE WDE
NYW NYW
GEV GEV
GAZ GAZ
WZI WZI
VZI VZI
DGD DGD
HGZ HGZ
HSN HSN
XFP XFP
CEA CEA
LCB LCB
FYE FYE
VIF VIF
HDY HDY
KQK KQK
KVT KVT
DZY DZY
KDO KDO
YEC YEC
EKW EKW
IYC IYC
QOE QOE
GMG GMG
PSZ PSZ
HPL HPL
IKT IKT
XXL XXL
VNH VNH
ENU ENU
XNM XNM
KNQ KNQ
BWL BWL
XNH XNH
KBZ KBZ
KDF KDF
YWR YWR
AFO AFO
CSI CSI
WXC WXC
FZZ FZZ
YGM YGM
NDM NDM
PKG PKG
NSY NSY
NLD NLD
COR COR
HTU HTU
YFA YFA
VTA VTA
ZCR ZCR
UAO UAO
OUR OUR
