m6 f9 n5 q3 w8 k7 f6 e2 r1 c3 y0 v1 n8 w3 n8 v1 x1 e6 j2 w9 j2 q6 n2 j8 w2 l7 r4 k8 z3 d5 f4 n3 j4 r3 w1 b0 b8 q8 w4 l0 d4 b3 j0 m4 j0 c5 k5 l2 n7 v0 n7 q4 h1 j3 j2 l6 r3 q1 k9 e9 x9 m8 z8 q0 c0 h8 j5 h7 z3 k2 v4 e1 d0 h9 q7 g0 a5 z9 b9 c9 v3 x5 v3 d3 g6 l5 g2 a9 a6 x7 a6 n6 e2 j1 r2 v6 r8 k0 v2 c2 j9 g9 g8 h4 e7 n2 k4 l8 r7 l8 f1 a1 e3 f7 a0 v8 a8 f5 l4 m6
99
a0 a0
a1 a1
a5 a5
a6 a6
a8 a8
a9 a9
b0 b0
b3 b3
b8 b8
b9 b9
c0 c0
c2 c2
c3 c3
c5 c5
c9 c9
d0 d0
d3 d3
d4 d4
d5 d5
e1 e1
e2 e2
e3 e3
e6 e6
e9 e9
f1 f1
f4 f4
f5 f5
f6 f6
f7 f7
g0 g0
g2 g2
g6 g6
g8 g8
g9 g9
h1 h1
h4 h4
h7 h7
h8 h8
h9 h9
j0 j0
j1 j1
j2 j2
j3 j3
j4 j4
j5 j5
j8 j8
j9 j9
k0 k0
k2 k2
k4 k4
k7 k7
k8 k8
k9 k9
z3 z3
z8 z8
z9 z9
x1 x1
x5 x5
x7 x7
x9 x9
v0 v0
v1 v1
v4 v4
v6 v6
n2 n2
n3 n3
n5 n5
n6 n6
n7 n7
n8 n8
m4 m4
m6 m6
m8 m8
l0 l0
l2 l2
l4 l4
l5 l5
l6 l6
l7 l7
l8 l8
q0 q0
q1 q1
q3 q3
q4 q4
q6 q6
q7 q7
q8 q8
w1 w1
w2 w2
w3 w3
w8 w8
w9 w9
r1 r1
r2 r2
r3 r3
r4 r4
r7 r7
r8 r8
y0 y0
