stop0 stop83 stop132 stop157 stop43 stop80 stop2 stop70 stop17 stop10 stop29 stop69 stop111 stop50 stop59 stop150 stop81 stop156 stop44 stop14 stop91 stop125 stop155 stop22 stop27 stop89 stop110 stop72 stop145 stop129 stop109 stop154 stop107 stop138 stop131 stop47 stop160 stop38 stop153 stop85 stop158 stop74 stop12 stop13 stop56 stop16 stop94 stop96 stop163 stop57 stop130 stop147 stop23 stop159 stop127 stop64 stop88 stop101 stop124 stop104 stop24 stop139 stop45 stop118 stop39 stop105 stop73 stop31 stop55 stop0 stop115 stop79 stop58 stop109 stop126 stop102 stop8 stop100 stop41 stop28 stop24 stop152 stop20 stop167 stop148 stop42 stop15 stop141 stop119 stop90 stop108 stop113 stop75 stop3 stop122 stop0
92
stop104 stop104
stop156 stop156 stop142 stop161
stop109 stop26 stop109 stop146 stop61 stop1 stop25 stop48
stop57 stop57
stop39 stop39
stop43 stop18 stop140 stop43
stop0 stop30 stop46 stop168 stop51 stop82 stop106 stop112 stop71 stop143 stop78 stop0 stop116 stop62 stop123 stop40 stop63 stop98 stop171 stop151 stop103 stop21
stop101 stop101 stop35 stop60
stop12 stop92 stop12
stop158 stop158 stop68
stop111 stop99 stop111
stop160 stop128 stop160
stop83 stop11 stop83
stop28 stop28
stop14 stop14
stop44 stop44
stop155 stop4 stop155 stop97
stop15 stop15
stop42 stop42
stop13 stop13
stop17 stop17 stop84
stop138 stop138 stop19
stop81 stop81
stop24 stop24
stop73 stop73
stop125 stop125
stop167 stop167
stop107 stop107 stop120
stop147 stop147
stop16 stop16
stop91 stop91
stop110 stop110 stop166
stop79 stop79
stop88 stop88
stop74 stop74
stop115 stop144 stop115
stop159 stop159
stop50 stop50
stop100 stop100
stop122 stop122 stop162
stop56 stop56
stop59 stop59
stop29 stop29
stop2 stop2
stop139 stop139
stop150 stop149 stop150
stop105 stop105
stop127 stop127
stop102 stop102
stop163 stop163 stop86
stop8 stop8
stop69 stop69
stop113 stop113
stop10 stop10
stop90 stop90
stop154 stop93 stop154
stop27 stop27
stop47 stop47
stop131 stop131
stop118 stop118
stop124 stop124
stop23 stop23
stop119 stop119
stop41 stop41
stop38 stop38
stop75 stop75
stop64 stop64
stop55 stop55
stop70 stop70
stop132 stop132
stop85 stop85 stop36
stop130 stop130
stop20 stop20
stop129 stop6 stop129
stop145 stop145
stop3 stop3
stop89 stop89 stop9
stop96 stop96
stop141 stop141
stop80 stop80
stop153 stop153
stop126 stop126
stop72 stop72
stop148 stop148
stop108 stop108
stop45 stop45
stop22 stop22
stop31 stop31
stop58 stop58
stop94 stop94
stop152 stop152
stop157 stop157
