0 96 0 39 0 32 0 94 0 20 0 38 9 63 9 38 15 23 15 38 1 38 55 52 55 38 0 10 30 10 62 76 62 10 139 97 139 10 0 18 0 41 0 66 179 72 64 72 179 66 47 66 65 66 0 14 0 46 0 168 199 49 199 168 56 168 89 81 89 168 0 60 0 58 33 58 0 70 0 3 114 2 114 3 0 90 50 90 45 26 45 44 45 90 0 75 22 75 0 175 115 54 115 175 27 175 99 34 86 34 99 175 12 57 12 29 12 175 0 177 16 177 0 40 0 155 110 35 110 155 0 144 74 144 0 181 24 181 134 59 134 181 17 181 0 136 98 136 83 136 61 84 61 136 125 92 125 136 87 136 0 11 5 36 5 11 31 11 0 51 105 8 105 51 0 116 187 71 187 43 187 116 91 116 77 28 77 116 79 116 42 116 73 116 19 116 186 93 186 116 25 4 25 116 48 116 0 13 117 67 117 68 117 85 80 85 117 13 7 13 37 69 37 145 78 6 78 145 95 145 37 13 88 13 21 82 21 53 21 13 0
100
33 33
4 4
69 69
98 98
85 85
11 11
46 46
2 2
35 35
59 59
6 6
68 68
77 77
81 81
44 44
56 56
3 3
39 39
10 10
74 74
92 92
76 76
83 83
70 70
43 43
13 13
25 25
94 94
27 27
53 53
72 72
37 37
61 61
5 5
45 45
65 65
0 0
93 93
50 50
22 22
49 49
32 32
41 41
14 14
82 82
30 30
15 15
36 36
40 40
64 64
17 17
73 73
18 18
19 19
80 80
58 58
52 52
16 16
21 21
60 60
29 29
67 67
9 9
62 62
23 23
66 66
84 84
63 63
7 7
31 31
88 88
96 96
12 12
87 87
28 28
38 38
55 55
57 57
48 48
51 51
89 89
26 26
34 34
86 86
8 8
99 99
24 24
91 91
1 1
95 95
97 97
20 20
47 47
42 42
54 54
78 78
79 79
75 75
90 90
71 71
