144 133 18 25 141 187 51 119 91 39 188 175 62 13 75 95 99 75 62 110 79 139 8 139 16 112 40 80 73 44 132 88 114 80 40 79 152 7 127 93 128 185 92 122 105 3 78 54 164 126 21 66 165 14 173 106 173 14 151 90 169 172 107 83 136 53 174 170 148 104 156 85 130 104 148 170 67 24 154 146 108 43 157 74 124 70 183 159 147 41 76 33 131 52 87 1 33 176 42 142 19 28 11 158 64 136 49 120 144 47 144 11 144
72
3 3
7 7
8 8
11 11
13 13
14 14
16 16
18 18
19 19
21 21
24 24
28 28
39 39
42 42
43 43
44 44
47 47
49 49
51 51
53 53
62 62
64 64
66 66
67 67
70 70
74 74
75 75
76 76
78 78
79 79
83 83
87 87
88 88
90 90
92 92
93 93
95 95
99 99
104 104
106 106
107 107
108 108
110 110
112 112
114 114
119 119
120 120
122 122
124 124
126 126
127 127
128 128
130 130
131 131
132 132
133 133
136 136
141 141
142 142
147 147
152 152
156 156
157 157
158 158
159 159
165 165
169 169
170 170
174 174
183 183
187 187
188 188
