0 103 34 31 10 172 189 26 14 162 179 139 101 168 22 42 45 47 175 177 155 193 108 110 28 11 183 91 23 24 5 178 68 105 51 115 67 150 131 99 87 94 121 78 120 73 152 141 127 186 12 104 85 76 56 97 133 2 126 35 93 142 49 39 46 132 140 192 27 38 146 52 44 149 59 143 163 63 136 170 66 194 62 71 1 164 82 100 79 72 130 13 77 50 195 30 64 21 0
97
62 62
21 21
52 52
50 50
192 192 29
34 34
101 101
93 93
143 143
127 127
186 186
26 26
103 103
39 39
47 47
64 64
141 141
82 82
168 168
193 193
28 28
2 2
72 72
136 136
133 133
189 189
12 12
195 195
126 126
163 163
110 110
183 183
44 44
42 42
155 155
172 172
27 27
178 178
105 105
10 10
94 94
115 115
87 87
31 31
170 170
179 179
46 46
130 130
152 152
99 99
164 164
59 59
11 11
5 5
24 24
142 142
162 162
38 38
108 108
49 49
77 77
56 56
78 78
97 97
194 194
23 23
51 51
146 146
85 85
79 79
121 121
76 76
45 45
73 73
68 68
150 150
139 139
131 131
104 104
71 71
132 132
30 30
140 140
13 13
1 1
22 22
14 14
67 67
66 66
91 91
63 63
35 35
177 177
149 149
120 120
100 100
175 175
