0 155 137 99 128 153 82 153 24 197 90 143 96 143 121 102 51 100 145 38 142 69 12 182 73 21 169 141 169 86 164 86 169 21 77 56 58 19 152 59 135 85 49 159 187 9 32 35 32 50 39 36 189 167 98 167 14 140 2 112 188 61 97 186 67 23 147 106 196 120 112 195 125 183 124 157 45 43 194 132 74 132 194 119 134 114 134 119 48 108 57 55 92 94 92 55 178 20 149 10 149 107 81 64 81 101 83 198 0
76
99 99
96 105 46 175
186 150 186 89
85 85
9 139 9
141 141 95
21 21
64 64 148
45 45
108 108
14 14
132 132
50 50
157 41 157
0 13
82 82 29
57 138 57
12 12
188 188
98 170 166
114 1 103
119 119
69 161 69
58 129
39 39
90 90
169 169 66
143 143 11
67 27 67
77 77
124 124 26
49 49
36 160
20 20
56 56
189 71 189
74 74
152 152
35 35 185
59 59
100 100
55 55
195 195
23 23
24 24
120 172
61 68
107 107
83 83
147 147 104
125 125
197 197
167 167
101 101
128 52 3 123
2 2
112 112
137 137
142 142 72
43 43
94 94
73 73
196 196
10 176 10
106 106
38 38
164 164
92 92
182 182
51 51
19 19
86 86
48 16
198 198
97 97
102 102
