0 24 54 118 160 103 48 97 146 170 64 20 155 122 28 122 155 40 109 29 104 61 6 39 128 82 136 186 138 161 95 67 25 26 154 153 130 124 105 60 194 192 183 88 142 188 179 178 166 198 166 156 181 4 90 111 74 184 131 81 69 81 66 149 160 11 112 96 84 18 119 12 17 19 196 135 150 30 2 86 158 75 98 120 191 180 176 92 140 99 107 189 139 189 107 99 14 91 116 182 162 126 132 24 0
75
0 0
2 2 114
4 4
6 6
189 8
160 10 160
12 12
14 14
11 16
18 18 42
20 20 70
69 22 38
24 24
26 26 152
28 28 76
30 30
128 32 128
88 34 88
29 36
40 40 72
109 44
139 46 144
48 48
192 50 192
103 52
54 54
92 56 68 92
104 58 104
60 60
17 62
64 64
66 66
74 74 190
90 78 90
191 80 172
82 82
84 84
86 86 94
96 96
98 98
162 100 162 168
158 102 158
119 106
25 108
180 110 180
112 112
116 116
118 118
120 120
122 122
124 124
126 126
130 130
132 132
198 134 198
136 136
138 138
140 140
142 142
146 146
19 148
150 150 174
154 154
156 156
61 164
166 166
170 170
176 176
178 178
182 182
184 184
186 186
188 188
194 194
196 196
