Soda McCone LifeSciences Pitzer Stern Senior Wheeler Giannini Jacobs Morgan Foothill Bowles Dwinelle Hildebrand Koshland DoeLibrary Moses Wellman Haste HaasPavilion Hertz Cheit Stanley Boalt Blackwell Soda
24
Boalt Boalt
Cheit Cheit
Dwinelle Dwinelle
Giannini Giannini
Haste Haste
LifeSciences LifeSciences
Jacobs Jacobs
Hildebrand Hildebrand
Moses Moses
Senior Senior
Stern Stern
Wheeler Wheeler
Blackwell Blackwell
Bowles Bowles
DoeLibrary DoeLibrary
Foothill Foothill
HaasPavilion HaasPavilion
Hertz Hertz
Koshland Koshland
McCone McCone
Morgan Morgan
Pitzer Pitzer
Stanley Stanley
Wellman Wellman
