Soda Cory Gilman Simon Stern NorthGate Giannini GreekTheatre LeConte ClarkKerr BarkerHall Pitzer Observatory SproulPlaza McLaughlin Morgan Haste McCone EdwardsStadium Bowles Moses Boalt Campbell HaasPavilion Jacobs DoeLibrary Wheeler Senior Hildebrand Foothill VLSB Hertz MLK Stanley Koshland KrutchTheater LifeSciences HearstFieldAnnex Cheit HearstMiningCircle Blackwell Etcheverry Insectary MemorialStadium Bechtel Dwinelle Soda
45
Bechtel Bechtel
Boalt Boalt
Cheit Cheit
Cory Cory
Dwinelle Dwinelle
Etcheverry Etcheverry
Giannini Giannini
GreekTheatre GreekTheatre
Haste Haste
HearstMiningCircle HearstMiningCircle
LifeSciences LifeSciences
McLaughlin McLaughlin
Jacobs Jacobs
KrutchTheater KrutchTheater
Hildebrand Hildebrand
MLK MLK
Moses Moses
Observatory Observatory
Senior Senior
SproulPlaza SproulPlaza
Stern Stern
VLSB VLSB
Wheeler Wheeler
BarkerHall BarkerHall
Blackwell Blackwell
Campbell Campbell
Bowles Bowles
ClarkKerr ClarkKerr
DoeLibrary DoeLibrary
EdwardsStadium EdwardsStadium
Foothill Foothill
Gilman Gilman
HaasPavilion HaasPavilion
HearstFieldAnnex HearstFieldAnnex
Hertz Hertz
Insectary Insectary
Koshland Koshland
LeConte LeConte
McCone McCone
MemorialStadium MemorialStadium
Morgan Morgan
NorthGate NorthGate
Pitzer Pitzer
Simon Simon
Stanley Stanley
