2 157 53 193 145 52 56 44 104 115 147 198 128 86 37 25 37 178 155 196 121 7 121 199 97 199 35 188 163 158 163 5 59 173 162 152 36 98 27 20 59 5 125 31 10 194 93 101 150 185 70 100 114 107 43 80 118 6 71 43 107 114 126 175 87 8 13 138 164 117 102 45 181 34 23 11 26 63 131 109 161 4 112 190 92 21 105 108 42 50 1 58 73 83 38 186 136 186 0 192 176 51 76 22 14 18 171 179 171 149 140 165 99 174 28 94 57 15 30 137 172 103 116 67 182 189 184 130 55 139 62 90 177 70 60 9 85 41 2
85
93 93
194 194
60 142
52 52
125 125
139 139
157 49 157
8 8
178 178 82
179 179 133
27 141 27
97 106 97
38 38 46
189 122 189
7 79 7
172 61
92 92
147 32
73 73
131 131 156
58 58
174 174
76 76
6 6
116 116
171 171
13 13
196 196
94 94
14 14
2 2
145 145
130 130
34 34
55 55
173 173
90 95 90
192 192
112 112
126 126
121 121
136 119 136
62 96
149 3 149
28 28
164 164
35 35
25 25 12
50 50
161 161
188 188
99 113
36 36
86 86
158 110 158
118 118
177 177
80 80 54
128 128
44 44
53 53
23 23
51 51
0 0
193 193
100 100
85 85
42 42
1 187
4 4
182 182
56 56
26 26
15 15
115 115
98 98
114 114
67 67
30 30
59 59
63 63
181 181
165 165
138 138
175 48
