ffffff uu a dddd jjjj eeeee tttttt kkkkkkkk sssss ttttttt d cccc dd bbbbbbb l zzzzz ee q gggggggg hhhhhhh wwwwww tttt ffff eeee mm ssssss ttttt jjjjjj zzz bbbbbb ggggggg qqqqqq aaa x o uuu nnn tt mmmm kkkk cc jjj ssss ooooo wwwww vvv xxxx wwww xxxx llllllll llllll b uuuuuu vvvvv rrrr iiiiiii lllllll k vvvvvv pppppppp aa eeeeeee e bbbbbbbb mmmmmmmm kkkkkk qqq yy sss yyyyyyy oooooo sssssss xxxxxxx ccccccc hhhh lll oooooooo aaaaaa iiiiiiii hhh s ppppp jjj gggg pppp cccccc qq m eeeeee aaaaa xxx ii aaaa xxxxx ffffffff nnnnnn fffff rrrrr ggggg xxxxx ll uuuuuuu ffffff
96
ffffff ffffff
iiiiiiii iiiiiiii
pppppppp pppppppp
b b
x x
ppppp ppppp
mmmmmmmm mmmmmmmm
ttttttt ttttttt
xxxx xxxx
mm mm
ssss ssss
o o
ffff ffff
k k
xxxxx xxxxx
jjj jjj
zzz zzz
q q
eeeeeee eeeeeee
uuu uuu
yy yy
ll ll
tttt tttt
gggggggg gggggggg
bbbbbb bbbbbb
ccccccc ccccccc rrrrrr
kkkkkk aaaaaaaa kkkkkk
wwww wwww rr
oooooooo oooooooo
dd j dd
eeeeee eeeeee
uuuuuu uuuuuu
cccc cccc
d d
aaaa aaaa
llllll llllll
xxxxxxx xxxxxxx
wwwww wwwww
bbbbbbbb bbbbbbbb
ee ee
nnn nnn
ggggg ggggg
zzzzz zzzzz
kkkk kkkk
a a
lll lll
llllllll llllllll
ooooo ooooo
sssssss sssssss
eeee eeee
iiiiiii iiiiiii
xxx xxx
aaaaaa aaaaaa
uuuuuuu uuuuuuu
rrrrr rrrrr
hhhhhhh hhhhhhh
uu uu
bbbbbbb bbbbbbb
kkkkkkkk kkkkkkkk
ttttt ttttt
qqq qqq
s s
aaa aaa
vvvvvv vvvvvv
fffff fffff
cc cc
tt tt
wwwwww wwwwww
sssss sssss
qq qq
ssssss ssssss
jjjj jjjj
tttttt tttttt
mmmm mmmm
ggggggg ggggggg
vvvvv vvvvv
hhhh hhhh
oooooo oooooo
jjjjjj jjjjjj
eeeee eeeee
yyyyyyy yyyyyyy
ffffffff ffffffff
dddd dddd
e e
aa aa
hhh hhh
sss sss
pppp pppp
gggg gggg
lllllll lllllll
qqqqqq qqqqqq
nnnnnn nnnnnn
m m
vvv vvv
cccccc cccccc
ii ii
