f xxx ss j uuuuu zzz fffffff bbbbbbbb sss dddddddd a eeee p vvvv aaa qqqqqq w c uu xxxxxx ttttt hhhh ff jjjj wwww pp aaaaa mmmmmmmm q ggggg hhh qqqqqqq rrrrrr jjjjjjj ffffffff v s vv wwwwwww nnnn iii ggg lllll ssss ssssss llllll z m qq f
49
f f
jjjjjjj jjjjjjj
xxx xxx
bbbbbbbb bbbbbbbb
llllll llllll
dddddddd dddddddd
iii iii
v v
p p
j j
aaaaa aaaaa
vvvv vvvv
sss llllllll sss
q q
rrrrrr rrrrrr
wwwwwww wwwwwww
fffffff fffffff
nnnn nnnn
mmmmmmmm rrrrrrrr
aaa aaa
c c
vv vv
ffffffff ffffffff
ff ff
ggggg ggggg
ggg ggg
a a
hhhh hhhh
wwww wwww
qqqqqq qqqqqq
z z
hhh hhh
xxxxxx xxxxxx
s s
ssssss ssssss
w w
ssss ssss
lllll lllll
uu uu
m m
eeee eeee
pp pp
ss ss
qqqqqqq qqqqqqq
uuuuu uuuuu
qq qq
ttttt ttttt
jjjj jjjj
zzz zzz
