199 24 10 151 197 172 149 89 138 30 66 14 162 22 63 143 15 91 133 105 77 88 21 59 114 11 57 61 20 60 44 5 39 29 7 177 41 157 115 167 78 119 156 74 156 86 65 76 65 8 98 34 67 103 177 79 38 83 55 3 55 94 62 183 122 84 32 120 130 145 16 81 43 92 193 31 97 102 45 104 85 99 139 158 71 2 27 19 70 134 53 163 49 142 146 174 40 174 96 189 176 46 72 46 47 93 178 50 101 13 108 1 113 25 190 196 82 199
82
49 0 49
1 1
2 2
3 3 18
119 4
5 5
72 6 72
7 7
8 8
96 9 96
10 10
11 11
91 12 91
13 13
14 14
15 15
16 16 48
163 17 75
19 19
20 20
21 21 73
22 22
177 23
24 24
25 25
142 26
27 27
197 28
29 29
30 30
31 31
32 32
40 33 40
34 34
103 35
47 36 47
145 37
38 38
39 39 90
41 41
76 42 76
43 43
44 44
45 45 80
46 46
50 50
77 51 77
102 52 64
53 53
176 54
55 55
93 56 93
57 57
74 58 74
59 59
60 60
61 61
62 62
63 63 68
65 65
66 66
67 67
190 69
70 70
71 71
78 78
79 79
81 81
82 82
83 83
84 84
85 85
86 86
149 87
88 88
89 89
92 92
94 94
189 95
97 97
98 98
99 99
