SueJosephGarza PaulShaneSoldner KennethShannonGardel MelindaKennethAzar NathanKevinCorathers AshleyWilliamClarke IraJimmyYang FranciscoFrancesHarr JohnJoseJudd LillieKathleenCervan PhyllisJackWilson DonaldDoloresKelly BrianLuzArce AnnaKyleChang ChristinaDanaGrant CrystalShermanVida WilliamGeorgeWilliam JohnDustinKenny PamelaPageBullock JessicaJohnSpells DarnellAliciaPeters PaulEvanRichard MaryLindaKirkland SueCourtneyOsgood WilburnDavidMiller LucyBennyHaag JamesJaredGonzalez LeroySandraLewis MarianLuluDiaz PatriciaBernardBrock AlfredaKirstenMartin LuisHelenHughes KarenErmaJensen KevinHaroldCyr LauraPhilipWinkler BrianRolandAli ThomasAnnieRuiz MariaChristopherCast ElsieJosephPhelps OllieGeorgeSova SueJosephGarza
39
BrianRolandAli BrianRolandAli
OllieGeorgeSova OllieGeorgeSova
PatriciaBernardBrock PatriciaBernardBrock
JamesJaredGonzalez JamesJaredGonzalez
MaryLindaKirkland MaryLindaKirkland
LucyBennyHaag LucyBennyHaag
PaulEvanRichard PaulEvanRichard
JessicaJohnSpells JessicaJohnSpells
PhyllisJackWilson PhyllisJackWilson
LauraPhilipWinkler LauraPhilipWinkler
KevinHaroldCyr KevinHaroldCyr
ThomasAnnieRuiz ThomasAnnieRuiz
MariaChristopherCast MariaChristopherCast
WilliamGeorgeWilliam WilliamGeorgeWilliam
DarnellAliciaPeters DarnellAliciaPeters
AnnaKyleChang AnnaKyleChang
AshleyWilliamClarke AshleyWilliamClarke
MarianLuluDiaz MarianLuluDiaz
WilburnDavidMiller WilburnDavidMiller
CrystalShermanVida CrystalShermanVida
LillieKathleenCervan LillieKathleenCervan
PamelaPageBullock PamelaPageBullock
IraJimmyYang IraJimmyYang
BrianLuzArce BrianLuzArce
LuisHelenHughes LuisHelenHughes
LeroySandraLewis LeroySandraLewis
KarenErmaJensen KarenErmaJensen
ChristinaDanaGrant ChristinaDanaGrant
AlfredaKirstenMartin AlfredaKirstenMartin
PaulShaneSoldner PaulShaneSoldner
DonaldDoloresKelly DonaldDoloresKelly
FranciscoFrancesHarr FranciscoFrancesHarr
SueCourtneyOsgood SueCourtneyOsgood
MelindaKennethAzar MelindaKennethAzar
ElsieJosephPhelps ElsieJosephPhelps
JohnJoseJudd JohnJoseJudd
NathanKevinCorathers NathanKevinCorathers
JohnDustinKenny JohnDustinKenny
KennethShannonGardel KennethShannonGardel
