AlbertFredHaines MichaelMarkHolloway JimmyFlorTasson MichaelMarkHolloway GeorgeHenryVillar MichaelMarkHolloway TommyAmandaMartin ZacharyWarrenKarth EricTinaPerea ZacharyWarrenKarth LuisCharlotteCollins JessicaChristopherHa ThomasEssieEwing JessicaChristopherHa DeeAmandaBartley MarkDianeDuchon RonaldEdnaArant KevinKurtPope EricJayBustad JohnRichardSmith LynnKennethChavez JohnRichardSmith JackieSharonScherrer AgathaKarenStiefel BradleyDeborahSaball EricTammyScott MistyRobertKing DianeElisePickett EdwardDennisStewart DianeElisePickett PerryJamesBennett DianeElisePickett JudyPearlineKaminski DianeElisePickett MarthaJackRobinson StephenSheldonOrlean BradleyDeborahSaball LawrenceBarryHadden PeterJosephBarbee LawrenceBarryHadden ElmerDemetriusLark MarkDianeDuchon JamesJordanZamora ZacharyWarrenKarth TravisMichelleMeller ClaudeBobbyBaker MarkAngelaMccloud ElishaMaryWojcik EricJayBustad CassandraJaniceGlove DenaJewellDavis JoannCharlieWilkinso RosaPatrickYankey LeeMillicentTauber AlbertFredHaines KathleenJoseClark CraigJohnLard KathleenJoseClark GeorgeWilliamJackson FerdinandLukeJackson StormyOllieYork FerdinandLukeJackson RolandGregoryWatson FerdinandLukeJackson CeliaMaryBoone JosephAmandaMullen EricJamesJuckett JosephAmandaMullen HeidiMayJohnson ClaudeBobbyBaker BrettDominickSonnier ClaudeBobbyBaker DebraJaneFitzgerald GloriaRuthRowland AlbertFredHaines FerdinandLukeJackson BradleyDeborahSaball LillianJuanAncona ManuelaJoseBailey LillianJuanAncona DeniseBrunoWilliam JeremyJamesChavez CherylMaryMorgan JeremyJamesChavez RickyJamesBrumfield RobertaVirgieBullock SandraHarryStewart StevenNeilNguyen CynthiaConnieWright StevenNeilNguyen StephenWilliamCoffma StevenNeilNguyen SandraHarryStewart KevinCharlesEvans GaryCharlesHudson JordanWilliamAlexand AlbertFredHaines JeremyJamesChavez MichaelElizabethWeav ZacharyWarrenKarth MarciaWalterKirschma ZacharyWarrenKarth EricJayBustad MarkDianeDuchon GeorgeFelixClifton KellyJohnnaOles JannaDavidCarranza JudeJanetHarcourt DorisJeffreyBinger JudeJanetHarcourt BernicePennyRiddick JudeJanetHarcourt EdwardErnestSinger BarbaraFranciscoHard AlbertFredHaines AnnDeannaLarzazs IsaacGregGargano AnnDeannaLarzazs KathleenSherryDay AnnDeannaLarzazs MaryJamesDavila RichardGussieCarrell AlbertFredHaines JoStephenMay HowardKennethCollins JoStephenMay GlennaMichaelBorden JoStephenMay SandraHarryStewart WilliamDavidGray JohnBrendaFuller WilliamDavidGray AugustTamikaMason DianeElisePickett RobinStephenWebster SamuelLawrenceAdamit AlbertFredHaines ZacharyWarrenKarth KevinThomasHiggins JuanitaPhilipParsons AlbertFredHaines JudeJanetHarcourt WadeSonnyMcbride JoannCharlieWilkinso DwainJoeFeldman MabelJamesMccormick AlbertFredHaines JoannCharlieWilkinso AlbertFredHaines
78
DenaJewellDavis DenaJewellDavis
KevinThomasHiggins KevinThomasHiggins
TommyAmandaMartin TommyAmandaMartin
CassandraJaniceGlove CassandraJaniceGlove
GlennaMichaelBorden GlennaMichaelBorden
CynthiaConnieWright CynthiaConnieWright
DwainJoeFeldman DwainJoeFeldman
RickyJamesBrumfield RickyJamesBrumfield
TravisMichelleMeller TravisMichelleMeller
MichaelElizabethWeav MichaelElizabethWeav
MarkAngelaMccloud MarkAngelaMccloud
ElmerDemetriusLark ElmerDemetriusLark
JosephAmandaMullen JosephAmandaMullen
BernicePennyRiddick BernicePennyRiddick
JudyPearlineKaminski JudyPearlineKaminski
GeorgeHenryVillar GeorgeHenryVillar
ThomasEssieEwing ThomasEssieEwing
DeeAmandaBartley DeeAmandaBartley
MistyRobertKing MistyRobertKing
MarthaJackRobinson MarthaJackRobinson
MarkDianeDuchon MarkDianeDuchon
FerdinandLukeJackson FerdinandLukeJackson
JimmyFlorTasson JimmyFlorTasson
GaryCharlesHudson GaryCharlesHudson
JohnRichardSmith JohnRichardSmith
JackieSharonScherrer JackieSharonScherrer
LawrenceBarryHadden LawrenceBarryHadden
SandraHarryStewart SandraHarryStewart
GeorgeWilliamJackson GeorgeWilliamJackson
CherylMaryMorgan CherylMaryMorgan
ZacharyWarrenKarth ZacharyWarrenKarth
KathleenJoseClark KathleenJoseClark
EdwardErnestSinger EdwardErnestSinger
JannaDavidCarranza JannaDavidCarranza
JudeJanetHarcourt JudeJanetHarcourt
EricTammyScott EricTammyScott
BradleyDeborahSaball BradleyDeborahSaball
EricTinaPerea EricTinaPerea
RolandGregoryWatson RolandGregoryWatson
RosaPatrickYankey RosaPatrickYankey
BrettDominickSonnier BrettDominickSonnier
WilliamDavidGray WilliamDavidGray
JamesJordanZamora JamesJordanZamora
LynnKennethChavez LynnKennethChavez
DeniseBrunoWilliam DeniseBrunoWilliam
MarciaWalterKirschma MarciaWalterKirschma
KathleenSherryDay KathleenSherryDay
HowardKennethCollins HowardKennethCollins
JoStephenMay JoStephenMay
DianeElisePickett DianeElisePickett
DebraJaneFitzgerald DebraJaneFitzgerald
LillianJuanAncona LillianJuanAncona
EricJamesJuckett EricJamesJuckett
ClaudeBobbyBaker ClaudeBobbyBaker
KellyJohnnaOles KellyJohnnaOles
StephenWilliamCoffma StephenWilliamCoffma
IsaacGregGargano IsaacGregGargano
CraigJohnLard CraigJohnLard
JeremyJamesChavez JeremyJamesChavez
PerryJamesBennett PerryJamesBennett
ManuelaJoseBailey ManuelaJoseBailey
RonaldEdnaArant RonaldEdnaArant
JohnBrendaFuller JohnBrendaFuller
PeterJosephBarbee PeterJosephBarbee
MaryJamesDavila MaryJamesDavila
StormyOllieYork StormyOllieYork
HeidiMayJohnson HeidiMayJohnson
AlbertFredHaines AlbertFredHaines
DorisJeffreyBinger DorisJeffreyBinger
WadeSonnyMcbride WadeSonnyMcbride
JessicaChristopherHa JessicaChristopherHa
EdwardDennisStewart EdwardDennisStewart
KevinCharlesEvans KevinCharlesEvans
RobinStephenWebster RobinStephenWebster
AnnDeannaLarzazs AnnDeannaLarzazs
StevenNeilNguyen StevenNeilNguyen
MichaelMarkHolloway MichaelMarkHolloway
JoannCharlieWilkinso JoannCharlieWilkinso
