SusanneJohnBerrios DougHelenHornbeck SpencerCourtneyBroth MattieBarbaraEkstrom DinahCatherineFaulkn AntonioGeraldBaker FernandoLindaWatson StephanieAaronWalker GarryDavidKingery MaryFrankieWomack DorothyDavidStromme JuliaMollieHernandez HarryNeilFranklin JorgeHeatherSamuels RalphClydeMills LaquitaJohnBrunette MonteMonicaLum JuanDebbieAllen ClaudiaDavidTaylor JuliaLindaGordon RubyLelandCollard DouglasRobertFerkovi SusanneJohnBerrios
21
DouglasRobertFerkovi DouglasRobertFerkovi
DinahCatherineFaulkn DinahCatherineFaulkn
MonteMonicaLum MonteMonicaLum
DorothyDavidStromme DorothyDavidStromme
StephanieAaronWalker StephanieAaronWalker
JuliaMollieHernandez JuliaMollieHernandez
JorgeHeatherSamuels JorgeHeatherSamuels
RubyLelandCollard RubyLelandCollard
MattieBarbaraEkstrom MattieBarbaraEkstrom
RalphClydeMills RalphClydeMills
DougHelenHornbeck DougHelenHornbeck
JuliaLindaGordon JuliaLindaGordon
LaquitaJohnBrunette LaquitaJohnBrunette
FernandoLindaWatson FernandoLindaWatson
JuanDebbieAllen JuanDebbieAllen
AntonioGeraldBaker AntonioGeraldBaker
MaryFrankieWomack MaryFrankieWomack
HarryNeilFranklin HarryNeilFranklin
ClaudiaDavidTaylor ClaudiaDavidTaylor
SpencerCourtneyBroth SpencerCourtneyBroth
GarryDavidKingery GarryDavidKingery
