dweidxeutk fuhtgylsov ctnsbezpjg tofdobbbjt dzzxropcld ltjqdpdqwv tehmqpfdnn xdmzjapanj zdiibealli kufcwxmspu pgiiochubt fwwnyjpwnp lvqqznnzyn bqrcwxsyuw wwmcjuetgz jxgwgvfggh tdtlnqnprm lzsvglcvqa itejbhhfxs xtugynuehn rqchbdjiqp arrkheyths dfgysrnikx okcwuqslme dlfzngcmgq depihfdmjk cowtuqqsll wlzaatlgns rwobvahhfa tzpaywhybw cnbqxrvlvl rqmdukqpbg aihlvhrjir hpqsgalvar dllzvxpcgk cavyunvwuk kjgjbkdckc sjqdgtugly qjjslhkvnr fxpsowceqq ulneltboej itouxsyevo gvxfzzmwzk rzqbegeoni dldiwncohw fxejnitkot pjsmzvnekz wqeazvzkdf gqwhfeepal gkbqwvqnfu vtquakjujf taoimnqdrr lgpbgvlzpo siwbsyuwap hcvrravrik nimybvgttg cwexpxaktw zbgxyjmdnm irtbznwvcu gpbaqafhdz cxrfqntbtm thtlrbqsyp cxrfqntbtm toeqvvzlae audojmtlep dweidxeutk xdhiumwdwn klbefaxnzg jiowqcrqpz uqhdcumthr sjcwiapdwb drtcvphibq iqbyvqgkcp seqrxdjigd vqlbufoinm htfyksgccp akzsqllzsv cmelcyxenw mnmjklgmnp elifcmozpf afkxpktsxw rlgdknlxmz efgyvzmusc wiwpekzeuz naqyljkxxq auonnlthcz vteisghgld rulcikswsa ercawnbbtx xwsnmxufqy vpghbvlzxd ienasnqnvt cpdpvshtof dweidxeutk
89
xdhiumwdwn xdhiumwdwn
gkbqwvqnfu gkbqwvqnfu nmshjtpxad
fwwnyjpwnp fwwnyjpwnp
efgyvzmusc efgyvzmusc
cmelcyxenw cmelcyxenw
itejbhhfxs ouzfljsksj
fxpsowceqq fxpsowceqq
gqwhfeepal gqwhfeepal
wqeazvzkdf wqeazvzkdf
xwsnmxufqy xwsnmxufqy
dzzxropcld dzzxropcld
akzsqllzsv akzsqllzsv
sjqdgtugly sjqdgtugly bxdnijtmyn
vtquakjujf vtquakjujf
cowtuqqsll cowtuqqsll
rzqbegeoni rzqbegeoni
cnbqxrvlvl cnbqxrvlvl
rqmdukqpbg rqmdukqpbg
tzpaywhybw tzpaywhybw
xtugynuehn xtugynuehn
irtbznwvcu irtbznwvcu
drtcvphibq drtcvphibq
thtlrbqsyp ivgiotlrrr
elifcmozpf elifcmozpf
siwbsyuwap siwbsyuwap
auonnlthcz auonnlthcz
mnmjklgmnp mnmjklgmnp
depihfdmjk depihfdmjk
tofdobbbjt tofdobbbjt bcwzxsuutq
ctnsbezpjg ctnsbezpjg
audojmtlep audojmtlep
tehmqpfdnn tehmqpfdnn
dweidxeutk dweidxeutk
cwexpxaktw cwexpxaktw
wlzaatlgns wlzaatlgns
wiwpekzeuz wiwpekzeuz
dllzvxpcgk wfybmclpmp dllzvxpcgk
ienasnqnvt ienasnqnvt
arrkheyths arrkheyths
wwmcjuetgz wwmcjuetgz
cxrfqntbtm cxrfqntbtm
gpbaqafhdz gpbaqafhdz
ltjqdpdqwv gyjkhdbyvm
dfgysrnikx dfgysrnikx
okcwuqslme okcwuqslme
hcvrravrik hcvrravrik
taoimnqdrr taoimnqdrr
lvqqznnzyn lvqqznnzyn
hpqsgalvar hpqsgalvar
vqlbufoinm vqlbufoinm
pgiiochubt hjvmodgwdg pgiiochubt
gvxfzzmwzk gvxfzzmwzk
fxejnitkot fxejnitkot
fuhtgylsov fuhtgylsov
aihlvhrjir aihlvhrjir
klbefaxnzg klbefaxnzg
bqrcwxsyuw bqrcwxsyuw
rlgdknlxmz kgpqjqjrhc rlgdknlxmz
vpghbvlzxd vpghbvlzxd
dlfzngcmgq dlfzngcmgq
zbgxyjmdnm zbgxyjmdnm
naqyljkxxq naqyljkxxq
cpdpvshtof cpdpvshtof
tdtlnqnprm tdtlnqnprm
toeqvvzlae toeqvvzlae
zdiibealli zdiibealli
rulcikswsa rulcikswsa
rwobvahhfa rwobvahhfa
xdmzjapanj pphebmysxy xdmzjapanj
qjjslhkvnr qjjslhkvnr
afkxpktsxw afkxpktsxw
dldiwncohw dldiwncohw
itouxsyevo itouxsyevo
rqchbdjiqp rqchbdjiqp
jiowqcrqpz jiowqcrqpz
lzsvglcvqa lzsvglcvqa
ercawnbbtx hlimwiksjd
lgpbgvlzpo lgpbgvlzpo
cavyunvwuk cavyunvwuk
ulneltboej ulneltboej
kjgjbkdckc kjgjbkdckc
nimybvgttg nimybvgttg
uqhdcumthr uqhdcumthr
kufcwxmspu kufcwxmspu
htfyksgccp gmvwahagsy
iqbyvqgkcp iqbyvqgkcp
sjcwiapdwb sjcwiapdwb
vteisghgld vteisghgld
pjsmzvnekz ftrqchqaif
