Chelmbourne Edgwich Staintree Elgrove Staflow Cleredon Wyhead Sodside Brainbridge Prestey Sudwich Enlow Maidenden Hartbage Barngrove Hornley Cookton Horncester Edgchester Wenwang Sudworth Melborne Egcastle Nortcastle Whitavon Elside Stainfield Pemwood Bracklow Leatherlow Alfby Stapwell Stafthorne Waltbrook Hurstworth Rocktree Whitborough Rocktree Barnden Shrivlow Flitham Enbage Stainside Whitover Stainhall Southmere Shrivside Edglow Dartsted Clerethorne Stapthorne Stapmoor Barnham Alfcastle Egborne Aldhall Alfwell Casford Wetborne Chelmbourne
51
Sudwich Sudwich
Sudworth Sudworth
Elside Elside
Clerethorne Barnside
Brainbridge Brainbridge
Enbage Enbage
Hornley Hornley Durditch
Chelmbourne Shaftwich
Stapthorne Stapthorne
Stapmoor Stapmoor
Pemwood Pemwood
Hurstworth Hurstworth
Wenwang Wenwang
Whitborough Whitborough Horndown
Sodside Sodside
Alfby Alfby Leatherlake
Edgwich Edgwich
Casford Casford
Southmere Southmere
Aldhall Aldhall
Stainside Stainside
Flitham Flitham Kingsley
Waltbrook Waltbrook
Staflow Bursted Staflow
Edgchester Edgchester
Elgrove Elgrove Wenborough
Rocktree Cookbridge Rocktree
Whitover Whitover
Prestey Prestey
Bracklow Bracklow
Dartsted Dartsted
Shrivside Shrivside
Stainfield Wenden
Barnham Barnham
Hartbage Hartbage
Melborne Pemwold
Shrivlow Shrivlow
Wyhead Wyhead
Horncester Horncester
Leatherlow Leatherlow
Egcastle Egcastle
Cleredon Cleredon
Stapwell Stapwell
Stainhall Stainhall
Cookton Cookton
Staintree Staintree
Barngrove Prestdon
Alfwell Alfwell Marlton
Egborne Egborne
Whitavon Whitavon
Enlow Enlow
