qtq xdz ahy thd jno wuc npu zgf npu wuc uxr pxi blo gac qtq oto pta lbs zbn vaf ase mmf qls qyi bwq qjm cpw lfh rxi cer tmc udq pwa thz txk gup fib cxu qoe nkx egz bai fgo xax ooi nxr ynq ptq vlt unf nhk orc hpb rod jta htv wpo tro viv nhr fne hxp ili bsz iuz nfy art ooc brk ukh hxo tvy qnn uca llr lah mnv qbj dkn unk qfc kza krg ahv rwt wpq vsu wuf rcs ifc fsl qtq
79
pta pta
xdz xdz
rxi hhe rxi
htv htv eqm
lbs itg
xax xax
nhk nhk
qtq qtq
hpb hpb
ptq ptq
ase ase
krg krg uoz
gup gup
ifc ifc plx
unk pxs
qfc qbe qfc
jno jno
kza kza
orc pkx orc
qnn qnn
nkx nkx
dkn dkn
wuc wuc
blo sfp zgs rju
cpw cpw
ooi ooi
zgf zgf cnv
uxr uxr
pwa pwa
egz vub egz lxt gak cjp
ynq ynq
tmc tmc
oto wju
jta jta
art idl
bai bai
fgo fgo
zbn zbn
bsz bsz
hxo hxo
qjm qjm
tro tro tmd
lah lah xos
qbj rut qbj
nfy nfy tnl
uca uca
npu npu
rcs pjx
vlt vlt
vaf vaf
mnv mnv
hxp hxp
fne wiq
nhr nhr slq
wuf wuf
ili ili yiz
fsl fsl
bwq lnv
pxi uwp
txk txk
wpo mbx
iuz iuz
cxu cxu
udq udq
fib zqn
ooc ooc
lfh lfh spp
thz thz
ukh ukh
viv viv
thd thd
qls qlo qls
wpq wpq
rwt rwt
brk brk
ahv ahv
rod rod
vsu vsu
ahy ahy
