FD AU BG DI GP DF GO HB HD AW DE AG CG CM HH EE GK DP BO GN CC CB EN CF DN ER DA EG DV HC FJ EZ FY HM FO EK DS EX FQ AM BK DQ CE GX CS GD ES EM AV EQ AT GC HF FM CW GF CI HP DB AJ BM HN DK AD BZ AK HR FX EO ED GR FB CT GZ FR BQ EW GM EL FP GQ BC DZ CL GA AZ BN CA FG DU CK BV AC FU CU FD
89
DB DB
GC GC
FJ FJ
EZ EZ
FO FO
FR FR
GK GK
CC CC
AV AV
CE AX
CT CT
BZ BZ
HC HC
EL EL
HN FT
BN BN
DP DP
GM ET
FM FM
BQ BQ
CW CW
HP HP
FP DC EJ BE FP
DV BF
CU CU
EM GS FI EM HO
EG EG
FG DM
GZ GZ
GO GO
HB HB
FQ FS
BK BK
HF HF
AU AU AF
AK AK
EK EK CO
GP GP
BO BO
DF DF
EN FV EN
DU DU
CL CL
DE DE
AM AM
CM BT
ES ES
GD GD
GR GR
AW AW
HH HH
DA DA
AJ AJ
CS CS
DN DN
CG CG
FY FY
AZ AZ
AD AD EY
BC BC
DQ DQ
DI DI
GX GX
GQ GQ
EE EE
DK DK
CA CA
EO EO
ER ER
DZ DZ
GN BA GN
HD HD
BM BM
ED DH
EX EX
AT AT
CB CB
BG BG
HM FN
CI CI
GA GA
CF CF
EW EW
BV BV
HR HR
FU FU
CK CK
AG AG
GF GF
