186 144 186 172 5 49 156 140 186 134 186 178 150 128 186 107 186 90 186 89 186 168 183 74 186 194 30 190 11 71 188 32 186 157 108 196 30 104 186 33 195 198 162 29 186 19 186 14 186 17 11 67 186 121 150 86 2 143 150 97 138 79 2 174 186 45 2 136 186 35 2 61 108 22 2 177 2 70 186
51
14 14
104 104
138 138
30 30
198 198
190 190
140 140
61 61
107 107
188 188
168 168
134 134
174 174
74 74
33 33
144 144
35 35
45 45
195 195
128 128
108 108
156 156
143 143
67 67
157 157
178 178
97 97
70 70
89 89
194 194
121 121
86 86
49 49
162 162
150 150
11 11
17 17
19 19
29 29
90 90
5 5
183 183
79 79
2 2
196 196
22 22
177 177
71 71
32 32
172 172
136 136
