Wolney Horndleside Reddingringey Nortditch Sodditch Dartworth Brombrough Hamwich Rotsted Wendlethorne Ketthorne Southcompmere Bromwich Stapseyden Sistanwick Boothingtree Edgfield Hannensworth Watchsmith Endlesthorne Boothingwick Rockdenport Hanbasside Bootherbersted Elmsbasbridge Wendlerewick Dribbinglow Ribbendhead Toddlenell Blanavon Ennell Melwich Wolden Horslake Brackavon Wycombe Sundlecombe Chedcastle Basserchester Cannell Camsreborough Braindlemere Ellensbrough Eggermoor Cheddenwang Sudhead Wencester Windlesseywang Pendlesbascastle Endcastle Marlborne Pendlesford Whitborough Camhampton Elmerdown Skelling Emmingwell Chilworth Wolbourne Braddlesreport Farnsmerbeck Hammingreport Camsmere Burglesbrook Soddlesbasbourne Eghampton Braddleswick Sismith Clereshot Worringcompgrove Sundtree Alddlesenbage Horndlehampton Falrensavon Suddingney Toddleborne Kettenwell Hammingdenden Sundlesborne Staindlemansavon Pendnell Chilmermere Penswick Ketworth Ciringover Tippendside Aldlow Cammertree Candleseyney Elsmith Sudderbage Camsted Suddlescester Sirengrove Worglesmernell Shrivgrove Sodham Durrenslow Flitcompwold Sunsseybrook Tipencester Camtree Reddlesley Chippingchester Ribblesremoor Skellerbury Rothensden Endover Wychringden Ensdown Prestwood Chedwick Dribberbrough Melborne Camling Botbeck Sudderwick Shaftport Chelmenthorne Falbaswood Siringbrook Skellingbaswold Skellingmansgrove Egwich Elringlow Skellingmansgrove Skellingbaswold Leatherberlake Siringbrook Falbaswood Chelmenthorne Shaftport Sudderwick Camling Melborne Dribberbrough Chedwick Prestwood Ensdown Wychringden Rothensden Skellerbury Ribblesremoor Chippingchester Reddlesley Camtree Sunsseybrook Flitcompwold Durrenslow Sodham Worglesmernell Sirengrove Camsted Sudderbage Elsmith Candleseyney Reddlebershot Cammertree Aldlow Ciringover Ketworth Tiphampton Penswick Chilmermere Pendnell Staindlemansavon Sundlesborne Kettenwell Toddleborne Suddingney Falrensavon Horndlehampton Alddlesenbage Worringcompgrove Clereshot Sismith Braddleswick Soddlesbasbourne Burglesbrook Camsmere Hammingreport Farnsmerbeck Braddlesreport Wolbourne Chilworth Skelling Elmerdown Emthorne Camhampton Whitborough Pendlesford Marlborne Endcastle Pendlesbascastle Windlesseywang Wencester Sudhead Cheddenwang Eggermoor Ellensbrough Braindlemere Camsreborough Cannell Basserchester Chedcastle Sundlecombe Wycombe Brackavon Alfcastle Horslake Wolden Ennell Blanavon Toddlenell Ribbendhead Dribbinglow Wendlerewick Bootherbersted Hanbasside Rockdenport Boothingwick Endlesthorne Watchsmith Skellingstoke Hannensworth Edgfield Reddingbourne Boothingtree Sistanwick Stapseyden Bromwich Nortmansford Southcompmere Ketthorne Chipcester Wendlethorne Rotsted Hamwich Brombrough Sodditch Nortditch Reddingringey Horndleside Wolney
55
Wolney Braindlemoor
Reddingringey Sodden
Brombrough Brombrough
Hamwich Hamwich
Chipcester Chipcester
Bromwich Bromwich
Stapseyden Stapseyden
Reddingbourne Reddingbourne
Watchsmith Watchsmith
Endlesthorne Endlesthorne
Rockdenport Hampenlake
Wendlerewick Wendlerewick
Dribbinglow Dribbinglow
Blanavon Egmanston
Wolden Wolden
Horslake Horslake
Sundlecombe Meley
Basserchester Basserchester
Cannell Cannell
Braindlemere Endingey
Cheddenwang Cheddenwang
Sudhead Sudhead
Pendlesbascastle Cirercompsted
Marlborne Marlborne
Pendlesford Pendlesford
Emthorne Emthorne
Chilworth Chilworth
Wolbourne Wolbourne
Farnsmerbeck Marlringlake
Burglesbrook Burglesbrook
Soddlesbasbourne Soddlesbasbourne
Clereshot Hammermere
Alddlesenbage Alddlesenbage
Horndlehampton Horndlehampton
Toddleborne Hannerley
Sundlesborne Sundlesborne
Staindlemansavon Staindlemansavon
Tiphampton Tiphampton
Aldlow Aldlow
Cammertree Cammertree
Elsmith Suddendwell
Sirengrove Sirengrove
Worglesmernell Worglesmernell
Flitcompwold Bootbeck
Camtree Camtree
Reddlesley Reddlesley
Ribblesremoor Worrersted
Wychringden Wychringden
Ensdown Ensdown
Melborne Emsbrook
Sudderwick Sudderwick
Shaftport Shaftport
Leatherberlake Leatherberlake
Elringlow Elringlow
Egwich Chilhall
