Cleresmith Whitby Bothensborough Sodmersmith Chedlake Chippenringfield Ketterwold Milditch Winhead Wydon Edgney Basfield Whitseyborough Todderworth Warrerbage Durblechester Dribbasborne Hanworth Ellingey Sunderbrough Chillerlow Leatherglefield Eggerrensling Hannerworth Buravon Waltcombe Dribbinggrove Cheddlesport Pendton Skelwang Elfield Warblesdown Handlechester Wolvingrethorne Cammingbury Blanden Egwood Wolborne Skelcastle Cannerrebeck Eggendhampton Ciside Hartrenslow Cammenenwich Enderavon Pemhampton Hampensshot Reddenwell Suddlebrough Shrivditch Pendingstoke Stainsdenwold Reddentree Ashworth Cannenringwell Burrensham Elmsbrook Chilcompcester Hanscombe Watchmanshead Chippenden Camsdenden Botlow Rockhead Bootworth Elmsnell Dribbingenborne Dribside Wendlemerford Dribside Dribbingenborne Elmsnell Bootworth Rockhead Botlow Camsdenden Chippenden Watchmanshead Hanscombe Chilcompcester Elmsbrook Burrensham Cannenringwell Ashworth Stainsdenwold Pendingstoke Shrivditch Suddlebrough Reddenwell Hampensshot Pemhampton Enderavon Hartrenslow Ciside Eggendhampton Cannerrebeck Skelcastle Wolborne Egwood Blanden Cammingbury Wolvingrethorne Warblesdown Elfield Pendton Cheddlesport Dribbinggrove Waltcombe Hannerworth Eggerrensling Chillerlow Sunderbrough Hanworth Dribbasborne Durblechester Warrerbage Todderworth Whitseyborough Edgney Wydon Milditch Ketterwold Chedlake Sodmersmith Bothensborough Whitby Cleresmith
26
Cleresmith Warringwood
Bothensborough Chippingwood
Ketterwold Ketterwold
Milditch Milditch
Basfield Basfield
Warrerbage Warrerbage
Durblechester Durblechester
Ellingey Ellingey
Eggerrensling Eggerrensling
Hannerworth Hannerworth
Dribbinggrove Pendrenslake
Elfield Elfield
Warblesdown Warblesdown
Cammingbury Soddenreey
Skelcastle Skelcastle
Cannerrebeck Cannerrebeck
Cammenenwich Cammenenwich
Reddenwell Reddenwell
Suddlebrough Suddlebrough
Reddentree Reddentree
Elmsbrook Elmsbrook
Chilcompcester Chilcompcester
Chippenden Shrivden
Rockhead Rockhead
Bootworth Bootworth
Wendlemerford Ribney Wetley
