Whitgrove Sodberling Ellerbridge Boothingchester Wycastle Bootwick Todhampton Nortwell Bassinghead Southbury Emmerley Bastlebury Rothendcombe Wychditch Abglewold Farnditch Ribberrenston Southmere Egsted Wethampton Faldenhall Rothingcombe Milthorne Whitringlake Sundendford Botbeck Clereennell Bromstanham Ribbenhall Boothingmanstree Ketchester Watchlake Tippingbage Blansbrook Fullensborne Sundlethorne Abgleham Siavon Horsnell Warsmith Wetsmith Elside Sodport Durbrook Wychchester Prestwick Egmerhampton Suddenmoor Tippenbrook Marlbeck Enderbeck Sifield Abcester Shaftwick Dartden Cirerham Reddensden Melwood Endleshall Candleswick Skellingover Stapbrook Wetwick Hampingbascombe Sirenshall Cannerthorne Waltbeck Hampingcastle Basditch Hampingworth Worford Falderseythorne Penby Stapbrough Reddingtree Eley Burlake Tipstoke Toddenmerbrough Casbrook Redcombe Siey Worhall Hannersmith Tippendham Stainbrough Hamscombe Alfmere Leatherport Cireport Egbeck Skellenshot Wychcompwold Dribberham Bothenhall Worrenberwang Ketnell Chelmdenmoor Bursmith Dribblecombe Whitgrove
88
Sifield Sifield
Melwood Melwood
Wethampton Wethampton
Tipstoke Tipstoke
Worrenberwang Worrenberwang
Cannerthorne Cannerthorne
Worhall Reddendeney Worhall
Ketchester Ketchester
Enderbeck Enderbeck
Abglewold Abglewold
Bastlebury Bastlebury Hamwold
Ketnell Ketnell Staplow Toddenmoor
Hamscombe Skelberden
Chelmdenmoor Bothenton
Faldenhall Faldenhall
Eley Eley
Siavon Siavon
Todhampton Todhampton
Hampingcastle Hampingcastle
Casbrook Casbrook
Hannersmith Shaftborough
Redcombe Redcombe
Southbury Southbury
Ellerbridge Suddingover Ellerbridge
Farnditch Farnditch
Dribblecombe Dribblecombe
Egmerhampton Egmerhampton
Watchlake Watchlake Farndlesover
Clereennell Clereennell
Penby Penby
Skellenshot Cihead Skellenshot
Rothingcombe Rothingcombe
Suddenmoor Staincombe Suddenmoor
Horsnell Horsnell
Wetsmith Wetsmith
Shaftwick Falworth
Stapbrough Stapbrough
Tippingbage Tippingbage
Nortwell Nortwell Marlcester
Ribberrenston Ribberrenston
Dartden Dartden
Worford Rotherlow Worford
Basditch Basditch
Prestwick Prestwick
Wycastle Wycastle
Milthorne Milthorne
Elside Elside
Toddenmerbrough Endingnell
Bootwick Bootwick
Waltbeck Waltbeck
Southmere Southmere
Bromstanham Bromstanham
Sundendford Chedworth Sundendford
Hampingworth Hampingworth
Sirenshall Sirenshall
Wetwick Wetwick
Bothenhall Bothenhall
Candleswick Candleswick
Siey Siey
Whitringlake Whitringlake
Wychcompwold Wychcompwold
Rothendcombe Rothendcombe
Botbeck Botbeck
Tippenbrook Tippenbrook
Leatherport Leatherport
Dribberham Dribberham
Emmerley Emmerley
Skellingover Skellingover
Wychchester Wychchester
Sodberling Sodberling
Sodport Sodport
Tippendham Tippendham
Whitgrove Whitgrove
Alfmere Alfmere
Warsmith Horstleover Marlbrook
Durbrook Durbrook
Abcester Abcester
Sundlethorne Sundlethorne
Bursmith Bursmith
Abgleham Abgleham
Stainbrough Wendleringdown
Blansbrook Blansbrook
Cirerham Wolley
Boothingmanstree Boothingmanstree
Falderseythorne Falderseythorne
Hampingbascombe Hampingbascombe
Egsted Egsted
Burlake Endleberey
