0 15 31 47 63 48 33 18 19 4 5 20 36 52 68 53 38 23 7 8 9 10 25 10 11 12 28 43 58 73 57 41 56 71 70 85 100 85 86 87 103 87 86 85 84 83 82 81 80 95 80 79 94 93 108 92 91 107 122 106 90 75 60 45 30 15 0
43
0 0
18 3 18
5 5
7 7
8 8
10 10
12 13
15 15
20 20 35
23 23
25 25 40
28 28
30 30
31 31 46
19 34
36 36 50 51
41 41 55
45 45
47 47
52 52
56 56
57 57
63 63
68 68
70 70
71 71
73 73
75 75 76
79 78
80 80
83 83
85 85
87 88
90 90 105
93 93
95 95 110 111
84 98
100 100 115 116
103 103 119
106 106 120 121
108 108 124
94 109
122 122
