0 170 1 129 194 163 175 17 118 64 58 82 151 39 8 26 179 196 86 199 186 193 178 180 135 81 121 20 152 141 4 14 83 60 104 97 36 73 184 128 134 191 127 109 25 156 168 125 133 100 10 12 130 87 159 42 84 173 89 108 92 182 77 50 157 70 155 28 103 145 160 85 19 91 63 74 126 111 51 79 164 35 9 167 117 119 29 95 96 67 44 110 153 6 116 120 54 185 18 0
88
173 173
179 179
83 83
116 75 116 32
160 160
6 6
103 103
156 156
25 25
14 14
17 17
178 178
64 64
185 185 27
109 109
118 48 22 31
196 196
121 121
89 89
126 126
164 24
91 91
26 26 176
8 166
28 28
184 184
111 111 149
186 186 197
133 133
151 151
182 182
180 180
120 120
194 194
9 9
84 65
159 159
35 138
4 4
42 42
108 108 102
12 12
193 193
86 106
175 175
67 67 47
44 44
54 98
81 81 78
125 125
77 77
0 49
157 157
100 100
18 18
87 87
51 51
36 36
130 130
70 70
39 39
20 20
117 117
1 139
191 137
10 10
153 38
104 104
85 85 99
58 58
96 96
134 134
128 128
19 19
155 155
168 168
170 170
63 63
50 50
135 69
119 119
145 145
79 79
74 74
95 95
129 146
163 163
199 199
