SantaClarita Carrollton GardenGrove Victorville Shreveport Huntsville Thornton Beaumont Thornton Yonkers Memphis Modesto Independence Fayetteville Irvine Bellevue Alexandria Worcester Alexandria Newark StPetersburg OklahomaCity LosAngeles Orlando Brownsville RanchoCucamonga Washington WestValleyCity Surprise Sunnyvale Visalia Portland Torrance Hartford Boston Ontario Omaha Wichita Peoria Allentown Pomona Stockton Indianapolis Austin PembrokePines Frisco LexingtonFa SanDiego Lubbock Carrollton SantaClarita
41
Thornton Midland
Victorville Victorville
Shreveport Shreveport
Washington Washington
Independence Independence SiouxFalls
OklahomaCity OklahomaCity Lafayette
Sunnyvale Sunnyvale
Newark Newark
GardenGrove GardenGrove
LexingtonFa LexingtonFa
Irvine Scottsdale
Pomona Pomona
Carrollton Carrollton
Worcester Worcester Garland
Bellevue Bellevue
SanDiego StLouis Stamford Paterson Waco
Fayetteville Fayetteville
Alexandria Alexandria
Boston Boston
Beaumont NewportNews Beaumont
Visalia Visalia
StPetersburg StPetersburg
Torrance Henderson
Brownsville Brownsville
Omaha Omaha
LosAngeles LosAngeles
Huntsville Huntsville
Lubbock Concord
PembrokePines PembrokePines
Hartford Hartford LouisvilleJefferson LongBeach
RanchoCucamonga RanchoCucamonga
Ontario Ontario
Austin Austin
WestValleyCity WestValleyCity
Yonkers Yonkers
Stockton Stockton
Indianapolis Indianapolis
Allentown Allentown
Wichita Wichita
Orlando Orlando
Surprise Surprise
