Plano Rockford Riverside Tallahassee Hampton Miami Olathe Cincinnati GrandRapids LittleRock Irvine Fullerton AugustaRichmond HuntingtonBeach SimiValley HuntingtonBeach Mobile Hartford Dallas StPetersburg GardenGrove CedarRapids Philadelphia Salinas Anchorage Thornton Joliet Mesquite Joliet Worcester StPetersburg Dallas NewOrleans Surprise Greensboro Surprise Corona Brownsville Peoria SanBernardino Knoxville Madison Fremont Teemo Davidson Scottsdale NewHaven SanAntonio NewHaven SantaClarita CorpusChristi Spokane Pomona Houston Gilbert Glendale Raleigh Chicago Denton Hialeah Arlington GrandPrairie McAllen ThousandOaks Tampa Laredo FortCollins SantaRosa Stamford Allentown Killeen SanJose Glasses Hollywood Escondido Akron Torrance Lancaster PembrokePines Lincoln Omaha Huntsville Lafayette JerseyCity Pikachu Fayetteville Anaheim Elizabeth Lafayette Huntsville VirginiaBeach Ontario Waco Buffalo Chesapeake Wichita Chesapeake OWO Mesa Charleston Memphis Montgomery Mesa Buffalo Hayward Denver Beaumont Kent Vancouver Atlanta Garland KansasCity Norfolk Reno LouisvilleJefferson Reno Norfolk FortLauderdale AnnArbor StLouis AnnArbor Vallejo LasVegas Cary Rochester SanFrancisco Warren Tacoma MorenoValley Sunnyvale Norman Pasadena Irving SantaClara Plano
96
SanFrancisco SanFrancisco
SantaClara SantaClara
Charleston Charleston
FortCollins FortCollins SiouxFalls
Cincinnati Cincinnati
Mesquite Mesquite
Stamford Stamford
Hollywood Hollywood
Riverside Riverside
Omaha Omaha
GardenGrove GardenGrove
Beaumont Beaumont
Anaheim Anaheim
Brownsville Brownsville
StLouis StLouis
SanJose SanJose
Glendale Glendale
Elizabeth Elizabeth
Killeen Killeen
McAllen McAllen
LasVegas LasVegas
Ontario Ontario
Davidson Davidson
Norman Norman
Montgomery Montgomery
Garland Garland
Mesa Mesa
SantaRosa SantaRosa
AnnArbor AnnArbor
Lancaster Lancaster
Hartford Hartford
Escondido Escondido
Salinas Salinas
Tampa Tampa
Dallas Dallas
Hampton Hampton
Rockford Rockford
Arlington Portland
Warren Warren
Wichita Wichita
LittleRock LittleRock
SanBernardino SanBernardino
Raleigh Raleigh
Torrance Torrance
Lincoln Lincoln
Surprise Surprise
Allentown Allentown
Norfolk Norfolk
Houston Houston
Fremont Fremont
Greensboro Greensboro
SanAntonio SanAntonio
OWO OWO
Anchorage Anchorage
Glasses Glasses
Chicago Chicago
Atlanta Atlanta Oxnard
Cary Cary OklahomaCity
MorenoValley MorenoValley
Irving Irving
Vallejo Vallejo
LouisvilleJefferson LouisvilleJefferson Tulsa
Madison Madison
Thornton Thornton
Hayward Hayward
Miami Miami
Knoxville Knoxville
Denton Denton
ThousandOaks ThousandOaks
Pasadena Pasadena
JerseyCity JerseyCity
AugustaRichmond AugustaRichmond
Denver Denver
Sunnyvale Sunnyvale
SimiValley SimiValley
FortLauderdale FortLauderdale
Laredo Laredo
SantaClarita SantaClarita
Olathe Olathe
Corona Corona
NewOrleans NewOrleans
Lafayette Lafayette
HuntingtonBeach HuntingtonBeach
Huntsville Huntsville
Pomona Pomona
CorpusChristi CorpusChristi
Mobile Mobile
Memphis Memphis
GrandPrairie GrandPrairie
Pikachu Pikachu
Vancouver Vancouver
Irvine Irvine
Worcester Worcester
Waco Waco
Akron Akron
NewHaven NewHaven
