0 66 116 16 15 6 5 17 114 154 163 1 133 86 74 38 46 12 26 167 69 176 51 164 111 112 135 182 50 125 119 2 98 89 151 24 31 103 9 130 88 172 67 56 39 193 27 3 35 157 138 152 129 21 143 175 70 140 197 30 102 13 14 184 72 78 52 199 59 106 177 37 108 37 101 196 18 192 113 76 42 159 43 87 11 65 187 28 128 155 107 115 153 23 185 0
84
0 0
1 1
2 2
3 3
9 4 9
5 5 160
135 8 93
11 11
13 13
14 14
15 15
16 16
17 17 94 96 137
18 18
108 20 166
21 21
74 22 74
23 23
24 24
26 26 80
27 27
28 28
31 31
76 33
35 35
38 38
39 39
42 42
43 43
129 47 129
50 50
51 51
52 52
56 56
59 59
65 65
66 66
67 67
101 68 101
69 69
70 70
140 71
72 72
78 78
128 81 128
87 83 190
46 84
86 86
89 89
98 98
112 100
102 102
103 103
107 107 158
111 111
114 114
115 115
116 116
12 120
125 125
130 130
133 133
172 134 172
138 138
159 141 159
143 143
163 146
151 151
152 152
153 153
154 154
157 157
164 164
167 167
6 173
119 174
177 177
182 182
88 183
184 184
187 187
193 193
197 197
199 199
