13 199 104 188 187 167 175 110 185 177 155 190 144 101 184 101 137 111 145 135 194 114 165 159 161 128 149 192 157 183 157 192 131 126 164 141 109 127 122 156 103 162 134 154 172 132 148 116 169 150 153 195 158 188 139 119 191 160 151 171 140 117 182 163 106 123 115 105 129 170 181 186 189 147 178 100 108 152 198 138 168 124 146 142 146 196 136 121 118 121 130 133 113 173 113 125 102 166 176 112 179 180 174 193 197 193 120 143 107 32 13
100
100 100
101 101
102 102
103 103
104 104
105 105
106 106
107 107
108 108
109 109
110 110
111 111
112 112
113 113
114 114
115 115
116 116
117 117
118 118
119 119
120 120
121 121
122 122
123 123
124 124
125 125
126 126
127 127
128 128
129 129
130 130
131 131
132 132
133 133
134 134
135 135
136 136
137 137
138 138
139 139
140 140
141 141
142 142
143 143
144 144
145 145
146 146
147 147
148 148
149 149
150 150
151 151
152 152
153 153
154 154
155 155
156 156
157 157
158 158
159 159
160 160
161 161
162 162
163 163
164 164
165 165
166 166
167 167
168 168
169 169
170 170
171 171
172 172
173 173
174 174
175 175
176 176
177 177
178 178
179 179
180 180
181 181
182 182
183 183
184 184
185 185
186 186
187 187
188 188
189 189
190 190
191 191
192 192
193 193
194 194
195 195
196 196
197 197
198 198
199 199
