wNqlpYNsRbJEgiGpKxrU lbWonvEbeplndKguSTkk qfRRtdRbhYJBARMfPlZM eobSFtKBbBdcVrTOREdK UIlSMnVKIdNiXZNSiHsI fgzJCwocQniGlXAZHJId vIbIQYXZnmYrooTLYNtu CbGuHgZfQMmSOfHDFJnK XtZHoAxqEyzvMChzPHpN WMWBpOSnHGywZjCgaYyY RlHeRhvUOhGhZVGGJuED jznspKyqlmxZtgfQUJVB kqcEdfKLaRzxOhAIzchh nCedHqGgdWAicwyuYWpg VRpSthoDcomqMDsGoVql yscsUFTNNyaVMKBztBdV NJZlnWyeJFrkOwoqHKtT shugRMnaHVqQSmKaNBgu efZntVbfQTvIUOiRNPSH EEeDJaHeajXXlwYcHTeJ juzxSpUVuccJUMBOcJjO ANDviqMIuFwdcboQDprt QyXpliHSeQOPIsurIcpa DpztIuGTRpGuLsdlODJw lSJjEsqamUCgRZdCmdyI XvUPApTFkqaSSizYsCIr GMxGouyyndiUBMqMdOoc joWAhkfNqIEECnBeulGl oZXYedlbtBLmkfoVmgta svUOWvTJLneAqJGnExpc eiLPqIroFfCGzqSAlzAp ccdJRKiTXwIErdhSIxfh erZKLqpCZsYKDnOCaBGq gFUGYXSirCYiFTivWNah ayQgUwyRuQVKeyFLPNbQ ZXihCBEQBTdisqSlEMsj CvZkdIYtdeDHtwufupie syonLisTOSczosCwoILE zNRhhVdMWUgTnnqmAfeY xlbpuxAjoVPJWPCWBEkJ imEmCMbYEtZJJkwxkSDD bEfUXCTlwRBndElSbPGf YTwycpmzEWCqqTELtzXc aGPbLNWYAMujnfHCTCMo HeWrJOKsDjgdrcamgZLN kwPuYZgJgVVJfdBGUtPw mgNeYYUOPKpLeiVEFIXd NtyLZDOaSczVvOGdocUp NYdfLxXxFVvLEbDKzXWn NIJaJxCurulNUdZZMxFk JvFxbsySBAiFiOUrzrBi wuSVWJYvpiWaQAHXocSG cMYyKTXGNKnFzrpwnXUl vTbNxpVTEoFlSjvvVvfG zHPSSEtFTQIbLYMdHqgP SitzoubgYFeTjmkLjVPz wlySPverjehsBxldyigf pzrGQEObzJGPnfATEYDc hLaNXBYgTzgUhvjmqUTu UdSbtwxTqTJxOiUoxEqw eOfnBeTgmYCNEnRUhlEK KcrnMnFDTrBKaUaGpdLY fpoTaBKmVdlDCxFwCFoz FWnudSYFvYQJHehOpEKf pMOSpTzPTPLXHLOQMjnt XPPBMlNyfVVeZGIzTCEW jUSlIFtitQxyvVLJjiCc scpUkbcaYSAsHhSktebT JVONrXhhmtFWhFfDiOXW VIPPawblKbhOVWrmrWBx iVjkcMenotYGMFEBTvoa QePOUWiXcAUCoHETxuGS wfEFdNDcColoskjTjcLm uUKZHvHmBrpBHjYWNaUL MBJqOYmxhUYbldNVEdRy PZwTcKCPsEmpxetNZvef ZauPfhkpsGmhbvkhkltR ndaHivGVVtIUvLiyUWcm ADVVlRLpnspleRTgeTdu DZEpVGVXkxHljziwItaS QjbdwbUnopENkiNyqirZ nreoVgWrBhNXFZgTBlXO szyiMlKhtyOynWjcoMsm bFmSeBrfNuxjYPUDCLYq TEPaiCedHTXapLxoBXMp oHoxoLeyDYnKZDzgMtxI NzDQJknJPDEkcwCHzzbF wvSJDoqoPGAkYgSuPFPw QeYNNLpZMBxyiFbZMPFY EhDFVLWZueLOrdjEOzEQ aIuYyryCOUGVeCAqbqkg gcXUxTVUZWsOwtRNeDDa kyApsCeFkLoLFCdkazaE ihxEqMQIIvyQmtrtMjeO EmbDgEECbkHbfAfHCgwB xgBrJmdXVwtxgRuCBhMe edlAtPQdNXJQPCIzpkyX IvXQutSorlqOgnSVAIUd oKAKfpUUuLItChLyByFh igyeOiSdezmmXGTwMzLw lbWonvEbeplndKguSTkk wNqlpYNsRbJEgiGpKxrU
96
svUOWvTJLneAqJGnExpc svUOWvTJLneAqJGnExpc
wuSVWJYvpiWaQAHXocSG cwgJAHVpCCTmuckJkncL wuSVWJYvpiWaQAHXocSG
DZEpVGVXkxHljziwItaS DZEpVGVXkxHljziwItaS
NtyLZDOaSczVvOGdocUp NtyLZDOaSczVvOGdocUp
vIbIQYXZnmYrooTLYNtu vIbIQYXZnmYrooTLYNtu
yscsUFTNNyaVMKBztBdV yscsUFTNNyaVMKBztBdV
syonLisTOSczosCwoILE syonLisTOSczosCwoILE
ihxEqMQIIvyQmtrtMjeO ihxEqMQIIvyQmtrtMjeO
ADVVlRLpnspleRTgeTdu ADVVlRLpnspleRTgeTdu
bFmSeBrfNuxjYPUDCLYq bFmSeBrfNuxjYPUDCLYq
NzDQJknJPDEkcwCHzzbF NzDQJknJPDEkcwCHzzbF
ZauPfhkpsGmhbvkhkltR ZauPfhkpsGmhbvkhkltR
DpztIuGTRpGuLsdlODJw DpztIuGTRpGuLsdlODJw
scpUkbcaYSAsHhSktebT scpUkbcaYSAsHhSktebT
uUKZHvHmBrpBHjYWNaUL ZwvojvRdUOYNJXIwAqgC
EmbDgEECbkHbfAfHCgwB EmbDgEECbkHbfAfHCgwB
FWnudSYFvYQJHehOpEKf FWnudSYFvYQJHehOpEKf
QeYNNLpZMBxyiFbZMPFY QeYNNLpZMBxyiFbZMPFY
juzxSpUVuccJUMBOcJjO juzxSpUVuccJUMBOcJjO
eobSFtKBbBdcVrTOREdK eobSFtKBbBdcVrTOREdK
zNRhhVdMWUgTnnqmAfeY zNRhhVdMWUgTnnqmAfeY
EEeDJaHeajXXlwYcHTeJ EEeDJaHeajXXlwYcHTeJ
oKAKfpUUuLItChLyByFh oKAKfpUUuLItChLyByFh
efZntVbfQTvIUOiRNPSH efZntVbfQTvIUOiRNPSH
igyeOiSdezmmXGTwMzLw igyeOiSdezmmXGTwMzLw
xgBrJmdXVwtxgRuCBhMe xgBrJmdXVwtxgRuCBhMe
XPPBMlNyfVVeZGIzTCEW XPPBMlNyfVVeZGIzTCEW
YTwycpmzEWCqqTELtzXc YTwycpmzEWCqqTELtzXc
MBJqOYmxhUYbldNVEdRy MBJqOYmxhUYbldNVEdRy
NJZlnWyeJFrkOwoqHKtT NJZlnWyeJFrkOwoqHKtT
QyXpliHSeQOPIsurIcpa QyXpliHSeQOPIsurIcpa NPSPGRTNRcKKVpsBRSwh
pzrGQEObzJGPnfATEYDc pzrGQEObzJGPnfATEYDc
ayQgUwyRuQVKeyFLPNbQ ayQgUwyRuQVKeyFLPNbQ
bEfUXCTlwRBndElSbPGf bEfUXCTlwRBndElSbPGf
XvUPApTFkqaSSizYsCIr XvUPApTFkqaSSizYsCIr
wlySPverjehsBxldyigf wlySPverjehsBxldyigf
CbGuHgZfQMmSOfHDFJnK CbGuHgZfQMmSOfHDFJnK
edlAtPQdNXJQPCIzpkyX edlAtPQdNXJQPCIzpkyX
gcXUxTVUZWsOwtRNeDDa gcXUxTVUZWsOwtRNeDDa
EhDFVLWZueLOrdjEOzEQ EhDFVLWZueLOrdjEOzEQ
KcrnMnFDTrBKaUaGpdLY KcrnMnFDTrBKaUaGpdLY
nreoVgWrBhNXFZgTBlXO nreoVgWrBhNXFZgTBlXO
mgNeYYUOPKpLeiVEFIXd mgNeYYUOPKpLeiVEFIXd
kqcEdfKLaRzxOhAIzchh kqcEdfKLaRzxOhAIzchh
SitzoubgYFeTjmkLjVPz SitzoubgYFeTjmkLjVPz
IvXQutSorlqOgnSVAIUd IvXQutSorlqOgnSVAIUd
oHoxoLeyDYnKZDzgMtxI oHoxoLeyDYnKZDzgMtxI
CvZkdIYtdeDHtwufupie CvZkdIYtdeDHtwufupie
cMYyKTXGNKnFzrpwnXUl cMYyKTXGNKnFzrpwnXUl
kwPuYZgJgVVJfdBGUtPw kwPuYZgJgVVJfdBGUtPw
JvFxbsySBAiFiOUrzrBi JvFxbsySBAiFiOUrzrBi
erZKLqpCZsYKDnOCaBGq erZKLqpCZsYKDnOCaBGq
GMxGouyyndiUBMqMdOoc GMxGouyyndiUBMqMdOoc
QePOUWiXcAUCoHETxuGS QePOUWiXcAUCoHETxuGS gDYKDrbERUXTnCayjBrC
ANDviqMIuFwdcboQDprt ANDviqMIuFwdcboQDprt
HeWrJOKsDjgdrcamgZLN HeWrJOKsDjgdrcamgZLN
UIlSMnVKIdNiXZNSiHsI UIlSMnVKIdNiXZNSiHsI
eOfnBeTgmYCNEnRUhlEK eOfnBeTgmYCNEnRUhlEK
qfRRtdRbhYJBARMfPlZM qfRRtdRbhYJBARMfPlZM
imEmCMbYEtZJJkwxkSDD imEmCMbYEtZJJkwxkSDD
xlbpuxAjoVPJWPCWBEkJ xlbpuxAjoVPJWPCWBEkJ
aIuYyryCOUGVeCAqbqkg aIuYyryCOUGVeCAqbqkg
TEPaiCedHTXapLxoBXMp TEPaiCedHTXapLxoBXMp
fgzJCwocQniGlXAZHJId fgzJCwocQniGlXAZHJId
szyiMlKhtyOynWjcoMsm szyiMlKhtyOynWjcoMsm
ccdJRKiTXwIErdhSIxfh ccdJRKiTXwIErdhSIxfh
aGPbLNWYAMujnfHCTCMo aGPbLNWYAMujnfHCTCMo
pMOSpTzPTPLXHLOQMjnt pMOSpTzPTPLXHLOQMjnt oLMkSrYLQRLHmPiuLCTC
wvSJDoqoPGAkYgSuPFPw wvSJDoqoPGAkYgSuPFPw
jznspKyqlmxZtgfQUJVB jznspKyqlmxZtgfQUJVB
wfEFdNDcColoskjTjcLm wfEFdNDcColoskjTjcLm
jUSlIFtitQxyvVLJjiCc jUSlIFtitQxyvVLJjiCc
zHPSSEtFTQIbLYMdHqgP zHPSSEtFTQIbLYMdHqgP
NIJaJxCurulNUdZZMxFk NIJaJxCurulNUdZZMxFk
hLaNXBYgTzgUhvjmqUTu hLaNXBYgTzgUhvjmqUTu
kyApsCeFkLoLFCdkazaE kyApsCeFkLoLFCdkazaE
PZwTcKCPsEmpxetNZvef PZwTcKCPsEmpxetNZvef
shugRMnaHVqQSmKaNBgu shugRMnaHVqQSmKaNBgu
NYdfLxXxFVvLEbDKzXWn NYdfLxXxFVvLEbDKzXWn
UdSbtwxTqTJxOiUoxEqw UdSbtwxTqTJxOiUoxEqw
JVONrXhhmtFWhFfDiOXW JVONrXhhmtFWhFfDiOXW
VIPPawblKbhOVWrmrWBx VIPPawblKbhOVWrmrWBx
XtZHoAxqEyzvMChzPHpN XtZHoAxqEyzvMChzPHpN
nCedHqGgdWAicwyuYWpg nCedHqGgdWAicwyuYWpg
lSJjEsqamUCgRZdCmdyI lSJjEsqamUCgRZdCmdyI
VRpSthoDcomqMDsGoVql VRpSthoDcomqMDsGoVql
lbWonvEbeplndKguSTkk lbWonvEbeplndKguSTkk
oZXYedlbtBLmkfoVmgta oZXYedlbtBLmkfoVmgta
RlHeRhvUOhGhZVGGJuED RlHeRhvUOhGhZVGGJuED
QjbdwbUnopENkiNyqirZ QjbdwbUnopENkiNyqirZ
fpoTaBKmVdlDCxFwCFoz fpoTaBKmVdlDCxFwCFoz
joWAhkfNqIEECnBeulGl joWAhkfNqIEECnBeulGl
vTbNxpVTEoFlSjvvVvfG vTbNxpVTEoFlSjvvVvfG
ZXihCBEQBTdisqSlEMsj ZXihCBEQBTdisqSlEMsj
WMWBpOSnHGywZjCgaYyY WMWBpOSnHGywZjCgaYyY
eiLPqIroFfCGzqSAlzAp eiLPqIroFfCGzqSAlzAp
