Soda woolf winifred danyal rosen sarina rabie ian golden caroline daniel juliann grace annie eshaan ruhi kevin walsh persson ritter ashley shah lo zhou sriram chris rob massachusetts chloe berit aidan davis garbers patagonia roshan noor martinez connor singhal castro meghan krishnan andrew vilaythong djajadi garcia bloch shen liang amanda sunny lewke tamara jarrett alvin yip Soda
50
danyal danyal
singhal singhal
grace grace
patagonia patagonia
shen shen
sunny sunny
vilaythong vilaythong
alvin alvin
rabie rabie
sriram sriram
daniel daniel
winifred winifred
davis davis
castro castro
rob rob
noor noor
lewke lewke
golden golden
martinez martinez
chloe chloe
garbers garbers
garcia garcia
sarina sarina
krishnan krishnan
amanda amanda
massachusetts massachusetts
ruhi ruhi
jarrett jarrett
tamara tamara
rosen rosen
shah shah
woolf woolf
eshaan eshaan
caroline caroline
yip yip
juliann juliann
kevin kevin
lo lo
roshan roshan
annie annie
djajadi djajadi
meghan meghan
ritter ritter
andrew andrew
ian ian
walsh walsh
aidan aidan
connor connor
ashley ashley
berit berit
