Soda maya connor eshaan deven liang Soda ellen winifred aidan greg garcia emily ronald hari singorahardjo winston wyatt li kaur alan yip lebron sathvik achacoso ahluwalia ani aanika ravi hayakawa olivia zhou king juliann logan patagonia rouzbahani gregory berit ashley caroline yanay massachusetts lindsey djajadi amanda mittal chen anna gobears lindsey lewke william nichole ohio hanlon franco youmna soman zou katherine oscar celine lo charles Soda andrew tyler weaver xin Soda annie erika barth louie sriram zhifei srinivasan Soda alvin doshi chloe sunny parham brett devesh li mack bears scott guan krishnan lindsey wu singhal saurav angelis vilaythong subbaraj jarrett sophia danyal wang evan shahroz kevin chris ruhi berkeley ritter du tsai noor chung Soda srivastava yash garbers sun irene hubert maniku wong adele gibson shah ishaan hsu grace sam jacob pratibha umar kanika krista meghan melissa vikram nancy angela george chase castro daniel ian portnoff rob Soda
98
ruhi ruhi
wyatt wyatt
kaur kaur
caroline caroline
maniku maniku
sunny sunny
kevin kevin
devesh devesh
rouzbahani rouzbahani
singorahardjo singorahardjo
srinivasan srinivasan
ashley ashley
djajadi djajadi
chen chen
li li
singhal singhal
william william
daniel daniel
ishaan ishaan
du du
eshaan eshaan
rob rob cal
zou zou
vikram vikram
ravi ravi
weaver weaver
srivastava srivastava
wu wu
oscar oscar
grace grace
krishnan adhikiari krishnan
bears bears
massachusetts massachusetts
gregory gregory
connor connor
ritter ritter
wong wong
ellen ellen
chung chung
danyal danyal
celine celine
maya maya
ohio ohio
barth barth
greg greg
ahluwalia ahluwalia
doshi doshi
amanda amanda
xin xin
zhou zhou
mittal mittal
melissa melissa
scott scott
angelis angelis
yip yip
jacob jacob
erika erika
zhifei zhifei
shah shah
hanlon hanlon
chloe chloe
lebron lebron
parham parham
gobears gobears
tyler tyler
saurav saurav
emily emily
george george
nichole nichole
alvin alvin
king king
olivia olivia
vilaythong vilaythong
brett brett
aanika aanika
ani ani
sun sun
krista krista
winifred winifred
hari hari
soman soman
liang liang
berit berit
annie annie
umar umar
kanika kanika
patagonia patagonia
mack mack
charles charles
subbaraj subbaraj
franco franco
lindsey lindsey
andrew andrew
logan logan
lewke lewke
evan evan
sophia sophia
chase chase
