LesLilas AinBessem Kairouan Johnston Wenchi Hangu Daokou Sosnovka Shieli Yafo Vaniyambadi Prostejov Shimofurano Arzamas Sobue GongdanglegiKulon Bury PriegodeCordoba Turek Andrychow GuaMusang Lloydminster Khulm Anjarah Rhondda Mabopane Baramula Sorada Oerlinghausen Belalcazar Pezinok SenaMadureira Twante Rivas Garbsen FetestiGara PortoVelho Kotka NoblePark SanJuandelaMaguana Gunzenhausen Kineshma SpanishTown Izhevsk KotRadhaKishan HaciendaLaCalera Acarau Akcaabat Arang Zhaodong Aracuai Kemise SouthSaintPaul Ibirataia Hirosaki TagbilaranCity MineralnyeVody ChalcodeDiazCovarrub BlueIsland MadinatHamad AinArnat Battambang Embu Tabou Korsakov NahiyatashShinafiyah Gorgan Manacapuru Shurugwi Gowurdak EastLongmeadow Mocoa Fuxin Nagar Escada Pozzuoli Haripur Langenhorn FortWorth Skelmersdale Vyazniki Ontinyent Acireale Butuan Kaifeng Aringay AshtonunderLyne Shchekino Itororo Ortaca Morwa Braila Angleton SenadorPompeu Haora SaintCyrlEcole SantanadoLivramento CapimGrosso MonteAlegre Kambove LesLilas
97
Khulm Khulm
Kemise Kemise
Hirosaki Hirosaki
SanJuandelaMaguana SanJuandelaMaguana
Shchekino Shchekino Espiye
Braila Braila
SenaMadureira SenaMadureira
Shimofurano Shimofurano
AinArnat AinArnat
Rhondda Rhondda
Morwa Morwa
Ibirataia Ibirataia
Hangu Hangu
SouthSaintPaul SouthSaintPaul
Andrychow Andrychow
Garbsen Garbsen
Sobue Sobue
Sosnovka Sosnovka
Rivas Rivas
PriegodeCordoba PriegodeCordoba
Yafo Yafo
Haora Haora
Haripur Haripur
CapimGrosso CapimGrosso
AinBessem AinBessem
Ontinyent Ontinyent
Arzamas Arzamas
SpanishTown SpanishTown
Johnston Johnston
Nagar Nagar
Turek Turek
Belalcazar Belalcazar
SenadorPompeu SenadorPompeu
KotRadhaKishan KotRadhaKishan
BlueIsland BlueIsland
MadinatHamad MadinatHamad
Butuan Butuan
Vyazniki Vyazniki
Langenhorn Langenhorn
Angleton Angleton
Kambove Kambove
Mocoa Mocoa
Kaifeng Kaifeng
Zhaodong Zhaodong
Fuxin Fuxin
Embu WestIslip Embu
SaintCyrlEcole SaintCyrlEcole
Akcaabat Akcaabat
Anjarah Anjarah
Baramula Baramula
Acireale Acireale
Gunzenhausen Gunzenhausen
Vaniyambadi Vaniyambadi
Tabou Tabou
TagbilaranCity TagbilaranCity
ChalcodeDiazCovarrub ChalcodeDiazCovarrub
Itororo Itororo
HaciendaLaCalera HaciendaLaCalera
Kairouan Kairouan
Lloydminster Lloydminster
NoblePark NoblePark
Aracuai Aracuai
Shieli Shieli
Prostejov Prostejov
NahiyatashShinafiyah NahiyatashShinafiyah
Bury Bury
GongdanglegiKulon VillaPauladeSarmient
MineralnyeVody MineralnyeVody
Izhevsk Izhevsk
Kotka Kotka
Oerlinghausen Oerlinghausen
FetestiGara FetestiGara
Manacapuru Manacapuru
Pozzuoli Pozzuoli
Shurugwi Shurugwi
Gowurdak Gowurdak
Kineshma Kineshma
Acarau Acarau
GuaMusang GuaMusang
Pezinok Pezinok
Gorgan Gorgan
Mabopane Mabopane
Twante Twante
Sorada Sorada
Daokou Daokou
Escada Escada
EastLongmeadow EastLongmeadow Wangon
Korsakov Korsakov
Battambang Battambang
MonteAlegre MonteAlegre
Wenchi Wenchi
PortoVelho PortoVelho
Ortaca Ortaca
AshtonunderLyne AshtonunderLyne
Skelmersdale Skelmersdale
FortWorth FortWorth
SantanadoLivramento SantanadoLivramento
