Kaimganj Leixlip Mesa Novopokrovskaya Anahuac MilpaAlta PinhalNovo Racine Gobo Albi Karasuyama Tsukawaki Yucheng Korolev Fandriana Tocache GobernadorGalvez Narangba Dankov MontecatiniTerme Tsirang Brecht Norristown Pilibhit Fagaras Kaimganj
23
Albi Albi
PinhalNovo PinhalNovo
Tsukawaki Tsukawaki
Narangba Narangba
Tocache Tocache
Novopokrovskaya Novopokrovskaya
Karasuyama Karasuyama
Dankov Dankov
Fagaras Fagaras
Yucheng Yucheng Isakogorka
Tsirang Tsirang
Mesa EncarnaciondeDiaz
Pilibhit Pilibhit Irvine
Gobo Gobo
Brecht Brecht
Leixlip Leixlip
Fandriana Fandriana
Korolev Korolev
MontecatiniTerme MontecatiniTerme
MilpaAlta MilpaAlta
GobernadorGalvez GobernadorGalvez
Racine Racine
Anahuac Anahuac
