lyenDXSN A hU IT s BR O7r2ToU4q2kmCB tPnWG ZaJkOr3tQhFHqe 7Q zI 61 5TLmyf L yhhlTVr0wSq5W STJYwXq9HmmawT vAIBd1Ae gNAsryh 7Q O7r2ToU4q2kmCB KtvQaJqCJTRpXM8ZI D D5kg NgQY7 CmV NgQY7 vJxAK1LaHyuu4yFNeul A67f nqeGwct PuHLBR9bv11yLyu f l hjCFXN9kbqn0UCNsZ hVfqebryM4wN HwQeXpOEZHQ3s ZDtYWltAxD3Y G50hiUpVStHCMrd Plmj0j EJDqk K0A9bbVLm9atwTf EJDqk 2AR73oQdnbYqnDCGMFS uy3ouNIxumu7jEuoP1 55SpzsmtpxRH5 Mu 6DVIvuGfPs2BU cHKeh1 ImSpax cHKeh1 aqo GPeb wcmx8dhmsO ATcHai3SBHuvmr frNA534JEvY4f SO nWkakNi6Qt9d4g o3refHnx4qioqHztqMYE cYPTdnJWL wBJRoqVxn1t 6yeW7sat9rvd lt1a5E0H llx2p nHG SVbyt zzYmU5YFhvp1 excLR25Y6DhCWxI VNvsbB7eWJcAK0fU excLR25Y6DhCWxI zzYmU5YFhvp1 akZmiQ7tmX s6JxFNKQ ktk7W jvdVvQ ktk7W M1PxrOPSNUVpc BMNlDfk8j64 lyenDXSN
40
G50hiUpVStHCMrd G50hiUpVStHCMrd
BR BR
hU hU
uy3ouNIxumu7jEuoP1 MBLHuIgjJIXs
CmV CmV
frNA534JEvY4f frNA534JEvY4f
VNvsbB7eWJcAK0fU VNvsbB7eWJcAK0fU
hjCFXN9kbqn0UCNsZ hjCFXN9kbqn0UCNsZ
L L
nWkakNi6Qt9d4g nWkakNi6Qt9d4g
nqeGwct nqeGwct
l l
wBJRoqVxn1t wBJRoqVxn1t
zzYmU5YFhvp1 zzYmU5YFhvp1
lt1a5E0H lt1a5E0H
wcmx8dhmsO wcmx8dhmsO
GPeb GPeb
vAIBd1Ae vAIBd1Ae
akZmiQ7tmX akZmiQ7tmX
Mu Mu
K0A9bbVLm9atwTf K0A9bbVLm9atwTf
Plmj0j Plmj0j
6DVIvuGfPs2BU 6DVIvuGfPs2BU
ImSpax ImSpax
llx2p llx2p
zI zI
o3refHnx4qioqHztqMYE o3refHnx4qioqHztqMYE
hVfqebryM4wN hVfqebryM4wN
7Q 7Q
A67f A67f
vJxAK1LaHyuu4yFNeul vJxAK1LaHyuu4yFNeul
6yeW7sat9rvd 6yeW7sat9rvd
jvdVvQ jvdVvQ
61 61
f f
HwQeXpOEZHQ3s HwQeXpOEZHQ3s
cYPTdnJWL cYPTdnJWL
2AR73oQdnbYqnDCGMFS 2AR73oQdnbYqnDCGMFS
KtvQaJqCJTRpXM8ZI KtvQaJqCJTRpXM8ZI
M1PxrOPSNUVpc M1PxrOPSNUVpc
