6a5e7697411b4a5f9bee e0cb3963860e4d049310 94e0719061a446db8f0d 12424155e29a4ad09224 5042f23712404074ac94 f3b9015900fe419ca570 113cbb314b8c423e99ac 0584f8431be341e5ab2e 6ea877c3766c4669a150 357df26b1d784692ab06 bb70a9f783b44f29aa76 b0d847fc7911439a9eb5 e42a313b3fc84870ab92 5c8da1e70e304c18a2e4 03b01369da244ae890f3 3f86be020a0e43e4b1ff a11604bab4bc49008828 6c8fdc64a38545c8997a 65b7af53d28f4262bf8f 9a007b07478f49ea8ad1 2ce2b2e6256542928a0d 008aafd1b0ec4150aacc 91cec3a2329f4857a37c e0d6bb0c69d74ec5a7c2 ebbbcdcdb3554877aeb0 5a90ec8096c2423fb598 365700b51db445e3a31a 4d6e33ce0fc84c6ea69d 950cb52e3a1446d9af98 c1b06ccaa4874b00a961 a5e69939e9704f81a60e d367dd06d7554c00a50c aa3f52c94cbd4a128bbb 95119be28c194159a1ee f911fa4d522a4357aa0b 4cc41845ed58465488d9 a72944b166b948ed8afb 79e28a889fa348f89be3 6e595bd5dd23413fa0e3 f451d0f96c4e44e5a7a2 ced33625aef44e049e40 0b24d415cd09478386e1 d8981e847a1946839e08 ac82fe0455c04a6fbc21 67c1f44676a24551afe9 ce0b9987a99a4073beab 1cf20cc5d55a441b8446 3b86319574304aac82c1 046ea34f2b9e444f969d c90bb10fa78f4befb07c 36411ecb5b7b4ec3a8e2 cc5f406e2dcd46bebe75 6c5164d75c654b6e9e3b bbb11a04c8a343348a26 eb69bfc02d474eb3a982 8b66dcad1ad547c08800 9456190223044624836d 2cc84eddeb0f411a85bd 863d51b71d174e18a8b2 cfd801acdfd6452696dd ec71cd3332104923a6b2 d40f6eaafcf0402eb0d7 87ecc0a3a59f407c9b3d f4f0866d5e97488aa802 c83df3fc7ad7453da3a8 e73af41069ed4943a52c 53c9cb5cf7384868ac19 6e67d80aec8b4fc0a0f4 9413e484b07844a0b2a5 6a5e7697411b4a5f9bee
46
f3b9015900fe419ca570 728908ec3cef4db29934
9456190223044624836d e3697cd0e4bb4631b60b
95119be28c194159a1ee 95119be28c194159a1ee
a5e69939e9704f81a60e a5e69939e9704f81a60e
cc5f406e2dcd46bebe75 cc5f406e2dcd46bebe75
ebbbcdcdb3554877aeb0 ebbbcdcdb3554877aeb0
eb69bfc02d474eb3a982 268fc1cec41445e9ae4c
0b24d415cd09478386e1 bc0a76f3195549949d49
365700b51db445e3a31a 365700b51db445e3a31a
2ce2b2e6256542928a0d dcee8e551d34480d82e2
e0d6bb0c69d74ec5a7c2 e0d6bb0c69d74ec5a7c2
cfd801acdfd6452696dd 4da00804134d4fc9a85c
6ea877c3766c4669a150 6ea877c3766c4669a150
9413e484b07844a0b2a5 68b5e6aea12140d2bb26
a11604bab4bc49008828 ab6a4a3d324a4e118998
c1b06ccaa4874b00a961 c1b06ccaa4874b00a961 d8c441caf295405aaf52
bbb11a04c8a343348a26 bbb11a04c8a343348a26
0584f8431be341e5ab2e 4e25f87635bb4843b59f
5c8da1e70e304c18a2e4 5c8da1e70e304c18a2e4
ced33625aef44e049e40 ced33625aef44e049e40
5042f23712404074ac94 5042f23712404074ac94
f4f0866d5e97488aa802 f4f0866d5e97488aa802
e0cb3963860e4d049310 e0cb3963860e4d049310
5a90ec8096c2423fb598 5a90ec8096c2423fb598
d8981e847a1946839e08 a1480b86aa6b4e8ab46b d8981e847a1946839e08
008aafd1b0ec4150aacc 008aafd1b0ec4150aacc
9a007b07478f49ea8ad1 9a007b07478f49ea8ad1
67c1f44676a24551afe9 4aadb3216b4343adbebd
950cb52e3a1446d9af98 4fd54063e8fe4e6591e3 950cb52e3a1446d9af98 e9189c39d6f9459fb82b
ac82fe0455c04a6fbc21 ac82fe0455c04a6fbc21
6e67d80aec8b4fc0a0f4 6e67d80aec8b4fc0a0f4
113cbb314b8c423e99ac 113cbb314b8c423e99ac
3b86319574304aac82c1 3b86319574304aac82c1
3f86be020a0e43e4b1ff 3f86be020a0e43e4b1ff
a72944b166b948ed8afb a72944b166b948ed8afb
1cf20cc5d55a441b8446 1733e0b32fcb468e9db5
12424155e29a4ad09224 12424155e29a4ad09224
6c5164d75c654b6e9e3b 6c5164d75c654b6e9e3b
e73af41069ed4943a52c e73af41069ed4943a52c
bb70a9f783b44f29aa76 7a06c0a05152448791da
aa3f52c94cbd4a128bbb 00ab75eeae43479b93a1
f451d0f96c4e44e5a7a2 f451d0f96c4e44e5a7a2
f911fa4d522a4357aa0b f911fa4d522a4357aa0b
ce0b9987a99a4073beab ce0b9987a99a4073beab
87ecc0a3a59f407c9b3d 87ecc0a3a59f407c9b3d
863d51b71d174e18a8b2 863d51b71d174e18a8b2
