0 39 66 43 59 189 190 24 55 174 169 49 190 57 78 42 38 43 23 174 119 41 102 91 191 132 109 86 191 146 188 116 182 71 175 97 113 68 20 45 190 187 85 41 115 198 188 195 0 48 190 8 81 174 110 10 70 94 191 159 0 121 162 25 64 144 191 83 126 10 62 74 191 42 114 41 104 49 191 88 0 51 58 10 171 41 96 86 125 50 191 151 172 151 37 50 183 168 52 68 32 43 173 10 60 21 191 21 148 10 103 13 183 10 56 10 163 41 190 196 0 174 72 193 188 176 35 24 188 19 160 43 105 68 107 15 191 86 93 12 191 76 0 185 191 134 67 111 0 41 77 196 65 149 0 100 191 53 14 84 191 144 0 68 191 40 0 84 183 43 3 43 26 164 0 25 166 24 30 15 182 22 0 5 191 6 0
100
185 185
175 175
196 196
38 38
66 66
172 172
162 162
25 25
83 83
146 146
43 43
6 6
105 105
104 104
19 19
26 26
32 32
81 81
121 121
148 148
115 115
187 187
53 53
51 51
182 182
160 160
85 85
84 84
109 109
23 23
174 174
132 132
125 125
103 103
20 20
52 52
190 190
62 62
8 8
176 176
24 24
21 21
48 48
64 64
72 72
78 78
65 65
41 41
30 30
5 5
68 68
59 59
56 56
163 163
60 60
14 14
3 3
76 76
71 71
35 35
173 173
114 114
39 39
70 70
110 110
40 40
42 42
166 166
151 151
183 183
171 171
88 88
57 57
144 144
116 116
77 77
188 188
195 195
159 159
55 55
22 22
119 119
107 107
10 10
126 126
100 100
113 113
37 37
0 0
168 168
191 191
102 102
134 134
86 86
93 93
169 169
58 58
67 67
96 96
97 97
