2 190 170 195 170 190 88 109 88 190 84 71 84 61 84 190 41 190 33 97 33 190 18 43 18 190 2 189 45 189 2 179 49 73 49 179 2 166 143 166 121 166 37 166 2 163 2 137 2 136 171 136 2 133 2 124 123 124 101 124 2 119 191 119 187 119 159 119 153 119 128 185 128 119 77 119 192 173 192 129 192 47 192 25 192 5 192 3 192 119 2 115 95 115 2 113 197 113 135 113 2 110 183 110 39 110 7 110 2 108 125 108 2 99 105 99 2 93 177 93 149 93 147 93 51 93 2 89 2 83 2 79 2 76 161 29 161 76 27 131 27 76 2 74 81 74 2 69 2 63 75 63 35 63 2 31 158 193 158 31 2 26 157 26 145 167 145 26 21 26 2 22 155 22 38 117 38 22 2 20 111 107 111 20 103 85 103 20 2 19 2 17 199 17 151 17 141 36 59 36 141 17 139 17 87 17 15 17 2 9 186 175 186 9 169 140 91 140 169 23 169 181 165 181 13 181 169 9 67 9 55 9 16 11 57 11 16 9 12 53 12 9 2 4 127 4 2 65 1 65 2
100
1 1
3 3
5 5
7 7
9 9
11 11
13 13
15 15
17 17
19 19
21 21
23 23
25 25
27 27
29 29
31 31
33 33
35 35
37 37
39 39
41 41
43 43
45 45
47 47
49 49
51 51
53 53
55 55
57 57
59 59
61 61
63 63
65 65
67 67
69 69
71 71
73 73
75 75
77 77
79 79
81 81
83 83
85 85
87 87
89 89
91 91
93 93
95 95
97 97
99 99
101 101
103 103
105 105
107 107
109 109
111 111
113 113
115 115
117 117
119 119
121 121
123 123
125 125
127 127
129 129
131 131
133 133
135 135
137 137
139 139
141 141
143 143
145 145
147 147
149 149
151 151
153 153
155 155
157 157
159 159
161 161
163 163
165 165
167 167
169 169
171 171
173 173
175 175
177 177
179 179
181 181
183 183
185 185
187 187
189 189
191 191
193 193
195 195
197 197
199 199
