93 115 119 1 119 86 111 84 163 63 82 151 52 151 82 63 163 84 128 116 40 110 91 47 91 110 51 45 159 122 56 64 170 144 171 125 34 90 16 177 53 29 16 76 26 147 176 121 176 24 107 98 136 87 14 99 11 66 65 43 165 143 160 168 70 62 18 94 80 46 146 143 77 113 75 113 71 20 169 155 124 172 101 105 132 57 27 129 131 36 95 2 73 79 61 35 81 141 3 19 137 161 137 49 174 93
81
1 1
2 2
24 4 24
14 14
18 18 157
19 19 154
20 20
26 26
27 27
34 34
36 36 109
131 38 131
16 39
40 40
43 43
46 46
47 47
49 49 117
51 51
52 52
53 53
56 56
57 57
61 61
62 62
63 63
64 64
65 65
66 66
132 67
70 70
110 72 110
73 73
129 74 129
75 75 130
76 76
77 77
79 79
80 80
81 81
82 82
84 84
86 86
87 87
90 90
91 91
95 95
98 98
99 99
101 101
113 102
105 105
170 108 170
111 111
115 115
116 116
119 119
121 121
122 122
124 124
125 125
136 136
137 137
94 138
3 140
141 141
143 143
146 146
147 147
151 151
155 155
161 161
163 163
165 165
168 168
169 169
171 171
172 172
174 174
176 176
177 177
