Dannemora Fire Earlville Firthcliffe Highland Farmingville Frewsburg Dunkirk Delanson Deer Florida Farnham Freeville Delhi Franklin Haviland Fishers Deferiet Germantown Delmar Frankfort DeRuyter Fairmount Dexter Hermon Franklinville Dansville Delevan Galeville Fishkill Davis Forestville Freeport Ghent Depauville Fredonia Harbor Hewlett Fairview Geneva Fairport Fulton Gardiner Falconer Gasport Oceanside Flower Hamburg Fleischmanns Fonda Fabius Dannemora
45
Dansville Dansville
Davis Davis
Deer Deer
Deferiet Deferiet
Delanson Delanson
Delevan Delevan
Delhi Delhi
Delmar Delmar
Depauville Depauville
Geneva Depew Geneva
Earlville Deposit Earlville
DeRuyter DeRuyter
Dexter Dexter
Dunkirk Dunkirk
Fabius Fabius
Oceanside Fair
Fairmount Fairmount
Fairport Fairport
Fairview Fairview
Falconer Falconer
Farmingville Farmingville
Farnham Farnham
Harbor Fayetteville
Fire Fire
Firthcliffe Firthcliffe
Fishers Fishers Forest
Fishkill Fishkill
Frankfort Flanders Frankfort
Fleischmanns Fleischmanns
Florida Florida
Flower Flower
Fonda Fonda
Forestville Forestville
Franklin Franklin
Franklinville Franklinville
Fredonia Fredonia
Freeport Freeport
Freeville Freeville
Frewsburg Frewsburg
Gardiner Friendship Gardiner
Fulton Fulton
Galeville Galeville
Gasport Gasport
Germantown Germantown
Ghent Ghent
