Acton Carlsbad Bellflower Bolinas Angwin Atascadero Antioch Folsom Bayview Albany Escondido Fruitdale Byron Biggs Brawley Columbia Avalon Alamo Banning Fresno Artesia Bell Alpaugh Benicia Beaumont Calabasas Brentwood Biola Arbuckle Blythe Danville Armona Encinitas Canyondam Fontana Castroville August Cotati Bodfish Cartago Covelo Foresthill Covelo Caruthers Bradley Arnold Campbell Crockett Cabazon Amesti Broadmoor Cerritos Bluewater Cerritos Aptos Cerritos Anderson Calexico Blairsden Atherton Blairsden Calexico Florin Bootjack Aromas Bystrom Anaheim Calistoga Belvedere Bonita Carrick Alameda Berkeley Auburn Ceres Bloomington Cupertino Duarte Burney Bakersfield Bradbury Adelanto Clayton Arcata Belden Alhambra Cambria Almanor Cambria Cayucos Arvin Bishop Carson Calwa Arcadia Belmont Brisbane Burbank Calimesa Barstow Capitola Avery Chowchilla Avery Brea Azusa Beckwourth Boronda Buttonwillow Bowles Compton Acton
94
Adelanto Adelanto
Alameda Alameda
Alamo Alamo
Albany Albany
Alhambra Alhambra Ashland Burlingame
Almanor Almanor
Alpaugh Alpaugh
Columbia Alpine Carpinteria
Foresthill Altadena
Florin Alturas
Amesti Amesti
Anaheim Anaheim
Anderson Anderson
Angwin Angwin
Antioch Antioch
Aptos Aptos
Arbuckle Arbuckle
Arcadia Arcadia
Arcata Arcata
Armona Armona
Arnold Arnold
Aromas Aromas
Artesia Artesia
Arvin Arvin
Atascadero Atascadero Bonsall
Atherton Atherton
Escondido Atwater
Cupertino Auberry Bloomington
Auburn Auburn
August August
Avalon Avalon
Chowchilla Avenal
Avery Avery
Azusa Azusa
Bakersfield Bakersfield
Banning Banning
Barstow Barstow
Bayview Bayview
Beaumont Beaumont
Beckwourth Beckwourth
Belden Belden
Bell Bell
Bellflower Bellflower
Belmont Belmont
Belvedere Belvedere
Benicia Benicia
Berkeley Berkeley
Biggs Biggs
Biola Biola
Bishop Bishop
Blairsden Blairsden
Bluewater Bluewater
Danville Blythe
Bodfish Bodfish
Bolinas Bolinas
Bonita Bonita
Bootjack Bootjack
Cotati Boron
Boronda Boronda
Bowles Bowles
Bradbury Bradbury
Bradley Bradley
Brawley Brawley
Brea Brea
Brentwood Brentwood
Brisbane Brisbane
Broadmoor Broadmoor
Burbank Burbank Camarillo
Burney Burney
Buttonwillow Buttonwillow
Byron Byron
Bystrom Bystrom
Cabazon Cabazon
Calabasas Calabasas
Calexico Calexico
Calimesa Calimesa
Crockett Calipatria
Calistoga Calistoga
Calwa Calwa
Cambria Cambria
Campbell Campbell
Canyondam Canyondam
Capitola Capitola
Folsom Caribou
Carlsbad Carlsbad
Duarte Carmichael
Carrick Carrick
Carson Carson
Cartago Cartago
Caruthers Caruthers
Castroville Castroville
Cayucos Cayucos
Ceres Ceres
Cerritos Cerritos
