Loc1 Loc100 Loc88 Loc34 Loc181 Loc159 Loc181 Loc33 Loc181 Loc175 Loc36 Loc113 Loc151 Loc59 Loc123 Loc59 Loc151 Loc113 Loc104 Loc145 Loc104 Loc25 Loc104 Loc113 Loc97 Loc34 Loc6 Loc68 Loc52 Loc68 Loc77 Loc179 Loc100 Loc156 Loc157 Loc125 Loc1 Loc47 Loc83 Loc1 Loc180 Loc56 Loc180 Loc66 Loc106 Loc66 Loc23 Loc124 Loc23 Loc95 Loc23 Loc66 Loc112 Loc136 Loc27 Loc62 Loc78 Loc178 Loc129 Loc58 Loc149 Loc158 Loc50 Loc79 Loc62 Loc198 Loc122 Loc90 Loc60 Loc84 Loc174 Loc118 Loc174 Loc84 Loc183 Loc150 Loc84 Loc22 Loc90 Loc182 Loc131 Loc62 Loc45 Loc14 Loc199 Loc24 Loc49 Loc119 Loc72 Loc119 Loc24 Loc131 Loc14 Loc131 Loc187 Loc46 Loc1 Loc101 Loc84 Loc126 Loc11 Loc126 Loc133 Loc4 Loc150 Loc44 Loc85 Loc44 Loc158 Loc20 Loc186 Loc198 Loc96 Loc80 Loc48 Loc176 Loc48 Loc121 Loc165 Loc195 Loc121 Loc48 Loc162 Loc37 Loc162 Loc1 Loc137 Loc142 Loc137 Loc68 Loc74 Loc36 Loc192 Loc1 Loc30 Loc119 Loc1 Loc9 Loc155 Loc173 Loc193 Loc9 Loc28 Loc138 Loc28 Loc0 Loc138 Loc32 Loc41 Loc194 Loc91 Loc128 Loc91 Loc194 Loc40 Loc166 Loc92 Loc27 Loc178 Loc1 Loc16 Loc48 Loc15 Loc1
82
Loc0 Loc0
Loc22 Loc3 Loc53
Loc121 Loc5 Loc189
Loc6 Loc6
Loc131 Loc7 Loc99
Loc150 Loc8
Loc9 Loc9
Loc11 Loc11
Loc1 Loc13 Loc57 Loc67 Loc71 Loc107 Loc143 Loc163
Loc14 Loc14
Loc15 Loc15
Loc16 Loc16
Loc162 Loc17 Loc54 Loc144
Loc88 Loc18
Loc165 Loc19 Loc110 Loc177
Loc20 Loc20
Loc23 Loc23
Loc25 Loc25
Loc27 Loc27
Loc30 Loc30
Loc47 Loc31 Loc168
Loc32 Loc32
Loc33 Loc33
Loc37 Loc37
Loc119 Loc38
Loc142 Loc39
Loc44 Loc44
Loc72 Loc46
Loc50 Loc50
Loc173 Loc51
Loc52 Loc52
Loc174 Loc60
Loc155 Loc61 Loc109
Loc62 Loc62
Loc136 Loc65
Loc74 Loc74
Loc166 Loc75
Loc49 Loc76
Loc77 Loc77
Loc83 Loc83
Loc85 Loc85
Loc91 Loc91
Loc41 Loc94
Loc95 Loc95
Loc96 Loc96
Loc97 Loc97
Loc100 Loc100
Loc101 Loc101
Loc157 Loc103
Loc106 Loc106
Loc40 Loc111
Loc118 Loc118
Loc122 Loc122
Loc124 Loc124
Loc128 Loc128
Loc129 Loc129
Loc158 Loc132 Loc140 Loc197
Loc133 Loc133
Loc137 Loc137
Loc126 Loc141
Loc145 Loc145
Loc78 Loc147
Loc149 Loc149
Loc90 Loc153
Loc48 Loc154 Loc172
Loc159 Loc159
Loc112 Loc160
Loc198 Loc167
Loc45 Loc170
Loc4 Loc171
Loc175 Loc175
Loc176 Loc176
Loc180 Loc180
Loc187 Loc182
Loc183 Loc183
Loc66 Loc188
Loc138 Loc190
Loc156 Loc192
Loc56 Loc195
Loc151 Loc151
Loc59 Loc59
Loc123 Loc123
