pace other likely viable atmosphere rent swear tool liver ignore shiver blonde virgin winner boom quality autonomy paper cotton lifestyle election buffet exempt dramatic opposed dip exclusive vegetarian linger physics linger decisive greeting begin lake write feature demand injury flag home dialogue candle triple country single joint mixture chair respect throne structure bowel brake nationalist swop electronics interface environment bleed smile drawer chew curriculum bleed pier pig straighten identity coincide dive view profound coast forge confrontation development native mature page deposit rage bitter coffin attraction excuse teacher hospitality terms deter note tablet imposter driver banana widen error interactive notebook fortune financial injection desk enemy ask quadruple other pace
87
exclusive exclusive
identity identity
injection injection
vegetarian market exile
nationalist acceptance
exempt exempt
coffin coffin
begin begin
teacher teacher
autonomy autonomy
development development skeleton
drawer drawer
enemy control stress illusion enemy
swop swop
ignore audience due ignore
injury injury
deter deter
environment environment
virgin virgin
tablet tablet
joint output
dip dip
terms thumb
structure structure
buffet buffet
viable viable
physics dough physics
winner assignment
coincide coincide
atmosphere atmosphere
cotton cotton
triple triple
mature mature
pig pig
desk spoil
profound profound
curriculum curriculum
widen widen
dive dive
shiver shiver
smile smile headline
note note
flag flag
driver driver
tool railcar tool
mixture mercy
error error
throne throne
decisive decisive
candle candle
demand rob
brake scheme
chew offset
country knot country
likely comfortable likely
native native
rent rent
attraction guarantee attraction
coast coast
interface interface
electronics electronics
other other
confrontation confrontation
pace pace
ask ask
imposter imposter
straighten straighten
quadruple quadruple
liver liver
notebook pardon
bowel bowel
home home
financial financial
lifestyle lifestyle
interactive interactive
respect respect
swear swear
chair chair
page page
boom boom
greeting greeting
forge forge
rage rage
election election
excuse excuse
feature feature
blonde pipe
