C0 C95 C98 C82 C72 C56 C94 C98 C96 C76 C86 C96 C73 C76 C97 C78 C83 C78 C88 C93 C95 C90 C75 C80 C83 C97 C27 C97 C75 C85 C58 C85 C71 C83 C86 C68 C49 C99 C79 C87 C91 C95 C94 C83 C89 C92 C84 C95 C99 C57 C82 C68 C86 C81 C70 C95 C96 C69 C74 C69 C42 C69 C87 C67 C0
25
C95 C22 C93 C94 C81 C36 C95
C98 C59 C17
C56 C56
C27 C27 C9
C69 C69
C85 C21 C75 C85 C55
C58 C58 C53
C71 C24 C29
C97 C50 C83 C97
C42 C42 C28
C90 C14 C98
C91 C6 C12
C99 C47 C34
C80 C20
C92 C5 C84 C44 C89
C57 C46
C96 C96 C40 C35
C78 C11
C73 C76
C86 C87
C84 C1
C79 C77
C49 C26 C25
C74 C70 C67
C68 C39
