C0 C165 C194 C110 C171 C141 C102 C196 C172 C167 C144 C160 C137 C154 C124 C157 C189 C184 C139 C184 C159 C129 C114 C122 C114 C193 C122 C157 C127 C142 C149 C164 C162 C161 C152 C132 C168 C166 C163 C181 C126 C185 C121 C119 C192 C114 C152 C168 C164 C120 C145 C123 C195 C182 C129 C191 C105 C193 C145 C130 C97 C134 C153 C120 C144 C119 C195 C161 C198 C155 C125 C177 C125 C146 C101 C187 C82 C192 C152 C166 C165 C119 C182 C123 C159 C169 C101 C169 C121 C183 C68 C191 C153 C165 C134 C195 C103 C90 C103 C108 C182 C179 C104 C179 C124 C190 C107 C0
65
C185 C185 C48
C171 C171 C28
C105 C45 C105
C134 C134
C101 C101
C142 C10 C7
C167 C167 C26 C27
C163 C132
C192 C5 C192 C51 C1
C141 C4 C56 C141
C97 C97
C122 C122
C159 C35 C16 C63
C157 C78 C77
C108 C66
C144 C144
C145 C145
C179 C179
C137 C137 C55 C32
C161 C161
C165 C165 C57
C152 C152
C125 C54
C193 C193
C184 C70 C24 C2
C0 C0
C146 C146 C84
C191 C95 C31
C119 C119
C168 C168 C103 C93
C162 C52 C3
C169 C169 C50
C107 C107
C121 C121
C195 C19 C20
C129 C129
C102 C11
C198 C74 C198 C86 C71
C177 C58
C187 C87 C88
C194 C194
C190 C190
C153 C153
C155 C47
C160 C160 C59
C182 C182
C82 C8 C25
C126 C49
C154 C154 C30
C196 C196 C43
C120 C120
C172 C172
C130 C100
C127 C127
C104 C104
C149 C149
C114 C114
C181 C181
C124 C124
C68 C18 C68
C164 C164
C123 C123
C110 C110
C139 C139
C166 C166
