HAZtD 4Eg1F wnnBN Cg1yP J0OP0 F7CZj RN9nS 3NU9e CXkxa ED9em 5h4rt ED9em CXkxa 3NU9e GxQg8 lJnz7 Q9Dex 1gvq4 rH3nx p3gJd DaieK p3gJd cpzS8 p3gJd cC0Rg gpbSj u60s4 Zxvdf Tp7uZ jyRQW Xqwfz jcSDd 7kY28 URrao 7kY28 IOpdQ 1VA1I BaYb3 SxklZ VESmp SxklZ rVnMc OWqP4 6owsT iimZq qz2Of 8Qx0C qz2Of iimZq GUEko 0moVI HAKlt 6sv9O Q8lcd Jbr8u GaZ4O H1xt8 o2JtM e7SjH DuU0x e7SjH E6pda xKTIz RkCLD SfSL1 bMhFI CHx6u rmW0U HOuAL rmW0U GrnJ7 iIQll p4kTx iIQll Vg6Sz 4jcrD DmTRc tgL8p 0FMEI RWE9G sU69u 9cp56 0F8yg 9cp56 sU69u 5EAEu 0FMEI R6NzB v0WXM iHR3J SE1WY fWz4T EgumV UQeyk kjZGl kNG2j AwFdf 2zHfe fExZu v7hOX SEkfX v7hOX fExZu wVSYr WVEjT Agb0E b9v0q eVDVP Ia6ul kvy7i Q5zY0 69WZh zrVPv 15wtn GmE3O jesVt 4AhmX 93R2m C4biR aegld TlJnt O8CwF XbFfE aWuHk vfAR8 X2hjX UqGfS NqBQW UqGfS kPB79 6gp0A HAZtD
82
Xqwfz pLg86
p4kTx p4kTx
kNG2j kNG2j
aWuHk aWuHk
DaieK uPUO1 DaieK
4AhmX 4AhmX
bMhFI bMhFI lF8gH
7kY28 7kY28
HOuAL HOuAL
1VA1I Zok18 1VA1I
Zxvdf Zxvdf
93R2m cu5FB
0moVI 0moVI
Agb0E VG4na Agb0E
UqGfS UqGfS Ssao4
xKTIz xKTIz
F7CZj z82fM
iIQll iIQll
NqBQW NqBQW
OWqP4 OWqP4
URrao URrao fiXIW
DuU0x DuU0x BIY9X
zrVPv zrVPv wedr3
WVEjT WVEjT
RN9nS RN9nS
R6NzB R6NzB
SE1WY TzGS5
HAKlt Pk19A HAKlt
kPB79 4Tt2a 4PXv9
5h4rt 5h4rt
SEkfX SEkfX
4jcrD 4jcrD
cC0Rg cC0Rg
vfAR8 vfAR8 bW6Ms
GrnJ7 gNinx UbqWX v9joy iaaYU
Q8lcd Q8lcd
iHR3J iHR3J
GxQg8 GxQg8
e7SjH 2LhKB
fExZu fExZu
jesVt jesVt
O8CwF O8CwF
CHx6u CHx6u
fWz4T fWz4T
rmW0U 9tf0w
H1xt8 H1xt8
1gvq4 1gvq4
J0OP0 J0OP0 iKwe0
lJnz7 lJnz7
69WZh mdIe6 69WZh
X2hjX X2hjX
SxklZ SxklZ
aegld aegld
AwFdf AwFdf
eVDVP eVDVP
15wtn ox9Gx
VESmp VESmp
v7hOX v7hOX
p3gJd p3gJd
Ia6ul Ia6ul
E6pda E6pda
0F8yg 0F8yg zcuSA
cpzS8 acHTt cpzS8
iimZq iimZq
6owsT 6owsT
wnnBN wnnBN
Vg6Sz Vg6Sz
5EAEu 5EAEu
IOpdQ IOpdQ
CXkxa Lusir
XbFfE iqOI4
BaYb3 BaYb3
EgumV EgumV
rH3nx rH3nx
8Qx0C 8Qx0C
TlJnt TlJnt
ED9em ED9em
gpbSj gpbSj
DmTRc DmTRc
RWE9G 2GCiD
Cg1yP Cg1yP
u60s4 u60s4
