location1 location2 location130 location133 location49 location151 location152 location153 location154 location157 location160 location163 location166 location169 location71 location144 location141 location138 location137 location6 location3 location26 location23 location22 location19 location51 location177 location174 location171 location87 location86 location83 location55 location58 location79 location78 location63 location66 location67 location125 location124 location31 location34 location7 location10 location11 location50 location47 location45 location42 location43 location73 location118 location115 location112 location109 location106 location103 location100 location97 location94 location95 location98 location101 location1
63
location1 location1
location3 location3
location2 location5
location7 location7
location6 location9
location11 location11
location10 location13
location166 location15 location165 location167
location86 location17 location85 location89
location19 location19
location22 location21
location23 location23
location26 location25 location27 location29
location31 location31
location34 location33 location35 location37
location42 location39 location41
location43 location43
location45 location45
location47 location47
location49 location49
location51 location51
location50 location53
location55 location55
location58 location57 location59 location61
location63 location63
location66 location65 location69 location179
location67 location67
location71 location71
location73 location73
location78 location75 location77 location81
location79 location79
location83 location83
location87 location87
location94 location91 location93
location95 location95
location97 location97
location98 location99
location101 location101
location103 location103
location106 location105 location107
location109 location109
location112 location111 location113
location115 location115
location118 location117 location119 location121
location124 location123
location125 location125
location130 location127 location129 location131
location133 location133
location138 location135 location139
location137 location137
location141 location141
location144 location143 location145 location147
location152 location149
location151 location151
location153 location153
location154 location155
location157 location157
location160 location159 location161
location163 location163
location169 location169
location171 location171
location174 location173 location175
location177 location177
