Abbey Jordin Vivian Tanya Beatrice Alexia Riley Lisa Kristina Lana Carlee Rebecca Isabella Avni Nora Liberty Sophia Maeve Marisol Ayanna Harley Kimberly Karma Eden Haven Shannon Dana Kiera Helen Yoselin Jamiya Lilia Presley Ruth Tara Rayna Lillie Mckinley Mira Kayley Matilda Abbey
40
Alexia Alexia
Avni Avni
Ayanna Ayanna
Beatrice Beatrice
Carlee Carlee
Dana Dana
Eden Eden
Harley Harley
Haven Haven
Helen Helen
Isabella Isabella
Jamiya Jamiya
Jordin Jordin
Karma Karma
Kayley Kayley
Kiera Kiera
Kimberly Kimberly
Kristina Kristina
Lana Lana
Liberty Liberty
Lilia Lilia
Lillie Lillie
Lisa Lisa
Maeve Maeve
Marisol Marisol
Matilda Matilda
Mckinley Mckinley
Mira Mira
Nora Nora
Presley Presley
Rayna Rayna
Rebecca Rebecca
Riley Riley
Ruth Ruth
Shannon Shannon
Sophia Sophia
Tanya Tanya
Tara Tara
Vivian Vivian
Yoselin Yoselin
