Abbey Denisse Haven Iyana Riley Kenzie Lacey Leila Madilynn Alexia Janiya Imani Kimberly Elianna Matilda Christine Parker Melina Dana Dayami Zion Lilia Gillian Nia Maggie Jasmin Noelle Natalee Sophie Sharon Brooklyn Carlie Ingrid Jazmyn Neveah Lucille Aubree Shyanne Mckinley Baylee Rylee Jimena Jaden Laylah Kiana Taniyah Myah Keyla Alexus Kira Bryanna Kristina Mckayla Claire Jillian Alia Ariel Carlee Kaydence Juliette Carly Jamiya Kristin Sophia Kaley Ashley Kiley Lilyana Arielle Lainey Emma Tara Mireya Avni Alivia Zaria Ciara Mya Kayden Aryana Aniya Chasity Carleigh Jade Camilla Mira Diana Emilie Zara Lindsay Abbey
90
Abbey Abbey
Alexia Alexia
Alexus Alexus
Alia Alia
Alivia Alivia
Aniya Aniya
Ariel Ariel
Arielle Arielle
Aryana Aryana
Ashley Ashley
Aubree Aubree
Avni Avni
Baylee Baylee
Brooklyn Brooklyn
Bryanna Bryanna
Camilla Camilla
Carlee Carlee
Carleigh Carleigh
Carlie Carlie
Carly Carly
Chasity Chasity
Christine Christine
Ciara Ciara
Claire Claire
Dana Dana
Dayami Dayami
Denisse Denisse
Diana Diana
Elianna Elianna
Emilie Emilie
Emma Emma
Gillian Gillian
Haven Haven
Imani Imani
Ingrid Ingrid
Iyana Iyana
Jade Jade
Jaden Jaden
Jamiya Jamiya
Janiya Janiya
Jasmin Jasmin
Jazmyn Jazmyn
Jillian Jillian
Jimena Jimena
Juliette Juliette
Kaley Kaley
Kayden Kayden
Kaydence Kaydence
Kenzie Kenzie
Keyla Keyla
Kiana Kiana
Kiley Kiley
Kimberly Kimberly
Kira Kira
Kristin Kristin
Kristina Kristina
Lacey Lacey
Lainey Lainey
Laylah Laylah
Leila Leila
Lilia Lilia
Lilyana Lilyana
Lindsay Lindsay
Lucille Lucille
Madilynn Madilynn
Maggie Maggie
Matilda Matilda
Mckayla Mckayla
Mckinley Mckinley
Melina Melina
Mira Mira
Mireya Mireya
Mya Mya
Myah Myah
Natalee Natalee
Neveah Neveah
Nia Nia
Noelle Noelle
Parker Parker
Riley Riley
Rylee Rylee
Sharon Sharon
Shyanne Shyanne
Sophia Sophia
Sophie Sophie
Taniyah Taniyah
Tara Tara
Zara Zara
Zaria Zaria
Zion Zion
