Ilesa Resplendor Great Ada Krymsk Bavly Gariadhar Minas Chacabuco Shaowu Perth Brzeg Kyzylorda Bensheim Bang Shagamu Calauan Onex Puerto Milledgeville PortVila Alexandria American Puducherry Tupelo Memmingen WaltonontheNaze Polohy Alfenas Aleshtar Jagna Stupino Villaquilambre Palafrugell Viewpark Ventimiglia DehiwalaMount Tupiza Valday Bogovinje Mouscron Uran Landshut Bon An Bobigny Sillanwali Sishui Talipparamba Marburg Palm Oberhausen Hermsdorf Sceaux Valletta Itacoatiara Sirsi Ponta MitryMory Magomeni Jashpurnagar Malden Rhosllanerchrugog Milagro Azrou Oulmes Mexborough Meizhou Toledo Davis Jiangyan Brunswick Belper Zaozhuang Rutland Stuttgart Aklera Foshan Ilesa
78
Jagna Jagna
Sishui Sishui
Milagro Milagro
MitryMory Claremont Aurora MitryMory Lodwar Copperas
Palm Palm
Talipparamba Talipparamba
Aklera Aklera
Sillanwali Sillanwali
Milledgeville Milledgeville
Ada Ada
Great Tyoply Great
Bavly Bavly
Mexborough Mexborough
Sceaux Sceaux
Foshan Foshan
Valletta Valletta
Resplendor Resplendor
Brunswick Brunswick
Stuttgart Stuttgart
Stupino Stupino
Bensheim Bensheim Campobasso Ramla PointeClaire
Alexandria Alexandria
Sirsi Sirsi
Minas New Dahlem
Malden Malden
Chacabuco Chacabuco
Azrou Azrou
Perth Perth UlanUde Tak Niort Sorsogon Clermont
Bogovinje Bogovinje
Oberhausen Oberhausen
Palafrugell Palafrugell
Polohy Polohy
Ventimiglia Yingkou Ventimiglia Barracas
Zaozhuang Zaozhuang
Belper Skalica Guli LonsleSaunier
Ilesa Ilesa
Calauan Calauan Tharu Paredes
Krymsk Tiruppuvanam GernikaLumo
Shagamu Shagamu
Gariadhar Gariadhar
Shaowu Shaowu
Landshut Landshut
Tupelo Tupelo
Davis Davis
An An
Bobigny Bobigny
Bang Bang
Toledo Toledo
Rhosllanerchrugog Rhosllanerchrugog
PortVila PortVila
Meizhou Meizhou
Memmingen Memmingen
Itacoatiara Itacoatiara
Viewpark Viewpark
Rutland Rutland
Mouscron Mouscron
Tupiza Tupiza
Marburg Lille Marburg
Magomeni Magomeni
Puerto Puerto
Brzeg Brzeg
Valday Valday
American American
DehiwalaMount DehiwalaMount
Hermsdorf Hermsdorf
Aleshtar Aleshtar
Villaquilambre Villaquilambre
Jiangyan Jiangyan
Jashpurnagar Jashpurnagar
Onex Onex
Alfenas Alfenas
Bon Bon
Uran Uran
Ponta Ponta
Oulmes Oulmes
Kyzylorda Kyzylorda
Puducherry Puducherry
WaltonontheNaze WaltonontheNaze
