108 30 186 177 189 82 56 151 128 55 143 37 53 90 57 96 45 127 26 5 35 188 174 153 144 132 81 64 112 120 67 17 61 46 32 36 79 13 44 66 21 158 63 133 107 38 31 190 116 109 59 157 179 150 75 110 77 119 95 68 85 23 6 48 34 178 130 43 140 83 84 196 92 197 137 118 176 148 182 99 142 114 24 117 191 181 167 156 184 113 136 134 73 193 39 146 78 54 170 49 101 51 7 69 108
89
188 188
7 7
39 39
67 67
99 99
48 48
54 54
114 114
23 129 23
37 37
176 176
57 57
174 19 174
95 95
153 153
26 26
30 121
191 100
142 142
184 184
137 137
46 46
63 63
64 64
35 14 35
112 126
186 186
24 24
117 117
151 151
118 118
193 11
181 181 28
148 148
61 61
78 78
81 81
66 66
69 69
44 44
34 34
144 144
110 110
68 68
156 187
128 128
136 136
157 157 15
107 107
182 182
134 134
13 13
17 17
79 79
120 138 120
45 45
119 1
83 83
49 49
190 190
75 75
56 56
197 197
150 150
92 65 92
77 77
140 140
82 82 71
109 109
31 31
36 36
133 133
38 38
5 5
43 43
179 179
96 96
84 84
130 130
167 167
177 177
85 85
73 73
53 53
146 146
143 143
170 170
101 101
32 32
