1 64 108 95 36 143 96 16 60 59 84 11 108 86 24 83 132 136 144 134 1 131 60 107 120 74 72 98 144 2 12 38 48 76 1 6 149 1 75 1 39 1
34
2 2
1 4 14 23 26 29 35 44 47 50 53 62 71 89 100 110 119 122 128
39 5 28 40 52 65 112 113 137
6 6
75 8 17 20 32 41 56 68 77 80 88 92 101 104 116 124 125 140
76 10 34 46 76 142
11 11
12 12
16 16 70 82
149 18 30 42 54 66 78 90 102 114 126 138
136 22 94 106 118 136
24 24
36 36
38 38
48 48
64 58 64 130
59 59
60 60
72 72
74 74
83 83
84 84
86 86
95 95
96 96
98 98
107 107
108 108
120 120
131 131
132 132
134 134
143 143
144 144
