pride feign knit cancel perception accessible bring basketball prove appear homosexual shelter denial celebration loud maze leash predict scrap berry car crew deter dedicate trance snap contract exotic dilemma think inhibition present formation salmon linear minimize fuss company vote transaction belief rabbit creation glide bracket ballot thread tin mind gift line suffer breakin dialect desk valid deck makeup pupil partnership nationalism magnetic adult colon traction mechanism tribe top domestic magnitude hide fortune offensive dose merit direct create concern transmission farewell absorption mosaic integrated childish pastel whole work craftsman battery skip seller steward east community dramatic lobby wrong huge equinox thank pride
100
transmission transmission
farewell farewell
trance trance
pride pride
mind mind
magnitude magnitude
predict predict
car car
prove prove
community community
lobby lobby
adult adult
vote vote
dramatic dramatic
create create
think think
mechanism mechanism
ballot ballot
tin tin
feign feign
crew crew
battery battery
makeup makeup
salmon salmon
work work
thank thank
nationalism nationalism
partnership partnership
tribe tribe
dose dose
east east
breakin breakin
homosexual homosexual
absorption absorption
scrap scrap
valid valid
seller seller
glide glide
loud loud
berry berry
leash leash
wrong wrong
mosaic mosaic
minimize minimize
company company
hide hide
accessible accessible
equinox equinox
skip skip
belief belief
fuss fuss
fortune fortune
suffer suffer
knit knit
rabbit rabbit
integrated integrated
deter deter
exotic exotic
gift gift
magnetic magnetic
top top
pupil pupil
pastel pastel
bracket bracket
craftsman craftsman
merit merit
colon colon
dedicate dedicate
dialect dialect
dilemma dilemma
traction traction
transaction transaction
domestic domestic
huge huge
maze maze
denial denial
concern concern
present present
creation creation
perception perception
cancel cancel
basketball basketball
deck deck
appear appear
contract contract
snap snap
whole whole
desk desk
steward steward
linear linear
direct direct
inhibition inhibition
shelter shelter
formation formation
childish childish
celebration celebration
bring bring
line line
thread thread
offensive offensive
