0 4 64 45 35 69 65 54 75 29 24 19 63 55 62 72 51 36 66 40 46 42 18 47 22 74 38 28 23 30 10 57 31 70 13 20 8 52 33 14 61 41 71 11 48 27 2 43 7 32 1 15 39 17 49 3 26 16 21 53 68 60 50 44 25 9 6 37 34 58 67 56 12 59 73 5 0
76
0 0
1 1
2 2
3 3
4 4
5 5
6 6
7 7
8 8
9 9
10 10
11 11
12 12
13 13
14 14
15 15
16 16
17 17
18 18
19 19
20 20
21 21
22 22
23 23
24 24
25 25
26 26
27 27
28 28
29 29
30 30
31 31
32 32
33 33
34 34
35 35
36 36
37 37
38 38
39 39
40 40
41 41
42 42
43 43
44 44
45 45
46 46
47 47
48 48
49 49
50 50
51 51
52 52
53 53
54 54
55 55
56 56
57 57
58 58
59 59
60 60
61 61
62 62
63 63
64 64
65 65
66 66
67 67
68 68
69 69
70 70
71 71
72 72
73 73
74 74
75 75
