BU FF DU BM BH FD DA DJ CB GY CW FN HI BW CD EG HC CI CS AD GO DX DP HJ BE AP HB CO HB FC DZ CQ DT CK BN CR BA DS GT DU AL HQ FW DE AQ BY AH FI GS DW FL BQ CX EQ AR FP AF BT FG GA DI CZ CE AE BK DU GH FS EC ET HA AT CM HO GQ EK GQ HO CP FF DV DL CT FB AY FA BG AA CY CA AV AN BZ EO FU AW DM DK GE DR EY HP HM BZ ER CB GK AM EH AX HL HF BU GG DQ HH GX ES FR DD GP EA EV BF BU
98
DV DV
EC EC
AN AN
DR DR
BW BW
FD FD
CX CX
DK DK
EO EO
CE GN
FN FN
BU BU
FG FG
FW FW
BK BK
HC HC
CT CT
DA EL
DQ DQ
DS DS
HJ HJ
BF BF
CM CM
CY CY
EG EG
CQ CQ
CD CD
AW CV
DJ DJ
GK GK
FF FF
AE AE
BZ BZ
EH EH
ER ER
DZ DZ
HI HG
HM HM
GY GY
DI DI
CK CK
CI CI
AQ AQ
GA GA
EK EK
DM DM
GP GP
FR FR
CS CS
CZ CZ
DE DE FY
FL FL
GQ GQ
AF AF
ET ET
DP DP
EQ EQ
BE BE GM
DL DL
BY BY
BM BM
AY AY
CO CO
AV AV
AT AT
AP AP
DW EN
HF HF
BH BH
FB FB
BN BN
FP FP
CA CA
FS FS
GS GS
DT DT
GO GO
GH GH
CR CR
GT GT
DX DX
HP HP
HH HH
AX AX
FU FU
EV EV
BA BA
CW CW
ES ES
GE GE
EY EY
BQ BQ
DD DD
FI FI
AR AR
DU DU
HA HA
BG BG
