Qatar Macedonia Belarus Estonia Lebanon VaticanCity America Egypt DemofChina Burundi GuineaBissau Gabon Guyana Liberia Tunisia Angola Uzbekistan RussianFederation Tuvalu Montenegro Senegal Malta Armenia Peru Mali Mozambique Sweden CostaRica Kosovo CzechRepublic Danzig Singapore Belgium Mongolia Australia SanMarino SaintLucia Tajikistan Morocco UnitedKingdom Haiti Tanzania Georgia UAE Kyrgyzstan SierraLeone France Andorra Nicaragua Albania Qatar
50
Belarus Belarus
Peru Peru
Nicaragua Nicaragua
Gabon Gabon
Haiti Haiti
Tajikistan Tajikistan
Mongolia Mongolia
Danzig Danzig
Morocco Morocco
Liberia Liberia
UAE UAE
Armenia Armenia
Australia Australia
Estonia Estonia
Sweden Sweden
Montenegro Montenegro
RussianFederation RussianFederation
Egypt Egypt
France France
CostaRica CostaRica
Senegal Senegal
SierraLeone SierraLeone
DemofChina DemofChina
Kosovo Kosovo
Qatar Netherlands
UnitedKingdom UnitedKingdom
Macedonia Macedonia
Singapore Singapore
Mozambique Mozambique
Belgium Belgium
Angola Angola
Guyana Guyana
Tanzania Tanzania
Uzbekistan Uzbekistan
Mali Mali
SanMarino SanMarino
GuineaBissau GuineaBissau
Tunisia Tunisia
VaticanCity VaticanCity
Malta Malta
Lebanon Lebanon
Tuvalu Tuvalu
Albania Albania
Kyrgyzstan Kyrgyzstan
America America
Burundi Burundi
Andorra Andorra
SaintLucia SaintLucia
Georgia Georgia
CzechRepublic CzechRepublic
