Albania Suriname Malaysia EquatorGuinea Niger Paraguay Portugal Tanzania Luxembourg Yemen Mali Japan Belarus Israel Switzerland CentralAfricanRep Kiribati Laos Chile Germany Comoros Togo Argentina Lesotho SolomonIslands Ethiopia IvoryCoast Bulgaria Newfoundland VaticanCity Romania Eritrea RussianFederation Burma SaintLucia Australia Brazil Peru Serbia Gabon Qatar CapeVerde Panama Nepal Norway Kazakhstan SriLanka UAE Guatemala NorthKorea Grenada Dominica Burkina Danzig Fiji Poland Venezuela Tunisia SaudiArabia UnitedKingdom TheGambia Vanuatu Maldives BosHerzegovina America SierraLeone Bahamas Italy Mauritania Kosovo Bhutan Thailand Seychelles Andorra Cambodia Djibouti Rwanda PapuaNewGuinea Pakistan Cyprus MountAthos France Slovenia Cuba Estonia Latvia Mongolia Greece SaintKitts Finland SaoTomPrincipe Philippines NewZealand Rome Jamaica Liechtenstein Algeria Mauritius Hungary Ukraine Lithuania Albania
100
Bahamas Bahamas
Malaysia Malaysia
Rome Rome
Burkina Burkina
SolomonIslands SolomonIslands
IvoryCoast IvoryCoast
BosHerzegovina BosHerzegovina
Andorra Andorra
VaticanCity VaticanCity
EquatorGuinea EquatorGuinea
Djibouti Djibouti
Mauritania Mauritania
Pakistan Pakistan
Bulgaria Bulgaria
Thailand Thailand
Nepal Nepal
Estonia Estonia
Italy Italy
Comoros Comoros
Kosovo Kosovo
Norway Norway
Algeria Algeria
Panama Panama
Eritrea Eritrea
Mongolia Mongolia
UnitedKingdom UnitedKingdom
Peru Peru
Mauritius Mauritius
Laos Laos
Luxembourg Luxembourg
Belarus Belarus
Paraguay Paraguay
America America
Brazil Brazil
MountAthos MountAthos
Dominica Dominica
Philippines Philippines
CapeVerde CapeVerde
Niger Niger
Latvia Latvia
Cyprus Cyprus
Burma Burma
SierraLeone SierraLeone
Kazakhstan Kazakhstan
Cambodia Cambodia
Japan Japan
Portugal Portugal
Danzig Danzig
Jamaica Jamaica
Tunisia Tunisia
Qatar Qatar
Argentina Argentina
Chile Chile
Tanzania Tanzania
Kiribati Kiribati
Germany Germany
Ukraine Ukraine
Australia Australia
Yemen Yemen
France France
Newfoundland Newfoundland
Slovenia Slovenia
Lesotho Lesotho
CentralAfricanRep CentralAfricanRep
Romania Romania
Bhutan Bhutan
Ethiopia Ethiopia
NorthKorea NorthKorea
SaintLucia SaintLucia
Gabon Gabon
Hungary Hungary
SaintKitts SaintKitts
Vanuatu Vanuatu
SaudiArabia SaudiArabia
Grenada Grenada
SaoTomPrincipe SaoTomPrincipe
Rwanda Rwanda
RussianFederation RussianFederation
Guatemala Guatemala
UAE UAE
SriLanka SriLanka
Cuba Cuba
Togo Togo
Poland Poland
Israel Israel
Switzerland Switzerland
Seychelles Seychelles
Venezuela Venezuela
NewZealand NewZealand
PapuaNewGuinea PapuaNewGuinea
Finland Finland
Mali Mali
TheGambia TheGambia
Greece Greece
Suriname Suriname
Liechtenstein Liechtenstein
Lithuania Lithuania
Serbia Serbia
Maldives Maldives
Fiji Fiji
