Nepal Tanzania Liechtenstein SaintLucia VaticanCity TheGambia Suriname Tajikistan Kuwait Mauritius Niger Serbia Vietnam Afghanistan Fiji Botswana NewZealand Slovakia Estonia UAE Belarus Argentina Georgia Nepal
22
Belarus Azerbaijan Belarus
Tajikistan Tajikistan
VaticanCity VaticanCity
Estonia Estonia
Botswana Botswana
UAE UAE
Serbia Serbia
NewZealand NewZealand
Tanzania Tanzania
Georgia Georgia
Fiji Panama Fiji Palau
Suriname Suriname
Argentina Argentina
Vietnam Vietnam
Niger Niger
TheGambia MarshallIslands
Afghanistan Afghanistan
Slovakia Slovakia
Liechtenstein Liechtenstein
Mauritius Mauritius
Kuwait Kuwait
SaintLucia SaintLucia
