l0 h25 h81 l42 h59 h61 l97 h82 h64 h11 h66 h38 h73 h96 h54 h67 h75 h39 h90 h93 h57 h94 h56 l17 h35 l73 h79 h32 h30 l15 h31 h48 h49 h21 h10 l26 h52 h53 h4 h5 l40 h12 h13 h97 l80 l72 h27 l31 h63 h8 l88 h40 h9 h40 l88 h36 h37 l18 l20 l63 h87 h99 h65 h88 h19 l9 h43 h85 h16 h15 l87 h17 h28 h80 h50 h71 h14 l45 h70 h29 h76 h45 h51 l95 l66 h22 h23 h77 h84 h58 h6 l23 h47 h92 h0 h1 h83 h89 h74 h2 h3 l0
88
h0 h0
h1 h1
h2 h2
h3 h3 h91
h4 h4 h18
h5 h5
h6 h6
h29 h7 h29
h8 h8
h9 h9 h95
h10 h10
h11 h11
h12 h12
h13 h13
h14 h14
h15 h15
h16 h16
h17 h17
h19 h19
h57 h20 h57
h21 h21
h22 h22
h23 h23
h92 h24 h92
h25 h25
l31 h26
h27 h27
h28 h28
h30 h30
h31 h31 h69 h78
h32 h32
l73 h33
l17 h34
h35 h35
h36 h36
h37 h37
h38 h38
h39 h39
h40 h40
l20 h41
l9 h42 h86
h43 h43
l95 h44
h45 h45
l23 h46
h47 h47
h48 h48
h49 h49
h50 h50
h51 h51
h52 h52
h53 h53
h54 h54 h55
h56 h56
h58 h58
h59 h59
l97 h60
h61 h61
l72 h62
h63 h63
h64 h64
h65 h65
h66 h66 h72
h67 h67
l15 h68
h70 h70
h71 h71
h73 h73
h74 h74
h75 h75
h76 h76
h77 h77
h79 h79 h98
h80 h80
h81 h81
h82 h82
h83 h83
h84 h84
h85 h85
h87 h87
h88 h88
h89 h89
h90 h90
h93 h93
h94 h94
h96 h96
h97 h97
h99 h99
