Mf966TmCJF9l0PTKetVd s7HXjvUAOobkeOC6hmGZ Yw0z9L8p6xIk7hgYCgVd AjMqEYKq0eELwsiEhQNE OyOgefgJfgx6VwEfudZn mGfIqoDGGajPXw9RvY8S WZxeHszJ2ShfYgJs53YV Xucw5TdPOzp0SQGWHjkE ZDA7k1XMUYTsnmCfuUtR wNmo9den9k6ySqzO7o0M czjPVxJvSz9DoMc0Y7Vv VaRx19QfIOvUT5pZyulj Crbc9OlCoJ9dTIJXXsjb JfzkldRR1w0Y52KBg47D CLNCAWQgYnzuvt7RChAf N7mkTpLI9Mgh0txBOflw sSdPSXUotKahf03SRnBn QMmklR1fA1rnjMsU1WMc 7ArLVA3N0doHBQAlCDtl KCy3uvDFe4h3kwRgxFiX b2icxuMf1zEyF7ImMEzE Ic20PkDM6xxefUTvJEIQ tH0lbMmdJDVlC4Pr7uAb 56ePYTmTGzdOHfvnLEPd UvtGaTsTes8Gs4gE8ya3 Ad4iMaOuAofXNjJzNKWl NtZncVsU7O40k1BXousH aH2XDl7CjGFhEP3bbYjH Q4jkxyPtGKis0eXik3Gg u4VGAkqq00Jhej3knMJI WQlZty1AKP9gLfjz0EYW CxdADQl1Lh5mGQMAravk 4mRiy2s23Ljl4N4CqEav CHHJQHxp9VQGraviPBS2 kGhQ3uDjcFA7MLP7UF4W aU4DeG46NC8vRU6N0ahg cAkwFDH7tSQkP40ewGcD 2bMCdMiNzTpm8a2kNe9G S0PhmGw8tyUPzxvRSE5R iRg3oRlKsAtLuOm5tUrC ydEppVwK15UN0USyP00U lrLgTYF7nIsDkEYlxuHz SQhK0n9L9aixdJxvdeKd ul7ierPjffkmvfh4Ylme mGfIqoDGGajPXw9RvY8S 5ebtvAsyAh8vEmm1Z3wm wyZ3Q4gHyaxpdYdezyjU KKiBHd9DTQAd6AZYxlK3 4CVQrsejmjPmVL7elf2w 1aGCWVuyE8DRxIV204ZW HKK5Jm9eHd0V7gvBWuw9 VqBuOSJBVqxMG4rldwQn 4mdSIFCsq2HySOzm2H4M byF5FvS6RJUrgCsP3o6T ZPAxEbVjKWTr0cDqLbA0 km12BN3CByUGmRV2tX7b acwLCbshqBQuYbTzAPRI dOWv4G57nxm9UArCvQlq BCVfaQnOCgLubJ23r8nF trOoQ3enuOI8GUJqwAMC GzkbHop7cJv0CvjQalTE 3Yod5nNtIcKNmTtNQ3xH e2usEAoRX2qu6mneHOxg HhITLZSwERe6osGRUBXt jZUUy27kZ3z2uIv0PGPy JfWSVxbK8iOEPzK7FV9x a6uUA0TEdnZwD1b73O9r kVdbGuYm0jD2q8vsLFHY rzYdrZxXnbXlOjFVWVaR flliQzyn5hSC8yLOMyYJ TBEGhhvsdStRJh2Eqkyf wtlCpdxHbUUmSY7DnD2u jAzyDyaN1mD5Ei1RjCiO Y5ZKsuPbCDUQp5LjPNey R87rV3jFUvYuE0RN4Z4a bLojQFXmB5k6r0zKTWYe QZIvvAQe1weWyQjLrGi1 BLgd9OLqnPIJY5LCIxDK IwnN6xRahpjWnxZTYR2F 7c4FoaFf1TJetsLZUEok XfWllIgv9lA6ZwGuKvLt GfTqQpqjWivAFXbCN2BL 1wZce3qjltyIzzlL1Zfw fsCdklolnC3ndvzFtyM3 bBJ5TDHtVrSIxXmQJ63J Hpniux0SkkA6CliHWNDc p6bp9pYgtaGo4Q50DQAM TmdW4dU59umpgT9XX8G3 eA2uctxdjBuXDZUrmUHy 1crXui4lUlMG7IuTFiXo PLyQF48YPXs4LxxIxWHM BcvYB1mubFuRTbgMUsXg RrBlUMzlEzdRa5S1pyiF zDq8bGYKiSYw3c53IWfw YrtjNlKZcZnAXu7owFPA JWE9kJZ3fUSBbRtkVScl NvfSRypj4POoHWC3jDz3 pxBA1Tii62WPeRWcccVp W1IcDWCQWwTCriXsjtm4 y3cL4LyhfEAlU1Jj1Xj6 TkZ4LHIfwKap48xdp8m2 0O3lDJvzYSiuZNzHimQX OGxA8YvD4WfIxOfmtWm4 XM2epDdQlzVNrldkM9rh Mf966TmCJF9l0PTKetVd
100
GzkbHop7cJv0CvjQalTE GzkbHop7cJv0CvjQalTE
S0PhmGw8tyUPzxvRSE5R S0PhmGw8tyUPzxvRSE5R
YrtjNlKZcZnAXu7owFPA YrtjNlKZcZnAXu7owFPA
rzYdrZxXnbXlOjFVWVaR rzYdrZxXnbXlOjFVWVaR
1wZce3qjltyIzzlL1Zfw 1wZce3qjltyIzzlL1Zfw
PLyQF48YPXs4LxxIxWHM PLyQF48YPXs4LxxIxWHM
OGxA8YvD4WfIxOfmtWm4 OGxA8YvD4WfIxOfmtWm4
BLgd9OLqnPIJY5LCIxDK BLgd9OLqnPIJY5LCIxDK
VqBuOSJBVqxMG4rldwQn VqBuOSJBVqxMG4rldwQn
4CVQrsejmjPmVL7elf2w 4CVQrsejmjPmVL7elf2w
CLNCAWQgYnzuvt7RChAf CLNCAWQgYnzuvt7RChAf
HKK5Jm9eHd0V7gvBWuw9 HKK5Jm9eHd0V7gvBWuw9
KKiBHd9DTQAd6AZYxlK3 KKiBHd9DTQAd6AZYxlK3
zDq8bGYKiSYw3c53IWfw zDq8bGYKiSYw3c53IWfw
CxdADQl1Lh5mGQMAravk CxdADQl1Lh5mGQMAravk
2bMCdMiNzTpm8a2kNe9G 2bMCdMiNzTpm8a2kNe9G
jAzyDyaN1mD5Ei1RjCiO jAzyDyaN1mD5Ei1RjCiO
Q4jkxyPtGKis0eXik3Gg Q4jkxyPtGKis0eXik3Gg
kGhQ3uDjcFA7MLP7UF4W kGhQ3uDjcFA7MLP7UF4W
byF5FvS6RJUrgCsP3o6T byF5FvS6RJUrgCsP3o6T
ul7ierPjffkmvfh4Ylme ul7ierPjffkmvfh4Ylme
aU4DeG46NC8vRU6N0ahg aU4DeG46NC8vRU6N0ahg
3Yod5nNtIcKNmTtNQ3xH 3Yod5nNtIcKNmTtNQ3xH
NvfSRypj4POoHWC3jDz3 NvfSRypj4POoHWC3jDz3
wNmo9den9k6ySqzO7o0M wNmo9den9k6ySqzO7o0M
b2icxuMf1zEyF7ImMEzE b2icxuMf1zEyF7ImMEzE
kVdbGuYm0jD2q8vsLFHY kVdbGuYm0jD2q8vsLFHY
y3cL4LyhfEAlU1Jj1Xj6 y3cL4LyhfEAlU1Jj1Xj6
Y5ZKsuPbCDUQp5LjPNey Y5ZKsuPbCDUQp5LjPNey
km12BN3CByUGmRV2tX7b km12BN3CByUGmRV2tX7b
p6bp9pYgtaGo4Q50DQAM p6bp9pYgtaGo4Q50DQAM
TkZ4LHIfwKap48xdp8m2 TkZ4LHIfwKap48xdp8m2
JWE9kJZ3fUSBbRtkVScl JWE9kJZ3fUSBbRtkVScl
iRg3oRlKsAtLuOm5tUrC iRg3oRlKsAtLuOm5tUrC
Ad4iMaOuAofXNjJzNKWl Ad4iMaOuAofXNjJzNKWl
czjPVxJvSz9DoMc0Y7Vv czjPVxJvSz9DoMc0Y7Vv
trOoQ3enuOI8GUJqwAMC trOoQ3enuOI8GUJqwAMC
bBJ5TDHtVrSIxXmQJ63J bBJ5TDHtVrSIxXmQJ63J
QMmklR1fA1rnjMsU1WMc QMmklR1fA1rnjMsU1WMc
UvtGaTsTes8Gs4gE8ya3 UvtGaTsTes8Gs4gE8ya3
Xucw5TdPOzp0SQGWHjkE Xucw5TdPOzp0SQGWHjkE
a6uUA0TEdnZwD1b73O9r a6uUA0TEdnZwD1b73O9r
7c4FoaFf1TJetsLZUEok 7c4FoaFf1TJetsLZUEok
N7mkTpLI9Mgh0txBOflw N7mkTpLI9Mgh0txBOflw
Hpniux0SkkA6CliHWNDc Hpniux0SkkA6CliHWNDc
cAkwFDH7tSQkP40ewGcD cAkwFDH7tSQkP40ewGcD
JfzkldRR1w0Y52KBg47D JfzkldRR1w0Y52KBg47D
XfWllIgv9lA6ZwGuKvLt XfWllIgv9lA6ZwGuKvLt
5ebtvAsyAh8vEmm1Z3wm 5ebtvAsyAh8vEmm1Z3wm
fsCdklolnC3ndvzFtyM3 fsCdklolnC3ndvzFtyM3
ZPAxEbVjKWTr0cDqLbA0 ZPAxEbVjKWTr0cDqLbA0
JfWSVxbK8iOEPzK7FV9x JfWSVxbK8iOEPzK7FV9x
GfTqQpqjWivAFXbCN2BL GfTqQpqjWivAFXbCN2BL
AjMqEYKq0eELwsiEhQNE AjMqEYKq0eELwsiEhQNE
aH2XDl7CjGFhEP3bbYjH aH2XDl7CjGFhEP3bbYjH
BCVfaQnOCgLubJ23r8nF BCVfaQnOCgLubJ23r8nF
1crXui4lUlMG7IuTFiXo 1crXui4lUlMG7IuTFiXo
Crbc9OlCoJ9dTIJXXsjb Crbc9OlCoJ9dTIJXXsjb
sSdPSXUotKahf03SRnBn sSdPSXUotKahf03SRnBn
IwnN6xRahpjWnxZTYR2F IwnN6xRahpjWnxZTYR2F
KCy3uvDFe4h3kwRgxFiX KCy3uvDFe4h3kwRgxFiX
lrLgTYF7nIsDkEYlxuHz lrLgTYF7nIsDkEYlxuHz
CHHJQHxp9VQGraviPBS2 CHHJQHxp9VQGraviPBS2
WZxeHszJ2ShfYgJs53YV WZxeHszJ2ShfYgJs53YV
Ic20PkDM6xxefUTvJEIQ Ic20PkDM6xxefUTvJEIQ
flliQzyn5hSC8yLOMyYJ flliQzyn5hSC8yLOMyYJ
bLojQFXmB5k6r0zKTWYe bLojQFXmB5k6r0zKTWYe
1aGCWVuyE8DRxIV204ZW 1aGCWVuyE8DRxIV204ZW
u4VGAkqq00Jhej3knMJI u4VGAkqq00Jhej3knMJI
Yw0z9L8p6xIk7hgYCgVd Yw0z9L8p6xIk7hgYCgVd
TmdW4dU59umpgT9XX8G3 TmdW4dU59umpgT9XX8G3
SQhK0n9L9aixdJxvdeKd SQhK0n9L9aixdJxvdeKd
wtlCpdxHbUUmSY7DnD2u wtlCpdxHbUUmSY7DnD2u
dOWv4G57nxm9UArCvQlq dOWv4G57nxm9UArCvQlq
56ePYTmTGzdOHfvnLEPd 56ePYTmTGzdOHfvnLEPd
HhITLZSwERe6osGRUBXt HhITLZSwERe6osGRUBXt
RrBlUMzlEzdRa5S1pyiF RrBlUMzlEzdRa5S1pyiF
W1IcDWCQWwTCriXsjtm4 W1IcDWCQWwTCriXsjtm4
ydEppVwK15UN0USyP00U ydEppVwK15UN0USyP00U
eA2uctxdjBuXDZUrmUHy eA2uctxdjBuXDZUrmUHy
WQlZty1AKP9gLfjz0EYW WQlZty1AKP9gLfjz0EYW
4mRiy2s23Ljl4N4CqEav 4mRiy2s23Ljl4N4CqEav
ZDA7k1XMUYTsnmCfuUtR ZDA7k1XMUYTsnmCfuUtR
0O3lDJvzYSiuZNzHimQX 0O3lDJvzYSiuZNzHimQX
pxBA1Tii62WPeRWcccVp pxBA1Tii62WPeRWcccVp
BcvYB1mubFuRTbgMUsXg BcvYB1mubFuRTbgMUsXg
TBEGhhvsdStRJh2Eqkyf TBEGhhvsdStRJh2Eqkyf
e2usEAoRX2qu6mneHOxg e2usEAoRX2qu6mneHOxg
tH0lbMmdJDVlC4Pr7uAb tH0lbMmdJDVlC4Pr7uAb
R87rV3jFUvYuE0RN4Z4a R87rV3jFUvYuE0RN4Z4a
jZUUy27kZ3z2uIv0PGPy jZUUy27kZ3z2uIv0PGPy
NtZncVsU7O40k1BXousH NtZncVsU7O40k1BXousH
acwLCbshqBQuYbTzAPRI acwLCbshqBQuYbTzAPRI
QZIvvAQe1weWyQjLrGi1 QZIvvAQe1weWyQjLrGi1
VaRx19QfIOvUT5pZyulj VaRx19QfIOvUT5pZyulj
wyZ3Q4gHyaxpdYdezyjU wyZ3Q4gHyaxpdYdezyjU
OyOgefgJfgx6VwEfudZn OyOgefgJfgx6VwEfudZn
4mdSIFCsq2HySOzm2H4M 4mdSIFCsq2HySOzm2H4M
mGfIqoDGGajPXw9RvY8S mGfIqoDGGajPXw9RvY8S
7ArLVA3N0doHBQAlCDtl 7ArLVA3N0doHBQAlCDtl
