point0 point69 point63 point68 point67 point68 point72 point115 point116 point113 point111 point110 point112 point102 point107 point103 point97 point108 point152 point154 point149 point145 point144 point148 point162 point163 point160 point171 point172 point168 point185 point190 point182 point187 point138 point132 point135 point139 point142 point181 point183 point189 point179 point127 point123 point124 point83 point120 point140 point122 point125 point119 point84 point78 point73 point75 point76 point94 point92 point95 point87 point89 point85 point43 point39 point40 point38 point41 point31 point34 point31 point33 point25 point30 point35 point29 point32 point16 point3 point22 point21 point14 point18 point20 point15 point5 point11 point10 point55 point50 point49 point59 point56 point52 point0
71
point10 point1 point10
point3 point3
point5 point5
point15 point6 point13 point15
point11 point11
point16 point16
point32 point17
point18 point18
point21 point21
point34 point27 point34
point29 point29
point30 point30
point31 point31
point33 point33
point38 point38
point39 point39 point42
point40 point40
point41 point41
point43 point43
point49 point49
point50 point51
point52 point52
point0 point54
point55 point55
point56 point56
point67 point67 point109
point69 point69
point72 point72
point73 point73
point75 point75
point76 point76 point79
point78 point78
point83 point83
point85 point85
point92 point86
point87 point87
point89 point89 point91
point94 point94
point107 point100
point102 point102
point103 point103
point108 point108
point110 point110
point111 point111
point112 point112
point113 point113
point115 point115
point119 point119
point120 point120
point122 point122
point123 point123
point124 point124
point127 point126
point135 point131 point135
point132 point132
point140 point134
point138 point138
point139 point139 point180
point144 point144 point153 point157
point148 point148 point151
point149 point149
point152 point152
point163 point155 point163
point162 point158 point162
point160 point160
point172 point172
point171 point177
point179 point179
point183 point183
point185 point184 point185
point187 point187
