55 182 101 20 131 185 11 168 7 138 118 81 118 14 17 131 89 149 171 188 86 80 88 66 43 140 58 140 43 147 26 70 10 23 58 166 55 57 173 177 45 151 45 84 16 189 111 137 83 82 33 186 159 59 152 30 126 30 152 119 29 158 120 106 63 48 91 48 115 61 122 179 62 146 90 56 146 181 42 40 97 109 175 74 73 77 69 107 157 153 184 97 148 41 148 49 150 9 44 8 113 114 67 76 116 134 32 105 170 160 116 8 172 8 53 127 54 40 13 15 55
90
40 40
11 11
140 140
33 33
159 159
97 97
146 146
149 149
84 12
170 170 27
63 63
119 119
184 184
172 172
81 81
17 17
32 32
91 91
61 61
26 26
148 148
188 188
153 78 153
101 101
62 62
45 45
76 76
111 111
23 133
152 152
88 88
185 185
90 90
177 162 177
182 182
49 49
59 59
58 58
107 107
186 186
189 189 71
118 118
181 181
74 74
67 67
15 15 135
29 29
83 83
53 53
41 41
14 36
171 171
134 134
54 54
175 175
151 151
43 43
116 116
106 106
105 105
179 179
86 86
158 158
10 163
66 66
131 131
166 166
56 56 85
115 115
57 57
160 160
137 137
8 8
13 13
109 109
126 126
150 150
42 42
16 16
122 122
113 113
20 20
80 80
77 77
173 173
9 9
30 30
48 48
168 168
114 114
