x182 x11 x114 x104 x17 x143 x158 x76 x21 x5 x172 x55 x133 x191 x31 x80 x25 x188 x61 x7 x20 x71 x77 x14 x94 x56 x176 x45 x119 x151 x8 x99 x100 x101 x95 x9 x18 x102 x167 x27 x79 x127 x83 x92 x196 x146 x196 x69 x194 x82 x4 x48 x64 x137 x125 x72 x147 x93 x74 x185 x38 x109 x116 x89 x177 x192 x106 x15 x107 x87 x186 x59 x32 x59 x19 x98 x42 x144 x84 x86 x3 x129 x184 x26 x138 x141 x90 x50 x10 x139 x198 x182
80
x74 x74
x21 x21 x118 x164
x86 x86 x66
x20 x20 x166
x42 x42
x45 x45
x31 x6 x161 x31
x147 x147
x10 x10
x192 x192
x69 x69
x79 x79
x64 x88 x64 x156
x14 x14
x72 x72
x146 x128 x146
x3 x3
x141 x43 x141
x48 x48
x176 x189
x137 x137
x133 x133
x138 x138
x59 x59
x151 x151
x186 x186
x143 x143
x172 x172
x93 x2
x80 x80
x17 x17
x100 x153 x100
x114 x114
x18 x18
x87 x87
x104 x104
x8 x8
x101 x159
x144 x179
x109 x109 x163
x92 x53 x92
x99 x99
x19 x19
x125 x125
x32 x183 x32
x15 x15
x94 x94
x127 x127 x49 x58
x9 x136
x71 x71
x84 x84
x177 x155 x177
x7 x7
x119 x119 x23
x56 x56
x76 x76
x185 x185
x38 x113
x194 x194
x27 x27
x25 x25
x77 x77
x95 x95
x107 x107
x82 x82
x139 x139
x198 x198
x116 x116
x11 x11
x106 x106
x4 x4
x83 x83
x50 x50
x98 x98
x102 x102
x55 x55
x184 x30 x46 x184
x26 x26
x182 x182
x61 x61
